Episode 1/1000
178
Total Reward: -64099357
Episode 2/1000
178
Episode 3/1000
178
Episode 4/1000
178
Episode 5/1000
178
Episode 6/1000
178
Episode 7/1000
178
Episode 8/1000
178
Episode 9/1000
178
Episode 10/1000
178
Episode 11/1000
178
Episode 12/1000
178
Episode 13/1000
178
Episode 14/1000
178
Episode 15/1000
178
Episode 16/1000
178
Episode 17/1000
178
Episode 18/1000
178
Episode 19/1000
178
Episode 20/1000
178
Episode 21/1000
178
Episode 22/1000
178
Episode 23/1000
178
Episode 24/1000
178
Episode 25/1000
178
Episode 26/1000
178
Episode 27/1000
178
Episode 28/1000
178
Episode 29/1000
178
Episode 30/1000
178
Episode 31/1000
178
Episode 32/1000
178
Episode 33/1000
178
Episode 34/1000
178
Episode 35/1000
178
Episode 36/1000
178
Episode 37/1000
178
Episode 38/1000
178
Episode 39/1000
178
Episode 40/1000
178
Episode 41/1000
178
Episode 42/1000
178
Episode 43/1000
178
Episode 44/1000
178
Episode 45/1000
178
Episode 46/1000
178
Episode 47/1000
178
Episode 48/1000
178
Episode 49/1000
178
Episode 50/1000
178
Episode 51/1000
178
Episode 52/1000
178
Episode 53/1000
178
Episode 54/1000
178
Episode 55/1000
178
Episode 56/1000
178
Episode 57/1000
178
Episode 58/1000
178
Episode 59/1000
178
Episode 60/1000
178
Episode 61/1000
178
Episode 62/1000
178
Episode 63/1000
178
Episode 64/1000
178
Episode 65/1000
178
Total Reward: -62481955
Episode 66/1000
178
Episode 67/1000
178
Episode 68/1000
178
Episode 69/1000
178
Episode 70/1000
178
Episode 71/1000
178
Episode 72/1000
178
Episode 73/1000
178
Episode 74/1000
178
Episode 75/1000
178
Episode 76/1000
178
Episode 77/1000
178
Episode 78/1000
178
Episode 79/1000
178
Episode 80/1000
178
Episode 81/1000
178
Episode 82/1000
178
Episode 83/1000
178
Episode 84/1000
178
Episode 85/1000
178
Episode 86/1000
178
Episode 87/1000
178
Episode 88/1000
178
Episode 89/1000
178
Episode 90/1000
178
Episode 91/1000
178
Episode 92/1000
178
Episode 93/1000
178
Episode 94/1000
178
Episode 95/1000
178
Episode 96/1000
178
Episode 97/1000
178
Episode 98/1000
178
Episode 99/1000
178
Episode 100/1000
178
Episode 101/1000
178
Episode 102/1000
178
Episode 103/1000
178
Episode 104/1000
178
Episode 105/1000
178
Episode 106/1000
178
Episode 107/1000
178
Episode 108/1000
178
Episode 109/1000
178
Episode 110/1000
178
Episode 111/1000
178
Episode 112/1000
178
Episode 113/1000
178
Episode 114/1000
178
Episode 115/1000
178
Episode 116/1000
178
Episode 117/1000
178
Episode 118/1000
178
Episode 119/1000
178
Episode 120/1000
178
Episode 121/1000
178
Episode 122/1000
178
Episode 123/1000
178
Episode 124/1000
178
Episode 125/1000
178
Episode 126/1000
178
Episode 127/1000
178
Episode 128/1000
178
Episode 129/1000
178
Total Reward: -61524207
Episode 130/1000
178
Episode 131/1000
178
Episode 132/1000
178
Episode 133/1000
178
Episode 134/1000
178
Episode 135/1000
178
Episode 136/1000
178
Episode 137/1000
178
Episode 138/1000
178
Episode 139/1000
178
Episode 140/1000
178
Episode 141/1000
178
Episode 142/1000
178
Episode 143/1000
178
Episode 144/1000
178
Episode 145/1000
178
Episode 146/1000
178
Episode 147/1000
178
Episode 148/1000
178
Episode 149/1000
178
Episode 150/1000
178
Episode 151/1000
178
Episode 152/1000
178
Episode 153/1000
178
Episode 154/1000
178
Episode 155/1000
178
Episode 156/1000
178
Episode 157/1000
178
Episode 158/1000
178
Episode 159/1000
178
Episode 160/1000
178
Episode 161/1000
178
Episode 162/1000
178
Episode 163/1000
178
Episode 164/1000
178
Episode 165/1000
178
Episode 166/1000
178
Episode 167/1000
178
Episode 168/1000
178
Episode 169/1000
178
Episode 170/1000
178
Episode 171/1000
178
Episode 172/1000
178
Episode 173/1000
178
Episode 174/1000
178
Episode 175/1000
178
Episode 176/1000
178
Episode 177/1000
178
Episode 178/1000
178
Episode 179/1000
178
Episode 180/1000
178
Episode 181/1000
178
Episode 182/1000
178
Episode 183/1000
178
Episode 184/1000
178
Episode 185/1000
178
Episode 186/1000
178
Episode 187/1000
178
Episode 188/1000
178
Episode 189/1000
178
Episode 190/1000
178
Episode 191/1000
178
Episode 192/1000
178
Episode 193/1000
178
Total Reward: -54772057
Episode 194/1000
178
Episode 195/1000
178
Episode 196/1000
178
Episode 197/1000
178
Episode 198/1000
178
Episode 199/1000
178
Episode 200/1000
178
Episode 201/1000
178
Episode 202/1000
178
Episode 203/1000
178
Episode 204/1000
178
Episode 205/1000
178
Episode 206/1000
178
Episode 207/1000
178
Episode 208/1000
178
Episode 209/1000
178
Episode 210/1000
178
Episode 211/1000
178
Episode 212/1000
178
Episode 213/1000
178
Episode 214/1000
178
Episode 215/1000
178
Episode 216/1000
178
Episode 217/1000
178
Episode 218/1000
178
Episode 219/1000
178
Episode 220/1000
178
Episode 221/1000
178
Episode 222/1000
178
Episode 223/1000
178
Episode 224/1000
178
Episode 225/1000
178
Episode 226/1000
178
Episode 227/1000
178
Episode 228/1000
178
Episode 229/1000
178
Episode 230/1000
178
Episode 231/1000
178
Episode 232/1000
178
Episode 233/1000
178
Episode 234/1000
178
Episode 235/1000
178
Episode 236/1000
178
Episode 237/1000
178
Episode 238/1000
178
Episode 239/1000
178
Episode 240/1000
178
Episode 241/1000
178
Episode 242/1000
178
Episode 243/1000
178
Episode 244/1000
178
Episode 245/1000
178
Episode 246/1000
178
Episode 247/1000
178
Episode 248/1000
178
Episode 249/1000
178
Episode 250/1000
178
Episode 251/1000
178
Episode 252/1000
178
Episode 253/1000
178
Episode 254/1000
178
Episode 255/1000
178
Episode 256/1000
178
Episode 257/1000
178
Total Reward: -58611416
Episode 258/1000
178
Episode 259/1000
178
Episode 260/1000
178
Episode 261/1000
178
Episode 262/1000
178
Episode 263/1000
178
Episode 264/1000
178
Episode 265/1000
178
Episode 266/1000
178
Episode 267/1000
178
Episode 268/1000
178
Episode 269/1000
178
Episode 270/1000
178
Episode 271/1000
178
Episode 272/1000
178
Episode 273/1000
178
Episode 274/1000
178
Episode 275/1000
178
Episode 276/1000
178
Episode 277/1000
178
Episode 278/1000
178
Episode 279/1000
178
Episode 280/1000
178
Episode 281/1000
178
Episode 282/1000
178
Episode 283/1000
178
Episode 284/1000
178
Episode 285/1000
178
Episode 286/1000
178
Episode 287/1000
178
Episode 288/1000
178
Episode 289/1000
178
Episode 290/1000
178
Episode 291/1000
178
Episode 292/1000
178
Episode 293/1000
178
Episode 294/1000
178
Episode 295/1000
178
Episode 296/1000
178
Episode 297/1000
178
Episode 298/1000
178
Episode 299/1000
178
Episode 300/1000
178
Episode 301/1000
178
Episode 302/1000
178
Episode 303/1000
178
Episode 304/1000
178
Episode 305/1000
178
Episode 306/1000
178
Episode 307/1000
178
Episode 308/1000
178
Episode 309/1000
178
Episode 310/1000
178
Episode 311/1000
178
Episode 312/1000
178
Episode 313/1000
178
Episode 314/1000
178
Episode 315/1000
178
Episode 316/1000
178
Episode 317/1000
178
Episode 318/1000
178
Episode 319/1000
178
Episode 320/1000
178
Episode 321/1000
178
Total Reward: -68725245
Episode 322/1000
178
Episode 323/1000
178
Episode 324/1000
178
Episode 325/1000
178
Episode 326/1000
178
Episode 327/1000
178
Episode 328/1000
178
Episode 329/1000
178
Episode 330/1000
178
Episode 331/1000
178
Episode 332/1000
178
Episode 333/1000
178
Episode 334/1000
178
Episode 335/1000
178
Episode 336/1000
178
Episode 337/1000
178
Episode 338/1000
178
Episode 339/1000
178
Episode 340/1000
178
Episode 341/1000
178
Episode 342/1000
178
Episode 343/1000
178
Episode 344/1000
178
Episode 345/1000
178
Episode 346/1000
178
Episode 347/1000
178
Episode 348/1000
178
Episode 349/1000
178
Episode 350/1000
178
Episode 351/1000
178
Episode 352/1000
178
Episode 353/1000
178
Episode 354/1000
178
Episode 355/1000
178
Episode 356/1000
178
Episode 357/1000
178
Episode 358/1000
178
Episode 359/1000
178
Episode 360/1000
178
Episode 361/1000
178
Episode 362/1000
178
Episode 363/1000
178
Episode 364/1000
178
Episode 365/1000
178
Episode 366/1000
178
Episode 367/1000
178
Episode 368/1000
178
Episode 369/1000
178
Episode 370/1000
178
Episode 371/1000
178
Episode 372/1000
178
Episode 373/1000
178
Episode 374/1000
178
Episode 375/1000
178
Episode 376/1000
178
Episode 377/1000
178
Episode 378/1000
178
Episode 379/1000
178
Episode 380/1000
178
Episode 381/1000
178
Episode 382/1000
178
Episode 383/1000
178
Episode 384/1000
178
Episode 385/1000
178
Total Reward: -67217301
Episode 386/1000
178
Episode 387/1000
178
Episode 388/1000
178
Episode 389/1000
178
Episode 390/1000
178
Episode 391/1000
178
Episode 392/1000
178
Episode 393/1000
178
Episode 394/1000
178
Episode 395/1000
178
Episode 396/1000
178
Episode 397/1000
178
Episode 398/1000
178
Episode 399/1000
178
Episode 400/1000
178
Episode 401/1000
178
Episode 402/1000
178
Episode 403/1000
178
Episode 404/1000
178
Episode 405/1000
178
Episode 406/1000
178
Episode 407/1000
178
Episode 408/1000
178
Episode 409/1000
178
Episode 410/1000
178
Episode 411/1000
178
Episode 412/1000
178
Episode 413/1000
178
Episode 414/1000
178
Episode 415/1000
178
Episode 416/1000
178
Episode 417/1000
178
Episode 418/1000
178
Episode 419/1000
178
Episode 420/1000
178
Episode 421/1000
178
Episode 422/1000
178
Episode 423/1000
178
Episode 424/1000
178
Episode 425/1000
178
Episode 426/1000
178
Episode 427/1000
178
Episode 428/1000
178
Episode 429/1000
178
Episode 430/1000
178
Episode 431/1000
178
Episode 432/1000
178
Episode 433/1000
178
Episode 434/1000
178
Episode 435/1000
178
Episode 436/1000
178
Episode 437/1000
178
Episode 438/1000
178
Episode 439/1000
178
Episode 440/1000
178
Episode 441/1000
178
Episode 442/1000
178
Episode 443/1000
178
Episode 444/1000
178
Episode 445/1000
178
Episode 446/1000
178
Episode 447/1000
178
Episode 448/1000
178
Episode 449/1000
178
Total Reward: -60165701
Episode 450/1000
178
Episode 451/1000
178
Episode 452/1000
178
Episode 453/1000
178
Episode 454/1000
178
Episode 455/1000
178
Episode 456/1000
178
Episode 457/1000
178
Episode 458/1000
178
Episode 459/1000
178
Episode 460/1000
178
Episode 461/1000
178
Episode 462/1000
178
Episode 463/1000
178
Episode 464/1000
178
Episode 465/1000
178
Episode 466/1000
178
Episode 467/1000
178
Episode 468/1000
178
Episode 469/1000
178
Episode 470/1000
178
Episode 471/1000
178
Episode 472/1000
178
Episode 473/1000
178
Episode 474/1000
178
Episode 475/1000
178
Episode 476/1000
178
Episode 477/1000
178
Episode 478/1000
178
Episode 479/1000
178
Episode 480/1000
178
Episode 481/1000
178
Episode 482/1000
178
Episode 483/1000
178
Episode 484/1000
178
Episode 485/1000
178
Episode 486/1000
178
Episode 487/1000
178
Episode 488/1000
178
Episode 489/1000
178
Episode 490/1000
178
Episode 491/1000
178
Episode 492/1000
178
Episode 493/1000
178
Episode 494/1000
178
Episode 495/1000
178
Episode 496/1000
178
Episode 497/1000
178
Episode 498/1000
178
Episode 499/1000
178
Episode 500/1000
178
Episode 501/1000
178
Episode 502/1000
178
Episode 503/1000
178
Episode 504/1000
178
Episode 505/1000
178
Episode 506/1000
178
Episode 507/1000
178
Episode 508/1000
178
Episode 509/1000
178
Episode 510/1000
178
Episode 511/1000
178
Episode 512/1000
178
Episode 513/1000
178
Total Reward: -68251281
Episode 514/1000
178
Episode 515/1000
178
Episode 516/1000
178
Episode 517/1000
178
Episode 518/1000
178
Episode 519/1000
178
Episode 520/1000
178
Episode 521/1000
178
Episode 522/1000
178
Episode 523/1000
178
Episode 524/1000
178
Episode 525/1000
178
Episode 526/1000
178
Episode 527/1000
178
Episode 528/1000
178
Episode 529/1000
178
Episode 530/1000
178
Episode 531/1000
178
Episode 532/1000
178
Episode 533/1000
178
Episode 534/1000
178
Episode 535/1000
178
Episode 536/1000
178
Episode 537/1000
178
Episode 538/1000
178
Episode 539/1000
178
Episode 540/1000
178
Episode 541/1000
178
Episode 542/1000
178
Episode 543/1000
178
Episode 544/1000
178
Episode 545/1000
178
Episode 546/1000
178
Episode 547/1000
178
Episode 548/1000
178
Episode 549/1000
178
Episode 550/1000
178
Episode 551/1000
178
Episode 552/1000
178
Episode 553/1000
178
Episode 554/1000
178
Episode 555/1000
178
Episode 556/1000
178
Episode 557/1000
178
Episode 558/1000
178
Episode 559/1000
178
Episode 560/1000
178
Episode 561/1000
178
Episode 562/1000
178
Episode 563/1000
178
Episode 564/1000
178
Episode 565/1000
178
Episode 566/1000
178
Episode 567/1000
178
Episode 568/1000
178
Episode 569/1000
178
Episode 570/1000
178
Episode 571/1000
178
Episode 572/1000
178
Episode 573/1000
178
Episode 574/1000
178
Episode 575/1000
178
Episode 576/1000
178
Episode 577/1000
178
Total Reward: -59000292
Episode 578/1000
178
Episode 579/1000
178
Episode 580/1000
178
Episode 581/1000
178
Episode 582/1000
178
Episode 583/1000
178
Episode 584/1000
178
Episode 585/1000
178
Episode 586/1000
178
Episode 587/1000
178
Episode 588/1000
178
Episode 589/1000
178
Episode 590/1000
178
Episode 591/1000
178
Episode 592/1000
178
Episode 593/1000
178
Episode 594/1000
178
Episode 595/1000
178
Episode 596/1000
178
Episode 597/1000
178
Episode 598/1000
178
Episode 599/1000
178
Episode 600/1000
178
Episode 601/1000
178
Episode 602/1000
178
Episode 603/1000
178
Episode 604/1000
178
Episode 605/1000
178
Episode 606/1000
178
Episode 607/1000
178
Episode 608/1000
178
Episode 609/1000
178
Episode 610/1000
178
Episode 611/1000
178
Episode 612/1000
178
Episode 613/1000
178
Episode 614/1000
178
Episode 615/1000
178
Episode 616/1000
178
Episode 617/1000
178
Episode 618/1000
178
Episode 619/1000
178
Episode 620/1000
178
Episode 621/1000
178
Episode 622/1000
178
Episode 623/1000
178
Episode 624/1000
178
Episode 625/1000
178
Episode 626/1000
178
Episode 627/1000
178
Episode 628/1000
178
Episode 629/1000
178
Episode 630/1000
178
Episode 631/1000
178
Episode 632/1000
178
Episode 633/1000
178
Episode 634/1000
178
Episode 635/1000
178
Episode 636/1000
178
Episode 637/1000
178
Episode 638/1000
178
Episode 639/1000
178
Episode 640/1000
178
Episode 641/1000
178
Total Reward: -65646987
Episode 642/1000
178
Episode 643/1000
178
Episode 644/1000
178
Episode 645/1000
178
Episode 646/1000
178
Episode 647/1000
178
Episode 648/1000
178
Episode 649/1000
178
Episode 650/1000
178
Episode 651/1000
178
Episode 652/1000
178
Episode 653/1000
178
Episode 654/1000
178
Episode 655/1000
178
Episode 656/1000
178
Episode 657/1000
178
Episode 658/1000
178
Episode 659/1000
178
Episode 660/1000
178
Episode 661/1000
178
Episode 662/1000
178
Episode 663/1000
178
Episode 664/1000
178
Episode 665/1000
178
Episode 666/1000
178
Episode 667/1000
178
Episode 668/1000
178
Episode 669/1000
178
Episode 670/1000
178
Episode 671/1000
178
Episode 672/1000
178
Episode 673/1000
178
Episode 674/1000
178
Episode 675/1000
178
Episode 676/1000
178
Episode 677/1000
178
Episode 678/1000
178
Episode 679/1000
178
Episode 680/1000
178
Episode 681/1000
178
Episode 682/1000
178
Episode 683/1000
178
Episode 684/1000
178
Episode 685/1000
178
Episode 686/1000
178
Episode 687/1000
178
Episode 688/1000
178
Episode 689/1000
178
Episode 690/1000
178
Episode 691/1000
178
Episode 692/1000
178
Episode 693/1000
178
Episode 694/1000
178
Episode 695/1000
178
Episode 696/1000
178
Episode 697/1000
178
Episode 698/1000
178
Episode 699/1000
178
Episode 700/1000
178
Episode 701/1000
178
Episode 702/1000
178
Episode 703/1000
178
Episode 704/1000
178
Episode 705/1000
178
Total Reward: -55398446
Episode 706/1000
178
Episode 707/1000
178
Episode 708/1000
178
Episode 709/1000
178
Episode 710/1000
178
Episode 711/1000
178
Episode 712/1000
178
Episode 713/1000
178
Episode 714/1000
178
Episode 715/1000
178
Episode 716/1000
178
Episode 717/1000
178
Episode 718/1000
178
Episode 719/1000
178
Episode 720/1000
178
Episode 721/1000
178
Episode 722/1000
178
Episode 723/1000
178
Episode 724/1000
178
Episode 725/1000
178
Episode 726/1000
178
Episode 727/1000
178
Episode 728/1000
178
Episode 729/1000
178
Episode 730/1000
178
Episode 731/1000
178
Episode 732/1000
178
Episode 733/1000
178
Episode 734/1000
178
Episode 735/1000
178
Episode 736/1000
178
Episode 737/1000
178
Episode 738/1000
178
Episode 739/1000
178
Episode 740/1000
178
Episode 741/1000
178
Episode 742/1000
178
Episode 743/1000
178
Episode 744/1000
178
Episode 745/1000
178
Episode 746/1000
178
Episode 747/1000
178
Episode 748/1000
178
Episode 749/1000
178
Episode 750/1000
178
Episode 751/1000
178
Episode 752/1000
178
Episode 753/1000
178
Episode 754/1000
178
Episode 755/1000
178
Episode 756/1000
178
Episode 757/1000
178
Episode 758/1000
178
Episode 759/1000
178
Episode 760/1000
178
Episode 761/1000
178
Episode 762/1000
178
Episode 763/1000
178
Episode 764/1000
178
Episode 765/1000
178
Episode 766/1000
178
Episode 767/1000
178
Episode 768/1000
178
Episode 769/1000
178
Total Reward: -64511291
Episode 770/1000
178
/gyc_data/fray_data/py38hwvenv/lib/python3.8/site-packages/torch/nn/modules/loss.py:538: UserWarning: Using a target size (torch.Size([64])) that is different to the input size (torch.Size([64, 1])). This will likely lead to incorrect results due to broadcasting. Please ensure they have the same size.
  return F.mse_loss(input, target, reduction=self.reduction)
Episode 771/1000
178
Episode 772/1000
178
Episode 773/1000
178
Episode 774/1000
178
Episode 775/1000
178
Episode 776/1000
178
Episode 777/1000
178
Episode 778/1000
178
Episode 779/1000
178
Episode 780/1000
178
Episode 781/1000
178
Episode 782/1000
178
Episode 783/1000
178
Episode 784/1000
178
Episode 785/1000
178
Episode 786/1000
178
Episode 787/1000
178
Episode 788/1000
178
Episode 789/1000
178
Episode 790/1000
178
Episode 791/1000
178
Episode 792/1000
178
Episode 793/1000
178
Episode 794/1000
178
Episode 795/1000
178
Episode 796/1000
178
Episode 797/1000
178
Episode 798/1000
178
Episode 799/1000
178
Episode 800/1000
178
Episode 801/1000
178
Episode 802/1000
178
Episode 803/1000
178
Episode 804/1000
178
Episode 805/1000
178
Episode 806/1000
178
Episode 807/1000
178
Episode 808/1000
178
Episode 809/1000
178
Episode 810/1000
178
Episode 811/1000
178
Episode 812/1000
178
Episode 813/1000
178
Episode 814/1000
178
Episode 815/1000
178
Episode 816/1000
178
Episode 817/1000
178
Episode 818/1000
178
Episode 819/1000
178
Episode 820/1000
178
Episode 821/1000
178
Episode 822/1000
178
Episode 823/1000
178
Episode 824/1000
178
Episode 825/1000
178
Episode 826/1000
178
Episode 827/1000
178
Episode 828/1000
178
Episode 829/1000
178
Episode 830/1000
178
Episode 831/1000
178
Episode 832/1000
178
Episode 833/1000
178
Total Reward: -57018265
Episode 834/1000
178
Episode 835/1000
178
Episode 836/1000
178
Episode 837/1000
178
Episode 838/1000
178
Episode 839/1000
178
Episode 840/1000
178
Episode 841/1000
178
Episode 842/1000
178
Episode 843/1000
178
Episode 844/1000
178
Episode 845/1000
178
Episode 846/1000
178
Episode 847/1000
178
Episode 848/1000
178
Episode 849/1000
178
Episode 850/1000
178
Episode 851/1000
178
Episode 852/1000
178
Episode 853/1000
178
Episode 854/1000
178
Episode 855/1000
178
Episode 856/1000
178
Episode 857/1000
178
Episode 858/1000
178
Episode 859/1000
178
Episode 860/1000
178
Episode 861/1000
178
Episode 862/1000
178
Episode 863/1000
178
Episode 864/1000
178
Episode 865/1000
178
Episode 866/1000
178
Episode 867/1000
178
Episode 868/1000
178
Episode 869/1000
178
Episode 870/1000
178
Episode 871/1000
178
Episode 872/1000
178
Episode 873/1000
178
Episode 874/1000
178
Episode 875/1000
178
Episode 876/1000
178
Episode 877/1000
178
Episode 878/1000
178
Episode 879/1000
178
Episode 880/1000
178
Episode 881/1000
178
Episode 882/1000
178
Episode 883/1000
178
Episode 884/1000
178
Episode 885/1000
178
Episode 886/1000
178
Episode 887/1000
178
Episode 888/1000
178
Episode 889/1000
178
Episode 890/1000
178
Episode 891/1000
178
Episode 892/1000
178
Episode 893/1000
178
Episode 894/1000
178
Episode 895/1000
178
Episode 896/1000
178
Episode 897/1000
178
Total Reward: -61246481
Episode 898/1000
178
Episode 899/1000
178
Episode 900/1000
178
Episode 901/1000
178
Episode 902/1000
178
Episode 903/1000
178
Episode 904/1000
178
Episode 905/1000
178
Episode 906/1000
178
Episode 907/1000
178
Episode 908/1000
178
Episode 909/1000
178
Episode 910/1000
178
Episode 911/1000
178
Episode 912/1000
178
Episode 913/1000
178
Episode 914/1000
178
Episode 915/1000
178
Episode 916/1000
178
Episode 917/1000
178
Episode 918/1000
178
Episode 919/1000
178
Episode 920/1000
178
Episode 921/1000
178
Episode 922/1000
178
Episode 923/1000
178
Episode 924/1000
178
Episode 925/1000
178
Episode 926/1000
178
Episode 927/1000
178
Episode 928/1000
178
Episode 929/1000
178
Episode 930/1000
178
Episode 931/1000
178
Episode 932/1000
178
Episode 933/1000
178
Episode 934/1000
178
Episode 935/1000
178
Episode 936/1000
178
Episode 937/1000
178
Episode 938/1000
178
Episode 939/1000
178
Episode 940/1000
178
Episode 941/1000
178
Episode 942/1000
178
Episode 943/1000
178
Episode 944/1000
178
Episode 945/1000
178
Episode 946/1000
178
Episode 947/1000
178
Episode 948/1000
178
Episode 949/1000
178
Episode 950/1000
178
Episode 951/1000
178
Episode 952/1000
178
Episode 953/1000
178
Episode 954/1000
178
Episode 955/1000
178
Episode 956/1000
178
Episode 957/1000
178
Episode 958/1000
178
Episode 959/1000
178
Episode 960/1000
178
Episode 961/1000
178
Total Reward: -54602287
Episode 962/1000
178
Episode 963/1000
178
Episode 964/1000
178
Episode 965/1000
178
Episode 966/1000
178
Episode 967/1000
178
Episode 968/1000
178
Episode 969/1000
178
Episode 970/1000
178
Episode 971/1000
178
Episode 972/1000
178
Episode 973/1000
178
Episode 974/1000
178
Episode 975/1000
178
Episode 976/1000
178
Episode 977/1000
178
Episode 978/1000
178
Episode 979/1000
178
Episode 980/1000
178
Episode 981/1000
178
Episode 982/1000
178
Episode 983/1000
178
Episode 984/1000
178
Episode 985/1000
178
Episode 986/1000
178
Episode 987/1000
178
Episode 988/1000
178
Episode 989/1000
178
Episode 990/1000
178
Episode 991/1000
178
Episode 992/1000
178
Episode 993/1000
178
Episode 994/1000
178
Episode 995/1000
178
Episode 996/1000
178
Episode 997/1000
178
Episode 998/1000
178
Episode 999/1000
178
Episode 1000/1000
178
