[2024-08-26 08:05:42,675][basic_search][INFO][color_logger.py:203] Logfile: /gyc_data/fray_data/project_hw/logs_gray_clapboard_search/basic_search_2024-08-26-08-05-42-675609.log
[2024-08-26 08:05:42,699][basic_search][INFO][generic_advisor.py:231] [BO auto selection]  acq_type: ei. acq_optimizer_type: random_scipy.
[2024-08-26 08:05:42,699][basic_search][WARNING][base.py:64] [Build Surrogate] Use probabilistic random forest based on scikit-learn. For better performance, please install pyrfr: https://open-box.readthedocs.io/en/latest/installation/install_pyrfr.html
[2024-08-26 08:05:42,701][basic_search][INFO][html_visualizer.py:462] Please open the html file to view visualization result: file:///gyc_data/fray_data/project_hw/logs_gray_clapboard_search/history/basic_search/basic_search_2024-08-26-08-05-42-700130.html
[2024-08-26 08:05:42,707][basic_search][INFO][generic_smbo.py:310] Iter 1, objectives: [293696.0].
[2024-08-26 08:05:42,718][basic_search][INFO][generic_smbo.py:310] Iter 2, objectives: [964934.0].
[2024-08-26 08:05:42,724][basic_search][INFO][generic_smbo.py:310] Iter 3, objectives: [557635.0].
[2024-08-26 08:05:42,733][basic_search][INFO][generic_smbo.py:310] Iter 4, objectives: [848940.0].
[2024-08-26 08:05:42,741][basic_search][INFO][generic_smbo.py:310] Iter 5, objectives: [725970.0].
[2024-08-26 08:05:42,749][basic_search][INFO][generic_smbo.py:310] Iter 6, objectives: [767706.0].
[2024-08-26 08:05:42,759][basic_search][INFO][generic_smbo.py:310] Iter 7, objectives: [933714.0].
[2024-08-26 08:05:42,768][basic_search][INFO][generic_smbo.py:310] Iter 8, objectives: [805629.0].
[2024-08-26 08:05:42,776][basic_search][INFO][generic_smbo.py:310] Iter 9, objectives: [768411.0].
[2024-08-26 08:05:42,786][basic_search][INFO][generic_smbo.py:310] Iter 10, objectives: [902370.0].
[2024-08-26 08:05:42,794][basic_search][INFO][generic_smbo.py:310] Iter 11, objectives: [738470.0].
[2024-08-26 08:05:42,803][basic_search][INFO][generic_smbo.py:310] Iter 12, objectives: [791467.0].
[2024-08-26 08:05:42,812][basic_search][INFO][generic_smbo.py:310] Iter 13, objectives: [790505.0].
[2024-08-26 08:05:42,822][basic_search][INFO][generic_smbo.py:310] Iter 14, objectives: [878133.0].
[2024-08-26 08:05:42,830][basic_search][INFO][generic_smbo.py:310] Iter 15, objectives: [719780.0].
[2024-08-26 08:05:42,882][basic_search][INFO][generic_smbo.py:310] Iter 16, objectives: [845249.0].
[2024-08-26 08:05:42,986][basic_search][INFO][generic_smbo.py:310] Iter 17, objectives: [875568.0].
[2024-08-26 08:05:42,997][basic_search][INFO][generic_smbo.py:310] Iter 18, objectives: [787951.0].
[2024-08-26 08:05:43,032][basic_search][INFO][generic_smbo.py:310] Iter 19, objectives: [874388.0].
[2024-08-26 08:05:43,041][basic_search][INFO][generic_smbo.py:310] Iter 20, objectives: [736864.0].
[2024-08-26 08:05:43,983][basic_search][INFO][generic_smbo.py:310] Iter 21, objectives: [685516.0].
[2024-08-26 08:05:43,984][basic_search][INFO][generic_advisor.py:457] Sample random config. rand_prob=0.100000.
[2024-08-26 08:05:43,995][basic_search][INFO][generic_smbo.py:310] Iter 22, objectives: [989416.0].
[2024-08-26 08:05:44,751][basic_search][INFO][generic_smbo.py:310] Iter 23, objectives: [901350.0].
[2024-08-26 08:05:45,518][basic_search][INFO][generic_smbo.py:310] Iter 24, objectives: [820054.0].
[2024-08-26 08:05:46,488][basic_search][INFO][generic_smbo.py:310] Iter 25, objectives: [878417.0].
[2024-08-26 08:05:47,588][basic_search][INFO][generic_smbo.py:310] Iter 26, objectives: [752138.0].
[2024-08-26 08:05:48,540][basic_search][INFO][generic_smbo.py:310] Iter 27, objectives: [783361.0].
[2024-08-26 08:05:49,291][basic_search][INFO][generic_smbo.py:310] Iter 28, objectives: [807050.0].
[2024-08-26 08:05:50,267][basic_search][INFO][generic_smbo.py:310] Iter 29, objectives: [803698.0].
[2024-08-26 08:05:50,269][basic_search][INFO][generic_advisor.py:457] Sample random config. rand_prob=0.100000.
[2024-08-26 08:05:50,276][basic_search][INFO][generic_smbo.py:310] Iter 30, objectives: [646817.0].
[2024-08-26 08:05:51,197][basic_search][INFO][generic_smbo.py:310] Iter 31, objectives: [646817.0].
[2024-08-26 08:05:52,003][basic_search][INFO][generic_smbo.py:310] Iter 32, objectives: [717791.0].
[2024-08-26 08:05:52,912][basic_search][INFO][generic_smbo.py:310] Iter 33, objectives: [509971.0].
[2024-08-26 08:05:53,731][basic_search][INFO][generic_smbo.py:310] Iter 34, objectives: [940524.0].
[2024-08-26 08:05:53,779][basic_search][INFO][generic_advisor.py:457] Sample random config. rand_prob=0.100000.
[2024-08-26 08:05:53,792][basic_search][INFO][generic_smbo.py:310] Iter 35, objectives: [829994.0].
[2024-08-26 08:05:54,868][basic_search][INFO][generic_smbo.py:310] Iter 36, objectives: [715305.0].
[2024-08-26 08:05:55,885][basic_search][INFO][generic_smbo.py:310] Iter 37, objectives: [759403.0].
[2024-08-26 08:05:56,918][basic_search][INFO][generic_smbo.py:310] Iter 38, objectives: [894112.0].
[2024-08-26 08:05:57,866][basic_search][INFO][generic_smbo.py:310] Iter 39, objectives: [878605.0].
[2024-08-26 08:05:58,958][basic_search][INFO][generic_smbo.py:310] Iter 40, objectives: [729726.0].
[2024-08-26 08:05:59,950][basic_search][INFO][generic_smbo.py:310] Iter 41, objectives: [852626.0].
[2024-08-26 08:06:00,896][basic_search][INFO][generic_smbo.py:310] Iter 42, objectives: [623296.0].
[2024-08-26 08:06:01,912][basic_search][INFO][generic_smbo.py:310] Iter 43, objectives: [873318.0].
[2024-08-26 08:06:01,987][basic_search][INFO][generic_advisor.py:457] Sample random config. rand_prob=0.100000.
[2024-08-26 08:06:02,002][basic_search][INFO][generic_smbo.py:310] Iter 44, objectives: [854529.0].
[2024-08-26 08:06:03,046][basic_search][INFO][generic_smbo.py:310] Iter 45, objectives: [633357.0].
[2024-08-26 08:06:03,058][basic_search][INFO][generic_advisor.py:457] Sample random config. rand_prob=0.100000.
[2024-08-26 08:06:03,069][basic_search][INFO][generic_smbo.py:310] Iter 46, objectives: [685014.0].
[2024-08-26 08:06:04,063][basic_search][INFO][generic_smbo.py:310] Iter 47, objectives: [886941.0].
[2024-08-26 08:06:05,071][basic_search][INFO][generic_smbo.py:310] Iter 48, objectives: [704217.0].
[2024-08-26 08:06:05,836][basic_search][INFO][generic_smbo.py:310] Iter 49, objectives: [673863.0].
[2024-08-26 08:06:06,826][basic_search][INFO][generic_smbo.py:310] Iter 50, objectives: [854247.0].
[2024-08-26 08:06:06,869][basic_search][INFO][html_visualizer.py:96] Please open the html file to view visualization result: file:///gyc_data/fray_data/project_hw/logs_gray_clapboard_search/history/basic_search/basic_search_2024-08-26-08-05-42-700130.html
