[2024-09-11 08:59:20,835][basic_search][INFO][color_logger.py:203] Logfile: /gyc_data/fray_data/project_hw/logs_gray_clapboard_search/basic_search_2024-09-11-08-59-20-834827.log
[2024-09-11 08:59:20,934][basic_search][WARNING][base_advisor.py:163] Cannot sample non duplicate configuration after 1000 iterations.
[2024-09-11 08:59:21,016][basic_search][WARNING][base_advisor.py:163] Cannot sample non duplicate configuration after 1000 iterations.
[2024-09-11 08:59:21,100][basic_search][WARNING][base_advisor.py:163] Cannot sample non duplicate configuration after 1000 iterations.
[2024-09-11 08:59:21,183][basic_search][WARNING][base_advisor.py:163] Cannot sample non duplicate configuration after 1000 iterations.
[2024-09-11 08:59:21,265][basic_search][WARNING][base_advisor.py:163] Cannot sample non duplicate configuration after 1000 iterations.
[2024-09-11 08:59:21,348][basic_search][WARNING][base_advisor.py:163] Cannot sample non duplicate configuration after 1000 iterations.
[2024-09-11 08:59:21,430][basic_search][WARNING][base_advisor.py:163] Cannot sample non duplicate configuration after 1000 iterations.
[2024-09-11 08:59:21,515][basic_search][WARNING][base_advisor.py:163] Cannot sample non duplicate configuration after 1000 iterations.
[2024-09-11 08:59:21,598][basic_search][WARNING][base_advisor.py:163] Cannot sample non duplicate configuration after 1000 iterations.
[2024-09-11 08:59:21,680][basic_search][WARNING][base_advisor.py:163] Cannot sample non duplicate configuration after 1000 iterations.
[2024-09-11 08:59:21,766][basic_search][WARNING][base_advisor.py:163] Cannot sample non duplicate configuration after 1000 iterations.
[2024-09-11 08:59:21,849][basic_search][WARNING][base_advisor.py:163] Cannot sample non duplicate configuration after 1000 iterations.
[2024-09-11 08:59:21,931][basic_search][WARNING][base_advisor.py:163] Cannot sample non duplicate configuration after 1000 iterations.
[2024-09-11 08:59:22,013][basic_search][WARNING][base_advisor.py:163] Cannot sample non duplicate configuration after 1000 iterations.
[2024-09-11 08:59:22,095][basic_search][WARNING][base_advisor.py:163] Cannot sample non duplicate configuration after 1000 iterations.
[2024-09-11 08:59:22,177][basic_search][WARNING][base_advisor.py:163] Cannot sample non duplicate configuration after 1000 iterations.
[2024-09-11 08:59:22,259][basic_search][WARNING][base_advisor.py:163] Cannot sample non duplicate configuration after 1000 iterations.
[2024-09-11 08:59:22,342][basic_search][WARNING][base_advisor.py:163] Cannot sample non duplicate configuration after 1000 iterations.
[2024-09-11 08:59:22,424][basic_search][WARNING][base_advisor.py:163] Cannot sample non duplicate configuration after 1000 iterations.
[2024-09-11 08:59:22,506][basic_search][WARNING][base_advisor.py:163] Cannot sample non duplicate configuration after 1000 iterations.
[2024-09-11 08:59:22,589][basic_search][WARNING][base_advisor.py:163] Cannot sample non duplicate configuration after 1000 iterations.
[2024-09-11 08:59:22,672][basic_search][WARNING][base_advisor.py:163] Cannot sample non duplicate configuration after 1000 iterations.
[2024-09-11 08:59:22,756][basic_search][WARNING][base_advisor.py:163] Cannot sample non duplicate configuration after 1000 iterations.
[2024-09-11 08:59:22,838][basic_search][WARNING][base_advisor.py:163] Cannot sample non duplicate configuration after 1000 iterations.
[2024-09-11 08:59:22,936][basic_search][WARNING][base_advisor.py:163] Cannot sample non duplicate configuration after 1000 iterations.
[2024-09-11 08:59:23,041][basic_search][WARNING][base_advisor.py:163] Cannot sample non duplicate configuration after 1000 iterations.
[2024-09-11 08:59:23,184][basic_search][WARNING][base_advisor.py:163] Cannot sample non duplicate configuration after 1000 iterations.
[2024-09-11 08:59:23,322][basic_search][WARNING][base_advisor.py:163] Cannot sample non duplicate configuration after 1000 iterations.
[2024-09-11 08:59:23,428][basic_search][WARNING][base_advisor.py:163] Cannot sample non duplicate configuration after 1000 iterations.
[2024-09-11 08:59:23,511][basic_search][WARNING][base_advisor.py:163] Cannot sample non duplicate configuration after 1000 iterations.
[2024-09-11 08:59:23,594][basic_search][WARNING][base_advisor.py:163] Cannot sample non duplicate configuration after 1000 iterations.
[2024-09-11 08:59:23,677][basic_search][WARNING][base_advisor.py:163] Cannot sample non duplicate configuration after 1000 iterations.
[2024-09-11 08:59:23,760][basic_search][WARNING][base_advisor.py:163] Cannot sample non duplicate configuration after 1000 iterations.
[2024-09-11 08:59:23,843][basic_search][WARNING][base_advisor.py:163] Cannot sample non duplicate configuration after 1000 iterations.
[2024-09-11 08:59:23,925][basic_search][WARNING][base_advisor.py:163] Cannot sample non duplicate configuration after 1000 iterations.
[2024-09-11 08:59:24,151][basic_search][WARNING][base_advisor.py:163] Cannot sample non duplicate configuration after 1000 iterations.
[2024-09-11 08:59:24,234][basic_search][WARNING][base_advisor.py:163] Cannot sample non duplicate configuration after 1000 iterations.
[2024-09-11 08:59:24,319][basic_search][WARNING][base_advisor.py:163] Cannot sample non duplicate configuration after 1000 iterations.
[2024-09-11 08:59:24,401][basic_search][WARNING][base_advisor.py:163] Cannot sample non duplicate configuration after 1000 iterations.
[2024-09-11 08:59:24,485][basic_search][WARNING][base_advisor.py:163] Cannot sample non duplicate configuration after 1000 iterations.
[2024-09-11 08:59:24,568][basic_search][WARNING][base_advisor.py:163] Cannot sample non duplicate configuration after 1000 iterations.
[2024-09-11 08:59:24,651][basic_search][WARNING][base_advisor.py:163] Cannot sample non duplicate configuration after 1000 iterations.
[2024-09-11 08:59:24,734][basic_search][WARNING][base_advisor.py:163] Cannot sample non duplicate configuration after 1000 iterations.
[2024-09-11 08:59:24,817][basic_search][WARNING][base_advisor.py:163] Cannot sample non duplicate configuration after 1000 iterations.
[2024-09-11 08:59:24,899][basic_search][WARNING][base_advisor.py:163] Cannot sample non duplicate configuration after 1000 iterations.
[2024-09-11 08:59:24,982][basic_search][WARNING][base_advisor.py:163] Cannot sample non duplicate configuration after 1000 iterations.
[2024-09-11 08:59:25,065][basic_search][WARNING][base_advisor.py:163] Cannot sample non duplicate configuration after 1000 iterations.
[2024-09-11 08:59:25,216][basic_search][WARNING][base_advisor.py:163] Cannot sample non duplicate configuration after 1000 iterations.
[2024-09-11 08:59:25,302][basic_search][WARNING][base_advisor.py:163] Cannot sample non duplicate configuration after 1000 iterations.
[2024-09-11 08:59:25,385][basic_search][WARNING][base_advisor.py:163] Cannot sample non duplicate configuration after 1000 iterations.
[2024-09-11 08:59:25,469][basic_search][WARNING][base_advisor.py:163] Cannot sample non duplicate configuration after 1000 iterations.
[2024-09-11 08:59:25,553][basic_search][WARNING][base_advisor.py:163] Cannot sample non duplicate configuration after 1000 iterations.
[2024-09-11 08:59:25,636][basic_search][WARNING][base_advisor.py:163] Cannot sample non duplicate configuration after 1000 iterations.
[2024-09-11 08:59:25,719][basic_search][WARNING][base_advisor.py:163] Cannot sample non duplicate configuration after 1000 iterations.
[2024-09-11 08:59:25,802][basic_search][WARNING][base_advisor.py:163] Cannot sample non duplicate configuration after 1000 iterations.
[2024-09-11 08:59:25,885][basic_search][WARNING][base_advisor.py:163] Cannot sample non duplicate configuration after 1000 iterations.
[2024-09-11 08:59:25,968][basic_search][WARNING][base_advisor.py:163] Cannot sample non duplicate configuration after 1000 iterations.
[2024-09-11 08:59:26,051][basic_search][WARNING][base_advisor.py:163] Cannot sample non duplicate configuration after 1000 iterations.
[2024-09-11 08:59:26,134][basic_search][WARNING][base_advisor.py:163] Cannot sample non duplicate configuration after 1000 iterations.
[2024-09-11 08:59:26,217][basic_search][WARNING][base_advisor.py:163] Cannot sample non duplicate configuration after 1000 iterations.
[2024-09-11 08:59:26,230][basic_search][INFO][generic_advisor.py:231] [BO auto selection]  acq_type: ei. acq_optimizer_type: local_random.
[2024-09-11 08:59:26,237][basic_search][INFO][html_visualizer.py:462] Please open the html file to view visualization result: file:///gyc_data/fray_data/project_hw/logs_gray_clapboard_search/history/basic_search/basic_search_2024-09-11-08-59-26-235382.html
[2024-09-11 08:59:26,239][basic_search][INFO][generic_smbo.py:310] Iter 1, objectives: [1186925.0].
[2024-09-11 08:59:26,273][basic_search][INFO][generic_smbo.py:310] Iter 2, objectives: [893201.0].
[2024-09-11 08:59:26,309][basic_search][WARNING][generic_smbo.py:268] Evaluating duplicated configuration: Configuration(values={
  's_0': 1,
  'x': 20,
})

[2024-09-11 08:59:26,310][basic_search][WARNING][history.py:242] Duplicate configuration detected!
[2024-09-11 08:59:26,311][basic_search][INFO][generic_smbo.py:310] Iter 3, objectives: [893201.0].
[2024-09-11 08:59:26,440][basic_search][INFO][generic_smbo.py:310] Iter 4, objectives: [1186925.0].
[2024-09-11 08:59:26,603][basic_search][INFO][generic_smbo.py:310] Iter 5, objectives: [893201.0].
[2024-09-11 08:59:26,712][basic_search][INFO][generic_smbo.py:310] Iter 6, objectives: [1186925.0].
[2024-09-11 08:59:26,846][basic_search][INFO][generic_smbo.py:310] Iter 7, objectives: [893201.0].
[2024-09-11 08:59:26,954][basic_search][WARNING][generic_smbo.py:268] Evaluating duplicated configuration: Configuration(values={
  's_0': 0,
  'x': 11,
})

[2024-09-11 08:59:26,955][basic_search][WARNING][history.py:242] Duplicate configuration detected!
[2024-09-11 08:59:26,955][basic_search][INFO][generic_smbo.py:310] Iter 8, objectives: [1186925.0].
[2024-09-11 08:59:27,047][basic_search][WARNING][generic_smbo.py:268] Evaluating duplicated configuration: Configuration(values={
  's_0': 0,
  'x': 11,
})

[2024-09-11 08:59:27,048][basic_search][WARNING][history.py:242] Duplicate configuration detected!
[2024-09-11 08:59:27,048][basic_search][INFO][generic_smbo.py:310] Iter 9, objectives: [1186925.0].
[2024-09-11 08:59:27,199][basic_search][INFO][generic_smbo.py:310] Iter 10, objectives: [893201.0].
[2024-09-11 08:59:27,349][basic_search][INFO][generic_smbo.py:310] Iter 11, objectives: [1186925.0].
[2024-09-11 08:59:27,461][basic_search][WARNING][generic_smbo.py:268] Evaluating duplicated configuration: Configuration(values={
  's_0': 0,
  'x': 6,
})

[2024-09-11 08:59:27,462][basic_search][WARNING][history.py:242] Duplicate configuration detected!
[2024-09-11 08:59:27,462][basic_search][INFO][generic_smbo.py:310] Iter 12, objectives: [1186925.0].
[2024-09-11 08:59:27,598][basic_search][WARNING][generic_smbo.py:268] Evaluating duplicated configuration: Configuration(values={
  's_0': 0,
  'x': 6,
})

[2024-09-11 08:59:27,599][basic_search][WARNING][history.py:242] Duplicate configuration detected!
[2024-09-11 08:59:27,599][basic_search][INFO][generic_smbo.py:310] Iter 13, objectives: [1186925.0].
[2024-09-11 08:59:27,902][basic_search][WARNING][generic_smbo.py:268] Evaluating duplicated configuration: Configuration(values={
  's_0': 1,
  'x': 15,
})

[2024-09-11 08:59:28,024][basic_search][WARNING][history.py:242] Duplicate configuration detected!
[2024-09-11 08:59:28,024][basic_search][INFO][generic_smbo.py:310] Iter 14, objectives: [893201.0].
[2024-09-11 08:59:28,176][basic_search][WARNING][generic_smbo.py:268] Evaluating duplicated configuration: Configuration(values={
  's_0': 0,
  'x': 6,
})

[2024-09-11 08:59:28,177][basic_search][WARNING][history.py:242] Duplicate configuration detected!
[2024-09-11 08:59:28,177][basic_search][INFO][generic_smbo.py:310] Iter 15, objectives: [1186925.0].
[2024-09-11 08:59:28,262][basic_search][WARNING][generic_smbo.py:268] Evaluating duplicated configuration: Configuration(values={
  's_0': 0,
  'x': 6,
})

[2024-09-11 08:59:28,263][basic_search][WARNING][history.py:242] Duplicate configuration detected!
[2024-09-11 08:59:28,263][basic_search][INFO][generic_smbo.py:310] Iter 16, objectives: [1186925.0].
[2024-09-11 08:59:28,399][basic_search][WARNING][generic_smbo.py:268] Evaluating duplicated configuration: Configuration(values={
  's_0': 0,
  'x': 6,
})

[2024-09-11 08:59:28,496][basic_search][WARNING][history.py:242] Duplicate configuration detected!
[2024-09-11 08:59:28,496][basic_search][INFO][generic_smbo.py:310] Iter 17, objectives: [1186925.0].
[2024-09-11 08:59:28,499][basic_search][INFO][generic_smbo.py:310] Iter 18, objectives: [893201.0].
[2024-09-11 08:59:28,530][basic_search][INFO][generic_smbo.py:310] Iter 19, objectives: [1186925.0].
[2024-09-11 08:59:28,532][basic_search][WARNING][generic_smbo.py:268] Evaluating duplicated configuration: Configuration(values={
  's_0': 1,
  'x': 5,
})

[2024-09-11 08:59:28,533][basic_search][WARNING][history.py:242] Duplicate configuration detected!
[2024-09-11 08:59:28,533][basic_search][INFO][generic_smbo.py:310] Iter 20, objectives: [893201.0].
[2024-09-11 08:59:28,618][basic_search][INFO][generic_smbo.py:310] Iter 21, objectives: [893201.0].
[2024-09-11 08:59:28,688][basic_search][INFO][generic_smbo.py:310] Iter 22, objectives: [893201.0].
[2024-09-11 08:59:28,825][basic_search][INFO][generic_smbo.py:310] Iter 23, objectives: [893201.0].
[2024-09-11 08:59:28,891][basic_search][INFO][generic_smbo.py:310] Iter 24, objectives: [893201.0].
[2024-09-11 08:59:28,961][basic_search][INFO][generic_smbo.py:310] Iter 25, objectives: [893201.0].
[2024-09-11 08:59:29,023][basic_search][INFO][generic_smbo.py:310] Iter 26, objectives: [893201.0].
[2024-09-11 08:59:29,084][basic_search][INFO][generic_smbo.py:310] Iter 27, objectives: [893201.0].
[2024-09-11 08:59:29,204][basic_search][INFO][generic_smbo.py:310] Iter 28, objectives: [893201.0].
[2024-09-11 08:59:29,264][basic_search][INFO][generic_smbo.py:310] Iter 29, objectives: [893201.0].
[2024-09-11 08:59:29,333][basic_search][INFO][generic_smbo.py:310] Iter 30, objectives: [893201.0].
[2024-09-11 08:59:29,400][basic_search][INFO][generic_smbo.py:310] Iter 31, objectives: [1186925.0].
[2024-09-11 08:59:29,472][basic_search][INFO][generic_smbo.py:310] Iter 32, objectives: [893201.0].
[2024-09-11 08:59:29,743][basic_search][INFO][generic_smbo.py:310] Iter 33, objectives: [893201.0].
[2024-09-11 08:59:29,745][basic_search][INFO][generic_advisor.py:457] Sample random config. rand_prob=0.100000.
[2024-09-11 08:59:29,745][basic_search][INFO][generic_smbo.py:310] Iter 34, objectives: [1186925.0].
[2024-09-11 08:59:29,746][basic_search][INFO][generic_advisor.py:457] Sample random config. rand_prob=0.100000.
[2024-09-11 08:59:29,747][basic_search][INFO][generic_smbo.py:310] Iter 35, objectives: [1186925.0].
[2024-09-11 08:59:29,809][basic_search][INFO][generic_smbo.py:310] Iter 36, objectives: [893201.0].
[2024-09-11 08:59:29,987][basic_search][INFO][generic_smbo.py:310] Iter 37, objectives: [893201.0].
[2024-09-11 08:59:30,054][basic_search][INFO][generic_smbo.py:310] Iter 38, objectives: [1186925.0].
[2024-09-11 08:59:30,120][basic_search][INFO][generic_smbo.py:310] Iter 39, objectives: [893201.0].
[2024-09-11 08:59:30,209][basic_search][INFO][generic_smbo.py:310] Iter 40, objectives: [1186925.0].
[2024-09-11 08:59:30,457][basic_search][INFO][generic_smbo.py:310] Iter 41, objectives: [1186925.0].
[2024-09-11 08:59:30,571][basic_search][INFO][generic_smbo.py:310] Iter 42, objectives: [1186925.0].
[2024-09-11 08:59:30,689][basic_search][INFO][generic_smbo.py:310] Iter 43, objectives: [1186925.0].
[2024-09-11 08:59:30,804][basic_search][INFO][generic_smbo.py:310] Iter 44, objectives: [1186925.0].
[2024-09-11 08:59:30,916][basic_search][INFO][generic_smbo.py:310] Iter 45, objectives: [1186925.0].
[2024-09-11 08:59:31,079][basic_search][INFO][generic_smbo.py:310] Iter 46, objectives: [1186925.0].
[2024-09-11 08:59:31,157][basic_search][INFO][generic_smbo.py:310] Iter 47, objectives: [1186925.0].
[2024-09-11 08:59:31,267][basic_search][INFO][generic_smbo.py:310] Iter 48, objectives: [1186925.0].
[2024-09-11 08:59:31,374][basic_search][INFO][generic_smbo.py:310] Iter 49, objectives: [1186925.0].
[2024-09-11 08:59:31,536][basic_search][INFO][generic_smbo.py:310] Iter 50, objectives: [1186925.0].
[2024-09-11 08:59:31,538][basic_search][INFO][html_visualizer.py:96] Please open the html file to view visualization result: file:///gyc_data/fray_data/project_hw/logs_gray_clapboard_search/history/basic_search/basic_search_2024-09-11-08-59-26-235382.html
[2024-09-11 08:59:31,542][basic_search][INFO][history.py:765] Too many incumbents in history. Only show 5/23 of them.
