[2024-09-05 07:56:56,446][basic_search][INFO][color_logger.py:203] Logfile: /gyc_data/fray_data/project_hw/logs_gray_clapboard_search/basic_search_2024-09-05-07-56-56-445862.log
[2024-09-05 07:56:56,461][basic_search][INFO][generic_advisor.py:231] [BO auto selection]  acq_type: ei. acq_optimizer_type: random_scipy.
[2024-09-05 07:56:56,467][basic_search][INFO][html_visualizer.py:462] Please open the html file to view visualization result: file:///gyc_data/fray_data/project_hw/logs_gray_clapboard_search/history/basic_search/basic_search_2024-09-05-07-56-56-465362.html
[2024-09-05 07:56:56,468][basic_search][INFO][generic_smbo.py:310] Iter 1, objectives: [1136356.0].
[2024-09-05 07:56:56,469][basic_search][INFO][generic_smbo.py:310] Iter 2, objectives: [893201.0].
[2024-09-05 07:56:56,470][basic_search][INFO][generic_smbo.py:310] Iter 3, objectives: [1032535.0].
[2024-09-05 07:56:56,473][basic_search][INFO][generic_smbo.py:310] Iter 4, objectives: [1015202.0].
[2024-09-05 07:56:56,473][basic_search][INFO][generic_smbo.py:310] Iter 5, objectives: [893201.0].
[2024-09-05 07:56:56,474][basic_search][INFO][generic_smbo.py:310] Iter 6, objectives: [1061678.0].
[2024-09-05 07:56:56,475][basic_search][INFO][generic_smbo.py:310] Iter 7, objectives: [992024.0].
[2024-09-05 07:56:56,475][basic_search][INFO][generic_smbo.py:310] Iter 8, objectives: [893201.0].
[2024-09-05 07:56:56,476][basic_search][INFO][generic_smbo.py:310] Iter 9, objectives: [1046067.0].
[2024-09-05 07:56:56,477][basic_search][INFO][generic_smbo.py:310] Iter 10, objectives: [1065075.0].
[2024-09-05 07:56:56,477][basic_search][INFO][generic_smbo.py:310] Iter 11, objectives: [1084484.0].
[2024-09-05 07:56:56,478][basic_search][INFO][generic_smbo.py:310] Iter 12, objectives: [893201.0].
[2024-09-05 07:56:56,578][basic_search][INFO][generic_smbo.py:310] Iter 13, objectives: [1075280.0].
[2024-09-05 07:56:56,666][basic_search][INFO][generic_smbo.py:310] Iter 14, objectives: [893201.0].
[2024-09-05 07:56:56,667][basic_search][INFO][generic_advisor.py:457] Sample random config. rand_prob=0.100000.
[2024-09-05 07:56:56,667][basic_search][INFO][generic_smbo.py:310] Iter 15, objectives: [1010037.0].
[2024-09-05 07:56:56,818][basic_search][INFO][generic_smbo.py:310] Iter 16, objectives: [893201.0].
[2024-09-05 07:56:56,909][basic_search][INFO][generic_smbo.py:310] Iter 17, objectives: [893201.0].
[2024-09-05 07:56:56,910][basic_search][INFO][generic_advisor.py:457] Sample random config. rand_prob=0.100000.
[2024-09-05 07:56:56,911][basic_search][INFO][generic_smbo.py:310] Iter 18, objectives: [1088753.0].
[2024-09-05 07:56:57,003][basic_search][INFO][generic_smbo.py:310] Iter 19, objectives: [893201.0].
[2024-09-05 07:56:57,091][basic_search][INFO][generic_smbo.py:310] Iter 20, objectives: [893201.0].
[2024-09-05 07:56:57,234][basic_search][INFO][generic_smbo.py:310] Iter 21, objectives: [893201.0].
[2024-09-05 07:56:57,329][basic_search][INFO][generic_smbo.py:310] Iter 22, objectives: [893201.0].
[2024-09-05 07:56:57,442][basic_search][INFO][generic_smbo.py:310] Iter 23, objectives: [1097742.0].
[2024-09-05 07:56:57,532][basic_search][INFO][generic_smbo.py:310] Iter 24, objectives: [893201.0].
[2024-09-05 07:56:57,634][basic_search][INFO][generic_smbo.py:310] Iter 25, objectives: [893201.0].
[2024-09-05 07:56:57,789][basic_search][INFO][generic_smbo.py:310] Iter 26, objectives: [893201.0].
[2024-09-05 07:56:57,879][basic_search][INFO][generic_smbo.py:310] Iter 27, objectives: [1087709.0].
[2024-09-05 07:56:57,967][basic_search][INFO][generic_smbo.py:310] Iter 28, objectives: [893201.0].
[2024-09-05 07:56:58,069][basic_search][INFO][generic_smbo.py:310] Iter 29, objectives: [1088753.0].
[2024-09-05 07:56:58,210][basic_search][INFO][generic_smbo.py:310] Iter 30, objectives: [893201.0].
[2024-09-05 07:56:58,211][basic_search][INFO][html_visualizer.py:96] Please open the html file to view visualization result: file:///gyc_data/fray_data/project_hw/logs_gray_clapboard_search/history/basic_search/basic_search_2024-09-05-07-56-56-465362.html
[2024-09-05 07:56:58,215][basic_search][INFO][history.py:765] Too many incumbents in history. Only show 5/16 of them.
