[2024-09-05 06:47:24,673][basic_search][INFO][color_logger.py:203] Logfile: /gyc_data/fray_data/project_hw/logs_gray_clapboard_search/basic_search_2024-09-05-06-47-24-672812.log
[2024-09-05 06:47:25,153][basic_search][INFO][generic_advisor.py:231] [BO auto selection]  acq_type: ei. acq_optimizer_type: local_random.
[2024-09-05 06:47:25,158][basic_search][INFO][html_visualizer.py:462] Please open the html file to view visualization result: file:///gyc_data/fray_data/project_hw/logs_gray_clapboard_search/history/basic_search/basic_search_2024-09-05-06-47-25-156894.html
[2024-09-05 06:47:25,160][basic_search][INFO][generic_smbo.py:310] Iter 1, objectives: [475715.0].
[2024-09-05 06:47:25,161][basic_search][INFO][generic_smbo.py:310] Iter 2, objectives: [354295.0].
[2024-09-05 06:47:25,163][basic_search][INFO][generic_smbo.py:310] Iter 3, objectives: [354295.0].
[2024-09-05 06:47:25,167][basic_search][INFO][generic_smbo.py:310] Iter 4, objectives: [354295.0].
[2024-09-05 06:47:25,169][basic_search][INFO][generic_smbo.py:310] Iter 5, objectives: [354295.0].
[2024-09-05 06:47:25,171][basic_search][INFO][generic_smbo.py:310] Iter 6, objectives: [354295.0].
[2024-09-05 06:47:25,173][basic_search][INFO][generic_smbo.py:310] Iter 7, objectives: [361219.0].
[2024-09-05 06:47:25,176][basic_search][INFO][generic_smbo.py:310] Iter 8, objectives: [354295.0].
[2024-09-05 06:47:26,615][basic_search][INFO][generic_smbo.py:310] Iter 9, objectives: [354295.0].
[2024-09-05 06:47:26,618][basic_search][INFO][generic_advisor.py:457] Sample random config. rand_prob=0.100000.
[2024-09-05 06:47:26,623][basic_search][INFO][generic_smbo.py:310] Iter 10, objectives: [361219.0].
[2024-09-05 06:47:29,260][basic_search][INFO][generic_smbo.py:310] Iter 11, objectives: [354295.0].
[2024-09-05 06:47:32,879][basic_search][INFO][generic_smbo.py:310] Iter 12, objectives: [354295.0].
[2024-09-05 06:47:35,954][basic_search][INFO][generic_smbo.py:310] Iter 13, objectives: [354295.0].
[2024-09-05 06:47:38,889][basic_search][INFO][generic_smbo.py:310] Iter 14, objectives: [354295.0].
[2024-09-05 06:47:42,856][basic_search][INFO][generic_smbo.py:310] Iter 15, objectives: [354295.0].
[2024-09-05 06:47:46,059][basic_search][INFO][generic_smbo.py:310] Iter 16, objectives: [354295.0].
[2024-09-05 06:47:49,216][basic_search][INFO][generic_smbo.py:310] Iter 17, objectives: [354295.0].
[2024-09-05 06:47:49,221][basic_search][INFO][generic_advisor.py:457] Sample random config. rand_prob=0.100000.
[2024-09-05 06:47:49,226][basic_search][INFO][generic_smbo.py:310] Iter 18, objectives: [354295.0].
[2024-09-05 06:47:51,610][basic_search][INFO][generic_smbo.py:310] Iter 19, objectives: [354295.0].
[2024-09-05 06:47:54,244][basic_search][INFO][generic_smbo.py:310] Iter 20, objectives: [354295.0].
[2024-09-05 06:47:56,961][basic_search][INFO][generic_smbo.py:310] Iter 21, objectives: [354295.0].
[2024-09-05 06:47:59,841][basic_search][INFO][generic_smbo.py:310] Iter 22, objectives: [354295.0].
[2024-09-05 06:47:59,847][basic_search][INFO][generic_advisor.py:457] Sample random config. rand_prob=0.100000.
[2024-09-05 06:47:59,852][basic_search][INFO][generic_smbo.py:310] Iter 23, objectives: [354295.0].
[2024-09-05 06:48:02,351][basic_search][INFO][generic_smbo.py:310] Iter 24, objectives: [354295.0].
[2024-09-05 06:48:05,116][basic_search][INFO][generic_smbo.py:310] Iter 25, objectives: [354295.0].
[2024-09-05 06:48:08,324][basic_search][INFO][generic_smbo.py:310] Iter 26, objectives: [354295.0].
[2024-09-05 06:48:11,383][basic_search][INFO][generic_smbo.py:310] Iter 27, objectives: [354295.0].
[2024-09-05 06:48:14,253][basic_search][INFO][generic_smbo.py:310] Iter 28, objectives: [354295.0].
[2024-09-05 06:48:16,890][basic_search][INFO][generic_smbo.py:310] Iter 29, objectives: [354295.0].
[2024-09-05 06:48:19,443][basic_search][INFO][generic_smbo.py:310] Iter 30, objectives: [354295.0].
[2024-09-05 06:48:19,451][basic_search][INFO][html_visualizer.py:96] Please open the html file to view visualization result: file:///gyc_data/fray_data/project_hw/logs_gray_clapboard_search/history/basic_search/basic_search_2024-09-05-06-47-25-156894.html
[2024-09-05 06:48:19,455][basic_search][INFO][history.py:765] Too many incumbents in history. Only show 5/27 of them.
