[2024-09-05 08:22:28,035][basic_search][INFO][color_logger.py:203] Logfile: /gyc_data/fray_data/project_hw/logs_gray_clapboard_search/basic_search_2024-09-05-08-22-28-035574.log
[2024-09-05 08:22:28,056][basic_search][INFO][generic_advisor.py:231] [BO auto selection]  acq_type: ei. acq_optimizer_type: random_scipy.
[2024-09-05 08:22:28,061][basic_search][INFO][html_visualizer.py:462] Please open the html file to view visualization result: file:///gyc_data/fray_data/project_hw/logs_gray_clapboard_search/history/basic_search/basic_search_2024-09-05-08-22-28-060156.html
[2024-09-05 08:22:28,063][basic_search][INFO][generic_smbo.py:310] Iter 1, objectives: [367116.0].
[2024-09-05 08:22:28,064][basic_search][INFO][generic_smbo.py:310] Iter 2, objectives: [460216.0].
[2024-09-05 08:22:28,064][basic_search][INFO][generic_smbo.py:310] Iter 3, objectives: [460216.0].
[2024-09-05 08:22:28,068][basic_search][INFO][generic_smbo.py:310] Iter 4, objectives: [460216.0].
[2024-09-05 08:22:28,068][basic_search][INFO][generic_smbo.py:310] Iter 5, objectives: [522964.0].
[2024-09-05 08:22:28,069][basic_search][INFO][generic_smbo.py:310] Iter 6, objectives: [460216.0].
[2024-09-05 08:22:28,069][basic_search][INFO][generic_smbo.py:310] Iter 7, objectives: [460216.0].
[2024-09-05 08:22:28,070][basic_search][INFO][generic_smbo.py:310] Iter 8, objectives: [458912.0].
[2024-09-05 08:22:28,071][basic_search][INFO][generic_smbo.py:310] Iter 9, objectives: [566402.0].
[2024-09-05 08:22:28,071][basic_search][INFO][generic_smbo.py:310] Iter 10, objectives: [460216.0].
[2024-09-05 08:22:28,072][basic_search][INFO][generic_smbo.py:310] Iter 11, objectives: [460216.0].
[2024-09-05 08:22:28,073][basic_search][INFO][generic_smbo.py:310] Iter 12, objectives: [378955.0].
[2024-09-05 08:22:28,074][basic_search][INFO][generic_smbo.py:310] Iter 13, objectives: [566402.0].
[2024-09-05 08:22:28,074][basic_search][INFO][generic_smbo.py:310] Iter 14, objectives: [460216.0].
[2024-09-05 08:22:28,075][basic_search][INFO][generic_smbo.py:310] Iter 15, objectives: [460216.0].
[2024-09-05 08:22:28,076][basic_search][INFO][generic_smbo.py:310] Iter 16, objectives: [473487.0].
[2024-09-05 08:22:28,077][basic_search][INFO][generic_smbo.py:310] Iter 17, objectives: [629467.0].
[2024-09-05 08:22:28,078][basic_search][INFO][generic_smbo.py:310] Iter 18, objectives: [643742.0].
[2024-09-05 08:22:28,079][basic_search][INFO][generic_smbo.py:310] Iter 19, objectives: [460216.0].
[2024-09-05 08:22:28,080][basic_search][INFO][generic_smbo.py:310] Iter 20, objectives: [460216.0].
[2024-09-05 08:22:28,178][basic_search][INFO][generic_smbo.py:310] Iter 21, objectives: [432003.0].
[2024-09-05 08:22:28,273][basic_search][INFO][generic_smbo.py:310] Iter 22, objectives: [358004.0].
[2024-09-05 08:22:28,419][basic_search][INFO][generic_smbo.py:310] Iter 23, objectives: [369748.0].
[2024-09-05 08:22:28,517][basic_search][INFO][generic_smbo.py:310] Iter 24, objectives: [358004.0].
[2024-09-05 08:22:28,610][basic_search][INFO][generic_smbo.py:310] Iter 25, objectives: [358644.0].
[2024-09-05 08:22:28,710][basic_search][INFO][generic_smbo.py:310] Iter 26, objectives: [408230.0].
[2024-09-05 08:22:28,853][basic_search][INFO][generic_smbo.py:310] Iter 27, objectives: [456025.0].
[2024-09-05 08:22:28,949][basic_search][INFO][generic_smbo.py:310] Iter 28, objectives: [371545.0].
[2024-09-05 08:22:29,047][basic_search][INFO][generic_smbo.py:310] Iter 29, objectives: [369748.0].
[2024-09-05 08:22:29,141][basic_search][INFO][generic_smbo.py:310] Iter 30, objectives: [412108.0].
[2024-09-05 08:22:29,235][basic_search][INFO][generic_smbo.py:310] Iter 31, objectives: [355182.0].
[2024-09-05 08:22:29,393][basic_search][INFO][generic_smbo.py:310] Iter 32, objectives: [358644.0].
[2024-09-05 08:22:29,486][basic_search][INFO][generic_smbo.py:310] Iter 33, objectives: [371545.0].
[2024-09-05 08:22:29,578][basic_search][INFO][generic_smbo.py:310] Iter 34, objectives: [424593.0].
[2024-09-05 08:22:29,673][basic_search][INFO][generic_smbo.py:310] Iter 35, objectives: [458912.0].
[2024-09-05 08:22:29,821][basic_search][INFO][generic_smbo.py:310] Iter 36, objectives: [412108.0].
[2024-09-05 08:22:29,822][basic_search][INFO][generic_advisor.py:457] Sample random config. rand_prob=0.100000.
[2024-09-05 08:22:29,823][basic_search][INFO][generic_smbo.py:310] Iter 37, objectives: [460216.0].
[2024-09-05 08:22:29,916][basic_search][INFO][generic_smbo.py:310] Iter 38, objectives: [355182.0].
[2024-09-05 08:22:30,013][basic_search][INFO][generic_smbo.py:310] Iter 39, objectives: [412108.0].
[2024-09-05 08:22:30,106][basic_search][INFO][generic_smbo.py:310] Iter 40, objectives: [466921.0].
[2024-09-05 08:22:30,201][basic_search][INFO][generic_smbo.py:310] Iter 41, objectives: [460216.0].
[2024-09-05 08:22:30,348][basic_search][INFO][generic_smbo.py:310] Iter 42, objectives: [460216.0].
[2024-09-05 08:22:30,444][basic_search][INFO][generic_smbo.py:310] Iter 43, objectives: [458912.0].
[2024-09-05 08:22:30,537][basic_search][INFO][generic_smbo.py:310] Iter 44, objectives: [629467.0].
[2024-09-05 08:22:30,630][basic_search][INFO][generic_smbo.py:310] Iter 45, objectives: [371545.0].
[2024-09-05 08:22:30,776][basic_search][INFO][generic_smbo.py:310] Iter 46, objectives: [629467.0].
[2024-09-05 08:22:30,870][basic_search][INFO][generic_smbo.py:310] Iter 47, objectives: [636877.0].
[2024-09-05 08:22:30,965][basic_search][INFO][generic_smbo.py:310] Iter 48, objectives: [460216.0].
[2024-09-05 08:22:31,058][basic_search][INFO][generic_smbo.py:310] Iter 49, objectives: [460216.0].
[2024-09-05 08:22:31,151][basic_search][INFO][generic_smbo.py:310] Iter 50, objectives: [636877.0].
[2024-09-05 08:22:31,152][basic_search][INFO][html_visualizer.py:96] Please open the html file to view visualization result: file:///gyc_data/fray_data/project_hw/logs_gray_clapboard_search/history/basic_search/basic_search_2024-09-05-08-22-28-060156.html
