[2024-09-05 08:06:42,982][basic_search][INFO][color_logger.py:203] Logfile: /gyc_data/fray_data/project_hw/logs_gray_clapboard_search/basic_search_2024-09-05-08-06-42-982660.log
[2024-09-05 08:06:42,997][basic_search][INFO][generic_advisor.py:231] [BO auto selection]  acq_type: ei. acq_optimizer_type: random_scipy.
[2024-09-05 08:06:43,004][basic_search][INFO][html_visualizer.py:462] Please open the html file to view visualization result: file:///gyc_data/fray_data/project_hw/logs_gray_clapboard_search/history/basic_search/basic_search_2024-09-05-08-06-43-002240.html
[2024-09-05 08:06:43,005][basic_search][INFO][generic_smbo.py:310] Iter 1, objectives: [1136356.0].
[2024-09-05 08:06:43,006][basic_search][INFO][generic_smbo.py:310] Iter 2, objectives: [893201.0].
[2024-09-05 08:06:43,006][basic_search][INFO][generic_smbo.py:310] Iter 3, objectives: [893201.0].
[2024-09-05 08:06:43,009][basic_search][INFO][generic_smbo.py:310] Iter 4, objectives: [893201.0].
[2024-09-05 08:06:43,010][basic_search][INFO][generic_smbo.py:310] Iter 5, objectives: [1001470.0].
[2024-09-05 08:06:43,011][basic_search][INFO][generic_smbo.py:310] Iter 6, objectives: [893201.0].
[2024-09-05 08:06:43,011][basic_search][INFO][generic_smbo.py:310] Iter 7, objectives: [893201.0].
[2024-09-05 08:06:43,012][basic_search][INFO][generic_smbo.py:310] Iter 8, objectives: [1063995.0].
[2024-09-05 08:06:43,013][basic_search][INFO][generic_smbo.py:310] Iter 9, objectives: [1043204.0].
[2024-09-05 08:06:43,014][basic_search][INFO][generic_smbo.py:310] Iter 10, objectives: [893201.0].
[2024-09-05 08:06:43,014][basic_search][INFO][generic_smbo.py:310] Iter 11, objectives: [893201.0].
[2024-09-05 08:06:43,015][basic_search][INFO][generic_smbo.py:310] Iter 12, objectives: [1067987.0].
[2024-09-05 08:06:43,117][basic_search][INFO][generic_smbo.py:310] Iter 13, objectives: [893201.0].
[2024-09-05 08:06:43,209][basic_search][INFO][generic_smbo.py:310] Iter 14, objectives: [1075280.0].
[2024-09-05 08:06:43,210][basic_search][INFO][generic_advisor.py:457] Sample random config. rand_prob=0.100000.
[2024-09-05 08:06:43,210][basic_search][INFO][generic_smbo.py:310] Iter 15, objectives: [1036370.0].
[2024-09-05 08:06:43,356][basic_search][INFO][generic_smbo.py:310] Iter 16, objectives: [893201.0].
[2024-09-05 08:06:43,449][basic_search][INFO][generic_smbo.py:310] Iter 17, objectives: [893201.0].
[2024-09-05 08:06:43,450][basic_search][INFO][generic_advisor.py:457] Sample random config. rand_prob=0.100000.
[2024-09-05 08:06:43,451][basic_search][INFO][generic_smbo.py:310] Iter 18, objectives: [893201.0].
[2024-09-05 08:06:43,547][basic_search][INFO][generic_smbo.py:310] Iter 19, objectives: [1097742.0].
[2024-09-05 08:06:43,637][basic_search][INFO][generic_smbo.py:310] Iter 20, objectives: [893201.0].
[2024-09-05 08:06:43,786][basic_search][INFO][generic_smbo.py:310] Iter 21, objectives: [1088753.0].
[2024-09-05 08:06:43,875][basic_search][INFO][generic_smbo.py:310] Iter 22, objectives: [893201.0].
[2024-09-05 08:06:43,973][basic_search][INFO][generic_smbo.py:310] Iter 23, objectives: [1079776.0].
[2024-09-05 08:06:44,063][basic_search][INFO][generic_smbo.py:310] Iter 24, objectives: [893201.0].
[2024-09-05 08:06:44,153][basic_search][INFO][generic_smbo.py:310] Iter 25, objectives: [893201.0].
[2024-09-05 08:06:44,311][basic_search][INFO][generic_smbo.py:310] Iter 26, objectives: [893201.0].
[2024-09-05 08:06:44,401][basic_search][INFO][generic_smbo.py:310] Iter 27, objectives: [893201.0].
[2024-09-05 08:06:44,493][basic_search][INFO][generic_smbo.py:310] Iter 28, objectives: [893201.0].
[2024-09-05 08:06:44,583][basic_search][INFO][generic_smbo.py:310] Iter 29, objectives: [893201.0].
[2024-09-05 08:06:44,731][basic_search][INFO][generic_smbo.py:310] Iter 30, objectives: [1052913.0].
[2024-09-05 08:06:44,732][basic_search][INFO][html_visualizer.py:96] Please open the html file to view visualization result: file:///gyc_data/fray_data/project_hw/logs_gray_clapboard_search/history/basic_search/basic_search_2024-09-05-08-06-43-002240.html
[2024-09-05 08:06:44,739][basic_search][INFO][history.py:765] Too many incumbents in history. Only show 5/19 of them.
