[2024-08-22 09:41:24,455][basic_search][INFO][color_logger.py:203] Logfile: /gyc_data/fray_data/project_hw/logs_gray_clapboard_search/basic_search_2024-08-22-09-41-24-455169.log
[2024-08-22 09:41:24,478][basic_search][INFO][generic_advisor.py:231] [BO auto selection]  acq_type: ei. acq_optimizer_type: random_scipy.
[2024-08-22 09:41:24,478][basic_search][WARNING][base.py:64] [Build Surrogate] Use probabilistic random forest based on scikit-learn. For better performance, please install pyrfr: https://open-box.readthedocs.io/en/latest/installation/install_pyrfr.html
[2024-08-22 09:41:24,480][basic_search][INFO][html_visualizer.py:462] Please open the html file to view visualization result: file:///gyc_data/fray_data/project_hw/logs_gray_clapboard_search/history/basic_search/basic_search_2024-08-22-09-41-24-479130.html
[2024-08-22 09:41:24,491][basic_search][INFO][generic_smbo.py:310] Iter 1, objectives: [701613.0].
[2024-08-22 09:41:24,497][basic_search][INFO][generic_smbo.py:310] Iter 2, objectives: [536063.0].
[2024-08-22 09:41:24,505][basic_search][INFO][generic_smbo.py:310] Iter 3, objectives: [775049.0].
[2024-08-22 09:41:24,514][basic_search][INFO][generic_smbo.py:310] Iter 4, objectives: [915358.0].
[2024-08-22 09:41:24,523][basic_search][INFO][generic_smbo.py:310] Iter 5, objectives: [784172.0].
[2024-08-22 09:41:24,532][basic_search][INFO][generic_smbo.py:310] Iter 6, objectives: [884543.0].
[2024-08-22 09:41:24,542][basic_search][INFO][generic_smbo.py:310] Iter 7, objectives: [933636.0].
[2024-08-22 09:41:24,551][basic_search][INFO][generic_smbo.py:310] Iter 8, objectives: [850155.0].
[2024-08-22 09:41:24,560][basic_search][INFO][generic_smbo.py:310] Iter 9, objectives: [858908.0].
[2024-08-22 09:41:24,568][basic_search][INFO][generic_smbo.py:310] Iter 10, objectives: [687590.0].
[2024-08-22 09:41:24,576][basic_search][INFO][generic_smbo.py:310] Iter 11, objectives: [806684.0].
[2024-08-22 09:41:24,586][basic_search][INFO][generic_smbo.py:310] Iter 12, objectives: [911562.0].
[2024-08-22 09:41:24,594][basic_search][INFO][generic_smbo.py:310] Iter 13, objectives: [678585.0].
[2024-08-22 09:41:24,605][basic_search][INFO][generic_smbo.py:310] Iter 14, objectives: [1017790.0].
[2024-08-22 09:41:24,613][basic_search][INFO][generic_smbo.py:310] Iter 15, objectives: [643850.0].
[2024-08-22 09:41:24,618][basic_search][INFO][generic_smbo.py:310] Iter 16, objectives: [524484.0].
[2024-08-22 09:41:24,628][basic_search][INFO][generic_smbo.py:310] Iter 17, objectives: [864158.0].
[2024-08-22 09:41:24,638][basic_search][INFO][generic_smbo.py:310] Iter 18, objectives: [882533.0].
[2024-08-22 09:41:24,648][basic_search][INFO][generic_smbo.py:310] Iter 19, objectives: [882412.0].
[2024-08-22 09:41:24,655][basic_search][INFO][generic_smbo.py:310] Iter 20, objectives: [628140.0].
[2024-08-22 09:41:25,400][basic_search][INFO][generic_smbo.py:310] Iter 21, objectives: [703031.0].
[2024-08-22 09:41:25,402][basic_search][INFO][generic_advisor.py:457] Sample random config. rand_prob=0.100000.
[2024-08-22 09:41:25,410][basic_search][INFO][generic_smbo.py:310] Iter 22, objectives: [828873.0].
[2024-08-22 09:41:26,270][basic_search][INFO][generic_smbo.py:310] Iter 23, objectives: [702186.0].
[2024-08-22 09:41:27,272][basic_search][INFO][generic_smbo.py:310] Iter 24, objectives: [635611.0].
[2024-08-22 09:41:28,080][basic_search][INFO][generic_smbo.py:310] Iter 25, objectives: [828779.0].
[2024-08-22 09:41:28,994][basic_search][INFO][generic_smbo.py:310] Iter 26, objectives: [525496.0].
[2024-08-22 09:41:29,737][basic_search][INFO][generic_smbo.py:310] Iter 27, objectives: [688673.0].
[2024-08-22 09:41:30,537][basic_search][INFO][generic_smbo.py:310] Iter 28, objectives: [465501.0].
[2024-08-22 09:41:31,419][basic_search][INFO][generic_smbo.py:310] Iter 29, objectives: [536063.0].
[2024-08-22 09:41:31,421][basic_search][INFO][generic_advisor.py:457] Sample random config. rand_prob=0.100000.
[2024-08-22 09:41:31,428][basic_search][INFO][generic_smbo.py:310] Iter 30, objectives: [684909.0].
[2024-08-22 09:41:32,157][basic_search][INFO][generic_smbo.py:310] Iter 31, objectives: [629037.0].
[2024-08-22 09:41:33,044][basic_search][INFO][generic_smbo.py:310] Iter 32, objectives: [539289.0].
[2024-08-22 09:41:33,923][basic_search][INFO][generic_smbo.py:310] Iter 33, objectives: [699617.0].
[2024-08-22 09:41:34,691][basic_search][INFO][generic_smbo.py:310] Iter 34, objectives: [620915.0].
[2024-08-22 09:41:34,694][basic_search][INFO][generic_advisor.py:457] Sample random config. rand_prob=0.100000.
[2024-08-22 09:41:34,699][basic_search][INFO][generic_smbo.py:310] Iter 35, objectives: [587319.0].
[2024-08-22 09:41:35,492][basic_search][INFO][generic_smbo.py:310] Iter 36, objectives: [536063.0].
[2024-08-22 09:41:36,387][basic_search][INFO][generic_smbo.py:310] Iter 37, objectives: [624896.0].
[2024-08-22 09:41:37,202][basic_search][INFO][generic_smbo.py:310] Iter 38, objectives: [794278.0].
[2024-08-22 09:41:38,094][basic_search][INFO][generic_smbo.py:310] Iter 39, objectives: [502978.0].
[2024-08-22 09:41:38,965][basic_search][INFO][generic_smbo.py:310] Iter 40, objectives: [567478.0].
[2024-08-22 09:41:38,968][basic_search][INFO][generic_advisor.py:457] Sample random config. rand_prob=0.100000.
[2024-08-22 09:41:38,976][basic_search][INFO][generic_smbo.py:310] Iter 41, objectives: [797486.0].
[2024-08-22 09:41:39,862][basic_search][INFO][generic_smbo.py:310] Iter 42, objectives: [503151.0].
[2024-08-22 09:41:40,839][basic_search][INFO][generic_smbo.py:310] Iter 43, objectives: [495171.0].
[2024-08-22 09:41:41,979][basic_search][INFO][generic_smbo.py:310] Iter 44, objectives: [636918.0].
[2024-08-22 09:41:42,773][basic_search][INFO][generic_smbo.py:310] Iter 45, objectives: [488071.0].
[2024-08-22 09:41:43,639][basic_search][INFO][generic_smbo.py:310] Iter 46, objectives: [633025.0].
[2024-08-22 09:41:44,492][basic_search][INFO][generic_smbo.py:310] Iter 47, objectives: [702750.0].
[2024-08-22 09:41:45,198][basic_search][INFO][generic_smbo.py:310] Iter 48, objectives: [825805.0].
[2024-08-22 09:41:45,970][basic_search][INFO][generic_smbo.py:310] Iter 49, objectives: [688440.0].
[2024-08-22 09:41:45,973][basic_search][INFO][generic_advisor.py:457] Sample random config. rand_prob=0.100000.
[2024-08-22 09:41:45,981][basic_search][INFO][generic_smbo.py:310] Iter 50, objectives: [763405.0].
[2024-08-22 09:41:46,813][basic_search][INFO][generic_smbo.py:310] Iter 51, objectives: [485358.0].
[2024-08-22 09:41:47,607][basic_search][INFO][generic_smbo.py:310] Iter 52, objectives: [472277.0].
[2024-08-22 09:41:48,495][basic_search][INFO][generic_smbo.py:310] Iter 53, objectives: [689156.0].
[2024-08-22 09:41:49,375][basic_search][INFO][generic_smbo.py:310] Iter 54, objectives: [567777.0].
[2024-08-22 09:41:50,184][basic_search][INFO][generic_smbo.py:310] Iter 55, objectives: [762004.0].
[2024-08-22 09:41:51,091][basic_search][INFO][generic_smbo.py:310] Iter 56, objectives: [470344.0].
[2024-08-22 09:41:51,797][basic_search][INFO][generic_smbo.py:310] Iter 57, objectives: [613335.0].
[2024-08-22 09:41:52,793][basic_search][INFO][generic_smbo.py:310] Iter 58, objectives: [577510.0].
[2024-08-22 09:41:53,776][basic_search][INFO][generic_smbo.py:310] Iter 59, objectives: [706319.0].
[2024-08-22 09:41:54,874][basic_search][INFO][generic_smbo.py:310] Iter 60, objectives: [532438.0].
[2024-08-22 09:41:55,683][basic_search][INFO][generic_smbo.py:310] Iter 61, objectives: [484632.0].
[2024-08-22 09:41:55,687][basic_search][INFO][generic_advisor.py:457] Sample random config. rand_prob=0.100000.
[2024-08-22 09:41:55,693][basic_search][INFO][generic_smbo.py:310] Iter 62, objectives: [600721.0].
[2024-08-22 09:41:56,552][basic_search][INFO][generic_smbo.py:310] Iter 63, objectives: [679237.0].
[2024-08-22 09:41:57,480][basic_search][INFO][generic_smbo.py:310] Iter 64, objectives: [562134.0].
[2024-08-22 09:41:58,331][basic_search][INFO][generic_smbo.py:310] Iter 65, objectives: [566087.0].
[2024-08-22 09:41:59,482][basic_search][INFO][generic_smbo.py:310] Iter 66, objectives: [470344.0].
[2024-08-22 09:42:00,452][basic_search][INFO][generic_smbo.py:310] Iter 67, objectives: [702231.0].
[2024-08-22 09:42:01,413][basic_search][INFO][generic_smbo.py:310] Iter 68, objectives: [497791.0].
[2024-08-22 09:42:02,310][basic_search][INFO][generic_smbo.py:310] Iter 69, objectives: [457407.0].
[2024-08-22 09:42:03,081][basic_search][INFO][generic_smbo.py:310] Iter 70, objectives: [605120.0].
[2024-08-22 09:42:03,086][basic_search][INFO][generic_advisor.py:457] Sample random config. rand_prob=0.100000.
[2024-08-22 09:42:03,091][basic_search][INFO][generic_smbo.py:310] Iter 71, objectives: [501405.0].
[2024-08-22 09:42:03,953][basic_search][INFO][generic_smbo.py:310] Iter 72, objectives: [532838.0].
[2024-08-22 09:42:04,843][basic_search][INFO][generic_smbo.py:310] Iter 73, objectives: [481756.0].
[2024-08-22 09:42:05,894][basic_search][INFO][generic_smbo.py:310] Iter 74, objectives: [615659.0].
[2024-08-22 09:42:06,903][basic_search][INFO][generic_smbo.py:310] Iter 75, objectives: [619592.0].
[2024-08-22 09:42:07,682][basic_search][INFO][generic_smbo.py:310] Iter 76, objectives: [565426.0].
[2024-08-22 09:42:08,719][basic_search][INFO][generic_smbo.py:310] Iter 77, objectives: [732569.0].
[2024-08-22 09:42:08,723][basic_search][INFO][generic_advisor.py:457] Sample random config. rand_prob=0.100000.
[2024-08-22 09:42:08,732][basic_search][INFO][generic_smbo.py:310] Iter 78, objectives: [822767.0].
[2024-08-22 09:42:09,832][basic_search][INFO][generic_smbo.py:310] Iter 79, objectives: [497840.0].
[2024-08-22 09:42:10,841][basic_search][INFO][generic_smbo.py:310] Iter 80, objectives: [539224.0].
[2024-08-22 09:42:11,692][basic_search][INFO][generic_smbo.py:310] Iter 81, objectives: [466974.0].
[2024-08-22 09:42:12,715][basic_search][INFO][generic_smbo.py:310] Iter 82, objectives: [441154.0].
[2024-08-22 09:42:13,554][basic_search][INFO][generic_smbo.py:310] Iter 83, objectives: [632793.0].
[2024-08-22 09:42:14,732][basic_search][INFO][generic_smbo.py:310] Iter 84, objectives: [650904.0].
[2024-08-22 09:42:15,487][basic_search][INFO][generic_smbo.py:310] Iter 85, objectives: [441154.0].
[2024-08-22 09:42:16,310][basic_search][INFO][generic_smbo.py:310] Iter 86, objectives: [522976.0].
[2024-08-22 09:42:17,378][basic_search][INFO][generic_smbo.py:310] Iter 87, objectives: [516021.0].
[2024-08-22 09:42:18,257][basic_search][INFO][generic_smbo.py:310] Iter 88, objectives: [555585.0].
[2024-08-22 09:42:19,273][basic_search][INFO][generic_smbo.py:310] Iter 89, objectives: [577877.0].
[2024-08-22 09:42:20,123][basic_search][INFO][generic_smbo.py:310] Iter 90, objectives: [562507.0].
[2024-08-22 09:42:21,011][basic_search][INFO][generic_smbo.py:310] Iter 91, objectives: [753251.0].
[2024-08-22 09:42:21,971][basic_search][INFO][generic_smbo.py:310] Iter 92, objectives: [679300.0].
[2024-08-22 09:42:22,935][basic_search][INFO][generic_smbo.py:310] Iter 93, objectives: [588997.0].
[2024-08-22 09:42:23,837][basic_search][INFO][generic_smbo.py:310] Iter 94, objectives: [541290.0].
[2024-08-22 09:42:24,666][basic_search][INFO][generic_smbo.py:310] Iter 95, objectives: [453738.0].
[2024-08-22 09:42:25,494][basic_search][INFO][generic_smbo.py:310] Iter 96, objectives: [710916.0].
[2024-08-22 09:42:26,344][basic_search][INFO][generic_smbo.py:310] Iter 97, objectives: [430034.0].
[2024-08-22 09:42:27,212][basic_search][INFO][generic_smbo.py:310] Iter 98, objectives: [607929.0].
[2024-08-22 09:42:28,308][basic_search][INFO][generic_smbo.py:310] Iter 99, objectives: [488272.0].
[2024-08-22 09:42:29,230][basic_search][INFO][generic_smbo.py:310] Iter 100, objectives: [442618.0].
[2024-08-22 09:42:29,236][basic_search][INFO][html_visualizer.py:96] Please open the html file to view visualization result: file:///gyc_data/fray_data/project_hw/logs_gray_clapboard_search/history/basic_search/basic_search_2024-08-22-09-41-24-479130.html
