[2024-09-05 06:48:35,113][basic_search][INFO][color_logger.py:203] Logfile: /gyc_data/fray_data/project_hw/logs_gray_clapboard_search/basic_search_2024-09-05-06-48-35-113199.log
[2024-09-05 06:48:35,476][basic_search][INFO][generic_advisor.py:231] [BO auto selection]  acq_type: ei. acq_optimizer_type: local_random.
[2024-09-05 06:48:35,481][basic_search][INFO][html_visualizer.py:462] Please open the html file to view visualization result: file:///gyc_data/fray_data/project_hw/logs_gray_clapboard_search/history/basic_search/basic_search_2024-09-05-06-48-35-479717.html
[2024-09-05 06:48:35,483][basic_search][INFO][generic_smbo.py:310] Iter 1, objectives: [387493.0].
[2024-09-05 06:48:35,484][basic_search][INFO][generic_smbo.py:310] Iter 2, objectives: [304643.0].
[2024-09-05 06:48:35,485][basic_search][INFO][generic_smbo.py:310] Iter 3, objectives: [304643.0].
[2024-09-05 06:48:35,489][basic_search][INFO][generic_smbo.py:310] Iter 4, objectives: [293696.0].
[2024-09-05 06:48:35,491][basic_search][INFO][generic_smbo.py:310] Iter 5, objectives: [293696.0].
[2024-09-05 06:48:35,493][basic_search][INFO][generic_smbo.py:310] Iter 6, objectives: [304643.0].
[2024-09-05 06:48:35,495][basic_search][INFO][generic_smbo.py:310] Iter 7, objectives: [304643.0].
[2024-09-05 06:48:35,498][basic_search][INFO][generic_smbo.py:310] Iter 8, objectives: [293696.0].
[2024-09-05 06:48:36,780][basic_search][INFO][generic_smbo.py:310] Iter 9, objectives: [304643.0].
[2024-09-05 06:48:38,804][basic_search][INFO][generic_smbo.py:310] Iter 10, objectives: [293696.0].
[2024-09-05 06:48:41,183][basic_search][INFO][generic_smbo.py:310] Iter 11, objectives: [304643.0].
[2024-09-05 06:48:43,528][basic_search][INFO][generic_smbo.py:310] Iter 12, objectives: [293696.0].
[2024-09-05 06:48:45,807][basic_search][INFO][generic_smbo.py:310] Iter 13, objectives: [293696.0].
[2024-09-05 06:48:48,146][basic_search][INFO][generic_smbo.py:310] Iter 14, objectives: [293696.0].
[2024-09-05 06:48:50,422][basic_search][INFO][generic_smbo.py:310] Iter 15, objectives: [293696.0].
[2024-09-05 06:48:53,325][basic_search][INFO][generic_smbo.py:310] Iter 16, objectives: [293696.0].
[2024-09-05 06:48:56,015][basic_search][INFO][generic_smbo.py:310] Iter 17, objectives: [293696.0].
[2024-09-05 06:48:58,613][basic_search][INFO][generic_smbo.py:310] Iter 18, objectives: [293696.0].
[2024-09-05 06:49:01,289][basic_search][INFO][generic_smbo.py:310] Iter 19, objectives: [293696.0].
[2024-09-05 06:49:03,880][basic_search][INFO][generic_smbo.py:310] Iter 20, objectives: [293696.0].
[2024-09-05 06:49:03,886][basic_search][INFO][generic_advisor.py:457] Sample random config. rand_prob=0.100000.
[2024-09-05 06:49:03,891][basic_search][INFO][generic_smbo.py:310] Iter 21, objectives: [304643.0].
[2024-09-05 06:49:06,316][basic_search][INFO][generic_smbo.py:310] Iter 22, objectives: [293696.0].
[2024-09-05 06:49:06,322][basic_search][INFO][generic_advisor.py:457] Sample random config. rand_prob=0.100000.
[2024-09-05 06:49:06,327][basic_search][INFO][generic_smbo.py:310] Iter 23, objectives: [304643.0].
[2024-09-05 06:49:08,706][basic_search][INFO][generic_smbo.py:310] Iter 24, objectives: [293696.0].
[2024-09-05 06:49:11,435][basic_search][INFO][generic_smbo.py:310] Iter 25, objectives: [293696.0].
[2024-09-05 06:49:13,492][basic_search][INFO][generic_smbo.py:310] Iter 26, objectives: [293696.0].
[2024-09-05 06:49:16,187][basic_search][INFO][generic_smbo.py:310] Iter 27, objectives: [293696.0].
[2024-09-05 06:49:18,004][basic_search][INFO][generic_smbo.py:310] Iter 28, objectives: [293696.0].
[2024-09-05 06:49:20,101][basic_search][INFO][generic_smbo.py:310] Iter 29, objectives: [293696.0].
[2024-09-05 06:49:22,561][basic_search][INFO][generic_smbo.py:310] Iter 30, objectives: [293696.0].
[2024-09-05 06:49:22,569][basic_search][INFO][html_visualizer.py:96] Please open the html file to view visualization result: file:///gyc_data/fray_data/project_hw/logs_gray_clapboard_search/history/basic_search/basic_search_2024-09-05-06-48-35-479717.html
[2024-09-05 06:49:22,573][basic_search][INFO][history.py:765] Too many incumbents in history. Only show 5/21 of them.
