[2024-09-05 07:46:30,282][basic_search][INFO][color_logger.py:203] Logfile: /gyc_data/fray_data/project_hw/logs_gray_clapboard_search/basic_search_2024-09-05-07-46-30-282126.log
[2024-09-05 07:46:30,341][basic_search][WARNING][base_advisor.py:163] Cannot sample non duplicate configuration after 1000 iterations.
[2024-09-05 07:46:30,395][basic_search][WARNING][base_advisor.py:163] Cannot sample non duplicate configuration after 1000 iterations.
[2024-09-05 07:46:30,452][basic_search][WARNING][base_advisor.py:163] Cannot sample non duplicate configuration after 1000 iterations.
[2024-09-05 07:46:30,506][basic_search][WARNING][base_advisor.py:163] Cannot sample non duplicate configuration after 1000 iterations.
[2024-09-05 07:46:30,560][basic_search][WARNING][base_advisor.py:163] Cannot sample non duplicate configuration after 1000 iterations.
[2024-09-05 07:46:30,615][basic_search][WARNING][base_advisor.py:163] Cannot sample non duplicate configuration after 1000 iterations.
[2024-09-05 07:46:30,675][basic_search][WARNING][base_advisor.py:163] Cannot sample non duplicate configuration after 1000 iterations.
[2024-09-05 07:46:30,729][basic_search][WARNING][base_advisor.py:163] Cannot sample non duplicate configuration after 1000 iterations.
[2024-09-05 07:46:30,786][basic_search][WARNING][base_advisor.py:163] Cannot sample non duplicate configuration after 1000 iterations.
[2024-09-05 07:46:30,840][basic_search][WARNING][base_advisor.py:163] Cannot sample non duplicate configuration after 1000 iterations.
[2024-09-05 07:46:30,895][basic_search][WARNING][base_advisor.py:163] Cannot sample non duplicate configuration after 1000 iterations.
[2024-09-05 07:46:30,950][basic_search][WARNING][base_advisor.py:163] Cannot sample non duplicate configuration after 1000 iterations.
[2024-09-05 07:46:31,012][basic_search][WARNING][base_advisor.py:163] Cannot sample non duplicate configuration after 1000 iterations.
[2024-09-05 07:46:31,066][basic_search][WARNING][base_advisor.py:163] Cannot sample non duplicate configuration after 1000 iterations.
[2024-09-05 07:46:31,123][basic_search][WARNING][base_advisor.py:163] Cannot sample non duplicate configuration after 1000 iterations.
[2024-09-05 07:46:31,177][basic_search][WARNING][base_advisor.py:163] Cannot sample non duplicate configuration after 1000 iterations.
[2024-09-05 07:46:31,232][basic_search][WARNING][base_advisor.py:163] Cannot sample non duplicate configuration after 1000 iterations.
[2024-09-05 07:46:31,287][basic_search][WARNING][base_advisor.py:163] Cannot sample non duplicate configuration after 1000 iterations.
[2024-09-05 07:46:31,346][basic_search][WARNING][base_advisor.py:163] Cannot sample non duplicate configuration after 1000 iterations.
[2024-09-05 07:46:31,400][basic_search][WARNING][base_advisor.py:163] Cannot sample non duplicate configuration after 1000 iterations.
[2024-09-05 07:46:31,456][basic_search][WARNING][base_advisor.py:163] Cannot sample non duplicate configuration after 1000 iterations.
[2024-09-05 07:46:31,511][basic_search][WARNING][base_advisor.py:163] Cannot sample non duplicate configuration after 1000 iterations.
[2024-09-05 07:46:31,566][basic_search][WARNING][base_advisor.py:163] Cannot sample non duplicate configuration after 1000 iterations.
[2024-09-05 07:46:31,624][basic_search][WARNING][base_advisor.py:163] Cannot sample non duplicate configuration after 1000 iterations.
[2024-09-05 07:46:31,684][basic_search][WARNING][base_advisor.py:163] Cannot sample non duplicate configuration after 1000 iterations.
[2024-09-05 07:46:31,739][basic_search][WARNING][base_advisor.py:163] Cannot sample non duplicate configuration after 1000 iterations.
[2024-09-05 07:46:31,795][basic_search][WARNING][base_advisor.py:163] Cannot sample non duplicate configuration after 1000 iterations.
[2024-09-05 07:46:31,850][basic_search][WARNING][base_advisor.py:163] Cannot sample non duplicate configuration after 1000 iterations.
[2024-09-05 07:46:31,905][basic_search][WARNING][base_advisor.py:163] Cannot sample non duplicate configuration after 1000 iterations.
[2024-09-05 07:46:31,964][basic_search][WARNING][base_advisor.py:163] Cannot sample non duplicate configuration after 1000 iterations.
[2024-09-05 07:46:32,023][basic_search][WARNING][base_advisor.py:163] Cannot sample non duplicate configuration after 1000 iterations.
[2024-09-05 07:46:32,077][basic_search][WARNING][base_advisor.py:163] Cannot sample non duplicate configuration after 1000 iterations.
[2024-09-05 07:46:32,133][basic_search][WARNING][base_advisor.py:163] Cannot sample non duplicate configuration after 1000 iterations.
[2024-09-05 07:46:32,187][basic_search][WARNING][base_advisor.py:163] Cannot sample non duplicate configuration after 1000 iterations.
[2024-09-05 07:46:32,243][basic_search][WARNING][base_advisor.py:163] Cannot sample non duplicate configuration after 1000 iterations.
[2024-09-05 07:46:32,302][basic_search][WARNING][base_advisor.py:163] Cannot sample non duplicate configuration after 1000 iterations.
[2024-09-05 07:46:32,365][basic_search][WARNING][base_advisor.py:163] Cannot sample non duplicate configuration after 1000 iterations.
[2024-09-05 07:46:32,420][basic_search][WARNING][base_advisor.py:163] Cannot sample non duplicate configuration after 1000 iterations.
[2024-09-05 07:46:32,476][basic_search][WARNING][base_advisor.py:163] Cannot sample non duplicate configuration after 1000 iterations.
[2024-09-05 07:46:32,531][basic_search][WARNING][base_advisor.py:163] Cannot sample non duplicate configuration after 1000 iterations.
[2024-09-05 07:46:32,586][basic_search][WARNING][base_advisor.py:163] Cannot sample non duplicate configuration after 1000 iterations.
[2024-09-05 07:46:32,645][basic_search][WARNING][base_advisor.py:163] Cannot sample non duplicate configuration after 1000 iterations.
[2024-09-05 07:46:32,708][basic_search][WARNING][base_advisor.py:163] Cannot sample non duplicate configuration after 1000 iterations.
[2024-09-05 07:46:32,763][basic_search][WARNING][base_advisor.py:163] Cannot sample non duplicate configuration after 1000 iterations.
[2024-09-05 07:46:32,819][basic_search][WARNING][base_advisor.py:163] Cannot sample non duplicate configuration after 1000 iterations.
[2024-09-05 07:46:32,874][basic_search][WARNING][base_advisor.py:163] Cannot sample non duplicate configuration after 1000 iterations.
[2024-09-05 07:46:32,930][basic_search][WARNING][base_advisor.py:163] Cannot sample non duplicate configuration after 1000 iterations.
[2024-09-05 07:46:32,989][basic_search][WARNING][base_advisor.py:163] Cannot sample non duplicate configuration after 1000 iterations.
[2024-09-05 07:46:33,050][basic_search][WARNING][base_advisor.py:163] Cannot sample non duplicate configuration after 1000 iterations.
[2024-09-05 07:46:33,104][basic_search][WARNING][base_advisor.py:163] Cannot sample non duplicate configuration after 1000 iterations.
[2024-09-05 07:46:33,160][basic_search][WARNING][base_advisor.py:163] Cannot sample non duplicate configuration after 1000 iterations.
[2024-09-05 07:46:33,215][basic_search][WARNING][base_advisor.py:163] Cannot sample non duplicate configuration after 1000 iterations.
[2024-09-05 07:46:33,271][basic_search][WARNING][base_advisor.py:163] Cannot sample non duplicate configuration after 1000 iterations.
[2024-09-05 07:46:33,328][basic_search][WARNING][base_advisor.py:163] Cannot sample non duplicate configuration after 1000 iterations.
[2024-09-05 07:46:33,385][basic_search][WARNING][base_advisor.py:163] Cannot sample non duplicate configuration after 1000 iterations.
[2024-09-05 07:46:33,440][basic_search][WARNING][base_advisor.py:163] Cannot sample non duplicate configuration after 1000 iterations.
[2024-09-05 07:46:33,496][basic_search][WARNING][base_advisor.py:163] Cannot sample non duplicate configuration after 1000 iterations.
[2024-09-05 07:46:33,551][basic_search][WARNING][base_advisor.py:163] Cannot sample non duplicate configuration after 1000 iterations.
[2024-09-05 07:46:33,607][basic_search][WARNING][base_advisor.py:163] Cannot sample non duplicate configuration after 1000 iterations.
[2024-09-05 07:46:33,670][basic_search][WARNING][base_advisor.py:163] Cannot sample non duplicate configuration after 1000 iterations.
[2024-09-05 07:46:33,727][basic_search][WARNING][base_advisor.py:163] Cannot sample non duplicate configuration after 1000 iterations.
[2024-09-05 07:46:33,782][basic_search][WARNING][base_advisor.py:163] Cannot sample non duplicate configuration after 1000 iterations.
[2024-09-05 07:46:33,838][basic_search][WARNING][base_advisor.py:163] Cannot sample non duplicate configuration after 1000 iterations.
[2024-09-05 07:46:33,893][basic_search][WARNING][base_advisor.py:163] Cannot sample non duplicate configuration after 1000 iterations.
[2024-09-05 07:46:33,948][basic_search][WARNING][base_advisor.py:163] Cannot sample non duplicate configuration after 1000 iterations.
[2024-09-05 07:46:34,012][basic_search][WARNING][base_advisor.py:163] Cannot sample non duplicate configuration after 1000 iterations.
[2024-09-05 07:46:34,069][basic_search][WARNING][base_advisor.py:163] Cannot sample non duplicate configuration after 1000 iterations.
[2024-09-05 07:46:34,124][basic_search][WARNING][base_advisor.py:163] Cannot sample non duplicate configuration after 1000 iterations.
[2024-09-05 07:46:34,180][basic_search][WARNING][base_advisor.py:163] Cannot sample non duplicate configuration after 1000 iterations.
[2024-09-05 07:46:34,235][basic_search][WARNING][base_advisor.py:163] Cannot sample non duplicate configuration after 1000 iterations.
[2024-09-05 07:46:34,290][basic_search][WARNING][base_advisor.py:163] Cannot sample non duplicate configuration after 1000 iterations.
[2024-09-05 07:46:34,354][basic_search][WARNING][base_advisor.py:163] Cannot sample non duplicate configuration after 1000 iterations.
[2024-09-05 07:46:34,411][basic_search][WARNING][base_advisor.py:163] Cannot sample non duplicate configuration after 1000 iterations.
[2024-09-05 07:46:34,467][basic_search][WARNING][base_advisor.py:163] Cannot sample non duplicate configuration after 1000 iterations.
[2024-09-05 07:46:34,523][basic_search][WARNING][base_advisor.py:163] Cannot sample non duplicate configuration after 1000 iterations.
[2024-09-05 07:46:34,578][basic_search][WARNING][base_advisor.py:163] Cannot sample non duplicate configuration after 1000 iterations.
[2024-09-05 07:46:34,633][basic_search][WARNING][base_advisor.py:163] Cannot sample non duplicate configuration after 1000 iterations.
[2024-09-05 07:46:34,695][basic_search][WARNING][base_advisor.py:163] Cannot sample non duplicate configuration after 1000 iterations.
[2024-09-05 07:46:34,751][basic_search][WARNING][base_advisor.py:163] Cannot sample non duplicate configuration after 1000 iterations.
[2024-09-05 07:46:34,806][basic_search][WARNING][base_advisor.py:163] Cannot sample non duplicate configuration after 1000 iterations.
[2024-09-05 07:46:34,863][basic_search][WARNING][base_advisor.py:163] Cannot sample non duplicate configuration after 1000 iterations.
[2024-09-05 07:46:34,918][basic_search][WARNING][base_advisor.py:163] Cannot sample non duplicate configuration after 1000 iterations.
[2024-09-05 07:46:34,974][basic_search][WARNING][base_advisor.py:163] Cannot sample non duplicate configuration after 1000 iterations.
[2024-09-05 07:46:35,029][basic_search][WARNING][base_advisor.py:163] Cannot sample non duplicate configuration after 1000 iterations.
[2024-09-05 07:46:35,085][basic_search][WARNING][base_advisor.py:163] Cannot sample non duplicate configuration after 1000 iterations.
[2024-09-05 07:46:35,141][basic_search][WARNING][base_advisor.py:163] Cannot sample non duplicate configuration after 1000 iterations.
[2024-09-05 07:46:35,197][basic_search][WARNING][base_advisor.py:163] Cannot sample non duplicate configuration after 1000 iterations.
[2024-09-05 07:46:35,252][basic_search][WARNING][base_advisor.py:163] Cannot sample non duplicate configuration after 1000 iterations.
[2024-09-05 07:46:35,311][basic_search][WARNING][base_advisor.py:163] Cannot sample non duplicate configuration after 1000 iterations.
[2024-09-05 07:46:35,368][basic_search][WARNING][base_advisor.py:163] Cannot sample non duplicate configuration after 1000 iterations.
[2024-09-05 07:46:35,380][basic_search][INFO][generic_advisor.py:231] [BO auto selection]  acq_type: ei. acq_optimizer_type: random_scipy.
[2024-09-05 07:46:35,393][basic_search][INFO][html_visualizer.py:462] Please open the html file to view visualization result: file:///gyc_data/fray_data/project_hw/logs_gray_clapboard_search/history/basic_search/basic_search_2024-09-05-07-46-35-387838.html
[2024-09-05 07:48:20,263][basic_search][INFO][generic_smbo.py:310] Iter 1, objectives: [675261.0].
