[2024-09-05 07:27:47,536][basic_search][INFO][color_logger.py:203] Logfile: /gyc_data/fray_data/project_hw/logs_gray_clapboard_search/basic_search_2024-09-05-07-27-47-536012.log
[2024-09-05 07:27:47,880][basic_search][INFO][generic_advisor.py:231] [BO auto selection]  acq_type: ei. acq_optimizer_type: local_random.
[2024-09-05 07:27:47,888][basic_search][INFO][html_visualizer.py:462] Please open the html file to view visualization result: file:///gyc_data/fray_data/project_hw/logs_gray_clapboard_search/history/basic_search/basic_search_2024-09-05-07-27-47-886309.html
[2024-09-05 07:27:47,889][basic_search][INFO][generic_smbo.py:310] Iter 1, objectives: [675261.0].
[2024-09-05 07:27:47,891][basic_search][INFO][generic_smbo.py:310] Iter 2, objectives: [678813.0].
[2024-09-05 07:27:47,892][basic_search][INFO][generic_smbo.py:310] Iter 3, objectives: [656915.0].
[2024-09-05 07:27:47,896][basic_search][INFO][generic_smbo.py:310] Iter 4, objectives: [681016.0].
[2024-09-05 07:27:47,898][basic_search][INFO][generic_smbo.py:310] Iter 5, objectives: [652876.0].
[2024-09-05 07:27:47,900][basic_search][INFO][generic_smbo.py:310] Iter 6, objectives: [658374.0].
[2024-09-05 07:27:47,903][basic_search][INFO][generic_smbo.py:310] Iter 7, objectives: [649220.0].
[2024-09-05 07:27:47,905][basic_search][INFO][generic_smbo.py:310] Iter 8, objectives: [653905.0].
[2024-09-05 07:27:47,908][basic_search][INFO][generic_smbo.py:310] Iter 9, objectives: [671360.0].
[2024-09-05 07:27:47,912][basic_search][INFO][generic_smbo.py:310] Iter 10, objectives: [664095.0].
[2024-09-05 07:27:50,591][basic_search][INFO][generic_smbo.py:310] Iter 11, objectives: [649220.0].
[2024-09-05 07:27:52,264][basic_search][INFO][generic_smbo.py:310] Iter 12, objectives: [649220.0].
[2024-09-05 07:27:54,000][basic_search][INFO][generic_smbo.py:310] Iter 13, objectives: [649220.0].
[2024-09-05 07:27:55,678][basic_search][INFO][generic_smbo.py:310] Iter 14, objectives: [658374.0].
[2024-09-05 07:27:57,438][basic_search][INFO][generic_smbo.py:310] Iter 15, objectives: [680750.0].
[2024-09-05 07:27:59,499][basic_search][INFO][generic_smbo.py:310] Iter 16, objectives: [649220.0].
[2024-09-05 07:28:01,248][basic_search][INFO][generic_smbo.py:310] Iter 17, objectives: [653905.0].
[2024-09-05 07:28:03,059][basic_search][INFO][generic_smbo.py:310] Iter 18, objectives: [639516.0].
[2024-09-05 07:28:04,862][basic_search][INFO][generic_smbo.py:310] Iter 19, objectives: [656915.0].
[2024-09-05 07:28:06,852][basic_search][INFO][generic_smbo.py:310] Iter 20, objectives: [639516.0].
[2024-09-05 07:28:08,684][basic_search][INFO][generic_smbo.py:310] Iter 21, objectives: [652876.0].
[2024-09-05 07:28:08,696][basic_search][INFO][generic_advisor.py:457] Sample random config. rand_prob=0.100000.
[2024-09-05 07:28:08,704][basic_search][INFO][generic_smbo.py:310] Iter 22, objectives: [661948.0].
[2024-09-05 07:28:10,591][basic_search][INFO][generic_smbo.py:310] Iter 23, objectives: [642524.0].
[2024-09-05 07:28:12,926][basic_search][INFO][generic_smbo.py:310] Iter 24, objectives: [639516.0].
[2024-09-05 07:28:15,158][basic_search][INFO][generic_smbo.py:310] Iter 25, objectives: [639516.0].
[2024-09-05 07:28:17,177][basic_search][INFO][generic_smbo.py:310] Iter 26, objectives: [649220.0].
[2024-09-05 07:28:19,253][basic_search][INFO][generic_smbo.py:310] Iter 27, objectives: [639516.0].
[2024-09-05 07:28:21,290][basic_search][INFO][generic_smbo.py:310] Iter 28, objectives: [639516.0].
[2024-09-05 07:28:23,523][basic_search][INFO][generic_smbo.py:310] Iter 29, objectives: [639516.0].
[2024-09-05 07:28:25,661][basic_search][INFO][generic_smbo.py:310] Iter 30, objectives: [639516.0].
[2024-09-05 07:28:25,677][basic_search][INFO][html_visualizer.py:96] Please open the html file to view visualization result: file:///gyc_data/fray_data/project_hw/logs_gray_clapboard_search/history/basic_search/basic_search_2024-09-05-07-27-47-886309.html
[2024-09-05 07:28:25,682][basic_search][INFO][history.py:765] Too many incumbents in history. Only show 5/8 of them.
