[2024-09-05 07:17:34,344][basic_search][INFO][color_logger.py:203] Logfile: /gyc_data/fray_data/project_hw/logs_gray_clapboard_search/basic_search_2024-09-05-07-17-34-344460.log
[2024-09-05 07:17:34,687][basic_search][INFO][generic_advisor.py:231] [BO auto selection]  acq_type: ei. acq_optimizer_type: local_random.
[2024-09-05 07:17:34,692][basic_search][INFO][html_visualizer.py:462] Please open the html file to view visualization result: file:///gyc_data/fray_data/project_hw/logs_gray_clapboard_search/history/basic_search/basic_search_2024-09-05-07-17-34-690766.html
[2024-09-05 07:17:34,694][basic_search][INFO][generic_smbo.py:310] Iter 1, objectives: [460216.0].
[2024-09-05 07:17:34,695][basic_search][INFO][generic_smbo.py:310] Iter 2, objectives: [367116.0].
[2024-09-05 07:17:34,696][basic_search][INFO][generic_smbo.py:310] Iter 3, objectives: [367116.0].
[2024-09-05 07:17:34,700][basic_search][INFO][generic_smbo.py:310] Iter 4, objectives: [370388.0].
[2024-09-05 07:17:34,702][basic_search][INFO][generic_smbo.py:310] Iter 5, objectives: [355372.0].
[2024-09-05 07:17:34,704][basic_search][INFO][generic_smbo.py:310] Iter 6, objectives: [358644.0].
[2024-09-05 07:17:34,706][basic_search][INFO][generic_smbo.py:310] Iter 7, objectives: [358644.0].
[2024-09-05 07:17:34,709][basic_search][INFO][generic_smbo.py:310] Iter 8, objectives: [358644.0].
[2024-09-05 07:17:36,580][basic_search][INFO][generic_smbo.py:310] Iter 9, objectives: [355372.0].
[2024-09-05 07:17:38,821][basic_search][INFO][generic_smbo.py:310] Iter 10, objectives: [355372.0].
[2024-09-05 07:17:40,999][basic_search][INFO][generic_smbo.py:310] Iter 11, objectives: [369748.0].
[2024-09-05 07:17:43,077][basic_search][INFO][generic_smbo.py:310] Iter 12, objectives: [355372.0].
[2024-09-05 07:17:45,531][basic_search][INFO][generic_smbo.py:310] Iter 13, objectives: [355372.0].
[2024-09-05 07:17:48,545][basic_search][INFO][generic_smbo.py:310] Iter 14, objectives: [358004.0].
[2024-09-05 07:17:51,567][basic_search][INFO][generic_smbo.py:310] Iter 15, objectives: [355372.0].
[2024-09-05 07:17:54,247][basic_search][INFO][generic_smbo.py:310] Iter 16, objectives: [355372.0].
[2024-09-05 07:17:56,891][basic_search][INFO][generic_smbo.py:310] Iter 17, objectives: [355372.0].
[2024-09-05 07:17:59,826][basic_search][INFO][generic_smbo.py:310] Iter 18, objectives: [355372.0].
[2024-09-05 07:18:02,449][basic_search][INFO][generic_smbo.py:310] Iter 19, objectives: [355372.0].
[2024-09-05 07:18:04,871][basic_search][INFO][generic_smbo.py:310] Iter 20, objectives: [413527.0].
[2024-09-05 07:18:07,744][basic_search][INFO][generic_smbo.py:310] Iter 21, objectives: [355372.0].
[2024-09-05 07:18:10,340][basic_search][INFO][generic_smbo.py:310] Iter 22, objectives: [355372.0].
[2024-09-05 07:18:13,051][basic_search][INFO][generic_smbo.py:310] Iter 23, objectives: [358004.0].
[2024-09-05 07:18:16,215][basic_search][INFO][generic_smbo.py:310] Iter 24, objectives: [355372.0].
[2024-09-05 07:18:18,865][basic_search][INFO][generic_smbo.py:310] Iter 25, objectives: [358004.0].
[2024-09-05 07:18:21,376][basic_search][INFO][generic_smbo.py:310] Iter 26, objectives: [355372.0].
[2024-09-05 07:18:23,936][basic_search][INFO][generic_smbo.py:310] Iter 27, objectives: [355372.0].
[2024-09-05 07:18:26,283][basic_search][INFO][generic_smbo.py:310] Iter 28, objectives: [355372.0].
[2024-09-05 07:18:29,079][basic_search][INFO][generic_smbo.py:310] Iter 29, objectives: [355372.0].
[2024-09-05 07:18:31,212][basic_search][INFO][generic_smbo.py:310] Iter 30, objectives: [355372.0].
[2024-09-05 07:18:31,220][basic_search][INFO][html_visualizer.py:96] Please open the html file to view visualization result: file:///gyc_data/fray_data/project_hw/logs_gray_clapboard_search/history/basic_search/basic_search_2024-09-05-07-17-34-690766.html
[2024-09-05 07:18:31,225][basic_search][INFO][history.py:765] Too many incumbents in history. Only show 5/18 of them.
