[2024-09-05 07:31:27,348][basic_search][INFO][color_logger.py:203] Logfile: /gyc_data/fray_data/project_hw/logs_gray_clapboard_search/basic_search_2024-09-05-07-31-27-348189.log
[2024-09-05 07:31:27,696][basic_search][INFO][generic_advisor.py:231] [BO auto selection]  acq_type: ei. acq_optimizer_type: local_random.
[2024-09-05 07:31:27,708][basic_search][INFO][html_visualizer.py:462] Please open the html file to view visualization result: file:///gyc_data/fray_data/project_hw/logs_gray_clapboard_search/history/basic_search/basic_search_2024-09-05-07-31-27-705143.html
[2024-09-05 07:31:27,710][basic_search][INFO][generic_smbo.py:310] Iter 1, objectives: [675261.0].
[2024-09-05 07:31:27,711][basic_search][INFO][generic_smbo.py:310] Iter 2, objectives: [656385.0].
[2024-09-05 07:31:27,713][basic_search][INFO][generic_smbo.py:310] Iter 3, objectives: [672658.0].
[2024-09-05 07:31:27,718][basic_search][INFO][generic_smbo.py:310] Iter 4, objectives: [659023.0].
[2024-09-05 07:31:27,721][basic_search][INFO][generic_smbo.py:310] Iter 5, objectives: [648526.0].
[2024-09-05 07:31:27,724][basic_search][INFO][generic_smbo.py:310] Iter 6, objectives: [686098.0].
[2024-09-05 07:31:27,728][basic_search][INFO][generic_smbo.py:310] Iter 7, objectives: [665609.0].
[2024-09-05 07:31:27,731][basic_search][INFO][generic_smbo.py:310] Iter 8, objectives: [654443.0].
[2024-09-05 07:31:27,734][basic_search][INFO][generic_smbo.py:310] Iter 9, objectives: [681325.0].
[2024-09-05 07:31:27,737][basic_search][INFO][generic_smbo.py:310] Iter 10, objectives: [661770.0].
[2024-09-05 07:31:30,855][basic_search][INFO][generic_smbo.py:310] Iter 11, objectives: [648526.0].
[2024-09-05 07:31:32,543][basic_search][INFO][generic_smbo.py:310] Iter 12, objectives: [661770.0].
[2024-09-05 07:31:34,385][basic_search][INFO][generic_smbo.py:310] Iter 13, objectives: [648526.0].
[2024-09-05 07:31:36,260][basic_search][INFO][generic_smbo.py:310] Iter 14, objectives: [648526.0].
[2024-09-05 07:31:38,041][basic_search][INFO][generic_smbo.py:310] Iter 15, objectives: [648526.0].
[2024-09-05 07:31:39,862][basic_search][INFO][generic_smbo.py:310] Iter 16, objectives: [648526.0].
[2024-09-05 07:31:41,751][basic_search][INFO][generic_smbo.py:310] Iter 17, objectives: [648526.0].
[2024-09-05 07:31:43,641][basic_search][INFO][generic_smbo.py:310] Iter 18, objectives: [648526.0].
[2024-09-05 07:31:45,619][basic_search][INFO][generic_smbo.py:310] Iter 19, objectives: [648526.0].
[2024-09-05 07:31:47,566][basic_search][INFO][generic_smbo.py:310] Iter 20, objectives: [648526.0].
[2024-09-05 07:31:49,693][basic_search][INFO][generic_smbo.py:310] Iter 21, objectives: [648526.0].
[2024-09-05 07:31:51,861][basic_search][INFO][generic_smbo.py:310] Iter 22, objectives: [648526.0].
[2024-09-05 07:31:53,959][basic_search][INFO][generic_smbo.py:310] Iter 23, objectives: [648526.0].
[2024-09-05 07:31:56,561][basic_search][INFO][generic_smbo.py:310] Iter 24, objectives: [648526.0].
[2024-09-05 07:31:58,971][basic_search][INFO][generic_smbo.py:310] Iter 25, objectives: [648526.0].
[2024-09-05 07:32:01,474][basic_search][INFO][generic_smbo.py:310] Iter 26, objectives: [648526.0].
[2024-09-05 07:32:03,575][basic_search][INFO][generic_smbo.py:310] Iter 27, objectives: [648526.0].
[2024-09-05 07:32:05,721][basic_search][INFO][generic_smbo.py:310] Iter 28, objectives: [648526.0].
[2024-09-05 07:32:07,699][basic_search][INFO][generic_smbo.py:310] Iter 29, objectives: [648526.0].
[2024-09-05 07:32:10,098][basic_search][INFO][generic_smbo.py:310] Iter 30, objectives: [648526.0].
[2024-09-05 07:32:10,120][basic_search][INFO][html_visualizer.py:96] Please open the html file to view visualization result: file:///gyc_data/fray_data/project_hw/logs_gray_clapboard_search/history/basic_search/basic_search_2024-09-05-07-31-27-705143.html
[2024-09-05 07:32:10,126][basic_search][INFO][history.py:765] Too many incumbents in history. Only show 5/20 of them.
