[2024-08-26 08:25:38,546][basic_search][INFO][color_logger.py:203] Logfile: /gyc_data/fray_data/project_hw/logs_gray_clapboard_search/basic_search_2024-08-26-08-25-38-546506.log
[2024-08-26 08:25:38,586][basic_search][INFO][generic_advisor.py:231] [BO auto selection]  acq_optimizer_type: random_scipy.
[2024-08-26 08:25:38,591][basic_search][INFO][html_visualizer.py:462] Please open the html file to view visualization result: file:///gyc_data/fray_data/project_hw/logs_gray_clapboard_search/history/basic_search/basic_search_2024-08-26-08-25-38-589618.html
[2024-08-26 08:25:38,598][basic_search][INFO][generic_smbo.py:310] Iter 1, objectives: [643344.0].
[2024-08-26 08:25:38,636][basic_search][INFO][generic_smbo.py:310] Iter 2, objectives: [3904092.0].
[2024-08-26 08:25:38,680][basic_search][INFO][generic_smbo.py:310] Iter 3, objectives: [4414488.0].
[2024-08-26 08:25:39,271][basic_search][INFO][generic_smbo.py:310] Iter 4, objectives: [4371794.0].
[2024-08-26 08:25:39,938][basic_search][INFO][generic_smbo.py:310] Iter 5, objectives: [3972031.0].
[2024-08-26 08:25:40,730][basic_search][INFO][generic_smbo.py:310] Iter 6, objectives: [3349793.0].
[2024-08-26 08:25:41,552][basic_search][INFO][generic_smbo.py:310] Iter 7, objectives: [3652399.0].
[2024-08-26 08:25:41,554][basic_search][INFO][generic_advisor.py:457] Sample random config. rand_prob=0.100000.
[2024-08-26 08:25:41,589][basic_search][INFO][generic_smbo.py:310] Iter 8, objectives: [3710697.0].
[2024-08-26 08:25:42,735][basic_search][INFO][generic_smbo.py:310] Iter 9, objectives: [3804206.0].
[2024-08-26 08:25:42,737][basic_search][INFO][generic_advisor.py:457] Sample random config. rand_prob=0.100000.
[2024-08-26 08:25:42,778][basic_search][INFO][generic_smbo.py:310] Iter 10, objectives: [4217797.0].
[2024-08-26 08:25:44,394][basic_search][INFO][generic_smbo.py:310] Iter 11, objectives: [3973998.0].
[2024-08-26 08:25:46,165][basic_search][INFO][generic_smbo.py:310] Iter 12, objectives: [4309451.0].
[2024-08-26 08:25:48,074][basic_search][INFO][generic_smbo.py:310] Iter 13, objectives: [3021556.0].
[2024-08-26 08:25:48,077][basic_search][INFO][generic_advisor.py:457] Sample random config. rand_prob=0.100000.
[2024-08-26 08:25:48,121][basic_search][INFO][generic_smbo.py:310] Iter 14, objectives: [4355666.0].
[2024-08-26 08:25:50,726][basic_search][INFO][generic_smbo.py:310] Iter 15, objectives: [3377848.0].
[2024-08-26 08:25:53,142][basic_search][INFO][generic_smbo.py:310] Iter 16, objectives: [3799503.0].
[2024-08-26 08:25:55,297][basic_search][INFO][generic_smbo.py:310] Iter 17, objectives: [3834061.0].
[2024-08-26 08:25:57,773][basic_search][INFO][generic_smbo.py:310] Iter 18, objectives: [3809321.0].
[2024-08-26 08:26:00,100][basic_search][INFO][generic_smbo.py:310] Iter 19, objectives: [3154956.0].
[2024-08-26 08:26:02,352][basic_search][INFO][generic_smbo.py:310] Iter 20, objectives: [3683752.0].
[2024-08-26 08:26:04,495][basic_search][INFO][generic_smbo.py:310] Iter 21, objectives: [3681103.0].
[2024-08-26 08:26:06,770][basic_search][INFO][generic_smbo.py:310] Iter 22, objectives: [3459344.0].
[2024-08-26 08:26:08,681][basic_search][INFO][generic_smbo.py:310] Iter 23, objectives: [3876250.0].
[2024-08-26 08:26:11,470][basic_search][INFO][generic_smbo.py:310] Iter 24, objectives: [4227437.0].
[2024-08-26 08:26:13,479][basic_search][INFO][generic_smbo.py:310] Iter 25, objectives: [3095528.0].
[2024-08-26 08:26:16,079][basic_search][INFO][generic_smbo.py:310] Iter 26, objectives: [3408442.0].
[2024-08-26 08:26:16,085][basic_search][INFO][generic_advisor.py:457] Sample random config. rand_prob=0.100000.
[2024-08-26 08:26:16,122][basic_search][INFO][generic_smbo.py:310] Iter 27, objectives: [3875863.0].
[2024-08-26 08:26:18,229][basic_search][INFO][generic_smbo.py:310] Iter 28, objectives: [4043992.0].
[2024-08-26 08:26:20,233][basic_search][INFO][generic_smbo.py:310] Iter 29, objectives: [4001593.0].
[2024-08-26 08:26:22,600][basic_search][INFO][generic_smbo.py:310] Iter 30, objectives: [4018429.0].
[2024-08-26 08:26:24,816][basic_search][INFO][generic_smbo.py:310] Iter 31, objectives: [4170302.0].
[2024-08-26 08:26:27,143][basic_search][INFO][generic_smbo.py:310] Iter 32, objectives: [4447615.0].
[2024-08-26 08:26:29,797][basic_search][INFO][generic_smbo.py:310] Iter 33, objectives: [3851276.0].
[2024-08-26 08:26:32,021][basic_search][INFO][generic_smbo.py:310] Iter 34, objectives: [4002354.0].
[2024-08-26 08:26:34,274][basic_search][INFO][generic_smbo.py:310] Iter 35, objectives: [3676288.0].
[2024-08-26 08:26:36,750][basic_search][INFO][generic_smbo.py:310] Iter 36, objectives: [3968402.0].
[2024-08-26 08:26:38,681][basic_search][INFO][generic_smbo.py:310] Iter 37, objectives: [4133807.0].
[2024-08-26 08:26:40,682][basic_search][INFO][generic_smbo.py:310] Iter 38, objectives: [3284464.0].
[2024-08-26 08:26:42,376][basic_search][INFO][generic_smbo.py:310] Iter 39, objectives: [4117296.0].
[2024-08-26 08:26:44,439][basic_search][INFO][generic_smbo.py:310] Iter 40, objectives: [4502132.0].
[2024-08-26 08:26:47,415][basic_search][INFO][generic_smbo.py:310] Iter 41, objectives: [3401042.0].
[2024-08-26 08:26:47,423][basic_search][INFO][generic_advisor.py:457] Sample random config. rand_prob=0.100000.
[2024-08-26 08:26:47,463][basic_search][INFO][generic_smbo.py:310] Iter 42, objectives: [4187973.0].
[2024-08-26 08:26:47,472][basic_search][INFO][generic_advisor.py:457] Sample random config. rand_prob=0.100000.
[2024-08-26 08:26:47,510][basic_search][INFO][generic_smbo.py:310] Iter 43, objectives: [3910329.0].
[2024-08-26 08:26:49,711][basic_search][INFO][generic_smbo.py:310] Iter 44, objectives: [4225947.0].
[2024-08-26 08:26:51,994][basic_search][INFO][generic_smbo.py:310] Iter 45, objectives: [4321152.0].
[2024-08-26 08:26:54,398][basic_search][INFO][generic_smbo.py:310] Iter 46, objectives: [4575341.0].
[2024-08-26 08:26:56,807][basic_search][INFO][generic_smbo.py:310] Iter 47, objectives: [3404954.0].
[2024-08-26 08:26:59,536][basic_search][INFO][generic_smbo.py:310] Iter 48, objectives: [3855465.0].
[2024-08-26 08:27:01,901][basic_search][INFO][generic_smbo.py:310] Iter 49, objectives: [3298056.0].
[2024-08-26 08:27:04,267][basic_search][INFO][generic_smbo.py:310] Iter 50, objectives: [3219884.0].
[2024-08-26 08:27:04,277][basic_search][INFO][html_visualizer.py:96] Please open the html file to view visualization result: file:///gyc_data/fray_data/project_hw/logs_gray_clapboard_search/history/basic_search/basic_search_2024-08-26-08-25-38-589618.html
