[2024-08-26 08:39:17,366][basic_search][INFO][color_logger.py:203] Logfile: /gyc_data/fray_data/project_hw/logs_gray_clapboard_search/basic_search_2024-08-26-08-39-17-366597.log
[2024-08-26 08:39:17,480][basic_search][INFO][generic_advisor.py:231] [BO auto selection]  acq_type: ei. acq_optimizer_type: random_scipy.
[2024-08-26 08:39:17,487][basic_search][INFO][html_visualizer.py:462] Please open the html file to view visualization result: file:///gyc_data/fray_data/project_hw/logs_gray_clapboard_search/history/basic_search/basic_search_2024-08-26-08-39-17-485962.html
[2024-08-26 08:39:17,495][basic_search][INFO][generic_smbo.py:310] Iter 1, objectives: [643344.0].
[2024-08-26 08:39:17,536][basic_search][INFO][generic_smbo.py:310] Iter 2, objectives: [4069798.0].
[2024-08-26 08:39:17,574][basic_search][INFO][generic_smbo.py:310] Iter 3, objectives: [3958418.0].
[2024-08-26 08:39:17,613][basic_search][INFO][generic_smbo.py:310] Iter 4, objectives: [4017912.0].
[2024-08-26 08:39:17,671][basic_search][INFO][generic_smbo.py:310] Iter 5, objectives: [4150905.0].
[2024-08-26 08:39:17,705][basic_search][INFO][generic_smbo.py:310] Iter 6, objectives: [3604077.0].
[2024-08-26 08:39:17,765][basic_search][INFO][generic_smbo.py:310] Iter 7, objectives: [4396756.0].
[2024-08-26 08:39:17,804][basic_search][INFO][generic_smbo.py:310] Iter 8, objectives: [3943411.0].
[2024-08-26 08:39:51,393][basic_search][INFO][generic_smbo.py:310] Iter 9, objectives: [3048111.0].
[2024-08-26 08:39:53,794][basic_search][INFO][generic_smbo.py:310] Iter 10, objectives: [841443.0].
[2024-08-26 08:39:53,865][basic_search][INFO][generic_advisor.py:457] Sample random config. rand_prob=0.100000.
[2024-08-26 08:39:53,906][basic_search][INFO][generic_smbo.py:310] Iter 11, objectives: [3780624.0].
[2024-08-26 08:39:56,335][basic_search][INFO][generic_smbo.py:310] Iter 12, objectives: [3104628.0].
[2024-08-26 08:40:01,454][basic_search][INFO][generic_smbo.py:310] Iter 13, objectives: [1445355.0].
[2024-08-26 08:40:12,998][basic_search][INFO][generic_smbo.py:310] Iter 14, objectives: [1242632.0].
[2024-08-26 08:40:27,814][basic_search][INFO][generic_smbo.py:310] Iter 15, objectives: [1692304.0].
[2024-08-26 08:40:41,469][basic_search][INFO][generic_smbo.py:310] Iter 16, objectives: [1526342.0].
[2024-08-26 08:40:55,993][basic_search][INFO][generic_smbo.py:310] Iter 17, objectives: [2110989.0].
[2024-08-26 08:41:12,097][basic_search][INFO][generic_smbo.py:310] Iter 18, objectives: [2049248.0].
[2024-08-26 08:41:12,099][basic_search][INFO][generic_advisor.py:457] Sample random config. rand_prob=0.100000.
[2024-08-26 08:41:12,147][basic_search][INFO][generic_smbo.py:310] Iter 19, objectives: [4745304.0].
[2024-08-26 08:41:30,426][basic_search][INFO][generic_smbo.py:310] Iter 20, objectives: [2812900.0].
[2024-08-26 08:41:41,723][basic_search][INFO][generic_smbo.py:310] Iter 21, objectives: [3880111.0].
[2024-08-26 08:41:56,615][basic_search][INFO][generic_smbo.py:310] Iter 22, objectives: [1282287.0].
[2024-08-26 08:41:56,618][basic_search][INFO][generic_advisor.py:457] Sample random config. rand_prob=0.100000.
[2024-08-26 08:41:56,656][basic_search][INFO][generic_smbo.py:310] Iter 23, objectives: [3793190.0].
[2024-08-26 08:41:56,659][basic_search][INFO][generic_advisor.py:457] Sample random config. rand_prob=0.100000.
[2024-08-26 08:41:56,705][basic_search][INFO][generic_smbo.py:310] Iter 24, objectives: [4593657.0].
[2024-08-26 08:42:09,374][basic_search][INFO][generic_smbo.py:310] Iter 25, objectives: [1777661.0].
[2024-08-26 08:42:09,378][basic_search][INFO][generic_advisor.py:457] Sample random config. rand_prob=0.100000.
[2024-08-26 08:42:09,412][basic_search][INFO][generic_smbo.py:310] Iter 26, objectives: [3499162.0].
[2024-08-26 08:42:24,770][basic_search][INFO][generic_smbo.py:310] Iter 27, objectives: [1582081.0].
[2024-08-26 08:42:39,554][basic_search][INFO][generic_smbo.py:310] Iter 28, objectives: [1347570.0].
[2024-08-26 08:42:55,772][basic_search][INFO][generic_smbo.py:310] Iter 29, objectives: [1516281.0].
[2024-08-26 08:43:14,677][basic_search][INFO][generic_smbo.py:310] Iter 30, objectives: [3478027.0].
[2024-08-26 08:43:28,844][basic_search][INFO][generic_smbo.py:310] Iter 31, objectives: [2070813.0].
[2024-08-26 08:43:46,758][basic_search][INFO][generic_smbo.py:310] Iter 32, objectives: [3655322.0].
[2024-08-26 08:44:03,573][basic_search][INFO][generic_smbo.py:310] Iter 33, objectives: [1714237.0].
[2024-08-26 08:44:20,231][basic_search][INFO][generic_smbo.py:310] Iter 34, objectives: [1443665.0].
[2024-08-26 08:44:40,365][basic_search][INFO][generic_smbo.py:310] Iter 35, objectives: [3282451.0].
[2024-08-26 08:44:57,783][basic_search][INFO][generic_smbo.py:310] Iter 36, objectives: [1911548.0].
[2024-08-26 08:45:17,197][basic_search][INFO][generic_smbo.py:310] Iter 37, objectives: [2948651.0].
[2024-08-26 08:45:37,467][basic_search][INFO][generic_smbo.py:310] Iter 38, objectives: [2058967.0].
[2024-08-26 08:45:46,851][basic_search][INFO][generic_smbo.py:310] Iter 39, objectives: [1133223.0].
[2024-08-26 08:46:08,943][basic_search][INFO][generic_smbo.py:310] Iter 40, objectives: [1854662.0].
[2024-08-26 08:46:23,733][basic_search][INFO][generic_smbo.py:310] Iter 41, objectives: [1755091.0].
[2024-08-26 08:46:38,322][basic_search][INFO][generic_smbo.py:310] Iter 42, objectives: [2013541.0].
[2024-08-26 08:46:49,987][basic_search][INFO][generic_smbo.py:310] Iter 43, objectives: [2134698.0].
[2024-08-26 08:46:49,993][basic_search][INFO][generic_advisor.py:457] Sample random config. rand_prob=0.100000.
[2024-08-26 08:46:50,030][basic_search][INFO][generic_smbo.py:310] Iter 44, objectives: [3853540.0].
[2024-08-26 08:47:04,720][basic_search][INFO][generic_smbo.py:310] Iter 45, objectives: [2020086.0].
[2024-08-26 08:47:17,561][basic_search][INFO][generic_smbo.py:310] Iter 46, objectives: [1643526.0].
[2024-08-26 08:47:33,648][basic_search][INFO][generic_smbo.py:310] Iter 47, objectives: [3181546.0].
[2024-08-26 08:47:44,245][basic_search][INFO][generic_smbo.py:310] Iter 48, objectives: [1602030.0].
[2024-08-26 08:47:44,251][basic_search][INFO][generic_advisor.py:457] Sample random config. rand_prob=0.100000.
[2024-08-26 08:47:44,284][basic_search][INFO][generic_smbo.py:310] Iter 49, objectives: [3375291.0].
[2024-08-26 08:47:58,903][basic_search][INFO][generic_smbo.py:310] Iter 50, objectives: [3148328.0].
[2024-08-26 08:47:58,909][basic_search][INFO][html_visualizer.py:96] Please open the html file to view visualization result: file:///gyc_data/fray_data/project_hw/logs_gray_clapboard_search/history/basic_search/basic_search_2024-08-26-08-39-17-485962.html
