[2024-09-11 08:31:35,564][basic_search][INFO][color_logger.py:203] Logfile: /gyc_data/fray_data/project_hw/logs_gray_clapboard_search/basic_search_2024-09-11-08-31-35-563963.log
[2024-09-11 08:31:35,936][basic_search][INFO][generic_advisor.py:231] [BO auto selection]  acq_type: ei. acq_optimizer_type: local_random.
[2024-09-11 08:31:35,968][basic_search][INFO][html_visualizer.py:462] Please open the html file to view visualization result: file:///gyc_data/fray_data/project_hw/logs_gray_clapboard_search/history/basic_search/basic_search_2024-09-11-08-31-35-965624.html
[2024-09-11 08:31:35,970][basic_search][INFO][generic_smbo.py:310] Iter 1, objectives: [1186925.0].
[2024-09-11 08:31:35,972][basic_search][INFO][generic_smbo.py:310] Iter 2, objectives: [1143263.0].
[2024-09-11 08:31:35,973][basic_search][INFO][generic_smbo.py:310] Iter 3, objectives: [1113310.0].
[2024-09-11 08:31:36,016][basic_search][INFO][generic_smbo.py:310] Iter 4, objectives: [1001470.0].
[2024-09-11 08:31:36,164][basic_search][INFO][generic_smbo.py:310] Iter 5, objectives: [1072710.0].
[2024-09-11 08:31:36,275][basic_search][INFO][generic_smbo.py:310] Iter 6, objectives: [1032535.0].
[2024-09-11 08:31:36,474][basic_search][INFO][generic_smbo.py:310] Iter 7, objectives: [1175253.0].
[2024-09-11 08:31:36,582][basic_search][INFO][generic_smbo.py:310] Iter 8, objectives: [1137307.0].
[2024-09-11 08:31:36,651][basic_search][INFO][generic_smbo.py:310] Iter 9, objectives: [1008089.0].
[2024-09-11 08:31:36,662][basic_search][INFO][generic_smbo.py:310] Iter 10, objectives: [1071855.0].
[2024-09-11 08:31:36,668][basic_search][INFO][generic_smbo.py:310] Iter 11, objectives: [1148683.0].
[2024-09-11 08:31:36,673][basic_search][INFO][generic_smbo.py:310] Iter 12, objectives: [1103453.0].
[2024-09-11 08:31:36,678][basic_search][INFO][generic_smbo.py:310] Iter 13, objectives: [1186925.0].
[2024-09-11 08:31:36,684][basic_search][INFO][generic_smbo.py:310] Iter 14, objectives: [1107833.0].
[2024-09-11 08:31:36,690][basic_search][INFO][generic_smbo.py:310] Iter 15, objectives: [1063643.0].
[2024-09-11 08:31:36,696][basic_search][INFO][generic_smbo.py:310] Iter 16, objectives: [1161166.0].
[2024-09-11 08:31:36,703][basic_search][INFO][generic_smbo.py:310] Iter 17, objectives: [1186925.0].
[2024-09-11 08:31:36,711][basic_search][INFO][generic_smbo.py:310] Iter 18, objectives: [1085486.0].
[2024-09-11 08:31:36,718][basic_search][INFO][generic_smbo.py:310] Iter 19, objectives: [1018094.0].
[2024-09-11 08:31:36,725][basic_search][INFO][generic_smbo.py:310] Iter 20, objectives: [1171209.0].
[2024-09-11 08:31:39,846][basic_search][INFO][generic_smbo.py:310] Iter 21, objectives: [1091394.0].
[2024-09-11 08:31:42,256][basic_search][INFO][generic_smbo.py:310] Iter 22, objectives: [1022399.0].
[2024-09-11 08:31:45,819][basic_search][INFO][generic_smbo.py:310] Iter 23, objectives: [1043204.0].
[2024-09-11 08:31:48,705][basic_search][INFO][generic_smbo.py:310] Iter 24, objectives: [1032535.0].
[2024-09-11 08:31:51,888][basic_search][INFO][generic_smbo.py:310] Iter 25, objectives: [1008089.0].
[2024-09-11 08:31:54,689][basic_search][INFO][generic_smbo.py:310] Iter 26, objectives: [1116293.0].
[2024-09-11 08:31:54,805][basic_search][INFO][generic_advisor.py:457] Sample random config. rand_prob=0.100000.
[2024-09-11 08:31:54,813][basic_search][INFO][generic_smbo.py:310] Iter 27, objectives: [1088510.0].
[2024-09-11 08:31:57,513][basic_search][INFO][generic_smbo.py:310] Iter 28, objectives: [1032535.0].
[2024-09-11 08:32:00,820][basic_search][INFO][generic_smbo.py:310] Iter 29, objectives: [1082313.0].
[2024-09-11 08:32:03,730][basic_search][INFO][generic_smbo.py:310] Iter 30, objectives: [1116293.0].
[2024-09-11 08:32:06,633][basic_search][INFO][generic_smbo.py:310] Iter 31, objectives: [1068864.0].
[2024-09-11 08:32:09,321][basic_search][INFO][generic_smbo.py:310] Iter 32, objectives: [1082165.0].
[2024-09-11 08:32:12,083][basic_search][INFO][generic_smbo.py:310] Iter 33, objectives: [1008089.0].
[2024-09-11 08:32:15,680][basic_search][INFO][generic_smbo.py:310] Iter 34, objectives: [1008089.0].
[2024-09-11 08:32:18,711][basic_search][INFO][generic_smbo.py:310] Iter 35, objectives: [1018094.0].
[2024-09-11 08:32:22,622][basic_search][INFO][generic_smbo.py:310] Iter 36, objectives: [1070107.0].
[2024-09-11 08:32:25,499][basic_search][INFO][generic_smbo.py:310] Iter 37, objectives: [1015202.0].
[2024-09-11 08:32:25,510][basic_search][INFO][generic_advisor.py:457] Sample random config. rand_prob=0.100000.
[2024-09-11 08:32:25,514][basic_search][INFO][generic_smbo.py:310] Iter 38, objectives: [1196104.0].
[2024-09-11 08:32:25,525][basic_search][INFO][generic_advisor.py:457] Sample random config. rand_prob=0.100000.
[2024-09-11 08:32:25,529][basic_search][INFO][generic_smbo.py:310] Iter 39, objectives: [1063365.0].
[2024-09-11 08:32:28,313][basic_search][INFO][generic_smbo.py:310] Iter 40, objectives: [1008089.0].
[2024-09-11 08:32:31,353][basic_search][INFO][generic_smbo.py:310] Iter 41, objectives: [1018094.0].
[2024-09-11 08:32:31,365][basic_search][INFO][generic_advisor.py:457] Sample random config. rand_prob=0.100000.
[2024-09-11 08:32:31,369][basic_search][INFO][generic_smbo.py:310] Iter 42, objectives: [1193361.0].
[2024-09-11 08:32:34,637][basic_search][INFO][generic_smbo.py:310] Iter 43, objectives: [1001470.0].
[2024-09-11 08:32:38,298][basic_search][INFO][generic_smbo.py:310] Iter 44, objectives: [1068864.0].
[2024-09-11 08:32:38,525][basic_search][INFO][generic_advisor.py:457] Sample random config. rand_prob=0.100000.
[2024-09-11 08:32:38,531][basic_search][INFO][generic_smbo.py:310] Iter 45, objectives: [1070107.0].
[2024-09-11 08:32:42,386][basic_search][INFO][generic_smbo.py:310] Iter 46, objectives: [1063902.0].
[2024-09-11 08:32:45,667][basic_search][INFO][generic_smbo.py:310] Iter 47, objectives: [1008089.0].
[2024-09-11 08:32:49,152][basic_search][INFO][generic_smbo.py:310] Iter 48, objectives: [1001470.0].
[2024-09-11 08:32:53,042][basic_search][INFO][generic_smbo.py:310] Iter 49, objectives: [1072710.0].
[2024-09-11 08:32:56,264][basic_search][INFO][generic_smbo.py:310] Iter 50, objectives: [1019297.0].
[2024-09-11 08:32:56,493][basic_search][INFO][html_visualizer.py:96] Please open the html file to view visualization result: file:///gyc_data/fray_data/project_hw/logs_gray_clapboard_search/history/basic_search/basic_search_2024-09-11-08-31-35-965624.html
