[2024-08-26 07:35:11,668][basic_search][INFO][color_logger.py:203] Logfile: /gyc_data/fray_data/project_hw/logs_gray_clapboard_search/basic_search_2024-08-26-07-35-11-667926.log
[2024-08-26 07:35:11,691][basic_search][INFO][generic_advisor.py:231] [BO auto selection]  acq_type: ei. acq_optimizer_type: random_scipy.
[2024-08-26 07:35:11,691][basic_search][WARNING][base.py:64] [Build Surrogate] Use probabilistic random forest based on scikit-learn. For better performance, please install pyrfr: https://open-box.readthedocs.io/en/latest/installation/install_pyrfr.html
[2024-08-26 07:35:11,693][basic_search][INFO][html_visualizer.py:462] Please open the html file to view visualization result: file:///gyc_data/fray_data/project_hw/logs_gray_clapboard_search/history/basic_search/basic_search_2024-08-26-07-35-11-692172.html
[2024-08-26 07:35:11,704][basic_search][INFO][generic_smbo.py:310] Iter 1, objectives: [701613.0].
[2024-08-26 07:35:11,710][basic_search][INFO][generic_smbo.py:310] Iter 2, objectives: [536063.0].
[2024-08-26 07:35:11,718][basic_search][INFO][generic_smbo.py:310] Iter 3, objectives: [775049.0].
[2024-08-26 07:35:11,728][basic_search][INFO][generic_smbo.py:310] Iter 4, objectives: [915358.0].
[2024-08-26 07:35:11,736][basic_search][INFO][generic_smbo.py:310] Iter 5, objectives: [784172.0].
[2024-08-26 07:35:11,746][basic_search][INFO][generic_smbo.py:310] Iter 6, objectives: [884543.0].
[2024-08-26 07:35:11,756][basic_search][INFO][generic_smbo.py:310] Iter 7, objectives: [933636.0].
[2024-08-26 07:35:11,765][basic_search][INFO][generic_smbo.py:310] Iter 8, objectives: [850155.0].
[2024-08-26 07:35:11,774][basic_search][INFO][generic_smbo.py:310] Iter 9, objectives: [858908.0].
[2024-08-26 07:35:11,782][basic_search][INFO][generic_smbo.py:310] Iter 10, objectives: [687590.0].
[2024-08-26 07:35:11,791][basic_search][INFO][generic_smbo.py:310] Iter 11, objectives: [806684.0].
[2024-08-26 07:35:11,801][basic_search][INFO][generic_smbo.py:310] Iter 12, objectives: [911562.0].
[2024-08-26 07:35:11,808][basic_search][INFO][generic_smbo.py:310] Iter 13, objectives: [678585.0].
[2024-08-26 07:35:11,820][basic_search][INFO][generic_smbo.py:310] Iter 14, objectives: [1017790.0].
[2024-08-26 07:35:11,827][basic_search][INFO][generic_smbo.py:310] Iter 15, objectives: [643850.0].
[2024-08-26 07:35:11,834][basic_search][INFO][generic_smbo.py:310] Iter 16, objectives: [524484.0].
[2024-08-26 07:35:11,843][basic_search][INFO][generic_smbo.py:310] Iter 17, objectives: [864158.0].
[2024-08-26 07:35:11,854][basic_search][INFO][generic_smbo.py:310] Iter 18, objectives: [882533.0].
[2024-08-26 07:35:11,864][basic_search][INFO][generic_smbo.py:310] Iter 19, objectives: [882412.0].
[2024-08-26 07:35:11,871][basic_search][INFO][generic_smbo.py:310] Iter 20, objectives: [628140.0].
[2024-08-26 07:35:12,648][basic_search][INFO][generic_smbo.py:310] Iter 21, objectives: [703031.0].
[2024-08-26 07:35:12,650][basic_search][INFO][generic_advisor.py:457] Sample random config. rand_prob=0.100000.
[2024-08-26 07:35:12,659][basic_search][INFO][generic_smbo.py:310] Iter 22, objectives: [828873.0].
[2024-08-26 07:35:13,536][basic_search][INFO][generic_smbo.py:310] Iter 23, objectives: [702186.0].
[2024-08-26 07:35:14,447][basic_search][INFO][generic_smbo.py:310] Iter 24, objectives: [635611.0].
[2024-08-26 07:35:15,290][basic_search][INFO][generic_smbo.py:310] Iter 25, objectives: [828779.0].
[2024-08-26 07:35:16,239][basic_search][INFO][generic_smbo.py:310] Iter 26, objectives: [525496.0].
[2024-08-26 07:35:17,009][basic_search][INFO][generic_smbo.py:310] Iter 27, objectives: [688673.0].
[2024-08-26 07:35:17,846][basic_search][INFO][generic_smbo.py:310] Iter 28, objectives: [465501.0].
[2024-08-26 07:35:18,752][basic_search][INFO][generic_smbo.py:310] Iter 29, objectives: [536063.0].
[2024-08-26 07:35:18,755][basic_search][INFO][generic_advisor.py:457] Sample random config. rand_prob=0.100000.
[2024-08-26 07:35:18,762][basic_search][INFO][generic_smbo.py:310] Iter 30, objectives: [684909.0].
[2024-08-26 07:35:19,523][basic_search][INFO][generic_smbo.py:310] Iter 31, objectives: [629037.0].
[2024-08-26 07:35:20,324][basic_search][INFO][generic_smbo.py:310] Iter 32, objectives: [539289.0].
[2024-08-26 07:35:21,232][basic_search][INFO][generic_smbo.py:310] Iter 33, objectives: [699617.0].
[2024-08-26 07:35:22,026][basic_search][INFO][generic_smbo.py:310] Iter 34, objectives: [620915.0].
[2024-08-26 07:35:22,028][basic_search][INFO][generic_advisor.py:457] Sample random config. rand_prob=0.100000.
[2024-08-26 07:35:22,034][basic_search][INFO][generic_smbo.py:310] Iter 35, objectives: [587319.0].
[2024-08-26 07:35:22,856][basic_search][INFO][generic_smbo.py:310] Iter 36, objectives: [536063.0].
[2024-08-26 07:35:23,782][basic_search][INFO][generic_smbo.py:310] Iter 37, objectives: [624896.0].
[2024-08-26 07:35:24,629][basic_search][INFO][generic_smbo.py:310] Iter 38, objectives: [794278.0].
[2024-08-26 07:35:25,546][basic_search][INFO][generic_smbo.py:310] Iter 39, objectives: [502978.0].
[2024-08-26 07:35:26,442][basic_search][INFO][generic_smbo.py:310] Iter 40, objectives: [567478.0].
[2024-08-26 07:35:26,445][basic_search][INFO][generic_advisor.py:457] Sample random config. rand_prob=0.100000.
[2024-08-26 07:35:26,453][basic_search][INFO][generic_smbo.py:310] Iter 41, objectives: [797486.0].
[2024-08-26 07:35:27,334][basic_search][INFO][generic_smbo.py:310] Iter 42, objectives: [503151.0].
[2024-08-26 07:35:28,337][basic_search][INFO][generic_smbo.py:310] Iter 43, objectives: [495171.0].
[2024-08-26 07:35:29,328][basic_search][INFO][generic_smbo.py:310] Iter 44, objectives: [636918.0].
[2024-08-26 07:35:30,145][basic_search][INFO][generic_smbo.py:310] Iter 45, objectives: [488071.0].
[2024-08-26 07:35:31,040][basic_search][INFO][generic_smbo.py:310] Iter 46, objectives: [633025.0].
[2024-08-26 07:35:31,923][basic_search][INFO][generic_smbo.py:310] Iter 47, objectives: [702750.0].
[2024-08-26 07:35:32,654][basic_search][INFO][generic_smbo.py:310] Iter 48, objectives: [825805.0].
[2024-08-26 07:35:33,451][basic_search][INFO][generic_smbo.py:310] Iter 49, objectives: [688440.0].
[2024-08-26 07:35:33,454][basic_search][INFO][generic_advisor.py:457] Sample random config. rand_prob=0.100000.
[2024-08-26 07:35:33,462][basic_search][INFO][generic_smbo.py:310] Iter 50, objectives: [763405.0].
[2024-08-26 07:35:34,345][basic_search][INFO][generic_smbo.py:310] Iter 51, objectives: [485358.0].
[2024-08-26 07:35:35,160][basic_search][INFO][generic_smbo.py:310] Iter 52, objectives: [472277.0].
[2024-08-26 07:35:36,079][basic_search][INFO][generic_smbo.py:310] Iter 53, objectives: [689156.0].
[2024-08-26 07:35:36,978][basic_search][INFO][generic_smbo.py:310] Iter 54, objectives: [567777.0].
[2024-08-26 07:35:37,808][basic_search][INFO][generic_smbo.py:310] Iter 55, objectives: [762004.0].
[2024-08-26 07:35:38,731][basic_search][INFO][generic_smbo.py:310] Iter 56, objectives: [470344.0].
[2024-08-26 07:35:39,444][basic_search][INFO][generic_smbo.py:310] Iter 57, objectives: [613335.0].
[2024-08-26 07:35:40,382][basic_search][INFO][generic_smbo.py:310] Iter 58, objectives: [577510.0].
[2024-08-26 07:35:41,399][basic_search][INFO][generic_smbo.py:310] Iter 59, objectives: [706319.0].
[2024-08-26 07:35:42,526][basic_search][INFO][generic_smbo.py:310] Iter 60, objectives: [532438.0].
[2024-08-26 07:35:43,359][basic_search][INFO][generic_smbo.py:310] Iter 61, objectives: [484632.0].
[2024-08-26 07:35:43,364][basic_search][INFO][generic_advisor.py:457] Sample random config. rand_prob=0.100000.
[2024-08-26 07:35:43,370][basic_search][INFO][generic_smbo.py:310] Iter 62, objectives: [600721.0].
[2024-08-26 07:35:44,262][basic_search][INFO][generic_smbo.py:310] Iter 63, objectives: [679237.0].
[2024-08-26 07:35:45,214][basic_search][INFO][generic_smbo.py:310] Iter 64, objectives: [562134.0].
[2024-08-26 07:35:46,097][basic_search][INFO][generic_smbo.py:310] Iter 65, objectives: [566087.0].
[2024-08-26 07:35:47,291][basic_search][INFO][generic_smbo.py:310] Iter 66, objectives: [470344.0].
[2024-08-26 07:35:48,306][basic_search][INFO][generic_smbo.py:310] Iter 67, objectives: [702231.0].
[2024-08-26 07:35:49,298][basic_search][INFO][generic_smbo.py:310] Iter 68, objectives: [497791.0].
[2024-08-26 07:35:50,221][basic_search][INFO][generic_smbo.py:310] Iter 69, objectives: [457407.0].
[2024-08-26 07:35:51,016][basic_search][INFO][generic_smbo.py:310] Iter 70, objectives: [605120.0].
[2024-08-26 07:35:51,021][basic_search][INFO][generic_advisor.py:457] Sample random config. rand_prob=0.100000.
[2024-08-26 07:35:51,026][basic_search][INFO][generic_smbo.py:310] Iter 71, objectives: [501405.0].
[2024-08-26 07:35:51,919][basic_search][INFO][generic_smbo.py:310] Iter 72, objectives: [532838.0].
[2024-08-26 07:35:52,714][basic_search][INFO][generic_smbo.py:310] Iter 73, objectives: [481756.0].
[2024-08-26 07:35:53,793][basic_search][INFO][generic_smbo.py:310] Iter 74, objectives: [615659.0].
[2024-08-26 07:35:54,834][basic_search][INFO][generic_smbo.py:310] Iter 75, objectives: [619592.0].
[2024-08-26 07:35:55,647][basic_search][INFO][generic_smbo.py:310] Iter 76, objectives: [565426.0].
[2024-08-26 07:35:56,723][basic_search][INFO][generic_smbo.py:310] Iter 77, objectives: [732569.0].
[2024-08-26 07:35:56,729][basic_search][INFO][generic_advisor.py:457] Sample random config. rand_prob=0.100000.
[2024-08-26 07:35:56,737][basic_search][INFO][generic_smbo.py:310] Iter 78, objectives: [822767.0].
[2024-08-26 07:35:57,874][basic_search][INFO][generic_smbo.py:310] Iter 79, objectives: [497840.0].
[2024-08-26 07:35:58,912][basic_search][INFO][generic_smbo.py:310] Iter 80, objectives: [539224.0].
[2024-08-26 07:35:59,808][basic_search][INFO][generic_smbo.py:310] Iter 81, objectives: [466974.0].
[2024-08-26 07:36:00,853][basic_search][INFO][generic_smbo.py:310] Iter 82, objectives: [441154.0].
[2024-08-26 07:36:01,710][basic_search][INFO][generic_smbo.py:310] Iter 83, objectives: [632793.0].
[2024-08-26 07:36:02,823][basic_search][INFO][generic_smbo.py:310] Iter 84, objectives: [650904.0].
[2024-08-26 07:36:03,603][basic_search][INFO][generic_smbo.py:310] Iter 85, objectives: [441154.0].
[2024-08-26 07:36:04,457][basic_search][INFO][generic_smbo.py:310] Iter 86, objectives: [522976.0].
[2024-08-26 07:36:05,559][basic_search][INFO][generic_smbo.py:310] Iter 87, objectives: [516021.0].
[2024-08-26 07:36:06,476][basic_search][INFO][generic_smbo.py:310] Iter 88, objectives: [555585.0].
[2024-08-26 07:36:07,527][basic_search][INFO][generic_smbo.py:310] Iter 89, objectives: [577877.0].
[2024-08-26 07:36:08,405][basic_search][INFO][generic_smbo.py:310] Iter 90, objectives: [562507.0].
[2024-08-26 07:36:09,323][basic_search][INFO][generic_smbo.py:310] Iter 91, objectives: [753251.0].
[2024-08-26 07:36:10,322][basic_search][INFO][generic_smbo.py:310] Iter 92, objectives: [679300.0].
[2024-08-26 07:36:11,329][basic_search][INFO][generic_smbo.py:310] Iter 93, objectives: [588997.0].
[2024-08-26 07:36:12,265][basic_search][INFO][generic_smbo.py:310] Iter 94, objectives: [541290.0].
[2024-08-26 07:36:13,122][basic_search][INFO][generic_smbo.py:310] Iter 95, objectives: [453738.0].
[2024-08-26 07:36:13,976][basic_search][INFO][generic_smbo.py:310] Iter 96, objectives: [710916.0].
[2024-08-26 07:36:14,813][basic_search][INFO][generic_smbo.py:310] Iter 97, objectives: [430034.0].
[2024-08-26 07:36:15,645][basic_search][INFO][generic_smbo.py:310] Iter 98, objectives: [607929.0].
[2024-08-26 07:36:16,733][basic_search][INFO][generic_smbo.py:310] Iter 99, objectives: [488272.0].
[2024-08-26 07:36:17,687][basic_search][INFO][generic_smbo.py:310] Iter 100, objectives: [442618.0].
[2024-08-26 07:36:17,694][basic_search][INFO][html_visualizer.py:96] Please open the html file to view visualization result: file:///gyc_data/fray_data/project_hw/logs_gray_clapboard_search/history/basic_search/basic_search_2024-08-26-07-35-11-692172.html
