[2024-09-05 07:35:02,220][basic_search][INFO][color_logger.py:203] Logfile: /gyc_data/fray_data/project_hw/logs_gray_clapboard_search/basic_search_2024-09-05-07-35-02-219835.log
[2024-09-05 07:35:02,565][basic_search][INFO][generic_advisor.py:231] [BO auto selection]  acq_type: ei. acq_optimizer_type: local_random.
[2024-09-05 07:35:02,570][basic_search][INFO][html_visualizer.py:462] Please open the html file to view visualization result: file:///gyc_data/fray_data/project_hw/logs_gray_clapboard_search/history/basic_search/basic_search_2024-09-05-07-35-02-568828.html
[2024-09-05 07:35:02,572][basic_search][INFO][generic_smbo.py:310] Iter 1, objectives: [675261.0].
[2024-09-05 07:35:02,573][basic_search][INFO][generic_smbo.py:310] Iter 2, objectives: [645588.0].
[2024-09-05 07:35:02,574][basic_search][INFO][generic_smbo.py:310] Iter 3, objectives: [672570.0].
[2024-09-05 07:35:03,046][basic_search][INFO][generic_smbo.py:310] Iter 4, objectives: [673283.0].
[2024-09-05 07:35:03,613][basic_search][INFO][generic_smbo.py:310] Iter 5, objectives: [672422.0].
[2024-09-05 07:35:04,336][basic_search][INFO][generic_smbo.py:310] Iter 6, objectives: [675261.0].
[2024-09-05 07:35:05,103][basic_search][INFO][generic_smbo.py:310] Iter 7, objectives: [646201.0].
[2024-09-05 07:35:05,108][basic_search][INFO][generic_advisor.py:457] Sample random config. rand_prob=0.100000.
[2024-09-05 07:35:05,112][basic_search][INFO][generic_smbo.py:310] Iter 8, objectives: [680640.0].
[2024-09-05 07:35:06,625][basic_search][INFO][generic_smbo.py:310] Iter 9, objectives: [648526.0].
[2024-09-05 07:35:08,828][basic_search][INFO][generic_smbo.py:310] Iter 10, objectives: [655292.0].
[2024-09-05 07:35:11,436][basic_search][INFO][generic_smbo.py:310] Iter 11, objectives: [675261.0].
[2024-09-05 07:35:13,687][basic_search][INFO][generic_smbo.py:310] Iter 12, objectives: [653616.0].
[2024-09-05 07:35:16,679][basic_search][INFO][generic_smbo.py:310] Iter 13, objectives: [659539.0].
[2024-09-05 07:35:18,857][basic_search][INFO][generic_smbo.py:310] Iter 14, objectives: [673151.0].
[2024-09-05 07:35:21,691][basic_search][INFO][generic_smbo.py:310] Iter 15, objectives: [648526.0].
[2024-09-05 07:35:24,172][basic_search][INFO][generic_smbo.py:310] Iter 16, objectives: [648526.0].
[2024-09-05 07:35:26,325][basic_search][INFO][generic_smbo.py:310] Iter 17, objectives: [659498.0].
[2024-09-05 07:35:28,718][basic_search][INFO][generic_smbo.py:310] Iter 18, objectives: [648526.0].
[2024-09-05 07:35:28,724][basic_search][INFO][generic_advisor.py:457] Sample random config. rand_prob=0.100000.
[2024-09-05 07:35:28,728][basic_search][INFO][generic_smbo.py:310] Iter 19, objectives: [644849.0].
[2024-09-05 07:35:31,266][basic_search][INFO][generic_smbo.py:310] Iter 20, objectives: [668748.0].
[2024-09-05 07:35:31,272][basic_search][INFO][generic_advisor.py:457] Sample random config. rand_prob=0.100000.
[2024-09-05 07:35:31,276][basic_search][INFO][generic_smbo.py:310] Iter 21, objectives: [657367.0].
[2024-09-05 07:35:33,709][basic_search][INFO][generic_smbo.py:310] Iter 22, objectives: [644849.0].
[2024-09-05 07:35:37,037][basic_search][INFO][generic_smbo.py:310] Iter 23, objectives: [650316.0].
[2024-09-05 07:35:39,911][basic_search][INFO][generic_smbo.py:310] Iter 24, objectives: [646850.0].
[2024-09-05 07:35:42,718][basic_search][INFO][generic_smbo.py:310] Iter 25, objectives: [659539.0].
[2024-09-05 07:35:45,035][basic_search][INFO][generic_smbo.py:310] Iter 26, objectives: [645588.0].
[2024-09-05 07:35:47,906][basic_search][INFO][generic_smbo.py:310] Iter 27, objectives: [672422.0].
[2024-09-05 07:35:50,935][basic_search][INFO][generic_smbo.py:310] Iter 28, objectives: [676825.0].
[2024-09-05 07:35:54,055][basic_search][INFO][generic_smbo.py:310] Iter 29, objectives: [656754.0].
[2024-09-05 07:35:57,063][basic_search][INFO][generic_smbo.py:310] Iter 30, objectives: [670985.0].
[2024-09-05 07:35:57,071][basic_search][INFO][html_visualizer.py:96] Please open the html file to view visualization result: file:///gyc_data/fray_data/project_hw/logs_gray_clapboard_search/history/basic_search/basic_search_2024-09-05-07-35-02-568828.html
