[2024-08-22 09:27:41,541][basic_search][INFO][color_logger.py:203] Logfile: /gyc_data/fray_data/project_hw/logs_gray_clapboard_search/basic_search_2024-08-22-09-27-41-540839.log
[2024-08-22 09:27:41,557][basic_search][INFO][generic_advisor.py:231] [BO auto selection]  acq_type: ei. acq_optimizer_type: random_scipy.
[2024-08-22 09:27:41,557][basic_search][WARNING][base.py:64] [Build Surrogate] Use probabilistic random forest based on scikit-learn. For better performance, please install pyrfr: https://open-box.readthedocs.io/en/latest/installation/install_pyrfr.html
[2024-08-22 09:27:41,560][basic_search][INFO][html_visualizer.py:462] Please open the html file to view visualization result: file:///gyc_data/fray_data/project_hw/logs_gray_clapboard_search/history/basic_search/basic_search_2024-08-22-09-27-41-558308.html
[2024-08-22 09:27:41,571][basic_search][INFO][generic_smbo.py:310] Iter 1, objectives: [850195.0].
[2024-08-22 09:27:41,580][basic_search][INFO][generic_smbo.py:310] Iter 2, objectives: [781317.0].
[2024-08-22 09:27:41,589][basic_search][INFO][generic_smbo.py:310] Iter 3, objectives: [858020.0].
[2024-08-22 09:27:41,598][basic_search][INFO][generic_smbo.py:310] Iter 4, objectives: [865318.0].
[2024-08-22 09:27:41,607][basic_search][INFO][generic_smbo.py:310] Iter 5, objectives: [884543.0].
[2024-08-22 09:27:41,615][basic_search][INFO][generic_smbo.py:310] Iter 6, objectives: [802304.0].
[2024-08-22 09:27:41,623][basic_search][INFO][generic_smbo.py:310] Iter 7, objectives: [734510.0].
[2024-08-22 09:27:41,632][basic_search][INFO][generic_smbo.py:310] Iter 8, objectives: [858908.0].
[2024-08-22 09:27:41,638][basic_search][INFO][generic_smbo.py:310] Iter 9, objectives: [524484.0].
[2024-08-22 09:27:41,647][basic_search][INFO][generic_smbo.py:310] Iter 10, objectives: [850155.0].
[2024-08-22 09:27:42,354][basic_search][INFO][generic_smbo.py:310] Iter 11, objectives: [939133.0].
[2024-08-22 09:27:43,169][basic_search][INFO][generic_smbo.py:310] Iter 12, objectives: [767787.0].
[2024-08-22 09:27:43,849][basic_search][INFO][generic_smbo.py:310] Iter 13, objectives: [710628.0].
[2024-08-22 09:27:44,573][basic_search][INFO][generic_smbo.py:310] Iter 14, objectives: [820427.0].
[2024-08-22 09:27:45,197][basic_search][INFO][generic_smbo.py:310] Iter 15, objectives: [692779.0].
[2024-08-22 09:27:45,804][basic_search][INFO][generic_smbo.py:310] Iter 16, objectives: [710628.0].
[2024-08-22 09:27:46,558][basic_search][INFO][generic_smbo.py:310] Iter 17, objectives: [939133.0].
[2024-08-22 09:27:47,285][basic_search][INFO][generic_smbo.py:310] Iter 18, objectives: [705083.0].
[2024-08-22 09:27:48,067][basic_search][INFO][generic_smbo.py:310] Iter 19, objectives: [813451.0].
[2024-08-22 09:27:49,116][basic_search][INFO][generic_smbo.py:310] Iter 20, objectives: [678976.0].
[2024-08-22 09:27:50,182][basic_search][INFO][generic_smbo.py:310] Iter 21, objectives: [861814.0].
[2024-08-22 09:27:50,982][basic_search][INFO][generic_smbo.py:310] Iter 22, objectives: [746343.0].
[2024-08-22 09:27:51,789][basic_search][INFO][generic_smbo.py:310] Iter 23, objectives: [956933.0].
[2024-08-22 09:27:52,610][basic_search][INFO][generic_smbo.py:310] Iter 24, objectives: [852138.0].
[2024-08-22 09:27:53,475][basic_search][INFO][generic_smbo.py:310] Iter 25, objectives: [677574.0].
[2024-08-22 09:27:54,221][basic_search][INFO][generic_smbo.py:310] Iter 26, objectives: [523433.0].
[2024-08-22 09:27:55,154][basic_search][INFO][generic_smbo.py:310] Iter 27, objectives: [726808.0].
[2024-08-22 09:27:55,878][basic_search][INFO][generic_smbo.py:310] Iter 28, objectives: [537831.0].
[2024-08-22 09:27:56,617][basic_search][INFO][generic_smbo.py:310] Iter 29, objectives: [708808.0].
[2024-08-22 09:27:57,503][basic_search][INFO][generic_smbo.py:310] Iter 30, objectives: [807677.0].
[2024-08-22 09:27:58,143][basic_search][INFO][generic_smbo.py:310] Iter 31, objectives: [552703.0].
[2024-08-22 09:27:59,006][basic_search][INFO][generic_smbo.py:310] Iter 32, objectives: [845862.0].
[2024-08-22 09:27:59,885][basic_search][INFO][generic_smbo.py:310] Iter 33, objectives: [652816.0].
[2024-08-22 09:28:00,765][basic_search][INFO][generic_smbo.py:310] Iter 34, objectives: [879716.0].
[2024-08-22 09:28:01,492][basic_search][INFO][generic_smbo.py:310] Iter 35, objectives: [721496.0].
[2024-08-22 09:28:02,325][basic_search][INFO][generic_smbo.py:310] Iter 36, objectives: [548905.0].
[2024-08-22 09:28:03,020][basic_search][INFO][generic_smbo.py:310] Iter 37, objectives: [716096.0].
[2024-08-22 09:28:03,883][basic_search][INFO][generic_smbo.py:310] Iter 38, objectives: [523433.0].
[2024-08-22 09:28:03,885][basic_search][INFO][generic_advisor.py:457] Sample random config. rand_prob=0.100000.
[2024-08-22 09:28:03,894][basic_search][INFO][generic_smbo.py:310] Iter 39, objectives: [847965.0].
[2024-08-22 09:28:04,684][basic_search][INFO][generic_smbo.py:310] Iter 40, objectives: [710543.0].
[2024-08-22 09:28:05,533][basic_search][INFO][generic_smbo.py:310] Iter 41, objectives: [728482.0].
[2024-08-22 09:28:06,437][basic_search][INFO][generic_smbo.py:310] Iter 42, objectives: [552155.0].
[2024-08-22 09:28:07,336][basic_search][INFO][generic_smbo.py:310] Iter 43, objectives: [564498.0].
[2024-08-22 09:28:08,283][basic_search][INFO][generic_smbo.py:310] Iter 44, objectives: [522142.0].
[2024-08-22 09:28:09,192][basic_search][INFO][generic_smbo.py:310] Iter 45, objectives: [645761.0].
[2024-08-22 09:28:10,245][basic_search][INFO][generic_smbo.py:310] Iter 46, objectives: [567497.0].
[2024-08-22 09:28:11,311][basic_search][INFO][generic_smbo.py:310] Iter 47, objectives: [747535.0].
[2024-08-22 09:28:12,227][basic_search][INFO][generic_smbo.py:310] Iter 48, objectives: [724416.0].
[2024-08-22 09:28:13,072][basic_search][INFO][generic_smbo.py:310] Iter 49, objectives: [702224.0].
[2024-08-22 09:28:14,041][basic_search][INFO][generic_smbo.py:310] Iter 50, objectives: [622865.0].
[2024-08-22 09:28:14,044][basic_search][INFO][html_visualizer.py:96] Please open the html file to view visualization result: file:///gyc_data/fray_data/project_hw/logs_gray_clapboard_search/history/basic_search/basic_search_2024-08-22-09-27-41-558308.html
