[2024-09-11 09:07:15,213][basic_search][INFO][color_logger.py:203] Logfile: /gyc_data/fray_data/project_hw/logs_gray_clapboard_search/basic_search_2024-09-11-09-07-15-212967.log
[2024-09-11 09:07:15,589][basic_search][INFO][generic_advisor.py:231] [BO auto selection]  acq_type: ei. acq_optimizer_type: local_random.
[2024-09-11 09:07:15,595][basic_search][INFO][html_visualizer.py:462] Please open the html file to view visualization result: file:///gyc_data/fray_data/project_hw/logs_gray_clapboard_search/history/basic_search/basic_search_2024-09-11-09-07-15-593306.html
[2024-09-11 09:07:15,598][basic_search][INFO][generic_smbo.py:310] Iter 1, objectives: [1186925.0].
[2024-09-11 09:07:15,599][basic_search][INFO][generic_smbo.py:310] Iter 2, objectives: [1010285.0].
[2024-09-11 09:07:15,601][basic_search][INFO][generic_smbo.py:310] Iter 3, objectives: [1049465.0].
[2024-09-11 09:07:15,603][basic_search][INFO][generic_smbo.py:310] Iter 4, objectives: [1124037.0].
[2024-09-11 09:07:15,606][basic_search][INFO][generic_smbo.py:310] Iter 5, objectives: [1058982.0].
[2024-09-11 09:07:15,608][basic_search][INFO][generic_smbo.py:310] Iter 6, objectives: [1112146.0].
[2024-09-11 09:07:15,611][basic_search][INFO][generic_smbo.py:310] Iter 7, objectives: [1189830.0].
[2024-09-11 09:07:15,614][basic_search][INFO][generic_smbo.py:310] Iter 8, objectives: [1070898.0].
[2024-09-11 09:07:15,617][basic_search][INFO][generic_smbo.py:310] Iter 9, objectives: [1096237.0].
[2024-09-11 09:07:15,620][basic_search][INFO][generic_smbo.py:310] Iter 10, objectives: [1103960.0].
[2024-09-11 09:07:15,624][basic_search][INFO][generic_smbo.py:310] Iter 11, objectives: [1184710.0].
[2024-09-11 09:07:15,628][basic_search][INFO][generic_smbo.py:310] Iter 12, objectives: [1191174.0].
[2024-09-11 09:07:15,632][basic_search][INFO][generic_smbo.py:310] Iter 13, objectives: [1075910.0].
[2024-09-11 09:07:15,636][basic_search][INFO][generic_smbo.py:310] Iter 14, objectives: [1053511.0].
[2024-09-11 09:07:15,641][basic_search][INFO][generic_smbo.py:310] Iter 15, objectives: [1138930.0].
[2024-09-11 09:07:15,646][basic_search][INFO][generic_smbo.py:310] Iter 16, objectives: [1137335.0].
[2024-09-11 09:07:15,651][basic_search][INFO][generic_smbo.py:310] Iter 17, objectives: [1180486.0].
[2024-09-11 09:07:15,657][basic_search][INFO][generic_smbo.py:310] Iter 18, objectives: [1189299.0].
[2024-09-11 09:07:15,663][basic_search][INFO][generic_smbo.py:310] Iter 19, objectives: [1089467.0].
[2024-09-11 09:07:15,669][basic_search][INFO][generic_smbo.py:310] Iter 20, objectives: [1179300.0].
[2024-09-11 09:07:18,455][basic_search][INFO][generic_smbo.py:310] Iter 21, objectives: [1049465.0].
[2024-09-11 09:07:21,243][basic_search][INFO][generic_smbo.py:310] Iter 22, objectives: [1070898.0].
[2024-09-11 09:07:23,571][basic_search][INFO][generic_smbo.py:310] Iter 23, objectives: [1067226.0].
[2024-09-11 09:07:25,926][basic_search][INFO][generic_smbo.py:310] Iter 24, objectives: [1030012.0].
[2024-09-11 09:07:28,923][basic_search][INFO][generic_smbo.py:310] Iter 25, objectives: [1030012.0].
[2024-09-11 09:07:31,378][basic_search][INFO][generic_smbo.py:310] Iter 26, objectives: [1040501.0].
[2024-09-11 09:07:34,273][basic_search][INFO][generic_smbo.py:310] Iter 27, objectives: [1030012.0].
[2024-09-11 09:07:37,576][basic_search][INFO][generic_smbo.py:310] Iter 28, objectives: [1070898.0].
[2024-09-11 09:07:40,753][basic_search][INFO][generic_smbo.py:310] Iter 29, objectives: [1202660.0].
[2024-09-11 09:07:43,966][basic_search][INFO][generic_smbo.py:310] Iter 30, objectives: [1048533.0].
[2024-09-11 09:07:47,133][basic_search][INFO][generic_smbo.py:310] Iter 31, objectives: [1089467.0].
[2024-09-11 09:07:50,091][basic_search][INFO][generic_smbo.py:310] Iter 32, objectives: [1066167.0].
[2024-09-11 09:07:50,100][basic_search][INFO][generic_advisor.py:457] Sample random config. rand_prob=0.100000.
[2024-09-11 09:07:50,105][basic_search][INFO][generic_smbo.py:310] Iter 33, objectives: [1048287.0].
[2024-09-11 09:07:53,290][basic_search][INFO][generic_smbo.py:310] Iter 34, objectives: [1085543.0].
[2024-09-11 09:07:56,496][basic_search][INFO][generic_smbo.py:310] Iter 35, objectives: [1072717.0].
[2024-09-11 09:07:59,807][basic_search][INFO][generic_smbo.py:310] Iter 36, objectives: [1066637.0].
[2024-09-11 09:07:59,818][basic_search][INFO][generic_advisor.py:457] Sample random config. rand_prob=0.100000.
[2024-09-11 09:07:59,823][basic_search][INFO][generic_smbo.py:310] Iter 37, objectives: [1053899.0].
[2024-09-11 09:08:03,469][basic_search][INFO][generic_smbo.py:310] Iter 38, objectives: [1153659.0].
[2024-09-11 09:08:06,462][basic_search][INFO][generic_smbo.py:310] Iter 39, objectives: [1030012.0].
[2024-09-11 09:08:10,096][basic_search][INFO][generic_smbo.py:310] Iter 40, objectives: [1164502.0].
[2024-09-11 09:08:13,823][basic_search][INFO][generic_smbo.py:310] Iter 41, objectives: [1030012.0].
[2024-09-11 09:08:13,835][basic_search][INFO][generic_advisor.py:457] Sample random config. rand_prob=0.100000.
[2024-09-11 09:08:13,839][basic_search][INFO][generic_smbo.py:310] Iter 42, objectives: [1095759.0].
[2024-09-11 09:08:13,853][basic_search][INFO][generic_advisor.py:457] Sample random config. rand_prob=0.100000.
[2024-09-11 09:08:13,858][basic_search][INFO][generic_smbo.py:310] Iter 43, objectives: [1059865.0].
[2024-09-11 09:08:17,107][basic_search][INFO][generic_smbo.py:310] Iter 44, objectives: [1066733.0].
[2024-09-11 09:08:20,233][basic_search][INFO][generic_smbo.py:310] Iter 45, objectives: [1030012.0].
[2024-09-11 09:08:23,454][basic_search][INFO][generic_smbo.py:310] Iter 46, objectives: [1189299.0].
[2024-09-11 09:08:26,775][basic_search][INFO][generic_smbo.py:310] Iter 47, objectives: [1099327.0].
[2024-09-11 09:08:30,329][basic_search][INFO][generic_smbo.py:310] Iter 48, objectives: [1031794.0].
[2024-09-11 09:08:33,728][basic_search][INFO][generic_smbo.py:310] Iter 49, objectives: [1122066.0].
[2024-09-11 09:08:37,344][basic_search][INFO][generic_smbo.py:310] Iter 50, objectives: [1049373.0].
[2024-09-11 09:08:37,396][basic_search][INFO][html_visualizer.py:96] Please open the html file to view visualization result: file:///gyc_data/fray_data/project_hw/logs_gray_clapboard_search/history/basic_search/basic_search_2024-09-11-09-07-15-593306.html
