[2024-08-26 08:35:21,574][basic_search][INFO][color_logger.py:203] Logfile: /gyc_data/fray_data/project_hw/logs_gray_clapboard_search/basic_search_2024-08-26-08-35-21-574054.log
[2024-08-26 08:35:21,689][basic_search][INFO][generic_advisor.py:231] [BO auto selection]  acq_optimizer_type: random_scipy.
[2024-08-26 08:35:21,694][basic_search][INFO][html_visualizer.py:462] Please open the html file to view visualization result: file:///gyc_data/fray_data/project_hw/logs_gray_clapboard_search/history/basic_search/basic_search_2024-08-26-08-35-21-692555.html
[2024-08-26 08:35:21,701][basic_search][INFO][generic_smbo.py:310] Iter 1, objectives: [643344.0].
[2024-08-26 08:35:21,741][basic_search][INFO][generic_smbo.py:310] Iter 2, objectives: [4069798.0].
[2024-08-26 08:35:21,779][basic_search][INFO][generic_smbo.py:310] Iter 3, objectives: [3958418.0].
[2024-08-26 08:35:21,817][basic_search][INFO][generic_smbo.py:310] Iter 4, objectives: [4017912.0].
[2024-08-26 08:35:21,858][basic_search][INFO][generic_smbo.py:310] Iter 5, objectives: [4150905.0].
[2024-08-26 08:35:21,892][basic_search][INFO][generic_smbo.py:310] Iter 6, objectives: [3604077.0].
[2024-08-26 08:35:21,936][basic_search][INFO][generic_smbo.py:310] Iter 7, objectives: [4396756.0].
[2024-08-26 08:35:21,974][basic_search][INFO][generic_smbo.py:310] Iter 8, objectives: [3943411.0].
[2024-08-26 08:35:22,011][basic_search][INFO][generic_smbo.py:310] Iter 9, objectives: [3720936.0].
[2024-08-26 08:35:22,047][basic_search][INFO][generic_smbo.py:310] Iter 10, objectives: [3795687.0].
[2024-08-26 08:35:23,754][basic_search][INFO][generic_smbo.py:310] Iter 11, objectives: [3755886.0].
[2024-08-26 08:35:25,585][basic_search][INFO][generic_smbo.py:310] Iter 12, objectives: [3884963.0].
[2024-08-26 08:35:27,852][basic_search][INFO][generic_smbo.py:310] Iter 13, objectives: [3707278.0].
[2024-08-26 08:35:29,992][basic_search][INFO][generic_smbo.py:310] Iter 14, objectives: [3923769.0].
[2024-08-26 08:35:32,222][basic_search][INFO][generic_smbo.py:310] Iter 15, objectives: [4639845.0].
[2024-08-26 08:35:34,621][basic_search][INFO][generic_smbo.py:310] Iter 16, objectives: [4189672.0].
[2024-08-26 08:35:37,050][basic_search][INFO][generic_smbo.py:310] Iter 17, objectives: [4646896.0].
[2024-08-26 08:35:39,361][basic_search][INFO][generic_smbo.py:310] Iter 18, objectives: [3942962.0].
[2024-08-26 08:35:39,364][basic_search][INFO][generic_advisor.py:457] Sample random config. rand_prob=0.100000.
[2024-08-26 08:35:39,404][basic_search][INFO][generic_smbo.py:310] Iter 19, objectives: [4046592.0].
[2024-08-26 08:35:41,903][basic_search][INFO][generic_smbo.py:310] Iter 20, objectives: [4193464.0].
[2024-08-26 08:35:44,232][basic_search][INFO][generic_smbo.py:310] Iter 21, objectives: [4309003.0].
[2024-08-26 08:35:46,652][basic_search][INFO][generic_smbo.py:310] Iter 22, objectives: [3968939.0].
[2024-08-26 08:35:48,808][basic_search][INFO][generic_smbo.py:310] Iter 23, objectives: [3559911.0].
[2024-08-26 08:35:51,510][basic_search][INFO][generic_smbo.py:310] Iter 24, objectives: [1143853.0].
[2024-08-26 08:35:54,278][basic_search][INFO][generic_smbo.py:310] Iter 25, objectives: [1436999.0].
[2024-08-26 08:35:54,281][basic_search][INFO][generic_advisor.py:457] Sample random config. rand_prob=0.100000.
[2024-08-26 08:35:54,316][basic_search][INFO][generic_smbo.py:310] Iter 26, objectives: [3649591.0].
[2024-08-26 08:35:56,733][basic_search][INFO][generic_smbo.py:310] Iter 27, objectives: [1525960.0].
[2024-08-26 08:35:58,942][basic_search][INFO][generic_smbo.py:310] Iter 28, objectives: [4072494.0].
[2024-08-26 08:36:01,098][basic_search][INFO][generic_smbo.py:310] Iter 29, objectives: [1957705.0].
[2024-08-26 08:36:03,022][basic_search][INFO][generic_smbo.py:310] Iter 30, objectives: [2344132.0].
[2024-08-26 08:36:05,222][basic_search][INFO][generic_smbo.py:310] Iter 31, objectives: [2753180.0].
[2024-08-26 08:36:07,127][basic_search][INFO][generic_smbo.py:310] Iter 32, objectives: [1496019.0].
[2024-08-26 08:36:09,154][basic_search][INFO][generic_smbo.py:310] Iter 33, objectives: [2006838.0].
[2024-08-26 08:36:11,269][basic_search][INFO][generic_smbo.py:310] Iter 34, objectives: [2213346.0].
[2024-08-26 08:36:11,273][basic_search][INFO][generic_advisor.py:457] Sample random config. rand_prob=0.100000.
[2024-08-26 08:36:11,310][basic_search][INFO][generic_smbo.py:310] Iter 35, objectives: [3792833.0].
[2024-08-26 08:36:13,928][basic_search][INFO][generic_smbo.py:310] Iter 36, objectives: [2635791.0].
[2024-08-26 08:36:16,080][basic_search][INFO][generic_smbo.py:310] Iter 37, objectives: [1438491.0].
[2024-08-26 08:36:18,716][basic_search][INFO][generic_smbo.py:310] Iter 38, objectives: [2411456.0].
[2024-08-26 08:36:21,450][basic_search][INFO][generic_smbo.py:310] Iter 39, objectives: [2534168.0].
[2024-08-26 08:36:23,828][basic_search][INFO][generic_smbo.py:310] Iter 40, objectives: [2348665.0].
[2024-08-26 08:36:26,301][basic_search][INFO][generic_smbo.py:310] Iter 41, objectives: [1564671.0].
[2024-08-26 08:36:28,640][basic_search][INFO][generic_smbo.py:310] Iter 42, objectives: [1786181.0].
[2024-08-26 08:36:30,946][basic_search][INFO][generic_smbo.py:310] Iter 43, objectives: [2489669.0].
[2024-08-26 08:36:33,511][basic_search][INFO][generic_smbo.py:310] Iter 44, objectives: [2018043.0].
[2024-08-26 08:36:35,806][basic_search][INFO][generic_smbo.py:310] Iter 45, objectives: [2646545.0].
[2024-08-26 08:36:38,257][basic_search][INFO][generic_smbo.py:310] Iter 46, objectives: [2661084.0].
[2024-08-26 08:36:41,219][basic_search][INFO][generic_smbo.py:310] Iter 47, objectives: [2045775.0].
[2024-08-26 08:36:43,872][basic_search][INFO][generic_smbo.py:310] Iter 48, objectives: [2020312.0].
[2024-08-26 08:36:46,431][basic_search][INFO][generic_smbo.py:310] Iter 49, objectives: [2358412.0].
[2024-08-26 08:36:48,664][basic_search][INFO][generic_smbo.py:310] Iter 50, objectives: [1658936.0].
[2024-08-26 08:36:48,670][basic_search][INFO][html_visualizer.py:96] Please open the html file to view visualization result: file:///gyc_data/fray_data/project_hw/logs_gray_clapboard_search/history/basic_search/basic_search_2024-08-26-08-35-21-692555.html
