[2024-09-05 06:38:37,608][basic_search][INFO][color_logger.py:203] Logfile: /gyc_data/fray_data/project_hw/logs_gray_clapboard_search/basic_search_2024-09-05-06-38-37-608338.log
[2024-09-05 06:38:37,954][basic_search][INFO][generic_advisor.py:231] [BO auto selection]  acq_type: ei. acq_optimizer_type: local_random.
[2024-09-05 06:38:37,959][basic_search][INFO][html_visualizer.py:462] Please open the html file to view visualization result: file:///gyc_data/fray_data/project_hw/logs_gray_clapboard_search/history/basic_search/basic_search_2024-09-05-06-38-37-957965.html
[2024-09-05 06:38:37,961][basic_search][INFO][generic_smbo.py:310] Iter 1, objectives: [1136356.0].
[2024-09-05 06:38:37,962][basic_search][INFO][generic_smbo.py:310] Iter 2, objectives: [1136356.0].
[2024-09-05 06:38:37,963][basic_search][INFO][generic_smbo.py:310] Iter 3, objectives: [1136356.0].
[2024-09-05 06:38:37,967][basic_search][INFO][generic_smbo.py:310] Iter 4, objectives: [1136356.0].
[2024-09-05 06:38:37,969][basic_search][INFO][generic_smbo.py:310] Iter 5, objectives: [1136356.0].
[2024-09-05 06:38:37,971][basic_search][INFO][generic_smbo.py:310] Iter 6, objectives: [1136356.0].
[2024-09-05 06:38:37,974][basic_search][INFO][generic_smbo.py:310] Iter 7, objectives: [1136356.0].
[2024-09-05 06:38:37,976][basic_search][INFO][generic_smbo.py:310] Iter 8, objectives: [1136356.0].
[2024-09-05 06:38:38,978][basic_search][INFO][generic_smbo.py:310] Iter 9, objectives: [1136356.0].
[2024-09-05 06:38:40,073][basic_search][INFO][generic_smbo.py:310] Iter 10, objectives: [1136356.0].
[2024-09-05 06:38:41,335][basic_search][INFO][generic_smbo.py:310] Iter 11, objectives: [1136356.0].
[2024-09-05 06:38:42,546][basic_search][INFO][generic_smbo.py:310] Iter 12, objectives: [1136356.0].
[2024-09-05 06:38:43,808][basic_search][INFO][generic_smbo.py:310] Iter 13, objectives: [1136356.0].
[2024-09-05 06:38:45,010][basic_search][INFO][generic_smbo.py:310] Iter 14, objectives: [1136356.0].
[2024-09-05 06:38:46,218][basic_search][INFO][generic_smbo.py:310] Iter 15, objectives: [1136356.0].
[2024-09-05 06:38:47,486][basic_search][INFO][generic_smbo.py:310] Iter 16, objectives: [1136356.0].
[2024-09-05 06:38:48,686][basic_search][INFO][generic_smbo.py:310] Iter 17, objectives: [1136356.0].
[2024-09-05 06:38:48,692][basic_search][INFO][generic_advisor.py:457] Sample random config. rand_prob=0.100000.
[2024-09-05 06:38:48,696][basic_search][INFO][generic_smbo.py:310] Iter 18, objectives: [1136356.0].
[2024-09-05 06:38:49,907][basic_search][INFO][generic_smbo.py:310] Iter 19, objectives: [1136356.0].
[2024-09-05 06:38:51,112][basic_search][INFO][generic_smbo.py:310] Iter 20, objectives: [1136356.0].
[2024-09-05 06:38:52,328][basic_search][INFO][generic_smbo.py:310] Iter 21, objectives: [1136356.0].
[2024-09-05 06:38:53,598][basic_search][INFO][generic_smbo.py:310] Iter 22, objectives: [1136356.0].
[2024-09-05 06:38:54,808][basic_search][INFO][generic_smbo.py:310] Iter 23, objectives: [1136356.0].
[2024-09-05 06:38:56,023][basic_search][INFO][generic_smbo.py:310] Iter 24, objectives: [1136356.0].
[2024-09-05 06:38:57,235][basic_search][INFO][generic_smbo.py:310] Iter 25, objectives: [1136356.0].
[2024-09-05 06:38:58,440][basic_search][INFO][generic_smbo.py:310] Iter 26, objectives: [1136356.0].
[2024-09-05 06:38:59,683][basic_search][INFO][generic_smbo.py:310] Iter 27, objectives: [1136356.0].
[2024-09-05 06:38:59,691][basic_search][INFO][generic_advisor.py:457] Sample random config. rand_prob=0.100000.
[2024-09-05 06:38:59,695][basic_search][INFO][generic_smbo.py:310] Iter 28, objectives: [1136356.0].
[2024-09-05 06:39:00,975][basic_search][INFO][generic_smbo.py:310] Iter 29, objectives: [1136356.0].
[2024-09-05 06:39:02,185][basic_search][INFO][generic_smbo.py:310] Iter 30, objectives: [1136356.0].
[2024-09-05 06:39:03,393][basic_search][INFO][generic_smbo.py:310] Iter 31, objectives: [1136356.0].
[2024-09-05 06:39:04,605][basic_search][INFO][generic_smbo.py:310] Iter 32, objectives: [1136356.0].
[2024-09-05 06:39:05,803][basic_search][INFO][generic_smbo.py:310] Iter 33, objectives: [1136356.0].
[2024-09-05 06:39:07,077][basic_search][INFO][generic_smbo.py:310] Iter 34, objectives: [1136356.0].
[2024-09-05 06:39:08,280][basic_search][INFO][generic_smbo.py:310] Iter 35, objectives: [1136356.0].
[2024-09-05 06:39:09,488][basic_search][INFO][generic_smbo.py:310] Iter 36, objectives: [1136356.0].
[2024-09-05 06:39:10,692][basic_search][INFO][generic_smbo.py:310] Iter 37, objectives: [1136356.0].
[2024-09-05 06:39:11,898][basic_search][INFO][generic_smbo.py:310] Iter 38, objectives: [1136356.0].
[2024-09-05 06:39:11,909][basic_search][INFO][generic_advisor.py:457] Sample random config. rand_prob=0.100000.
[2024-09-05 06:39:11,913][basic_search][INFO][generic_smbo.py:310] Iter 39, objectives: [1136356.0].
[2024-09-05 06:39:13,169][basic_search][INFO][generic_smbo.py:310] Iter 40, objectives: [1136356.0].
[2024-09-05 06:39:14,386][basic_search][INFO][generic_smbo.py:310] Iter 41, objectives: [1136356.0].
[2024-09-05 06:39:14,398][basic_search][INFO][generic_advisor.py:457] Sample random config. rand_prob=0.100000.
[2024-09-05 06:39:14,402][basic_search][INFO][generic_smbo.py:310] Iter 42, objectives: [1136356.0].
[2024-09-05 06:39:15,610][basic_search][INFO][generic_smbo.py:310] Iter 43, objectives: [1136356.0].
[2024-09-05 06:39:16,820][basic_search][INFO][generic_smbo.py:310] Iter 44, objectives: [1136356.0].
[2024-09-05 06:39:16,833][basic_search][INFO][generic_advisor.py:457] Sample random config. rand_prob=0.100000.
[2024-09-05 06:39:16,837][basic_search][INFO][generic_smbo.py:310] Iter 45, objectives: [1136356.0].
[2024-09-05 06:39:18,044][basic_search][INFO][generic_smbo.py:310] Iter 46, objectives: [1136356.0].
[2024-09-05 06:39:19,317][basic_search][INFO][generic_smbo.py:310] Iter 47, objectives: [1136356.0].
[2024-09-05 06:39:20,528][basic_search][INFO][generic_smbo.py:310] Iter 48, objectives: [1136356.0].
[2024-09-05 06:39:21,747][basic_search][INFO][generic_smbo.py:310] Iter 49, objectives: [1136356.0].
[2024-09-05 06:39:22,965][basic_search][INFO][generic_smbo.py:310] Iter 50, objectives: [1136356.0].
[2024-09-05 06:39:22,979][basic_search][INFO][html_visualizer.py:96] Please open the html file to view visualization result: file:///gyc_data/fray_data/project_hw/logs_gray_clapboard_search/history/basic_search/basic_search_2024-09-05-06-38-37-957965.html
[2024-09-05 06:39:22,983][basic_search][INFO][history.py:765] Too many incumbents in history. Only show 5/50 of them.
