[2024-09-05 08:21:48,652][basic_search][INFO][color_logger.py:203] Logfile: /gyc_data/fray_data/project_hw/logs_gray_clapboard_search/basic_search_2024-09-05-08-21-48-652191.log
[2024-09-05 08:21:48,672][basic_search][INFO][generic_advisor.py:231] [BO auto selection]  acq_type: ei. acq_optimizer_type: random_scipy.
[2024-09-05 08:21:48,678][basic_search][INFO][html_visualizer.py:462] Please open the html file to view visualization result: file:///gyc_data/fray_data/project_hw/logs_gray_clapboard_search/history/basic_search/basic_search_2024-09-05-08-21-48-676479.html
[2024-09-05 08:21:48,684][basic_search][INFO][generic_smbo.py:310] Iter 1, objectives: [33299306.0].
[2024-09-05 08:21:48,691][basic_search][INFO][generic_smbo.py:310] Iter 2, objectives: [10983552.0].
[2024-09-05 08:21:48,698][basic_search][INFO][generic_smbo.py:310] Iter 3, objectives: [10983552.0].
[2024-09-05 08:21:48,705][basic_search][INFO][generic_smbo.py:310] Iter 4, objectives: [10983552.0].
[2024-09-05 08:21:48,711][basic_search][INFO][generic_smbo.py:310] Iter 5, objectives: [11095611.0].
[2024-09-05 08:21:48,718][basic_search][INFO][generic_smbo.py:310] Iter 6, objectives: [10983552.0].
[2024-09-05 08:21:48,725][basic_search][INFO][generic_smbo.py:310] Iter 7, objectives: [10983552.0].
[2024-09-05 08:21:48,732][basic_search][INFO][generic_smbo.py:310] Iter 8, objectives: [11178265.0].
[2024-09-05 08:21:48,739][basic_search][INFO][generic_smbo.py:310] Iter 9, objectives: [11036769.0].
[2024-09-05 08:21:48,746][basic_search][INFO][generic_smbo.py:310] Iter 10, objectives: [10983552.0].
[2024-09-05 08:21:48,753][basic_search][INFO][generic_smbo.py:310] Iter 11, objectives: [10983552.0].
[2024-09-05 08:21:48,759][basic_search][INFO][generic_smbo.py:310] Iter 12, objectives: [11752670.0].
[2024-09-05 08:21:48,766][basic_search][INFO][generic_smbo.py:310] Iter 13, objectives: [11157394.0].
[2024-09-05 08:21:48,773][basic_search][INFO][generic_smbo.py:310] Iter 14, objectives: [10983552.0].
[2024-09-05 08:21:48,780][basic_search][INFO][generic_smbo.py:310] Iter 15, objectives: [10983552.0].
[2024-09-05 08:21:48,787][basic_search][INFO][generic_smbo.py:310] Iter 16, objectives: [11044003.0].
[2024-09-05 08:21:48,794][basic_search][INFO][generic_smbo.py:310] Iter 17, objectives: [11043226.0].
[2024-09-05 08:21:48,801][basic_search][INFO][generic_smbo.py:310] Iter 18, objectives: [11257402.0].
[2024-09-05 08:21:48,808][basic_search][INFO][generic_smbo.py:310] Iter 19, objectives: [10983552.0].
[2024-09-05 08:21:48,815][basic_search][INFO][generic_smbo.py:310] Iter 20, objectives: [10983552.0].
[2024-09-05 08:21:48,922][basic_search][INFO][generic_smbo.py:310] Iter 21, objectives: [11036868.0].
[2024-09-05 08:21:49,086][basic_search][INFO][generic_smbo.py:310] Iter 22, objectives: [11037426.0].
[2024-09-05 08:21:49,188][basic_search][INFO][generic_smbo.py:310] Iter 23, objectives: [11277226.0].
[2024-09-05 08:21:49,290][basic_search][INFO][generic_smbo.py:310] Iter 24, objectives: [11070967.0].
[2024-09-05 08:21:49,390][basic_search][INFO][generic_smbo.py:310] Iter 25, objectives: [11028103.0].
[2024-09-05 08:21:49,494][basic_search][INFO][generic_smbo.py:310] Iter 26, objectives: [10929586.0].
[2024-09-05 08:21:49,682][basic_search][INFO][generic_smbo.py:310] Iter 27, objectives: [11016667.0].
[2024-09-05 08:21:49,780][basic_search][INFO][generic_smbo.py:310] Iter 28, objectives: [11285113.0].
[2024-09-05 08:21:49,880][basic_search][INFO][generic_smbo.py:310] Iter 29, objectives: [11106287.0].
[2024-09-05 08:21:49,981][basic_search][INFO][generic_smbo.py:310] Iter 30, objectives: [11310284.0].
[2024-09-05 08:21:50,135][basic_search][INFO][generic_smbo.py:310] Iter 31, objectives: [11302474.0].
[2024-09-05 08:21:50,236][basic_search][INFO][generic_smbo.py:310] Iter 32, objectives: [11103814.0].
[2024-09-05 08:21:50,333][basic_search][INFO][generic_smbo.py:310] Iter 33, objectives: [11290869.0].
[2024-09-05 08:21:50,436][basic_search][INFO][generic_smbo.py:310] Iter 34, objectives: [11329482.0].
[2024-09-05 08:21:50,536][basic_search][INFO][generic_smbo.py:310] Iter 35, objectives: [11109954.0].
[2024-09-05 08:21:50,537][basic_search][INFO][generic_advisor.py:457] Sample random config. rand_prob=0.100000.
[2024-09-05 08:21:50,544][basic_search][INFO][generic_smbo.py:310] Iter 36, objectives: [11031647.0].
[2024-09-05 08:21:50,698][basic_search][INFO][generic_smbo.py:310] Iter 37, objectives: [11432211.0].
[2024-09-05 08:21:50,699][basic_search][INFO][generic_advisor.py:457] Sample random config. rand_prob=0.100000.
[2024-09-05 08:21:50,706][basic_search][INFO][generic_smbo.py:310] Iter 38, objectives: [10983552.0].
[2024-09-05 08:21:50,807][basic_search][INFO][generic_smbo.py:310] Iter 39, objectives: [11120827.0].
[2024-09-05 08:21:50,909][basic_search][INFO][generic_smbo.py:310] Iter 40, objectives: [11156658.0].
[2024-09-05 08:21:51,013][basic_search][INFO][generic_smbo.py:310] Iter 41, objectives: [11159503.0].
[2024-09-05 08:21:51,170][basic_search][INFO][generic_smbo.py:310] Iter 42, objectives: [13407256.0].
[2024-09-05 08:21:51,274][basic_search][INFO][generic_smbo.py:310] Iter 43, objectives: [11269221.0].
[2024-09-05 08:21:51,380][basic_search][INFO][generic_smbo.py:310] Iter 44, objectives: [11291440.0].
[2024-09-05 08:21:51,480][basic_search][INFO][generic_smbo.py:310] Iter 45, objectives: [11231757.0].
[2024-09-05 08:21:51,485][basic_search][INFO][generic_advisor.py:457] Sample random config. rand_prob=0.100000.
[2024-09-05 08:21:51,491][basic_search][INFO][generic_smbo.py:310] Iter 46, objectives: [11231662.0].
[2024-09-05 08:21:51,595][basic_search][INFO][generic_smbo.py:310] Iter 47, objectives: [11546010.0].
[2024-09-05 08:21:51,596][basic_search][INFO][generic_advisor.py:457] Sample random config. rand_prob=0.100000.
[2024-09-05 08:21:51,603][basic_search][INFO][generic_smbo.py:310] Iter 48, objectives: [11074204.0].
[2024-09-05 08:21:51,756][basic_search][INFO][generic_smbo.py:310] Iter 49, objectives: [11518106.0].
[2024-09-05 08:21:51,856][basic_search][INFO][generic_smbo.py:310] Iter 50, objectives: [11277062.0].
[2024-09-05 08:21:51,858][basic_search][INFO][html_visualizer.py:96] Please open the html file to view visualization result: file:///gyc_data/fray_data/project_hw/logs_gray_clapboard_search/history/basic_search/basic_search_2024-09-05-08-21-48-676479.html
