[2024-09-05 07:54:59,835][basic_search][INFO][color_logger.py:203] Logfile: /gyc_data/fray_data/project_hw/logs_gray_clapboard_search/basic_search_2024-09-05-07-54-59-835508.log
[2024-09-05 07:54:59,889][basic_search][INFO][generic_advisor.py:231] [BO auto selection]  acq_type: ei. acq_optimizer_type: random_scipy.
[2024-09-05 07:54:59,895][basic_search][INFO][html_visualizer.py:462] Please open the html file to view visualization result: file:///gyc_data/fray_data/project_hw/logs_gray_clapboard_search/history/basic_search/basic_search_2024-09-05-07-54-59-893356.html
[2024-09-05 07:54:59,896][basic_search][INFO][generic_smbo.py:310] Iter 1, objectives: [367116.0].
[2024-09-05 07:54:59,897][basic_search][INFO][generic_smbo.py:310] Iter 2, objectives: [566402.0].
[2024-09-05 07:54:59,897][basic_search][INFO][generic_smbo.py:310] Iter 3, objectives: [473487.0].
[2024-09-05 07:54:59,901][basic_search][INFO][generic_smbo.py:310] Iter 4, objectives: [424593.0].
[2024-09-05 07:54:59,901][basic_search][INFO][generic_smbo.py:310] Iter 5, objectives: [522964.0].
[2024-09-05 07:54:59,902][basic_search][INFO][generic_smbo.py:310] Iter 6, objectives: [522964.0].
[2024-09-05 07:54:59,902][basic_search][INFO][generic_smbo.py:310] Iter 7, objectives: [369748.0].
[2024-09-05 07:54:59,903][basic_search][INFO][generic_smbo.py:310] Iter 8, objectives: [458912.0].
[2024-09-05 07:54:59,904][basic_search][INFO][generic_smbo.py:310] Iter 9, objectives: [628895.0].
[2024-09-05 07:54:59,904][basic_search][INFO][generic_smbo.py:310] Iter 10, objectives: [358644.0].
[2024-09-05 07:54:59,905][basic_search][INFO][generic_smbo.py:310] Iter 11, objectives: [355182.0].
[2024-09-05 07:54:59,906][basic_search][INFO][generic_smbo.py:310] Iter 12, objectives: [528300.0].
[2024-09-05 07:55:00,004][basic_search][INFO][generic_smbo.py:310] Iter 13, objectives: [458912.0].
[2024-09-05 07:55:00,093][basic_search][INFO][generic_smbo.py:310] Iter 14, objectives: [424593.0].
[2024-09-05 07:55:00,094][basic_search][INFO][generic_advisor.py:457] Sample random config. rand_prob=0.100000.
[2024-09-05 07:55:00,094][basic_search][INFO][generic_smbo.py:310] Iter 15, objectives: [358644.0].
[2024-09-05 07:55:00,241][basic_search][INFO][generic_smbo.py:310] Iter 16, objectives: [371545.0].
[2024-09-05 07:55:00,337][basic_search][INFO][generic_smbo.py:310] Iter 17, objectives: [456025.0].
[2024-09-05 07:55:00,434][basic_search][INFO][generic_smbo.py:310] Iter 18, objectives: [432003.0].
[2024-09-05 07:55:00,530][basic_search][INFO][generic_smbo.py:310] Iter 19, objectives: [378955.0].
[2024-09-05 07:55:00,531][basic_search][INFO][generic_advisor.py:457] Sample random config. rand_prob=0.100000.
[2024-09-05 07:55:00,531][basic_search][INFO][generic_smbo.py:310] Iter 20, objectives: [520291.0].
[2024-09-05 07:55:00,684][basic_search][INFO][generic_smbo.py:310] Iter 21, objectives: [371545.0].
[2024-09-05 07:55:00,783][basic_search][INFO][generic_smbo.py:310] Iter 22, objectives: [355182.0].
[2024-09-05 07:55:00,881][basic_search][INFO][generic_smbo.py:310] Iter 23, objectives: [371545.0].
[2024-09-05 07:55:00,982][basic_search][INFO][generic_smbo.py:310] Iter 24, objectives: [358004.0].
[2024-09-05 07:55:01,079][basic_search][INFO][generic_smbo.py:310] Iter 25, objectives: [365732.0].
[2024-09-05 07:55:01,240][basic_search][INFO][generic_smbo.py:310] Iter 26, objectives: [358004.0].
[2024-09-05 07:55:01,336][basic_search][INFO][generic_smbo.py:310] Iter 27, objectives: [365732.0].
[2024-09-05 07:55:01,429][basic_search][INFO][generic_smbo.py:310] Iter 28, objectives: [412108.0].
[2024-09-05 07:55:01,525][basic_search][INFO][generic_smbo.py:310] Iter 29, objectives: [408230.0].
[2024-09-05 07:55:01,678][basic_search][INFO][generic_smbo.py:310] Iter 30, objectives: [412108.0].
[2024-09-05 07:55:01,679][basic_search][INFO][html_visualizer.py:96] Please open the html file to view visualization result: file:///gyc_data/fray_data/project_hw/logs_gray_clapboard_search/history/basic_search/basic_search_2024-09-05-07-54-59-893356.html
