[2024-08-26 08:17:54,836][basic_search][INFO][color_logger.py:203] Logfile: /gyc_data/fray_data/project_hw/logs_gray_clapboard_search/basic_search_2024-08-26-08-17-54-793424.log
[2024-08-26 08:17:54,883][basic_search][INFO][generic_advisor.py:231] [BO auto selection]  acq_type: ei. acq_optimizer_type: random_scipy.
[2024-08-26 08:17:54,883][basic_search][WARNING][base.py:64] [Build Surrogate] Use probabilistic random forest based on scikit-learn. For better performance, please install pyrfr: https://open-box.readthedocs.io/en/latest/installation/install_pyrfr.html
[2024-08-26 08:17:54,885][basic_search][INFO][html_visualizer.py:462] Please open the html file to view visualization result: file:///gyc_data/fray_data/project_hw/logs_gray_clapboard_search/history/basic_search/basic_search_2024-08-26-08-17-54-884140.html
[2024-08-26 08:17:54,892][basic_search][INFO][generic_smbo.py:310] Iter 1, objectives: [643344.0].
[2024-08-26 08:17:54,930][basic_search][INFO][generic_smbo.py:310] Iter 2, objectives: [3904092.0].
[2024-08-26 08:17:54,972][basic_search][INFO][generic_smbo.py:310] Iter 3, objectives: [4414488.0].
[2024-08-26 08:17:55,065][basic_search][INFO][generic_smbo.py:310] Iter 4, objectives: [3857984.0].
[2024-08-26 08:17:55,180][basic_search][INFO][generic_smbo.py:310] Iter 5, objectives: [4046171.0].
[2024-08-26 08:17:55,282][basic_search][INFO][generic_smbo.py:310] Iter 6, objectives: [3628338.0].
[2024-08-26 08:17:55,358][basic_search][INFO][generic_smbo.py:310] Iter 7, objectives: [3969222.0].
[2024-08-26 08:17:55,395][basic_search][INFO][generic_smbo.py:310] Iter 8, objectives: [3741486.0].
[2024-08-26 08:17:55,428][basic_search][INFO][generic_smbo.py:310] Iter 9, objectives: [3357935.0].
[2024-08-26 08:17:55,471][basic_search][INFO][generic_smbo.py:310] Iter 10, objectives: [4176866.0].
[2024-08-26 08:17:59,405][basic_search][INFO][generic_smbo.py:310] Iter 11, objectives: [3934896.0].
[2024-08-26 08:18:03,279][basic_search][INFO][generic_smbo.py:310] Iter 12, objectives: [3506219.0].
[2024-08-26 08:18:06,860][basic_search][INFO][generic_smbo.py:310] Iter 13, objectives: [4029761.0].
[2024-08-26 08:18:11,593][basic_search][INFO][generic_smbo.py:310] Iter 14, objectives: [3644308.0].
[2024-08-26 08:18:16,215][basic_search][INFO][generic_smbo.py:310] Iter 15, objectives: [3000024.0].
[2024-08-26 08:18:20,550][basic_search][INFO][generic_smbo.py:310] Iter 16, objectives: [3855861.0].
[2024-08-26 08:18:24,968][basic_search][INFO][generic_smbo.py:310] Iter 17, objectives: [4234012.0].
[2024-08-26 08:18:28,988][basic_search][INFO][generic_smbo.py:310] Iter 18, objectives: [4236058.0].
[2024-08-26 08:18:33,304][basic_search][INFO][generic_smbo.py:310] Iter 19, objectives: [3478529.0].
[2024-08-26 08:18:37,468][basic_search][INFO][generic_smbo.py:310] Iter 20, objectives: [3914212.0].
[2024-08-26 08:18:42,253][basic_search][INFO][generic_smbo.py:310] Iter 21, objectives: [3976128.0].
[2024-08-26 08:18:46,541][basic_search][INFO][generic_smbo.py:310] Iter 22, objectives: [3485882.0].
[2024-08-26 08:18:50,776][basic_search][INFO][generic_smbo.py:310] Iter 23, objectives: [3848699.0].
[2024-08-26 08:18:55,249][basic_search][INFO][generic_smbo.py:310] Iter 24, objectives: [3554438.0].
[2024-08-26 08:18:58,945][basic_search][INFO][generic_smbo.py:310] Iter 25, objectives: [3870549.0].
[2024-08-26 08:19:03,218][basic_search][INFO][generic_smbo.py:310] Iter 26, objectives: [3528426.0].
[2024-08-26 08:19:06,763][basic_search][INFO][generic_smbo.py:310] Iter 27, objectives: [3775577.0].
[2024-08-26 08:19:10,623][basic_search][INFO][generic_smbo.py:310] Iter 28, objectives: [4155052.0].
[2024-08-26 08:19:15,153][basic_search][INFO][generic_smbo.py:310] Iter 29, objectives: [4098544.0].
[2024-08-26 08:19:19,075][basic_search][INFO][generic_smbo.py:310] Iter 30, objectives: [4144870.0].
[2024-08-26 08:19:23,752][basic_search][INFO][generic_smbo.py:310] Iter 31, objectives: [3775900.0].
[2024-08-26 08:19:28,228][basic_search][INFO][generic_smbo.py:310] Iter 32, objectives: [3924112.0].
[2024-08-26 08:19:33,200][basic_search][INFO][generic_smbo.py:310] Iter 33, objectives: [4194091.0].
[2024-08-26 08:19:37,794][basic_search][INFO][generic_smbo.py:310] Iter 34, objectives: [4137325.0].
[2024-08-26 08:19:41,830][basic_search][INFO][generic_smbo.py:310] Iter 35, objectives: [3983669.0].
[2024-08-26 08:19:45,995][basic_search][INFO][generic_smbo.py:310] Iter 36, objectives: [4031816.0].
[2024-08-26 08:19:49,900][basic_search][INFO][generic_smbo.py:310] Iter 37, objectives: [3543567.0].
[2024-08-26 08:19:54,269][basic_search][INFO][generic_smbo.py:310] Iter 38, objectives: [3761908.0].
[2024-08-26 08:19:54,278][basic_search][INFO][generic_advisor.py:457] Sample random config. rand_prob=0.100000.
[2024-08-26 08:19:54,321][basic_search][INFO][generic_smbo.py:310] Iter 39, objectives: [4425265.0].
[2024-08-26 08:19:58,783][basic_search][INFO][generic_smbo.py:310] Iter 40, objectives: [4153048.0].
[2024-08-26 08:20:03,394][basic_search][INFO][generic_smbo.py:310] Iter 41, objectives: [3634207.0].
[2024-08-26 08:20:08,741][basic_search][INFO][generic_smbo.py:310] Iter 42, objectives: [3964195.0].
[2024-08-26 08:20:12,754][basic_search][INFO][generic_smbo.py:310] Iter 43, objectives: [3069518.0].
[2024-08-26 08:20:17,306][basic_search][INFO][generic_smbo.py:310] Iter 44, objectives: [4617217.0].
[2024-08-26 08:20:17,315][basic_search][INFO][generic_advisor.py:457] Sample random config. rand_prob=0.100000.
[2024-08-26 08:20:17,353][basic_search][INFO][generic_smbo.py:310] Iter 45, objectives: [3990865.0].
[2024-08-26 08:20:17,363][basic_search][INFO][generic_advisor.py:457] Sample random config. rand_prob=0.100000.
[2024-08-26 08:20:17,400][basic_search][INFO][generic_smbo.py:310] Iter 46, objectives: [3896149.0].
[2024-08-26 08:20:20,948][basic_search][INFO][generic_smbo.py:310] Iter 47, objectives: [3507546.0].
[2024-08-26 08:20:24,920][basic_search][INFO][generic_smbo.py:310] Iter 48, objectives: [3989515.0].
[2024-08-26 08:20:28,749][basic_search][INFO][generic_smbo.py:310] Iter 49, objectives: [3031669.0].
[2024-08-26 08:20:32,481][basic_search][INFO][generic_smbo.py:310] Iter 50, objectives: [3094654.0].
[2024-08-26 08:20:32,491][basic_search][INFO][html_visualizer.py:96] Please open the html file to view visualization result: file:///gyc_data/fray_data/project_hw/logs_gray_clapboard_search/history/basic_search/basic_search_2024-08-26-08-17-54-884140.html
