[2024-08-26 08:23:53,841][basic_search][INFO][color_logger.py:203] Logfile: /gyc_data/fray_data/project_hw/logs_gray_clapboard_search/basic_search_2024-08-26-08-23-53-841579.log
[2024-08-26 08:23:53,880][basic_search][INFO][generic_advisor.py:231] [BO auto selection]  acq_type: ei. acq_optimizer_type: random_scipy.
[2024-08-26 08:23:53,885][basic_search][INFO][html_visualizer.py:462] Please open the html file to view visualization result: file:///gyc_data/fray_data/project_hw/logs_gray_clapboard_search/history/basic_search/basic_search_2024-08-26-08-23-53-883536.html
[2024-08-26 08:23:53,892][basic_search][INFO][generic_smbo.py:310] Iter 1, objectives: [643344.0].
[2024-08-26 08:23:53,930][basic_search][INFO][generic_smbo.py:310] Iter 2, objectives: [3904092.0].
[2024-08-26 08:23:54,057][basic_search][INFO][generic_smbo.py:310] Iter 3, objectives: [4414488.0].
[2024-08-26 08:23:54,690][basic_search][INFO][generic_smbo.py:310] Iter 4, objectives: [4371794.0].
[2024-08-26 08:23:55,361][basic_search][INFO][generic_smbo.py:310] Iter 5, objectives: [3972031.0].
[2024-08-26 08:23:56,159][basic_search][INFO][generic_smbo.py:310] Iter 6, objectives: [3349793.0].
[2024-08-26 08:23:56,974][basic_search][INFO][generic_smbo.py:310] Iter 7, objectives: [3652399.0].
[2024-08-26 08:23:56,976][basic_search][INFO][generic_advisor.py:457] Sample random config. rand_prob=0.100000.
[2024-08-26 08:23:57,011][basic_search][INFO][generic_smbo.py:310] Iter 8, objectives: [3710697.0].
[2024-08-26 08:23:58,216][basic_search][INFO][generic_smbo.py:310] Iter 9, objectives: [3804206.0].
[2024-08-26 08:23:58,338][basic_search][INFO][generic_advisor.py:457] Sample random config. rand_prob=0.100000.
[2024-08-26 08:23:58,427][basic_search][INFO][generic_smbo.py:310] Iter 10, objectives: [4217797.0].
[2024-08-26 08:24:00,085][basic_search][INFO][generic_smbo.py:310] Iter 11, objectives: [3973998.0].
[2024-08-26 08:24:01,918][basic_search][INFO][generic_smbo.py:310] Iter 12, objectives: [4309451.0].
[2024-08-26 08:24:03,843][basic_search][INFO][generic_smbo.py:310] Iter 13, objectives: [3021556.0].
[2024-08-26 08:24:03,950][basic_search][INFO][generic_advisor.py:457] Sample random config. rand_prob=0.100000.
[2024-08-26 08:24:04,002][basic_search][INFO][generic_smbo.py:310] Iter 14, objectives: [4355666.0].
[2024-08-26 08:24:06,602][basic_search][INFO][generic_smbo.py:310] Iter 15, objectives: [3377848.0].
[2024-08-26 08:24:08,982][basic_search][INFO][generic_smbo.py:310] Iter 16, objectives: [3799503.0].
[2024-08-26 08:24:11,126][basic_search][INFO][generic_smbo.py:310] Iter 17, objectives: [3834061.0].
[2024-08-26 08:24:13,513][basic_search][INFO][generic_smbo.py:310] Iter 18, objectives: [3809321.0].
[2024-08-26 08:24:15,790][basic_search][INFO][generic_smbo.py:310] Iter 19, objectives: [3154956.0].
[2024-08-26 08:24:17,992][basic_search][INFO][generic_smbo.py:310] Iter 20, objectives: [3683752.0].
[2024-08-26 08:24:20,108][basic_search][INFO][generic_smbo.py:310] Iter 21, objectives: [3681103.0].
[2024-08-26 08:24:22,360][basic_search][INFO][generic_smbo.py:310] Iter 22, objectives: [3459344.0].
[2024-08-26 08:24:24,238][basic_search][INFO][generic_smbo.py:310] Iter 23, objectives: [3876250.0].
[2024-08-26 08:24:26,947][basic_search][INFO][generic_smbo.py:310] Iter 24, objectives: [4227437.0].
[2024-08-26 08:24:28,906][basic_search][INFO][generic_smbo.py:310] Iter 25, objectives: [3095528.0].
[2024-08-26 08:24:31,440][basic_search][INFO][generic_smbo.py:310] Iter 26, objectives: [3408442.0].
[2024-08-26 08:24:31,446][basic_search][INFO][generic_advisor.py:457] Sample random config. rand_prob=0.100000.
[2024-08-26 08:24:31,483][basic_search][INFO][generic_smbo.py:310] Iter 27, objectives: [3875863.0].
[2024-08-26 08:24:33,536][basic_search][INFO][generic_smbo.py:310] Iter 28, objectives: [4043992.0].
[2024-08-26 08:24:35,485][basic_search][INFO][generic_smbo.py:310] Iter 29, objectives: [4001593.0].
[2024-08-26 08:24:37,789][basic_search][INFO][generic_smbo.py:310] Iter 30, objectives: [4018429.0].
[2024-08-26 08:24:39,947][basic_search][INFO][generic_smbo.py:310] Iter 31, objectives: [4170302.0].
[2024-08-26 08:24:42,225][basic_search][INFO][generic_smbo.py:310] Iter 32, objectives: [4447615.0].
[2024-08-26 08:24:44,829][basic_search][INFO][generic_smbo.py:310] Iter 33, objectives: [3851276.0].
[2024-08-26 08:24:47,037][basic_search][INFO][generic_smbo.py:310] Iter 34, objectives: [4002354.0].
[2024-08-26 08:24:49,251][basic_search][INFO][generic_smbo.py:310] Iter 35, objectives: [3676288.0].
[2024-08-26 08:24:51,686][basic_search][INFO][generic_smbo.py:310] Iter 36, objectives: [3968402.0].
[2024-08-26 08:24:53,589][basic_search][INFO][generic_smbo.py:310] Iter 37, objectives: [4133807.0].
[2024-08-26 08:24:55,555][basic_search][INFO][generic_smbo.py:310] Iter 38, objectives: [3284464.0].
[2024-08-26 08:24:57,233][basic_search][INFO][generic_smbo.py:310] Iter 39, objectives: [4117296.0].
[2024-08-26 08:24:59,281][basic_search][INFO][generic_smbo.py:310] Iter 40, objectives: [4502132.0].
[2024-08-26 08:25:02,211][basic_search][INFO][generic_smbo.py:310] Iter 41, objectives: [3401042.0].
[2024-08-26 08:25:02,219][basic_search][INFO][generic_advisor.py:457] Sample random config. rand_prob=0.100000.
[2024-08-26 08:25:02,260][basic_search][INFO][generic_smbo.py:310] Iter 42, objectives: [4187973.0].
[2024-08-26 08:25:02,269][basic_search][INFO][generic_advisor.py:457] Sample random config. rand_prob=0.100000.
[2024-08-26 08:25:02,307][basic_search][INFO][generic_smbo.py:310] Iter 43, objectives: [3910329.0].
[2024-08-26 08:25:04,495][basic_search][INFO][generic_smbo.py:310] Iter 44, objectives: [4225947.0].
[2024-08-26 08:25:06,655][basic_search][INFO][generic_smbo.py:310] Iter 45, objectives: [4321152.0].
[2024-08-26 08:25:09,050][basic_search][INFO][generic_smbo.py:310] Iter 46, objectives: [4575341.0].
[2024-08-26 08:25:11,201][basic_search][INFO][generic_smbo.py:310] Iter 47, objectives: [3404954.0].
[2024-08-26 08:25:13,888][basic_search][INFO][generic_smbo.py:310] Iter 48, objectives: [3855465.0].
[2024-08-26 08:25:16,115][basic_search][INFO][generic_smbo.py:310] Iter 49, objectives: [3298056.0].
[2024-08-26 08:25:18,416][basic_search][INFO][generic_smbo.py:310] Iter 50, objectives: [3219884.0].
[2024-08-26 08:25:18,426][basic_search][INFO][html_visualizer.py:96] Please open the html file to view visualization result: file:///gyc_data/fray_data/project_hw/logs_gray_clapboard_search/history/basic_search/basic_search_2024-08-26-08-23-53-883536.html
