[2024-09-05 08:21:07,144][basic_search][INFO][color_logger.py:203] Logfile: /gyc_data/fray_data/project_hw/logs_gray_clapboard_search/basic_search_2024-09-05-08-21-07-143978.log
[2024-09-05 08:21:07,164][basic_search][INFO][generic_advisor.py:231] [BO auto selection]  acq_type: ei. acq_optimizer_type: random_scipy.
[2024-09-05 08:21:07,171][basic_search][INFO][html_visualizer.py:462] Please open the html file to view visualization result: file:///gyc_data/fray_data/project_hw/logs_gray_clapboard_search/history/basic_search/basic_search_2024-09-05-08-21-07-169007.html
[2024-09-05 08:21:07,178][basic_search][INFO][generic_smbo.py:310] Iter 1, objectives: [33299306.0].
[2024-09-05 08:21:07,186][basic_search][INFO][generic_smbo.py:310] Iter 2, objectives: [10983552.0].
[2024-09-05 08:21:07,193][basic_search][INFO][generic_smbo.py:310] Iter 3, objectives: [10983552.0].
[2024-09-05 08:21:07,200][basic_search][INFO][generic_smbo.py:310] Iter 4, objectives: [10983552.0].
[2024-09-05 08:21:07,207][basic_search][INFO][generic_smbo.py:310] Iter 5, objectives: [10983552.0].
[2024-09-05 08:21:07,214][basic_search][INFO][generic_smbo.py:310] Iter 6, objectives: [10983552.0].
[2024-09-05 08:21:07,221][basic_search][INFO][generic_smbo.py:310] Iter 7, objectives: [10983552.0].
[2024-09-05 08:21:07,228][basic_search][INFO][generic_smbo.py:310] Iter 8, objectives: [10983552.0].
[2024-09-05 08:21:07,235][basic_search][INFO][generic_smbo.py:310] Iter 9, objectives: [11190097.0].
[2024-09-05 08:21:07,242][basic_search][INFO][generic_smbo.py:310] Iter 10, objectives: [11231662.0].
[2024-09-05 08:21:07,249][basic_search][INFO][generic_smbo.py:310] Iter 11, objectives: [10983552.0].
[2024-09-05 08:21:07,256][basic_search][INFO][generic_smbo.py:310] Iter 12, objectives: [10983552.0].
[2024-09-05 08:21:07,369][basic_search][INFO][generic_smbo.py:310] Iter 13, objectives: [10983552.0].
[2024-09-05 08:21:07,564][basic_search][INFO][generic_smbo.py:310] Iter 14, objectives: [10983552.0].
[2024-09-05 08:21:07,565][basic_search][INFO][generic_advisor.py:457] Sample random config. rand_prob=0.100000.
[2024-09-05 08:21:07,572][basic_search][INFO][generic_smbo.py:310] Iter 15, objectives: [10983552.0].
[2024-09-05 08:21:07,678][basic_search][INFO][generic_smbo.py:310] Iter 16, objectives: [10983552.0].
[2024-09-05 08:21:07,788][basic_search][INFO][generic_smbo.py:310] Iter 17, objectives: [10983552.0].
[2024-09-05 08:21:07,789][basic_search][INFO][generic_advisor.py:457] Sample random config. rand_prob=0.100000.
[2024-09-05 08:21:07,796][basic_search][INFO][generic_smbo.py:310] Iter 18, objectives: [10983552.0].
[2024-09-05 08:21:07,909][basic_search][INFO][generic_smbo.py:310] Iter 19, objectives: [10983552.0].
[2024-09-05 08:21:07,910][basic_search][INFO][generic_advisor.py:457] Sample random config. rand_prob=0.100000.
[2024-09-05 08:21:07,917][basic_search][INFO][generic_smbo.py:310] Iter 20, objectives: [10983552.0].
[2024-09-05 08:21:08,037][basic_search][INFO][generic_smbo.py:310] Iter 21, objectives: [10983552.0].
[2024-09-05 08:21:08,264][basic_search][INFO][generic_smbo.py:310] Iter 22, objectives: [10983552.0].
[2024-09-05 08:21:08,370][basic_search][INFO][generic_smbo.py:310] Iter 23, objectives: [10983552.0].
[2024-09-05 08:21:08,482][basic_search][INFO][generic_smbo.py:310] Iter 24, objectives: [10983552.0].
[2024-09-05 08:21:08,602][basic_search][INFO][generic_smbo.py:310] Iter 25, objectives: [10983552.0].
[2024-09-05 08:21:08,763][basic_search][INFO][generic_smbo.py:310] Iter 26, objectives: [10983552.0].
[2024-09-05 08:21:08,870][basic_search][INFO][generic_smbo.py:310] Iter 27, objectives: [10983552.0].
[2024-09-05 08:21:08,977][basic_search][INFO][generic_smbo.py:310] Iter 28, objectives: [10983552.0].
[2024-09-05 08:21:09,083][basic_search][INFO][generic_smbo.py:310] Iter 29, objectives: [10983552.0].
[2024-09-05 08:21:09,190][basic_search][INFO][generic_smbo.py:310] Iter 30, objectives: [10983552.0].
[2024-09-05 08:21:09,357][basic_search][INFO][generic_smbo.py:310] Iter 31, objectives: [10983552.0].
[2024-09-05 08:21:09,460][basic_search][INFO][generic_smbo.py:310] Iter 32, objectives: [10983552.0].
[2024-09-05 08:21:09,570][basic_search][INFO][generic_smbo.py:310] Iter 33, objectives: [10983552.0].
[2024-09-05 08:21:09,572][basic_search][INFO][generic_advisor.py:457] Sample random config. rand_prob=0.100000.
[2024-09-05 08:21:09,579][basic_search][INFO][generic_smbo.py:310] Iter 34, objectives: [10983552.0].
[2024-09-05 08:21:09,685][basic_search][INFO][generic_smbo.py:310] Iter 35, objectives: [10983552.0].
[2024-09-05 08:21:09,844][basic_search][INFO][generic_smbo.py:310] Iter 36, objectives: [11181880.0].
[2024-09-05 08:21:09,951][basic_search][INFO][generic_smbo.py:310] Iter 37, objectives: [10983552.0].
[2024-09-05 08:21:10,068][basic_search][INFO][generic_smbo.py:310] Iter 38, objectives: [10983552.0].
[2024-09-05 08:21:10,172][basic_search][INFO][generic_smbo.py:310] Iter 39, objectives: [10983552.0].
[2024-09-05 08:21:10,279][basic_search][INFO][generic_smbo.py:310] Iter 40, objectives: [11172740.0].
[2024-09-05 08:21:10,437][basic_search][INFO][generic_smbo.py:310] Iter 41, objectives: [10983552.0].
[2024-09-05 08:21:10,545][basic_search][INFO][generic_smbo.py:310] Iter 42, objectives: [11157935.0].
[2024-09-05 08:21:10,650][basic_search][INFO][generic_smbo.py:310] Iter 43, objectives: [10983552.0].
[2024-09-05 08:21:10,769][basic_search][INFO][generic_smbo.py:310] Iter 44, objectives: [10983552.0].
[2024-09-05 08:21:10,927][basic_search][INFO][generic_smbo.py:310] Iter 45, objectives: [10983552.0].
[2024-09-05 08:21:11,034][basic_search][INFO][generic_smbo.py:310] Iter 46, objectives: [11191134.0].
[2024-09-05 08:21:11,145][basic_search][INFO][generic_smbo.py:310] Iter 47, objectives: [11080051.0].
[2024-09-05 08:21:11,251][basic_search][INFO][generic_smbo.py:310] Iter 48, objectives: [11191141.0].
[2024-09-05 08:21:11,356][basic_search][INFO][generic_smbo.py:310] Iter 49, objectives: [11146369.0].
[2024-09-05 08:21:11,357][basic_search][INFO][generic_advisor.py:457] Sample random config. rand_prob=0.100000.
[2024-09-05 08:21:11,364][basic_search][INFO][generic_smbo.py:310] Iter 50, objectives: [10983552.0].
[2024-09-05 08:21:11,366][basic_search][INFO][html_visualizer.py:96] Please open the html file to view visualization result: file:///gyc_data/fray_data/project_hw/logs_gray_clapboard_search/history/basic_search/basic_search_2024-09-05-08-21-07-169007.html
[2024-09-05 08:21:11,371][basic_search][INFO][history.py:765] Too many incumbents in history. Only show 5/40 of them.
