[2024-09-05 08:16:26,298][basic_search][INFO][color_logger.py:203] Logfile: /gyc_data/fray_data/project_hw/logs_gray_clapboard_search/basic_search_2024-09-05-08-16-26-298475.log
[2024-09-05 08:16:26,312][basic_search][INFO][generic_advisor.py:231] [BO auto selection]  acq_type: ei. acq_optimizer_type: random_scipy.
[2024-09-05 08:16:26,317][basic_search][INFO][html_visualizer.py:462] Please open the html file to view visualization result: file:///gyc_data/fray_data/project_hw/logs_gray_clapboard_search/history/basic_search/basic_search_2024-09-05-08-16-26-316192.html
[2024-09-05 08:16:26,323][basic_search][INFO][generic_smbo.py:310] Iter 1, objectives: [32811639.0].
[2024-09-05 08:16:26,330][basic_search][INFO][generic_smbo.py:310] Iter 2, objectives: [10556758.0].
[2024-09-05 08:16:26,336][basic_search][INFO][generic_smbo.py:310] Iter 3, objectives: [10556758.0].
[2024-09-05 08:16:26,342][basic_search][INFO][generic_smbo.py:310] Iter 4, objectives: [10556758.0].
[2024-09-05 08:16:26,348][basic_search][INFO][generic_smbo.py:310] Iter 5, objectives: [10622634.0].
[2024-09-05 08:16:26,355][basic_search][INFO][generic_smbo.py:310] Iter 6, objectives: [10556758.0].
[2024-09-05 08:16:26,361][basic_search][INFO][generic_smbo.py:310] Iter 7, objectives: [10556758.0].
[2024-09-05 08:16:26,367][basic_search][INFO][generic_smbo.py:310] Iter 8, objectives: [10529593.0].
[2024-09-05 08:16:26,373][basic_search][INFO][generic_smbo.py:310] Iter 9, objectives: [10457726.0].
[2024-09-05 08:16:26,380][basic_search][INFO][generic_smbo.py:310] Iter 10, objectives: [10556758.0].
[2024-09-05 08:16:26,386][basic_search][INFO][generic_smbo.py:310] Iter 11, objectives: [10556758.0].
[2024-09-05 08:16:26,392][basic_search][INFO][generic_smbo.py:310] Iter 12, objectives: [11042523.0].
[2024-09-05 08:16:26,500][basic_search][INFO][generic_smbo.py:310] Iter 13, objectives: [10616026.0].
[2024-09-05 08:16:26,646][basic_search][INFO][generic_smbo.py:310] Iter 14, objectives: [10609926.0].
[2024-09-05 08:16:26,646][basic_search][INFO][generic_advisor.py:457] Sample random config. rand_prob=0.100000.
[2024-09-05 08:16:26,652][basic_search][INFO][generic_smbo.py:310] Iter 15, objectives: [10413181.0].
[2024-09-05 08:16:26,753][basic_search][INFO][generic_smbo.py:310] Iter 16, objectives: [10610373.0].
[2024-09-05 08:16:26,855][basic_search][INFO][generic_smbo.py:310] Iter 17, objectives: [10649129.0].
[2024-09-05 08:16:26,958][basic_search][INFO][generic_smbo.py:310] Iter 18, objectives: [10595304.0].
[2024-09-05 08:16:27,059][basic_search][INFO][generic_smbo.py:310] Iter 19, objectives: [10620107.0].
[2024-09-05 08:16:27,060][basic_search][INFO][generic_advisor.py:457] Sample random config. rand_prob=0.100000.
[2024-09-05 08:16:27,066][basic_search][INFO][generic_smbo.py:310] Iter 20, objectives: [10556758.0].
[2024-09-05 08:16:27,220][basic_search][INFO][generic_smbo.py:310] Iter 21, objectives: [10519966.0].
[2024-09-05 08:16:27,320][basic_search][INFO][generic_smbo.py:310] Iter 22, objectives: [10605047.0].
[2024-09-05 08:16:27,418][basic_search][INFO][generic_smbo.py:310] Iter 23, objectives: [17762376.0].
[2024-09-05 08:16:27,522][basic_search][INFO][generic_smbo.py:310] Iter 24, objectives: [10503136.0].
[2024-09-05 08:16:27,688][basic_search][INFO][generic_smbo.py:310] Iter 25, objectives: [10573413.0].
[2024-09-05 08:16:27,790][basic_search][INFO][generic_smbo.py:310] Iter 26, objectives: [10500408.0].
[2024-09-05 08:16:27,895][basic_search][INFO][generic_smbo.py:310] Iter 27, objectives: [10486953.0].
[2024-09-05 08:16:27,998][basic_search][INFO][generic_smbo.py:310] Iter 28, objectives: [10393167.0].
[2024-09-05 08:16:28,102][basic_search][INFO][generic_smbo.py:310] Iter 29, objectives: [10731827.0].
[2024-09-05 08:16:28,262][basic_search][INFO][generic_smbo.py:310] Iter 30, objectives: [10625266.0].
[2024-09-05 08:16:28,263][basic_search][INFO][html_visualizer.py:96] Please open the html file to view visualization result: file:///gyc_data/fray_data/project_hw/logs_gray_clapboard_search/history/basic_search/basic_search_2024-09-05-08-16-26-316192.html
