[2024-09-05 06:45:14,479][basic_search][INFO][color_logger.py:203] Logfile: /gyc_data/fray_data/project_hw/logs_gray_clapboard_search/basic_search_2024-09-05-06-45-14-479287.log
[2024-09-05 06:45:14,833][basic_search][INFO][generic_advisor.py:231] [BO auto selection]  acq_type: ei. acq_optimizer_type: local_random.
[2024-09-05 06:45:14,840][basic_search][INFO][html_visualizer.py:462] Please open the html file to view visualization result: file:///gyc_data/fray_data/project_hw/logs_gray_clapboard_search/history/basic_search/basic_search_2024-09-05-06-45-14-838032.html
[2024-09-05 06:45:14,847][basic_search][INFO][generic_smbo.py:310] Iter 1, objectives: [893201.0].
[2024-09-05 06:45:14,850][basic_search][INFO][generic_smbo.py:310] Iter 2, objectives: [1115797.0].
[2024-09-05 06:45:14,854][basic_search][INFO][generic_smbo.py:310] Iter 3, objectives: [1098318.0].
[2024-09-05 06:45:14,857][basic_search][INFO][generic_smbo.py:310] Iter 4, objectives: [1107078.0].
[2024-09-05 06:45:14,859][basic_search][INFO][generic_smbo.py:310] Iter 5, objectives: [1101303.0].
[2024-09-05 06:45:14,862][basic_search][INFO][generic_smbo.py:310] Iter 6, objectives: [1110477.0].
[2024-09-05 06:45:14,865][basic_search][INFO][generic_smbo.py:310] Iter 7, objectives: [1068227.0].
[2024-09-05 06:45:14,868][basic_search][INFO][generic_smbo.py:310] Iter 8, objectives: [1077855.0].
[2024-09-05 06:45:16,572][basic_search][INFO][generic_smbo.py:310] Iter 9, objectives: [1090281.0].
[2024-09-05 06:45:19,001][basic_search][INFO][generic_smbo.py:310] Iter 10, objectives: [1058928.0].
[2024-09-05 06:45:21,846][basic_search][INFO][generic_smbo.py:310] Iter 11, objectives: [1036059.0].
[2024-09-05 06:45:24,748][basic_search][INFO][generic_smbo.py:310] Iter 12, objectives: [1070982.0].
[2024-09-05 06:45:27,538][basic_search][INFO][generic_smbo.py:310] Iter 13, objectives: [1118916.0].
[2024-09-05 06:45:27,543][basic_search][INFO][generic_advisor.py:457] Sample random config. rand_prob=0.100000.
[2024-09-05 06:45:27,547][basic_search][INFO][generic_smbo.py:310] Iter 14, objectives: [1106744.0].
[2024-09-05 06:45:30,200][basic_search][INFO][generic_smbo.py:310] Iter 15, objectives: [1085037.0].
[2024-09-05 06:45:32,701][basic_search][INFO][generic_smbo.py:310] Iter 16, objectives: [1097176.0].
[2024-09-05 06:45:35,524][basic_search][INFO][generic_smbo.py:310] Iter 17, objectives: [1087340.0].
[2024-09-05 06:45:38,375][basic_search][INFO][generic_smbo.py:310] Iter 18, objectives: [1097138.0].
[2024-09-05 06:45:41,076][basic_search][INFO][generic_smbo.py:310] Iter 19, objectives: [1118995.0].
[2024-09-05 06:45:44,233][basic_search][INFO][generic_smbo.py:310] Iter 20, objectives: [1101626.0].
[2024-09-05 06:45:44,239][basic_search][INFO][generic_advisor.py:457] Sample random config. rand_prob=0.100000.
[2024-09-05 06:45:44,243][basic_search][INFO][generic_smbo.py:310] Iter 21, objectives: [1073383.0].
[2024-09-05 06:45:47,185][basic_search][INFO][generic_smbo.py:310] Iter 22, objectives: [1107078.0].
[2024-09-05 06:45:50,835][basic_search][INFO][generic_smbo.py:310] Iter 23, objectives: [1087696.0].
[2024-09-05 06:45:53,614][basic_search][INFO][generic_smbo.py:310] Iter 24, objectives: [1039260.0].
[2024-09-05 06:45:57,039][basic_search][INFO][generic_smbo.py:310] Iter 25, objectives: [1064371.0].
[2024-09-05 06:46:00,786][basic_search][INFO][generic_smbo.py:310] Iter 26, objectives: [1057431.0].
[2024-09-05 06:46:04,063][basic_search][INFO][generic_smbo.py:310] Iter 27, objectives: [1089662.0].
[2024-09-05 06:46:07,481][basic_search][INFO][generic_smbo.py:310] Iter 28, objectives: [1102271.0].
[2024-09-05 06:46:11,119][basic_search][INFO][generic_smbo.py:310] Iter 29, objectives: [1064176.0].
[2024-09-05 06:46:14,640][basic_search][INFO][generic_smbo.py:310] Iter 30, objectives: [1100980.0].
[2024-09-05 06:46:17,966][basic_search][INFO][generic_smbo.py:310] Iter 31, objectives: [1084322.0].
[2024-09-05 06:46:17,975][basic_search][INFO][generic_advisor.py:457] Sample random config. rand_prob=0.100000.
[2024-09-05 06:46:17,979][basic_search][INFO][generic_smbo.py:310] Iter 32, objectives: [1081911.0].
[2024-09-05 06:46:21,224][basic_search][INFO][generic_smbo.py:310] Iter 33, objectives: [1081585.0].
[2024-09-05 06:46:25,107][basic_search][INFO][generic_smbo.py:310] Iter 34, objectives: [1058928.0].
[2024-09-05 06:46:28,274][basic_search][INFO][generic_smbo.py:310] Iter 35, objectives: [1070828.0].
[2024-09-05 06:46:28,284][basic_search][INFO][generic_advisor.py:457] Sample random config. rand_prob=0.100000.
[2024-09-05 06:46:28,288][basic_search][INFO][generic_smbo.py:310] Iter 36, objectives: [1129784.0].
[2024-09-05 06:46:31,239][basic_search][INFO][generic_smbo.py:310] Iter 37, objectives: [1115501.0].
[2024-09-05 06:46:31,250][basic_search][INFO][generic_advisor.py:457] Sample random config. rand_prob=0.100000.
[2024-09-05 06:46:31,254][basic_search][INFO][generic_smbo.py:310] Iter 38, objectives: [1125255.0].
[2024-09-05 06:46:34,374][basic_search][INFO][generic_smbo.py:310] Iter 39, objectives: [1065457.0].
[2024-09-05 06:46:37,484][basic_search][INFO][generic_smbo.py:310] Iter 40, objectives: [1067877.0].
[2024-09-05 06:46:40,670][basic_search][INFO][generic_smbo.py:310] Iter 41, objectives: [1046820.0].
[2024-09-05 06:46:43,815][basic_search][INFO][generic_smbo.py:310] Iter 42, objectives: [1043009.0].
[2024-09-05 06:46:47,400][basic_search][INFO][generic_smbo.py:310] Iter 43, objectives: [1087582.0].
[2024-09-05 06:46:50,571][basic_search][INFO][generic_smbo.py:310] Iter 44, objectives: [1118516.0].
[2024-09-05 06:46:50,583][basic_search][INFO][generic_advisor.py:457] Sample random config. rand_prob=0.100000.
[2024-09-05 06:46:50,587][basic_search][INFO][generic_smbo.py:310] Iter 45, objectives: [1101312.0].
[2024-09-05 06:46:53,676][basic_search][INFO][generic_smbo.py:310] Iter 46, objectives: [1068026.0].
[2024-09-05 06:46:56,694][basic_search][INFO][generic_smbo.py:310] Iter 47, objectives: [1114222.0].
[2024-09-05 06:47:00,395][basic_search][INFO][generic_smbo.py:310] Iter 48, objectives: [1062062.0].
[2024-09-05 06:47:03,727][basic_search][INFO][generic_smbo.py:310] Iter 49, objectives: [1092572.0].
[2024-09-05 06:47:07,602][basic_search][INFO][generic_smbo.py:310] Iter 50, objectives: [1131361.0].
[2024-09-05 06:47:07,616][basic_search][INFO][html_visualizer.py:96] Please open the html file to view visualization result: file:///gyc_data/fray_data/project_hw/logs_gray_clapboard_search/history/basic_search/basic_search_2024-09-05-06-45-14-838032.html
