[2024-09-05 07:24:06,086][basic_search][INFO][color_logger.py:203] Logfile: /gyc_data/fray_data/project_hw/logs_gray_clapboard_search/basic_search_2024-09-05-07-24-06-085783.log
[2024-09-05 07:24:06,432][basic_search][INFO][generic_advisor.py:231] [BO auto selection]  acq_type: ei. acq_optimizer_type: local_random.
[2024-09-05 07:24:06,439][basic_search][INFO][html_visualizer.py:462] Please open the html file to view visualization result: file:///gyc_data/fray_data/project_hw/logs_gray_clapboard_search/history/basic_search/basic_search_2024-09-05-07-24-06-437820.html
[2024-09-05 07:24:06,441][basic_search][INFO][generic_smbo.py:310] Iter 1, objectives: [675261.0].
[2024-09-05 07:24:06,442][basic_search][INFO][generic_smbo.py:310] Iter 2, objectives: [678813.0].
[2024-09-05 07:24:06,443][basic_search][INFO][generic_smbo.py:310] Iter 3, objectives: [656915.0].
[2024-09-05 07:24:06,447][basic_search][INFO][generic_smbo.py:310] Iter 4, objectives: [681016.0].
[2024-09-05 07:24:06,449][basic_search][INFO][generic_smbo.py:310] Iter 5, objectives: [652876.0].
[2024-09-05 07:24:06,451][basic_search][INFO][generic_smbo.py:310] Iter 6, objectives: [658374.0].
[2024-09-05 07:24:06,454][basic_search][INFO][generic_smbo.py:310] Iter 7, objectives: [649220.0].
[2024-09-05 07:24:06,456][basic_search][INFO][generic_smbo.py:310] Iter 8, objectives: [653905.0].
[2024-09-05 07:24:06,459][basic_search][INFO][generic_smbo.py:310] Iter 9, objectives: [671360.0].
[2024-09-05 07:24:06,462][basic_search][INFO][generic_smbo.py:310] Iter 10, objectives: [664095.0].
[2024-09-05 07:24:09,099][basic_search][INFO][generic_smbo.py:310] Iter 11, objectives: [649220.0].
[2024-09-05 07:24:10,827][basic_search][INFO][generic_smbo.py:310] Iter 12, objectives: [649220.0].
[2024-09-05 07:24:12,628][basic_search][INFO][generic_smbo.py:310] Iter 13, objectives: [649220.0].
[2024-09-05 07:24:14,365][basic_search][INFO][generic_smbo.py:310] Iter 14, objectives: [658374.0].
[2024-09-05 07:24:16,125][basic_search][INFO][generic_smbo.py:310] Iter 15, objectives: [680750.0].
[2024-09-05 07:24:18,195][basic_search][INFO][generic_smbo.py:310] Iter 16, objectives: [649220.0].
[2024-09-05 07:24:19,966][basic_search][INFO][generic_smbo.py:310] Iter 17, objectives: [653905.0].
[2024-09-05 07:24:21,794][basic_search][INFO][generic_smbo.py:310] Iter 18, objectives: [639516.0].
[2024-09-05 07:24:23,541][basic_search][INFO][generic_smbo.py:310] Iter 19, objectives: [656915.0].
[2024-09-05 07:24:25,502][basic_search][INFO][generic_smbo.py:310] Iter 20, objectives: [639516.0].
[2024-09-05 07:24:27,318][basic_search][INFO][generic_smbo.py:310] Iter 21, objectives: [652876.0].
[2024-09-05 07:24:27,330][basic_search][INFO][generic_advisor.py:457] Sample random config. rand_prob=0.100000.
[2024-09-05 07:24:27,337][basic_search][INFO][generic_smbo.py:310] Iter 22, objectives: [661948.0].
[2024-09-05 07:24:29,191][basic_search][INFO][generic_smbo.py:310] Iter 23, objectives: [642524.0].
[2024-09-05 07:24:31,438][basic_search][INFO][generic_smbo.py:310] Iter 24, objectives: [639516.0].
[2024-09-05 07:24:33,656][basic_search][INFO][generic_smbo.py:310] Iter 25, objectives: [639516.0].
[2024-09-05 07:24:35,684][basic_search][INFO][generic_smbo.py:310] Iter 26, objectives: [649220.0].
[2024-09-05 07:24:37,718][basic_search][INFO][generic_smbo.py:310] Iter 27, objectives: [639516.0].
[2024-09-05 07:24:39,656][basic_search][INFO][generic_smbo.py:310] Iter 28, objectives: [639516.0].
[2024-09-05 07:24:41,798][basic_search][INFO][generic_smbo.py:310] Iter 29, objectives: [639516.0].
[2024-09-05 07:24:43,855][basic_search][INFO][generic_smbo.py:310] Iter 30, objectives: [639516.0].
[2024-09-05 07:24:43,871][basic_search][INFO][html_visualizer.py:96] Please open the html file to view visualization result: file:///gyc_data/fray_data/project_hw/logs_gray_clapboard_search/history/basic_search/basic_search_2024-09-05-07-24-06-437820.html
[2024-09-05 07:24:43,877][basic_search][INFO][history.py:765] Too many incumbents in history. Only show 5/8 of them.
