[2024-09-11 08:25:18,351][basic_search][INFO][color_logger.py:203] Logfile: /gyc_data/fray_data/project_hw/logs_gray_clapboard_search/basic_search_2024-09-11-08-25-18-351169.log
[2024-09-11 08:25:18,726][basic_search][INFO][generic_advisor.py:231] [BO auto selection]  acq_type: ei. acq_optimizer_type: local_random.
[2024-09-11 08:25:18,732][basic_search][INFO][html_visualizer.py:462] Please open the html file to view visualization result: file:///gyc_data/fray_data/project_hw/logs_gray_clapboard_search/history/basic_search/basic_search_2024-09-11-08-25-18-730337.html
[2024-09-11 08:25:18,733][basic_search][ERROR][generic_smbo.py:290] Exception in objective function:
Traceback (most recent call last):
  File "/gyc_data/fray_data/py38hwvenv/lib/python3.8/site-packages/openbox/utils/limit.py", line 62, in run_without_time_limit
    ret = obj_func(*obj_args, **obj_kwargs)
  File "/gyc_data/fray_data/project_hw/BO_partition3.py", line 99, in obj_func
    cost = self.black_box.get_cost_from_partitions(partitions, scan_method)
  File "/gyc_data/fray_data/project_hw/BO_partition3.py", line 60, in get_cost_from_partitions
    scan_method_cpp[i] = scan_method[i]
IndexError: list index out of range

config: Configuration(values={
  's_0': 0,
  's_1': 0,
  's_10': 0,
  's_100': 0,
  's_101': 0,
  's_102': 0,
  's_103': 0,
  's_104': 0,
  's_105': 0,
  's_106': 0,
  's_107': 0,
  's_108': 0,
  's_109': 0,
  's_11': 0,
  's_110': 0,
  's_111': 0,
  's_112': 0,
  's_113': 0,
  's_114': 0,
  's_115': 0,
  's_116': 0,
  's_117': 0,
  's_118': 0,
  's_119': 0,
  's_12': 0,
  's_120': 0,
  's_121': 0,
  's_122': 0,
  's_123': 0,
  's_124': 0,
  's_125': 0,
  's_126': 0,
  's_127': 0,
  's_128': 0,
  's_129': 0,
  's_13': 0,
  's_130': 0,
  's_131': 0,
  's_132': 0,
  's_133': 0,
  's_134': 0,
  's_135': 0,
  's_136': 0,
  's_137': 0,
  's_138': 0,
  's_139': 0,
  's_14': 0,
  's_140': 0,
  's_141': 0,
  's_142': 0,
  's_143': 0,
  's_144': 0,
  's_145': 0,
  's_146': 0,
  's_15': 0,
  's_16': 0,
  's_17': 0,
  's_18': 0,
  's_19': 0,
  's_2': 0,
  's_20': 0,
  's_21': 0,
  's_22': 0,
  's_23': 0,
  's_24': 0,
  's_25': 0,
  's_26': 0,
  's_27': 0,
  's_28': 0,
  's_29': 0,
  's_3': 0,
  's_30': 0,
  's_31': 0,
  's_32': 0,
  's_33': 0,
  's_34': 0,
  's_35': 0,
  's_36': 0,
  's_37': 0,
  's_38': 0,
  's_39': 0,
  's_4': 0,
  's_40': 0,
  's_41': 0,
  's_42': 0,
  's_43': 0,
  's_44': 0,
  's_45': 0,
  's_46': 0,
  's_47': 0,
  's_48': 0,
  's_49': 0,
  's_5': 0,
  's_50': 0,
  's_51': 0,
  's_52': 0,
  's_53': 0,
  's_54': 0,
  's_55': 0,
  's_56': 0,
  's_57': 0,
  's_58': 0,
  's_59': 0,
  's_6': 0,
  's_60': 0,
  's_61': 0,
  's_62': 0,
  's_63': 0,
  's_64': 0,
  's_65': 0,
  's_66': 0,
  's_67': 0,
  's_68': 0,
  's_69': 0,
  's_7': 0,
  's_70': 0,
  's_71': 0,
  's_72': 0,
  's_73': 0,
  's_74': 0,
  's_75': 0,
  's_76': 0,
  's_77': 0,
  's_78': 0,
  's_79': 0,
  's_8': 0,
  's_80': 0,
  's_81': 0,
  's_82': 0,
  's_83': 0,
  's_84': 0,
  's_85': 0,
  's_86': 0,
  's_87': 0,
  's_88': 0,
  's_89': 0,
  's_9': 0,
  's_90': 0,
  's_91': 0,
  's_92': 0,
  's_93': 0,
  's_94': 0,
  's_95': 0,
  's_96': 0,
  's_97': 0,
  's_98': 0,
  's_99': 0,
  'x': 1,
})

[2024-09-11 08:25:18,734][basic_search][INFO][generic_smbo.py:310] Iter 1, objectives: [inf].
[2024-09-11 08:25:18,735][basic_search][INFO][generic_smbo.py:310] Iter 2, objectives: [718188.0].
[2024-09-11 08:25:18,736][basic_search][INFO][generic_smbo.py:310] Iter 3, objectives: [792466.0].
[2024-09-11 08:25:18,775][basic_search][INFO][generic_smbo.py:310] Iter 4, objectives: [726398.0].
[2024-09-11 08:25:18,824][basic_search][INFO][generic_smbo.py:310] Iter 5, objectives: [715864.0].
[2024-09-11 08:25:18,850][basic_search][INFO][generic_smbo.py:310] Iter 6, objectives: [757099.0].
[2024-09-11 08:25:18,895][basic_search][INFO][generic_smbo.py:310] Iter 7, objectives: [779193.0].
[2024-09-11 08:25:18,900][basic_search][INFO][generic_smbo.py:310] Iter 8, objectives: [733957.0].
[2024-09-11 08:25:18,905][basic_search][INFO][generic_smbo.py:310] Iter 9, objectives: [748540.0].
[2024-09-11 08:25:18,908][basic_search][INFO][generic_smbo.py:310] Iter 10, objectives: [701869.0].
[2024-09-11 08:25:18,911][basic_search][INFO][generic_smbo.py:310] Iter 11, objectives: [726875.0].
[2024-09-11 08:25:18,915][basic_search][INFO][generic_smbo.py:310] Iter 12, objectives: [682989.0].
[2024-09-11 08:25:18,919][basic_search][INFO][generic_smbo.py:310] Iter 13, objectives: [706039.0].
[2024-09-11 08:25:18,923][basic_search][INFO][generic_smbo.py:310] Iter 14, objectives: [740259.0].
[2024-09-11 08:25:18,928][basic_search][INFO][generic_smbo.py:310] Iter 15, objectives: [736263.0].
[2024-09-11 08:25:18,932][basic_search][INFO][generic_smbo.py:310] Iter 16, objectives: [733106.0].
[2024-09-11 08:25:18,937][basic_search][INFO][generic_smbo.py:310] Iter 17, objectives: [706039.0].
[2024-09-11 08:25:18,943][basic_search][INFO][generic_smbo.py:310] Iter 18, objectives: [799467.0].
[2024-09-11 08:25:18,948][basic_search][INFO][generic_smbo.py:310] Iter 19, objectives: [743481.0].
[2024-09-11 08:25:18,954][basic_search][INFO][generic_smbo.py:310] Iter 20, objectives: [757764.0].
[2024-09-11 08:25:18,961][basic_search][WARNING][generic_advisor.py:467] No enough successful initial trials! Sample random configuration.
[2024-09-11 08:25:18,965][basic_search][INFO][generic_smbo.py:310] Iter 21, objectives: [718427.0].
[2024-09-11 08:25:22,220][basic_search][INFO][generic_smbo.py:310] Iter 22, objectives: [726875.0].
[2024-09-11 08:25:24,927][basic_search][INFO][generic_smbo.py:310] Iter 23, objectives: [726875.0].
[2024-09-11 08:25:27,927][basic_search][INFO][generic_smbo.py:310] Iter 24, objectives: [701869.0].
[2024-09-11 08:25:30,960][basic_search][INFO][generic_smbo.py:310] Iter 25, objectives: [726875.0].
[2024-09-11 08:25:34,070][basic_search][INFO][generic_smbo.py:310] Iter 26, objectives: [701869.0].
[2024-09-11 08:25:36,709][basic_search][INFO][generic_smbo.py:310] Iter 27, objectives: [733104.0].
[2024-09-11 08:25:39,459][basic_search][INFO][generic_smbo.py:310] Iter 28, objectives: [725742.0].
[2024-09-11 08:25:42,085][basic_search][INFO][generic_smbo.py:310] Iter 29, objectives: [665319.0].
[2024-09-11 08:25:45,034][basic_search][INFO][generic_smbo.py:310] Iter 30, objectives: [682989.0].
[2024-09-11 08:25:45,074][basic_search][INFO][generic_advisor.py:457] Sample random config. rand_prob=0.100000.
[2024-09-11 08:25:45,081][basic_search][ERROR][generic_smbo.py:290] Exception in objective function:
Traceback (most recent call last):
  File "/gyc_data/fray_data/py38hwvenv/lib/python3.8/site-packages/openbox/utils/limit.py", line 62, in run_without_time_limit
    ret = obj_func(*obj_args, **obj_kwargs)
  File "/gyc_data/fray_data/project_hw/BO_partition3.py", line 99, in obj_func
    cost = self.black_box.get_cost_from_partitions(partitions, scan_method)
  File "/gyc_data/fray_data/project_hw/BO_partition3.py", line 60, in get_cost_from_partitions
    scan_method_cpp[i] = scan_method[i]
IndexError: list index out of range

config: Configuration(values={
  's_0': 0,
  's_1': 1,
  's_10': 0,
  's_100': 0,
  's_101': 1,
  's_102': 1,
  's_103': 1,
  's_104': 1,
  's_105': 1,
  's_106': 0,
  's_107': 0,
  's_108': 1,
  's_109': 1,
  's_11': 1,
  's_110': 0,
  's_111': 1,
  's_112': 1,
  's_113': 0,
  's_114': 1,
  's_115': 0,
  's_116': 1,
  's_117': 1,
  's_118': 0,
  's_119': 0,
  's_12': 1,
  's_120': 0,
  's_121': 0,
  's_122': 1,
  's_123': 0,
  's_124': 0,
  's_125': 1,
  's_126': 1,
  's_127': 1,
  's_128': 0,
  's_129': 1,
  's_13': 1,
  's_130': 0,
  's_131': 0,
  's_132': 0,
  's_133': 0,
  's_134': 1,
  's_135': 1,
  's_136': 0,
  's_137': 1,
  's_138': 0,
  's_139': 1,
  's_14': 1,
  's_140': 1,
  's_141': 1,
  's_142': 0,
  's_143': 1,
  's_144': 0,
  's_145': 1,
  's_146': 1,
  's_15': 1,
  's_16': 0,
  's_17': 0,
  's_18': 1,
  's_19': 0,
  's_2': 1,
  's_20': 1,
  's_21': 1,
  's_22': 0,
  's_23': 1,
  's_24': 1,
  's_25': 1,
  's_26': 0,
  's_27': 1,
  's_28': 0,
  's_29': 1,
  's_3': 0,
  's_30': 0,
  's_31': 0,
  's_32': 1,
  's_33': 0,
  's_34': 1,
  's_35': 1,
  's_36': 1,
  's_37': 1,
  's_38': 0,
  's_39': 0,
  's_4': 0,
  's_40': 0,
  's_41': 0,
  's_42': 1,
  's_43': 0,
  's_44': 1,
  's_45': 1,
  's_46': 1,
  's_47': 0,
  's_48': 1,
  's_49': 0,
  's_5': 0,
  's_50': 0,
  's_51': 1,
  's_52': 0,
  's_53': 0,
  's_54': 1,
  's_55': 0,
  's_56': 0,
  's_57': 1,
  's_58': 1,
  's_59': 0,
  's_6': 1,
  's_60': 1,
  's_61': 1,
  's_62': 0,
  's_63': 0,
  's_64': 0,
  's_65': 1,
  's_66': 1,
  's_67': 1,
  's_68': 0,
  's_69': 0,
  's_7': 1,
  's_70': 1,
  's_71': 0,
  's_72': 1,
  's_73': 1,
  's_74': 0,
  's_75': 1,
  's_76': 0,
  's_77': 0,
  's_78': 1,
  's_79': 1,
  's_8': 0,
  's_80': 1,
  's_81': 0,
  's_82': 0,
  's_83': 0,
  's_84': 0,
  's_85': 0,
  's_86': 0,
  's_87': 1,
  's_88': 1,
  's_89': 0,
  's_9': 1,
  's_90': 1,
  's_91': 0,
  's_92': 0,
  's_93': 0,
  's_94': 1,
  's_95': 0,
  's_96': 0,
  's_97': 1,
  's_98': 0,
  's_99': 0,
  'x': 147,
})

[2024-09-11 08:25:45,082][basic_search][INFO][generic_smbo.py:310] Iter 31, objectives: [inf].
[2024-09-11 08:25:48,724][basic_search][INFO][generic_smbo.py:310] Iter 32, objectives: [792466.0].
[2024-09-11 08:25:51,691][basic_search][INFO][generic_smbo.py:310] Iter 33, objectives: [726398.0].
[2024-09-11 08:25:54,669][basic_search][INFO][generic_smbo.py:310] Iter 34, objectives: [682989.0].
[2024-09-11 08:25:54,679][basic_search][INFO][generic_advisor.py:457] Sample random config. rand_prob=0.100000.
[2024-09-11 08:25:54,683][basic_search][INFO][generic_smbo.py:310] Iter 35, objectives: [756591.0].
[2024-09-11 08:25:57,581][basic_search][INFO][generic_smbo.py:310] Iter 36, objectives: [820440.0].
[2024-09-11 08:26:00,586][basic_search][INFO][generic_smbo.py:310] Iter 37, objectives: [706039.0].
[2024-09-11 08:26:03,773][basic_search][INFO][generic_smbo.py:310] Iter 38, objectives: [752644.0].
[2024-09-11 08:26:07,040][basic_search][INFO][generic_smbo.py:310] Iter 39, objectives: [682989.0].
[2024-09-11 08:26:10,296][basic_search][INFO][generic_smbo.py:310] Iter 40, objectives: [682989.0].
[2024-09-11 08:26:13,541][basic_search][INFO][generic_smbo.py:310] Iter 41, objectives: [662153.0].
[2024-09-11 08:26:17,323][basic_search][INFO][generic_smbo.py:310] Iter 42, objectives: [769649.0].
[2024-09-11 08:26:20,199][basic_search][INFO][generic_smbo.py:310] Iter 43, objectives: [706039.0].
[2024-09-11 08:26:20,255][basic_search][INFO][generic_advisor.py:457] Sample random config. rand_prob=0.100000.
[2024-09-11 08:26:20,263][basic_search][INFO][generic_smbo.py:310] Iter 44, objectives: [678746.0].
[2024-09-11 08:26:23,133][basic_search][INFO][generic_smbo.py:310] Iter 45, objectives: [665319.0].
[2024-09-11 08:26:23,150][basic_search][INFO][generic_advisor.py:457] Sample random config. rand_prob=0.100000.
[2024-09-11 08:26:23,154][basic_search][INFO][generic_smbo.py:310] Iter 46, objectives: [712081.0].
[2024-09-11 08:26:26,100][basic_search][INFO][generic_smbo.py:310] Iter 47, objectives: [665319.0].
[2024-09-11 08:26:30,029][basic_search][INFO][generic_smbo.py:310] Iter 48, objectives: [725760.0].
[2024-09-11 08:26:34,032][basic_search][INFO][generic_smbo.py:310] Iter 49, objectives: [670851.0].
[2024-09-11 08:26:37,184][basic_search][INFO][generic_smbo.py:310] Iter 50, objectives: [662153.0].
[2024-09-11 08:26:37,198][basic_search][INFO][html_visualizer.py:96] Please open the html file to view visualization result: file:///gyc_data/fray_data/project_hw/logs_gray_clapboard_search/history/basic_search/basic_search_2024-09-11-08-25-18-730337.html
