[2024-08-22 09:24:42,948][basic_search][INFO][color_logger.py:203] Logfile: /gyc_data/fray_data/project_hw/logs_gray_clapboard_search/basic_search_2024-08-22-09-24-42-948347.log
[2024-08-22 09:24:42,964][basic_search][INFO][generic_advisor.py:231] [BO auto selection]  acq_type: ei. acq_optimizer_type: random_scipy.
[2024-08-22 09:24:42,965][basic_search][WARNING][base.py:64] [Build Surrogate] Use probabilistic random forest based on scikit-learn. For better performance, please install pyrfr: https://open-box.readthedocs.io/en/latest/installation/install_pyrfr.html
[2024-08-22 09:24:42,967][basic_search][INFO][html_visualizer.py:462] Please open the html file to view visualization result: file:///gyc_data/fray_data/project_hw/logs_gray_clapboard_search/history/basic_search/basic_search_2024-08-22-09-24-42-965546.html
[2024-08-22 09:24:42,978][basic_search][INFO][generic_smbo.py:310] Iter 1, objectives: [3513587.0].
[2024-08-22 09:24:42,987][basic_search][INFO][generic_smbo.py:310] Iter 2, objectives: [3227057.0].
[2024-08-22 09:24:42,996][basic_search][INFO][generic_smbo.py:310] Iter 3, objectives: [3546666.0].
[2024-08-22 09:24:43,005][basic_search][INFO][generic_smbo.py:310] Iter 4, objectives: [3529726.0].
[2024-08-22 09:24:43,014][basic_search][INFO][generic_smbo.py:310] Iter 5, objectives: [3708361.0].
[2024-08-22 09:24:43,023][basic_search][INFO][generic_smbo.py:310] Iter 6, objectives: [3250236.0].
[2024-08-22 09:24:43,030][basic_search][INFO][generic_smbo.py:310] Iter 7, objectives: [3008876.0].
[2024-08-22 09:24:43,039][basic_search][INFO][generic_smbo.py:310] Iter 8, objectives: [3549472.0].
[2024-08-22 09:24:43,045][basic_search][INFO][generic_smbo.py:310] Iter 9, objectives: [2010732.0].
[2024-08-22 09:24:43,054][basic_search][INFO][generic_smbo.py:310] Iter 10, objectives: [3523899.0].
[2024-08-22 09:24:43,739][basic_search][INFO][generic_smbo.py:310] Iter 11, objectives: [3937613.0].
[2024-08-22 09:24:44,448][basic_search][INFO][generic_smbo.py:310] Iter 12, objectives: [3662886.0].
[2024-08-22 09:24:45,253][basic_search][INFO][generic_smbo.py:310] Iter 13, objectives: [3662268.0].
[2024-08-22 09:24:45,913][basic_search][INFO][generic_smbo.py:310] Iter 14, objectives: [4328618.0].
[2024-08-22 09:24:46,775][basic_search][INFO][generic_smbo.py:310] Iter 15, objectives: [3147944.0].
[2024-08-22 09:24:47,480][basic_search][INFO][generic_smbo.py:310] Iter 16, objectives: [1724730.0].
[2024-08-22 09:24:48,292][basic_search][INFO][generic_smbo.py:310] Iter 17, objectives: [3508086.0].
[2024-08-22 09:24:48,965][basic_search][INFO][generic_smbo.py:310] Iter 18, objectives: [3126304.0].
[2024-08-22 09:24:49,700][basic_search][INFO][generic_smbo.py:310] Iter 19, objectives: [2274879.0].
[2024-08-22 09:24:50,467][basic_search][INFO][generic_smbo.py:310] Iter 20, objectives: [3225955.0].
[2024-08-22 09:24:51,220][basic_search][INFO][generic_smbo.py:310] Iter 21, objectives: [3616093.0].
[2024-08-22 09:24:52,023][basic_search][INFO][generic_smbo.py:310] Iter 22, objectives: [2735686.0].
[2024-08-22 09:24:52,902][basic_search][INFO][generic_smbo.py:310] Iter 23, objectives: [3285893.0].
[2024-08-22 09:24:53,588][basic_search][INFO][generic_smbo.py:310] Iter 24, objectives: [2735429.0].
[2024-08-22 09:24:54,312][basic_search][INFO][generic_smbo.py:310] Iter 25, objectives: [3559233.0].
[2024-08-22 09:24:55,132][basic_search][INFO][generic_smbo.py:310] Iter 26, objectives: [2010732.0].
[2024-08-22 09:24:55,870][basic_search][INFO][generic_smbo.py:310] Iter 27, objectives: [1655530.0].
[2024-08-22 09:24:56,576][basic_search][INFO][generic_smbo.py:310] Iter 28, objectives: [1941576.0].
[2024-08-22 09:24:57,373][basic_search][INFO][generic_smbo.py:310] Iter 29, objectives: [1964198.0].
[2024-08-22 09:24:58,222][basic_search][INFO][generic_smbo.py:310] Iter 30, objectives: [1787082.0].
[2024-08-22 09:24:58,925][basic_search][INFO][generic_smbo.py:310] Iter 31, objectives: [2306506.0].
[2024-08-22 09:24:59,750][basic_search][INFO][generic_smbo.py:310] Iter 32, objectives: [1941130.0].
[2024-08-22 09:25:00,642][basic_search][INFO][generic_smbo.py:310] Iter 33, objectives: [2363861.0].
[2024-08-22 09:25:01,471][basic_search][INFO][generic_smbo.py:310] Iter 34, objectives: [1725549.0].
[2024-08-22 09:25:01,474][basic_search][INFO][generic_advisor.py:457] Sample random config. rand_prob=0.100000.
[2024-08-22 09:25:01,484][basic_search][INFO][generic_smbo.py:310] Iter 35, objectives: [4090996.0].
[2024-08-22 09:25:02,353][basic_search][INFO][generic_smbo.py:310] Iter 36, objectives: [2575353.0].
[2024-08-22 09:25:03,218][basic_search][INFO][generic_smbo.py:310] Iter 37, objectives: [1765688.0].
[2024-08-22 09:25:04,073][basic_search][INFO][generic_smbo.py:310] Iter 38, objectives: [2141101.0].
[2024-08-22 09:25:04,953][basic_search][INFO][generic_smbo.py:310] Iter 39, objectives: [2378768.0].
[2024-08-22 09:25:05,839][basic_search][INFO][generic_smbo.py:310] Iter 40, objectives: [1645293.0].
[2024-08-22 09:25:06,534][basic_search][INFO][generic_smbo.py:310] Iter 41, objectives: [2448965.0].
[2024-08-22 09:25:07,445][basic_search][INFO][generic_smbo.py:310] Iter 42, objectives: [1951249.0].
[2024-08-22 09:25:08,402][basic_search][INFO][generic_smbo.py:310] Iter 43, objectives: [2339120.0].
[2024-08-22 09:25:09,348][basic_search][INFO][generic_smbo.py:310] Iter 44, objectives: [1977174.0].
[2024-08-22 09:25:10,121][basic_search][INFO][generic_smbo.py:310] Iter 45, objectives: [2383926.0].
[2024-08-22 09:25:10,964][basic_search][INFO][generic_smbo.py:310] Iter 46, objectives: [2256824.0].
[2024-08-22 09:25:11,822][basic_search][INFO][generic_smbo.py:310] Iter 47, objectives: [2332510.0].
[2024-08-22 09:25:12,671][basic_search][INFO][generic_smbo.py:310] Iter 48, objectives: [2546561.0].
[2024-08-22 09:25:13,534][basic_search][INFO][generic_smbo.py:310] Iter 49, objectives: [1805204.0].
[2024-08-22 09:25:14,464][basic_search][INFO][generic_smbo.py:310] Iter 50, objectives: [2119072.0].
[2024-08-22 09:25:14,534][basic_search][INFO][html_visualizer.py:96] Please open the html file to view visualization result: file:///gyc_data/fray_data/project_hw/logs_gray_clapboard_search/history/basic_search/basic_search_2024-08-22-09-24-42-965546.html
