[2024-09-05 08:00:37,989][basic_search][INFO][color_logger.py:203] Logfile: /gyc_data/fray_data/project_hw/logs_gray_clapboard_search/basic_search_2024-09-05-08-00-37-989649.log
[2024-09-05 08:00:38,007][basic_search][INFO][generic_advisor.py:231] [BO auto selection]  acq_type: ei. acq_optimizer_type: random_scipy.
[2024-09-05 08:00:38,013][basic_search][INFO][html_visualizer.py:462] Please open the html file to view visualization result: file:///gyc_data/fray_data/project_hw/logs_gray_clapboard_search/history/basic_search/basic_search_2024-09-05-08-00-38-011695.html
[2024-09-05 08:00:38,015][basic_search][INFO][generic_smbo.py:310] Iter 1, objectives: [1136356.0].
[2024-09-05 08:00:38,015][basic_search][INFO][generic_smbo.py:310] Iter 2, objectives: [893201.0].
[2024-09-05 08:00:38,016][basic_search][INFO][generic_smbo.py:310] Iter 3, objectives: [893201.0].
[2024-09-05 08:00:38,019][basic_search][INFO][generic_smbo.py:310] Iter 4, objectives: [893201.0].
[2024-09-05 08:00:38,020][basic_search][INFO][generic_smbo.py:310] Iter 5, objectives: [1001470.0].
[2024-09-05 08:00:38,020][basic_search][INFO][generic_smbo.py:310] Iter 6, objectives: [893201.0].
[2024-09-05 08:00:38,021][basic_search][INFO][generic_smbo.py:310] Iter 7, objectives: [893201.0].
[2024-09-05 08:00:38,022][basic_search][INFO][generic_smbo.py:310] Iter 8, objectives: [1063995.0].
[2024-09-05 08:00:38,023][basic_search][INFO][generic_smbo.py:310] Iter 9, objectives: [1043204.0].
[2024-09-05 08:00:38,023][basic_search][INFO][generic_smbo.py:310] Iter 10, objectives: [893201.0].
[2024-09-05 08:00:38,024][basic_search][INFO][generic_smbo.py:310] Iter 11, objectives: [893201.0].
[2024-09-05 08:00:38,025][basic_search][INFO][generic_smbo.py:310] Iter 12, objectives: [1067987.0].
[2024-09-05 08:00:38,136][basic_search][INFO][generic_smbo.py:310] Iter 13, objectives: [893201.0].
[2024-09-05 08:00:38,238][basic_search][INFO][generic_smbo.py:310] Iter 14, objectives: [1075280.0].
[2024-09-05 08:00:38,238][basic_search][INFO][generic_advisor.py:457] Sample random config. rand_prob=0.100000.
[2024-09-05 08:00:38,239][basic_search][INFO][generic_smbo.py:310] Iter 15, objectives: [1036370.0].
[2024-09-05 08:00:38,392][basic_search][INFO][generic_smbo.py:310] Iter 16, objectives: [893201.0].
[2024-09-05 08:00:38,494][basic_search][INFO][generic_smbo.py:310] Iter 17, objectives: [893201.0].
[2024-09-05 08:00:38,495][basic_search][INFO][generic_advisor.py:457] Sample random config. rand_prob=0.100000.
[2024-09-05 08:00:38,495][basic_search][INFO][generic_smbo.py:310] Iter 18, objectives: [893201.0].
[2024-09-05 08:00:38,599][basic_search][INFO][generic_smbo.py:310] Iter 19, objectives: [1097742.0].
[2024-09-05 08:00:38,699][basic_search][INFO][generic_smbo.py:310] Iter 20, objectives: [893201.0].
[2024-09-05 08:00:38,848][basic_search][INFO][generic_smbo.py:310] Iter 21, objectives: [1088753.0].
[2024-09-05 08:00:38,952][basic_search][INFO][generic_smbo.py:310] Iter 22, objectives: [893201.0].
[2024-09-05 08:00:39,055][basic_search][INFO][generic_smbo.py:310] Iter 23, objectives: [1079776.0].
[2024-09-05 08:00:39,154][basic_search][INFO][generic_smbo.py:310] Iter 24, objectives: [893201.0].
[2024-09-05 08:00:39,252][basic_search][INFO][generic_smbo.py:310] Iter 25, objectives: [893201.0].
[2024-09-05 08:00:39,417][basic_search][INFO][generic_smbo.py:310] Iter 26, objectives: [893201.0].
[2024-09-05 08:00:39,516][basic_search][INFO][generic_smbo.py:310] Iter 27, objectives: [893201.0].
[2024-09-05 08:00:39,616][basic_search][INFO][generic_smbo.py:310] Iter 28, objectives: [893201.0].
[2024-09-05 08:00:39,715][basic_search][INFO][generic_smbo.py:310] Iter 29, objectives: [893201.0].
[2024-09-05 08:00:39,867][basic_search][INFO][generic_smbo.py:310] Iter 30, objectives: [1052913.0].
[2024-09-05 08:00:39,868][basic_search][INFO][html_visualizer.py:96] Please open the html file to view visualization result: file:///gyc_data/fray_data/project_hw/logs_gray_clapboard_search/history/basic_search/basic_search_2024-09-05-08-00-38-011695.html
[2024-09-05 08:00:39,872][basic_search][INFO][history.py:765] Too many incumbents in history. Only show 5/19 of them.
