[2024-09-11 08:25:08,098][basic_search][INFO][color_logger.py:203] Logfile: /gyc_data/fray_data/project_hw/logs_gray_clapboard_search/basic_search_2024-09-11-08-25-08-097785.log
[2024-09-11 08:25:08,467][basic_search][INFO][generic_advisor.py:231] [BO auto selection]  acq_type: ei. acq_optimizer_type: local_random.
[2024-09-11 08:25:08,472][basic_search][INFO][html_visualizer.py:462] Please open the html file to view visualization result: file:///gyc_data/fray_data/project_hw/logs_gray_clapboard_search/history/basic_search/basic_search_2024-09-11-08-25-08-471061.html
[2024-09-11 08:25:08,474][basic_search][ERROR][generic_smbo.py:290] Exception in objective function:
Traceback (most recent call last):
  File "/gyc_data/fray_data/py38hwvenv/lib/python3.8/site-packages/openbox/utils/limit.py", line 62, in run_without_time_limit
    ret = obj_func(*obj_args, **obj_kwargs)
  File "/gyc_data/fray_data/project_hw/BO_partition3.py", line 99, in obj_func
    cost = self.black_box.get_cost_from_partitions(partitions, scan_method)
  File "/gyc_data/fray_data/project_hw/BO_partition3.py", line 60, in get_cost_from_partitions
    scan_method_cpp[i] = scan_method[i]
IndexError: list index out of range

config: Configuration(values={
  's_0': 0,
  's_1': 0,
  's_10': 0,
  's_100': 0,
  's_101': 0,
  's_102': 0,
  's_103': 0,
  's_104': 0,
  's_105': 0,
  's_106': 0,
  's_107': 0,
  's_108': 0,
  's_109': 0,
  's_11': 0,
  's_110': 0,
  's_111': 0,
  's_112': 0,
  's_113': 0,
  's_114': 0,
  's_115': 0,
  's_116': 0,
  's_117': 0,
  's_118': 0,
  's_119': 0,
  's_12': 0,
  's_120': 0,
  's_121': 0,
  's_122': 0,
  's_123': 0,
  's_124': 0,
  's_125': 0,
  's_126': 0,
  's_127': 0,
  's_128': 0,
  's_129': 0,
  's_13': 0,
  's_130': 0,
  's_131': 0,
  's_132': 0,
  's_133': 0,
  's_134': 0,
  's_135': 0,
  's_136': 0,
  's_137': 0,
  's_138': 0,
  's_139': 0,
  's_14': 0,
  's_140': 0,
  's_141': 0,
  's_142': 0,
  's_143': 0,
  's_144': 0,
  's_145': 0,
  's_146': 0,
  's_15': 0,
  's_16': 0,
  's_17': 0,
  's_18': 0,
  's_19': 0,
  's_2': 0,
  's_20': 0,
  's_21': 0,
  's_22': 0,
  's_23': 0,
  's_24': 0,
  's_25': 0,
  's_26': 0,
  's_27': 0,
  's_28': 0,
  's_29': 0,
  's_3': 0,
  's_30': 0,
  's_31': 0,
  's_32': 0,
  's_33': 0,
  's_34': 0,
  's_35': 0,
  's_36': 0,
  's_37': 0,
  's_38': 0,
  's_39': 0,
  's_4': 0,
  's_40': 0,
  's_41': 0,
  's_42': 0,
  's_43': 0,
  's_44': 0,
  's_45': 0,
  's_46': 0,
  's_47': 0,
  's_48': 0,
  's_49': 0,
  's_5': 0,
  's_50': 0,
  's_51': 0,
  's_52': 0,
  's_53': 0,
  's_54': 0,
  's_55': 0,
  's_56': 0,
  's_57': 0,
  's_58': 0,
  's_59': 0,
  's_6': 0,
  's_60': 0,
  's_61': 0,
  's_62': 0,
  's_63': 0,
  's_64': 0,
  's_65': 0,
  's_66': 0,
  's_67': 0,
  's_68': 0,
  's_69': 0,
  's_7': 0,
  's_70': 0,
  's_71': 0,
  's_72': 0,
  's_73': 0,
  's_74': 0,
  's_75': 0,
  's_76': 0,
  's_77': 0,
  's_78': 0,
  's_79': 0,
  's_8': 0,
  's_80': 0,
  's_81': 0,
  's_82': 0,
  's_83': 0,
  's_84': 0,
  's_85': 0,
  's_86': 0,
  's_87': 0,
  's_88': 0,
  's_89': 0,
  's_9': 0,
  's_90': 0,
  's_91': 0,
  's_92': 0,
  's_93': 0,
  's_94': 0,
  's_95': 0,
  's_96': 0,
  's_97': 0,
  's_98': 0,
  's_99': 0,
  'x': 1,
})

[2024-09-11 08:25:08,474][basic_search][INFO][generic_smbo.py:310] Iter 1, objectives: [inf].
[2024-09-11 08:25:08,475][basic_search][INFO][generic_smbo.py:310] Iter 2, objectives: [718188.0].
[2024-09-11 08:25:08,477][basic_search][INFO][generic_smbo.py:310] Iter 3, objectives: [792466.0].
[2024-09-11 08:25:08,478][basic_search][INFO][generic_smbo.py:310] Iter 4, objectives: [726398.0].
[2024-09-11 08:25:08,480][basic_search][INFO][generic_smbo.py:310] Iter 5, objectives: [715864.0].
[2024-09-11 08:25:08,482][basic_search][INFO][generic_smbo.py:310] Iter 6, objectives: [757099.0].
[2024-09-11 08:25:08,484][basic_search][INFO][generic_smbo.py:310] Iter 7, objectives: [779193.0].
[2024-09-11 08:25:08,487][basic_search][INFO][generic_smbo.py:310] Iter 8, objectives: [733957.0].
[2024-09-11 08:25:08,489][basic_search][INFO][generic_smbo.py:310] Iter 9, objectives: [748540.0].
[2024-09-11 08:25:08,493][basic_search][INFO][generic_smbo.py:310] Iter 10, objectives: [701869.0].
[2024-09-11 08:25:08,496][basic_search][INFO][html_visualizer.py:96] Please open the html file to view visualization result: file:///gyc_data/fray_data/project_hw/logs_gray_clapboard_search/history/basic_search/basic_search_2024-09-11-08-25-08-471061.html
