[2024-09-11 08:55:07,642][basic_search][INFO][color_logger.py:203] Logfile: /gyc_data/fray_data/project_hw/logs_gray_clapboard_search/basic_search_2024-09-11-08-55-07-642293.log
[2024-09-11 08:55:07,743][basic_search][WARNING][base_advisor.py:163] Cannot sample non duplicate configuration after 1000 iterations.
[2024-09-11 08:55:07,827][basic_search][WARNING][base_advisor.py:163] Cannot sample non duplicate configuration after 1000 iterations.
[2024-09-11 08:55:07,915][basic_search][WARNING][base_advisor.py:163] Cannot sample non duplicate configuration after 1000 iterations.
[2024-09-11 08:55:07,999][basic_search][WARNING][base_advisor.py:163] Cannot sample non duplicate configuration after 1000 iterations.
[2024-09-11 08:55:08,084][basic_search][WARNING][base_advisor.py:163] Cannot sample non duplicate configuration after 1000 iterations.
[2024-09-11 08:55:08,168][basic_search][WARNING][base_advisor.py:163] Cannot sample non duplicate configuration after 1000 iterations.
[2024-09-11 08:55:08,252][basic_search][WARNING][base_advisor.py:163] Cannot sample non duplicate configuration after 1000 iterations.
[2024-09-11 08:55:08,336][basic_search][WARNING][base_advisor.py:163] Cannot sample non duplicate configuration after 1000 iterations.
[2024-09-11 08:55:08,419][basic_search][WARNING][base_advisor.py:163] Cannot sample non duplicate configuration after 1000 iterations.
[2024-09-11 08:55:08,524][basic_search][WARNING][base_advisor.py:163] Cannot sample non duplicate configuration after 1000 iterations.
[2024-09-11 08:55:08,615][basic_search][WARNING][base_advisor.py:163] Cannot sample non duplicate configuration after 1000 iterations.
[2024-09-11 08:55:08,701][basic_search][WARNING][base_advisor.py:163] Cannot sample non duplicate configuration after 1000 iterations.
[2024-09-11 08:55:08,786][basic_search][WARNING][base_advisor.py:163] Cannot sample non duplicate configuration after 1000 iterations.
[2024-09-11 08:55:08,870][basic_search][WARNING][base_advisor.py:163] Cannot sample non duplicate configuration after 1000 iterations.
[2024-09-11 08:55:08,956][basic_search][WARNING][base_advisor.py:163] Cannot sample non duplicate configuration after 1000 iterations.
[2024-09-11 08:55:09,040][basic_search][WARNING][base_advisor.py:163] Cannot sample non duplicate configuration after 1000 iterations.
[2024-09-11 08:55:09,125][basic_search][WARNING][base_advisor.py:163] Cannot sample non duplicate configuration after 1000 iterations.
[2024-09-11 08:55:09,208][basic_search][WARNING][base_advisor.py:163] Cannot sample non duplicate configuration after 1000 iterations.
[2024-09-11 08:55:09,295][basic_search][WARNING][base_advisor.py:163] Cannot sample non duplicate configuration after 1000 iterations.
[2024-09-11 08:55:09,379][basic_search][WARNING][base_advisor.py:163] Cannot sample non duplicate configuration after 1000 iterations.
[2024-09-11 08:55:09,463][basic_search][WARNING][base_advisor.py:163] Cannot sample non duplicate configuration after 1000 iterations.
[2024-09-11 08:55:09,547][basic_search][WARNING][base_advisor.py:163] Cannot sample non duplicate configuration after 1000 iterations.
[2024-09-11 08:55:09,631][basic_search][WARNING][base_advisor.py:163] Cannot sample non duplicate configuration after 1000 iterations.
[2024-09-11 08:55:09,715][basic_search][WARNING][base_advisor.py:163] Cannot sample non duplicate configuration after 1000 iterations.
[2024-09-11 08:55:09,800][basic_search][WARNING][base_advisor.py:163] Cannot sample non duplicate configuration after 1000 iterations.
[2024-09-11 08:55:09,952][basic_search][WARNING][base_advisor.py:163] Cannot sample non duplicate configuration after 1000 iterations.
[2024-09-11 08:55:10,037][basic_search][WARNING][base_advisor.py:163] Cannot sample non duplicate configuration after 1000 iterations.
[2024-09-11 08:55:10,121][basic_search][WARNING][base_advisor.py:163] Cannot sample non duplicate configuration after 1000 iterations.
[2024-09-11 08:55:10,206][basic_search][WARNING][base_advisor.py:163] Cannot sample non duplicate configuration after 1000 iterations.
[2024-09-11 08:55:10,290][basic_search][WARNING][base_advisor.py:163] Cannot sample non duplicate configuration after 1000 iterations.
[2024-09-11 08:55:10,374][basic_search][WARNING][base_advisor.py:163] Cannot sample non duplicate configuration after 1000 iterations.
[2024-09-11 08:55:10,458][basic_search][WARNING][base_advisor.py:163] Cannot sample non duplicate configuration after 1000 iterations.
[2024-09-11 08:55:10,546][basic_search][WARNING][base_advisor.py:163] Cannot sample non duplicate configuration after 1000 iterations.
[2024-09-11 08:55:10,630][basic_search][WARNING][base_advisor.py:163] Cannot sample non duplicate configuration after 1000 iterations.
[2024-09-11 08:55:10,714][basic_search][WARNING][base_advisor.py:163] Cannot sample non duplicate configuration after 1000 iterations.
[2024-09-11 08:55:10,799][basic_search][WARNING][base_advisor.py:163] Cannot sample non duplicate configuration after 1000 iterations.
[2024-09-11 08:55:10,882][basic_search][WARNING][base_advisor.py:163] Cannot sample non duplicate configuration after 1000 iterations.
[2024-09-11 08:55:10,968][basic_search][WARNING][base_advisor.py:163] Cannot sample non duplicate configuration after 1000 iterations.
[2024-09-11 08:55:11,052][basic_search][WARNING][base_advisor.py:163] Cannot sample non duplicate configuration after 1000 iterations.
[2024-09-11 08:55:11,136][basic_search][WARNING][base_advisor.py:163] Cannot sample non duplicate configuration after 1000 iterations.
[2024-09-11 08:55:11,221][basic_search][WARNING][base_advisor.py:163] Cannot sample non duplicate configuration after 1000 iterations.
[2024-09-11 08:55:11,305][basic_search][WARNING][base_advisor.py:163] Cannot sample non duplicate configuration after 1000 iterations.
[2024-09-11 08:55:11,388][basic_search][WARNING][base_advisor.py:163] Cannot sample non duplicate configuration after 1000 iterations.
[2024-09-11 08:55:11,486][basic_search][WARNING][base_advisor.py:163] Cannot sample non duplicate configuration after 1000 iterations.
[2024-09-11 08:55:11,570][basic_search][WARNING][base_advisor.py:163] Cannot sample non duplicate configuration after 1000 iterations.
[2024-09-11 08:55:11,654][basic_search][WARNING][base_advisor.py:163] Cannot sample non duplicate configuration after 1000 iterations.
[2024-09-11 08:55:11,738][basic_search][WARNING][base_advisor.py:163] Cannot sample non duplicate configuration after 1000 iterations.
[2024-09-11 08:55:11,822][basic_search][WARNING][base_advisor.py:163] Cannot sample non duplicate configuration after 1000 iterations.
[2024-09-11 08:55:11,908][basic_search][WARNING][base_advisor.py:163] Cannot sample non duplicate configuration after 1000 iterations.
[2024-09-11 08:55:11,992][basic_search][WARNING][base_advisor.py:163] Cannot sample non duplicate configuration after 1000 iterations.
[2024-09-11 08:55:12,076][basic_search][WARNING][base_advisor.py:163] Cannot sample non duplicate configuration after 1000 iterations.
[2024-09-11 08:55:12,160][basic_search][WARNING][base_advisor.py:163] Cannot sample non duplicate configuration after 1000 iterations.
[2024-09-11 08:55:12,245][basic_search][WARNING][base_advisor.py:163] Cannot sample non duplicate configuration after 1000 iterations.
[2024-09-11 08:55:12,329][basic_search][WARNING][base_advisor.py:163] Cannot sample non duplicate configuration after 1000 iterations.
[2024-09-11 08:55:12,413][basic_search][WARNING][base_advisor.py:163] Cannot sample non duplicate configuration after 1000 iterations.
[2024-09-11 08:55:12,499][basic_search][WARNING][base_advisor.py:163] Cannot sample non duplicate configuration after 1000 iterations.
[2024-09-11 08:55:12,584][basic_search][WARNING][base_advisor.py:163] Cannot sample non duplicate configuration after 1000 iterations.
[2024-09-11 08:55:12,668][basic_search][WARNING][base_advisor.py:163] Cannot sample non duplicate configuration after 1000 iterations.
[2024-09-11 08:55:12,752][basic_search][WARNING][base_advisor.py:163] Cannot sample non duplicate configuration after 1000 iterations.
[2024-09-11 08:55:12,836][basic_search][WARNING][base_advisor.py:163] Cannot sample non duplicate configuration after 1000 iterations.
[2024-09-11 08:55:12,850][basic_search][INFO][generic_advisor.py:231] [BO auto selection]  acq_type: ei. acq_optimizer_type: local_random.
[2024-09-11 08:55:12,857][basic_search][INFO][html_visualizer.py:462] Please open the html file to view visualization result: file:///gyc_data/fray_data/project_hw/logs_gray_clapboard_search/history/basic_search/basic_search_2024-09-11-08-55-12-855335.html
[2024-09-11 08:55:12,859][basic_search][INFO][generic_smbo.py:310] Iter 1, objectives: [1186925.0].
[2024-09-11 08:55:12,860][basic_search][INFO][generic_smbo.py:310] Iter 2, objectives: [893201.0].
[2024-09-11 08:55:12,870][basic_search][WARNING][generic_smbo.py:268] Evaluating duplicated configuration: Configuration(values={
  's_0': 1,
  'x': 20,
})

[2024-09-11 08:55:12,871][basic_search][WARNING][history.py:242] Duplicate configuration detected!
[2024-09-11 08:55:12,871][basic_search][INFO][generic_smbo.py:310] Iter 3, objectives: [893201.0].
[2024-09-11 08:55:12,872][basic_search][INFO][generic_smbo.py:310] Iter 4, objectives: [1186925.0].
[2024-09-11 08:55:12,930][basic_search][INFO][generic_smbo.py:310] Iter 5, objectives: [893201.0].
[2024-09-11 08:55:12,931][basic_search][INFO][generic_smbo.py:310] Iter 6, objectives: [1186925.0].
[2024-09-11 08:55:13,006][basic_search][INFO][generic_smbo.py:310] Iter 7, objectives: [893201.0].
[2024-09-11 08:55:13,083][basic_search][WARNING][generic_smbo.py:268] Evaluating duplicated configuration: Configuration(values={
  's_0': 0,
  'x': 11,
})

[2024-09-11 08:55:13,083][basic_search][WARNING][history.py:242] Duplicate configuration detected!
[2024-09-11 08:55:13,084][basic_search][INFO][generic_smbo.py:310] Iter 8, objectives: [1186925.0].
[2024-09-11 08:55:13,085][basic_search][WARNING][generic_smbo.py:268] Evaluating duplicated configuration: Configuration(values={
  's_0': 0,
  'x': 11,
})

[2024-09-11 08:55:13,086][basic_search][WARNING][history.py:242] Duplicate configuration detected!
[2024-09-11 08:55:13,086][basic_search][INFO][generic_smbo.py:310] Iter 9, objectives: [1186925.0].
[2024-09-11 08:55:13,150][basic_search][INFO][generic_smbo.py:310] Iter 10, objectives: [893201.0].
[2024-09-11 08:55:13,199][basic_search][INFO][generic_smbo.py:310] Iter 11, objectives: [1186925.0].
[2024-09-11 08:55:13,260][basic_search][WARNING][generic_smbo.py:268] Evaluating duplicated configuration: Configuration(values={
  's_0': 0,
  'x': 6,
})

[2024-09-11 08:55:13,260][basic_search][WARNING][history.py:242] Duplicate configuration detected!
[2024-09-11 08:55:13,261][basic_search][INFO][generic_smbo.py:310] Iter 12, objectives: [1186925.0].
[2024-09-11 08:55:13,342][basic_search][WARNING][generic_smbo.py:268] Evaluating duplicated configuration: Configuration(values={
  's_0': 0,
  'x': 6,
})

[2024-09-11 08:55:13,343][basic_search][WARNING][history.py:242] Duplicate configuration detected!
[2024-09-11 08:55:13,343][basic_search][INFO][generic_smbo.py:310] Iter 13, objectives: [1186925.0].
[2024-09-11 08:55:13,419][basic_search][WARNING][generic_smbo.py:268] Evaluating duplicated configuration: Configuration(values={
  's_0': 1,
  'x': 15,
})

[2024-09-11 08:55:13,420][basic_search][WARNING][history.py:242] Duplicate configuration detected!
[2024-09-11 08:55:13,420][basic_search][INFO][generic_smbo.py:310] Iter 14, objectives: [893201.0].
[2024-09-11 08:55:13,471][basic_search][WARNING][generic_smbo.py:268] Evaluating duplicated configuration: Configuration(values={
  's_0': 0,
  'x': 6,
})

[2024-09-11 08:55:13,472][basic_search][WARNING][history.py:242] Duplicate configuration detected!
[2024-09-11 08:55:13,472][basic_search][INFO][generic_smbo.py:310] Iter 15, objectives: [1186925.0].
[2024-09-11 08:55:13,525][basic_search][WARNING][generic_smbo.py:268] Evaluating duplicated configuration: Configuration(values={
  's_0': 0,
  'x': 6,
})

[2024-09-11 08:55:13,526][basic_search][WARNING][history.py:242] Duplicate configuration detected!
[2024-09-11 08:55:13,526][basic_search][INFO][generic_smbo.py:310] Iter 16, objectives: [1186925.0].
[2024-09-11 08:55:13,600][basic_search][WARNING][generic_smbo.py:268] Evaluating duplicated configuration: Configuration(values={
  's_0': 0,
  'x': 6,
})

[2024-09-11 08:55:13,601][basic_search][WARNING][history.py:242] Duplicate configuration detected!
[2024-09-11 08:55:13,601][basic_search][INFO][generic_smbo.py:310] Iter 17, objectives: [1186925.0].
[2024-09-11 08:55:13,661][basic_search][INFO][generic_smbo.py:310] Iter 18, objectives: [893201.0].
[2024-09-11 08:55:13,666][basic_search][INFO][generic_smbo.py:310] Iter 19, objectives: [1186925.0].
[2024-09-11 08:55:13,668][basic_search][WARNING][generic_smbo.py:268] Evaluating duplicated configuration: Configuration(values={
  's_0': 1,
  'x': 5,
})

[2024-09-11 08:55:13,669][basic_search][WARNING][history.py:242] Duplicate configuration detected!
[2024-09-11 08:55:13,669][basic_search][INFO][generic_smbo.py:310] Iter 20, objectives: [893201.0].
[2024-09-11 08:55:13,736][basic_search][INFO][generic_smbo.py:310] Iter 21, objectives: [893201.0].
[2024-09-11 08:55:13,793][basic_search][INFO][generic_smbo.py:310] Iter 22, objectives: [893201.0].
[2024-09-11 08:55:13,920][basic_search][INFO][generic_smbo.py:310] Iter 23, objectives: [893201.0].
[2024-09-11 08:55:13,984][basic_search][INFO][generic_smbo.py:310] Iter 24, objectives: [893201.0].
[2024-09-11 08:55:14,046][basic_search][INFO][generic_smbo.py:310] Iter 25, objectives: [893201.0].
[2024-09-11 08:55:14,107][basic_search][INFO][generic_smbo.py:310] Iter 26, objectives: [893201.0].
[2024-09-11 08:55:14,167][basic_search][INFO][generic_smbo.py:310] Iter 27, objectives: [893201.0].
[2024-09-11 08:55:14,282][basic_search][INFO][generic_smbo.py:310] Iter 28, objectives: [893201.0].
[2024-09-11 08:55:14,346][basic_search][INFO][generic_smbo.py:310] Iter 29, objectives: [893201.0].
[2024-09-11 08:55:14,415][basic_search][INFO][generic_smbo.py:310] Iter 30, objectives: [893201.0].
[2024-09-11 08:55:14,482][basic_search][INFO][generic_smbo.py:310] Iter 31, objectives: [1186925.0].
[2024-09-11 08:55:14,552][basic_search][INFO][generic_smbo.py:310] Iter 32, objectives: [893201.0].
[2024-09-11 08:55:14,685][basic_search][INFO][generic_smbo.py:310] Iter 33, objectives: [893201.0].
[2024-09-11 08:55:14,686][basic_search][INFO][generic_advisor.py:457] Sample random config. rand_prob=0.100000.
[2024-09-11 08:55:14,687][basic_search][INFO][generic_smbo.py:310] Iter 34, objectives: [1186925.0].
[2024-09-11 08:55:14,688][basic_search][INFO][generic_advisor.py:457] Sample random config. rand_prob=0.100000.
[2024-09-11 08:55:14,689][basic_search][INFO][generic_smbo.py:310] Iter 35, objectives: [1186925.0].
[2024-09-11 08:55:14,752][basic_search][INFO][generic_smbo.py:310] Iter 36, objectives: [893201.0].
[2024-09-11 08:55:14,827][basic_search][INFO][generic_smbo.py:310] Iter 37, objectives: [893201.0].
[2024-09-11 08:55:14,893][basic_search][INFO][generic_smbo.py:310] Iter 38, objectives: [1186925.0].
[2024-09-11 08:55:14,959][basic_search][INFO][generic_smbo.py:310] Iter 39, objectives: [893201.0].
[2024-09-11 08:55:15,048][basic_search][INFO][generic_smbo.py:310] Iter 40, objectives: [1186925.0].
[2024-09-11 08:55:15,195][basic_search][INFO][generic_smbo.py:310] Iter 41, objectives: [1186925.0].
[2024-09-11 08:55:15,307][basic_search][INFO][generic_smbo.py:310] Iter 42, objectives: [1186925.0].
[2024-09-11 08:55:15,425][basic_search][INFO][generic_smbo.py:310] Iter 43, objectives: [1186925.0].
[2024-09-11 08:55:15,541][basic_search][INFO][generic_smbo.py:310] Iter 44, objectives: [1186925.0].
[2024-09-11 08:55:15,652][basic_search][INFO][generic_smbo.py:310] Iter 45, objectives: [1186925.0].
[2024-09-11 08:55:15,818][basic_search][INFO][generic_smbo.py:310] Iter 46, objectives: [1186925.0].
[2024-09-11 08:55:15,897][basic_search][INFO][generic_smbo.py:310] Iter 47, objectives: [1186925.0].
[2024-09-11 08:55:16,007][basic_search][INFO][generic_smbo.py:310] Iter 48, objectives: [1186925.0].
[2024-09-11 08:55:16,114][basic_search][INFO][generic_smbo.py:310] Iter 49, objectives: [1186925.0].
[2024-09-11 08:55:16,276][basic_search][INFO][generic_smbo.py:310] Iter 50, objectives: [1186925.0].
[2024-09-11 08:55:16,277][basic_search][INFO][html_visualizer.py:96] Please open the html file to view visualization result: file:///gyc_data/fray_data/project_hw/logs_gray_clapboard_search/history/basic_search/basic_search_2024-09-11-08-55-12-855335.html
[2024-09-11 08:55:16,281][basic_search][INFO][history.py:765] Too many incumbents in history. Only show 5/23 of them.
