[2024-08-22 09:29:18,635][basic_search][INFO][color_logger.py:203] Logfile: /gyc_data/fray_data/project_hw/logs_gray_clapboard_search/basic_search_2024-08-22-09-29-18-634948.log
[2024-08-22 09:29:18,657][basic_search][INFO][generic_advisor.py:231] [BO auto selection]  acq_type: ei. acq_optimizer_type: random_scipy.
[2024-08-22 09:29:18,665][basic_search][INFO][html_visualizer.py:462] Please open the html file to view visualization result: file:///gyc_data/fray_data/project_hw/logs_gray_clapboard_search/history/basic_search/basic_search_2024-08-22-09-29-18-663392.html
[2024-08-22 09:29:18,676][basic_search][INFO][generic_smbo.py:310] Iter 1, objectives: [850195.0].
[2024-08-22 09:29:18,685][basic_search][INFO][generic_smbo.py:310] Iter 2, objectives: [781317.0].
[2024-08-22 09:29:18,694][basic_search][INFO][generic_smbo.py:310] Iter 3, objectives: [858020.0].
[2024-08-22 09:29:18,702][basic_search][INFO][generic_smbo.py:310] Iter 4, objectives: [865318.0].
[2024-08-22 09:29:18,712][basic_search][INFO][generic_smbo.py:310] Iter 5, objectives: [884543.0].
[2024-08-22 09:29:18,720][basic_search][INFO][generic_smbo.py:310] Iter 6, objectives: [802304.0].
[2024-08-22 09:29:18,728][basic_search][INFO][generic_smbo.py:310] Iter 7, objectives: [734510.0].
[2024-08-22 09:29:18,737][basic_search][INFO][generic_smbo.py:310] Iter 8, objectives: [858908.0].
[2024-08-22 09:29:18,743][basic_search][INFO][generic_smbo.py:310] Iter 9, objectives: [524484.0].
[2024-08-22 09:29:18,752][basic_search][INFO][generic_smbo.py:310] Iter 10, objectives: [850155.0].
[2024-08-22 09:29:18,760][basic_search][INFO][generic_smbo.py:310] Iter 11, objectives: [700334.0].
[2024-08-22 09:29:18,770][basic_search][INFO][generic_smbo.py:310] Iter 12, objectives: [886682.0].
[2024-08-22 09:29:18,780][basic_search][INFO][generic_smbo.py:310] Iter 13, objectives: [882412.0].
[2024-08-22 09:29:18,789][basic_search][INFO][generic_smbo.py:310] Iter 14, objectives: [816589.0].
[2024-08-22 09:29:18,799][basic_search][INFO][generic_smbo.py:310] Iter 15, objectives: [841938.0].
[2024-08-22 09:29:18,805][basic_search][INFO][generic_smbo.py:310] Iter 16, objectives: [536063.0].
[2024-08-22 09:29:18,813][basic_search][INFO][generic_smbo.py:310] Iter 17, objectives: [687590.0].
[2024-08-22 09:29:18,820][basic_search][INFO][generic_smbo.py:310] Iter 18, objectives: [678585.0].
[2024-08-22 09:29:18,829][basic_search][INFO][generic_smbo.py:310] Iter 19, objectives: [713676.0].
[2024-08-22 09:29:18,839][basic_search][INFO][generic_smbo.py:310] Iter 20, objectives: [856105.0].
[2024-08-22 09:29:21,927][basic_search][INFO][generic_smbo.py:310] Iter 21, objectives: [479595.0].
[2024-08-22 09:29:26,184][basic_search][INFO][generic_smbo.py:310] Iter 22, objectives: [530331.0].
[2024-08-22 09:29:30,718][basic_search][INFO][generic_smbo.py:310] Iter 23, objectives: [465042.0].
[2024-08-22 09:29:30,720][basic_search][INFO][generic_advisor.py:457] Sample random config. rand_prob=0.100000.
[2024-08-22 09:29:30,727][basic_search][INFO][generic_smbo.py:310] Iter 24, objectives: [706877.0].
[2024-08-22 09:29:37,562][basic_search][INFO][generic_smbo.py:310] Iter 25, objectives: [481213.0].
[2024-08-22 09:29:43,190][basic_search][INFO][generic_smbo.py:310] Iter 26, objectives: [540348.0].
[2024-08-22 09:29:46,960][basic_search][INFO][generic_smbo.py:310] Iter 27, objectives: [561636.0].
[2024-08-22 09:29:51,919][basic_search][INFO][generic_smbo.py:310] Iter 28, objectives: [489133.0].
[2024-08-22 09:29:51,924][basic_search][INFO][generic_advisor.py:457] Sample random config. rand_prob=0.100000.
[2024-08-22 09:29:51,934][basic_search][INFO][generic_smbo.py:310] Iter 29, objectives: [979912.0].
[2024-08-22 09:29:56,539][basic_search][INFO][generic_smbo.py:310] Iter 30, objectives: [584884.0].
[2024-08-22 09:29:59,971][basic_search][INFO][generic_smbo.py:310] Iter 31, objectives: [541044.0].
[2024-08-22 09:30:04,811][basic_search][INFO][generic_smbo.py:310] Iter 32, objectives: [453380.0].
[2024-08-22 09:30:12,294][basic_search][INFO][generic_smbo.py:310] Iter 33, objectives: [483754.0].
[2024-08-22 09:30:17,598][basic_search][INFO][generic_smbo.py:310] Iter 34, objectives: [620053.0].
[2024-08-22 09:30:21,798][basic_search][INFO][generic_smbo.py:310] Iter 35, objectives: [555279.0].
[2024-08-22 09:30:25,639][basic_search][INFO][generic_smbo.py:310] Iter 36, objectives: [470901.0].
[2024-08-22 09:30:29,103][basic_search][INFO][generic_smbo.py:310] Iter 37, objectives: [476854.0].
[2024-08-22 09:30:33,835][basic_search][INFO][generic_smbo.py:310] Iter 38, objectives: [503274.0].
[2024-08-22 09:30:37,562][basic_search][INFO][generic_smbo.py:310] Iter 39, objectives: [568018.0].
[2024-08-22 09:30:40,895][basic_search][INFO][generic_smbo.py:310] Iter 40, objectives: [504926.0].
[2024-08-22 09:30:44,985][basic_search][INFO][generic_smbo.py:310] Iter 41, objectives: [521391.0].
[2024-08-22 09:30:49,614][basic_search][INFO][generic_smbo.py:310] Iter 42, objectives: [668730.0].
[2024-08-22 09:30:52,648][basic_search][INFO][generic_smbo.py:310] Iter 43, objectives: [413947.0].
