[2024-09-11 08:59:56,396][basic_search][INFO][color_logger.py:203] Logfile: /gyc_data/fray_data/project_hw/logs_gray_clapboard_search/basic_search_2024-09-11-08-59-56-395986.log
[2024-09-11 08:59:56,771][basic_search][INFO][generic_advisor.py:231] [BO auto selection]  acq_type: ei. acq_optimizer_type: local_random.
[2024-09-11 08:59:56,776][basic_search][INFO][html_visualizer.py:462] Please open the html file to view visualization result: file:///gyc_data/fray_data/project_hw/logs_gray_clapboard_search/history/basic_search/basic_search_2024-09-11-08-59-56-775186.html
[2024-09-11 08:59:56,778][basic_search][INFO][generic_smbo.py:310] Iter 1, objectives: [1186925.0].
[2024-09-11 08:59:56,779][basic_search][INFO][generic_smbo.py:310] Iter 2, objectives: [1136576.0].
[2024-09-11 08:59:56,872][basic_search][INFO][generic_smbo.py:310] Iter 3, objectives: [1038240.0].
[2024-09-11 08:59:56,876][basic_search][INFO][generic_smbo.py:310] Iter 4, objectives: [1099479.0].
[2024-09-11 08:59:56,880][basic_search][INFO][generic_smbo.py:310] Iter 5, objectives: [1121138.0].
[2024-09-11 08:59:56,931][basic_search][INFO][generic_smbo.py:310] Iter 6, objectives: [1070562.0].
[2024-09-11 08:59:56,937][basic_search][INFO][generic_smbo.py:310] Iter 7, objectives: [1102824.0].
[2024-09-11 08:59:56,943][basic_search][INFO][generic_smbo.py:310] Iter 8, objectives: [1142702.0].
[2024-09-11 08:59:56,946][basic_search][INFO][generic_smbo.py:310] Iter 9, objectives: [1072290.0].
[2024-09-11 08:59:56,949][basic_search][INFO][generic_smbo.py:310] Iter 10, objectives: [1119221.0].
[2024-09-11 08:59:56,952][basic_search][INFO][generic_smbo.py:310] Iter 11, objectives: [1071690.0].
[2024-09-11 08:59:56,956][basic_search][INFO][generic_smbo.py:310] Iter 12, objectives: [1174639.0].
[2024-09-11 08:59:56,960][basic_search][INFO][generic_smbo.py:310] Iter 13, objectives: [1176087.0].
[2024-09-11 08:59:56,964][basic_search][INFO][generic_smbo.py:310] Iter 14, objectives: [1063136.0].
[2024-09-11 08:59:57,018][basic_search][INFO][generic_smbo.py:310] Iter 15, objectives: [1117075.0].
[2024-09-11 08:59:57,100][basic_search][INFO][generic_smbo.py:310] Iter 16, objectives: [1126801.0].
[2024-09-11 08:59:57,105][basic_search][INFO][generic_smbo.py:310] Iter 17, objectives: [1218737.0].
[2024-09-11 08:59:57,111][basic_search][INFO][generic_smbo.py:310] Iter 18, objectives: [1073792.0].
[2024-09-11 08:59:57,116][basic_search][INFO][generic_smbo.py:310] Iter 19, objectives: [1044324.0].
[2024-09-11 08:59:57,122][basic_search][INFO][generic_smbo.py:310] Iter 20, objectives: [1152327.0].
[2024-09-11 09:00:00,234][basic_search][INFO][generic_smbo.py:310] Iter 21, objectives: [1107571.0].
[2024-09-11 09:00:02,998][basic_search][INFO][generic_smbo.py:310] Iter 22, objectives: [1099479.0].
[2024-09-11 09:00:05,870][basic_search][INFO][generic_smbo.py:310] Iter 23, objectives: [1131110.0].
[2024-09-11 09:00:08,522][basic_search][INFO][generic_smbo.py:310] Iter 24, objectives: [1110459.0].
[2024-09-11 09:00:11,616][basic_search][INFO][generic_smbo.py:310] Iter 25, objectives: [1078085.0].
[2024-09-11 09:00:14,645][basic_search][INFO][generic_smbo.py:310] Iter 26, objectives: [1073792.0].
[2024-09-11 09:00:17,622][basic_search][INFO][generic_smbo.py:310] Iter 27, objectives: [1075598.0].
[2024-09-11 09:00:20,847][basic_search][INFO][generic_smbo.py:310] Iter 28, objectives: [1044324.0].
[2024-09-11 09:00:24,057][basic_search][INFO][generic_smbo.py:310] Iter 29, objectives: [1044324.0].
[2024-09-11 09:00:27,763][basic_search][INFO][generic_smbo.py:310] Iter 30, objectives: [1044324.0].
[2024-09-11 09:00:30,637][basic_search][INFO][generic_smbo.py:310] Iter 31, objectives: [997167.0].
[2024-09-11 09:00:33,314][basic_search][INFO][generic_smbo.py:310] Iter 32, objectives: [1121546.0].
[2024-09-11 09:00:36,464][basic_search][INFO][generic_smbo.py:310] Iter 33, objectives: [1044324.0].
[2024-09-11 09:00:39,454][basic_search][INFO][generic_smbo.py:310] Iter 34, objectives: [1044324.0].
[2024-09-11 09:00:43,313][basic_search][INFO][generic_smbo.py:310] Iter 35, objectives: [1121546.0].
[2024-09-11 09:00:46,435][basic_search][INFO][generic_smbo.py:310] Iter 36, objectives: [1001732.0].
[2024-09-11 09:00:50,162][basic_search][INFO][generic_smbo.py:310] Iter 37, objectives: [1135017.0].
[2024-09-11 09:00:54,071][basic_search][INFO][generic_smbo.py:310] Iter 38, objectives: [1121546.0].
[2024-09-11 09:00:57,396][basic_search][INFO][generic_smbo.py:310] Iter 39, objectives: [1121546.0].
[2024-09-11 09:00:57,407][basic_search][INFO][generic_advisor.py:457] Sample random config. rand_prob=0.100000.
[2024-09-11 09:00:57,411][basic_search][INFO][generic_smbo.py:310] Iter 40, objectives: [1174528.0].
[2024-09-11 09:01:00,839][basic_search][INFO][generic_smbo.py:310] Iter 41, objectives: [1046544.0].
[2024-09-11 09:01:03,923][basic_search][INFO][generic_smbo.py:310] Iter 42, objectives: [1083295.0].
[2024-09-11 09:01:07,320][basic_search][INFO][generic_smbo.py:310] Iter 43, objectives: [1046544.0].
[2024-09-11 09:01:10,512][basic_search][INFO][generic_smbo.py:310] Iter 44, objectives: [1038240.0].
[2024-09-11 09:01:14,086][basic_search][INFO][generic_smbo.py:310] Iter 45, objectives: [1038240.0].
[2024-09-11 09:01:17,498][basic_search][INFO][generic_smbo.py:310] Iter 46, objectives: [1048374.0].
[2024-09-11 09:01:20,622][basic_search][INFO][generic_smbo.py:310] Iter 47, objectives: [1110360.0].
[2024-09-11 09:01:24,370][basic_search][INFO][generic_smbo.py:310] Iter 48, objectives: [1038240.0].
[2024-09-11 09:01:27,681][basic_search][INFO][generic_smbo.py:310] Iter 49, objectives: [1114925.0].
[2024-09-11 09:01:31,004][basic_search][INFO][generic_smbo.py:310] Iter 50, objectives: [997167.0].
[2024-09-11 09:01:31,019][basic_search][INFO][html_visualizer.py:96] Please open the html file to view visualization result: file:///gyc_data/fray_data/project_hw/logs_gray_clapboard_search/history/basic_search/basic_search_2024-09-11-08-59-56-775186.html
