[2024-09-05 07:45:32,272][basic_search][INFO][color_logger.py:203] Logfile: /gyc_data/fray_data/project_hw/logs_gray_clapboard_search/basic_search_2024-09-05-07-45-32-272184.log
[2024-09-05 07:45:32,317][basic_search][WARNING][base_advisor.py:163] Cannot sample non duplicate configuration after 1000 iterations.
[2024-09-05 07:45:32,359][basic_search][WARNING][base_advisor.py:163] Cannot sample non duplicate configuration after 1000 iterations.
[2024-09-05 07:45:32,401][basic_search][WARNING][base_advisor.py:163] Cannot sample non duplicate configuration after 1000 iterations.
[2024-09-05 07:45:32,442][basic_search][WARNING][base_advisor.py:163] Cannot sample non duplicate configuration after 1000 iterations.
[2024-09-05 07:45:32,485][basic_search][WARNING][base_advisor.py:163] Cannot sample non duplicate configuration after 1000 iterations.
[2024-09-05 07:45:32,526][basic_search][WARNING][base_advisor.py:163] Cannot sample non duplicate configuration after 1000 iterations.
[2024-09-05 07:45:32,568][basic_search][WARNING][base_advisor.py:163] Cannot sample non duplicate configuration after 1000 iterations.
[2024-09-05 07:45:32,610][basic_search][WARNING][base_advisor.py:163] Cannot sample non duplicate configuration after 1000 iterations.
[2024-09-05 07:45:32,652][basic_search][WARNING][base_advisor.py:163] Cannot sample non duplicate configuration after 1000 iterations.
[2024-09-05 07:45:32,694][basic_search][WARNING][base_advisor.py:163] Cannot sample non duplicate configuration after 1000 iterations.
[2024-09-05 07:45:32,736][basic_search][WARNING][base_advisor.py:163] Cannot sample non duplicate configuration after 1000 iterations.
[2024-09-05 07:45:32,778][basic_search][WARNING][base_advisor.py:163] Cannot sample non duplicate configuration after 1000 iterations.
[2024-09-05 07:45:32,819][basic_search][WARNING][base_advisor.py:163] Cannot sample non duplicate configuration after 1000 iterations.
[2024-09-05 07:45:32,861][basic_search][WARNING][base_advisor.py:163] Cannot sample non duplicate configuration after 1000 iterations.
[2024-09-05 07:45:32,904][basic_search][WARNING][base_advisor.py:163] Cannot sample non duplicate configuration after 1000 iterations.
[2024-09-05 07:45:32,946][basic_search][WARNING][base_advisor.py:163] Cannot sample non duplicate configuration after 1000 iterations.
[2024-09-05 07:45:32,990][basic_search][WARNING][base_advisor.py:163] Cannot sample non duplicate configuration after 1000 iterations.
[2024-09-05 07:45:33,032][basic_search][WARNING][base_advisor.py:163] Cannot sample non duplicate configuration after 1000 iterations.
[2024-09-05 07:45:33,075][basic_search][WARNING][base_advisor.py:163] Cannot sample non duplicate configuration after 1000 iterations.
[2024-09-05 07:45:33,121][basic_search][WARNING][base_advisor.py:163] Cannot sample non duplicate configuration after 1000 iterations.
[2024-09-05 07:45:33,165][basic_search][WARNING][base_advisor.py:163] Cannot sample non duplicate configuration after 1000 iterations.
[2024-09-05 07:45:33,209][basic_search][WARNING][base_advisor.py:163] Cannot sample non duplicate configuration after 1000 iterations.
[2024-09-05 07:45:33,252][basic_search][WARNING][base_advisor.py:163] Cannot sample non duplicate configuration after 1000 iterations.
[2024-09-05 07:45:33,295][basic_search][WARNING][base_advisor.py:163] Cannot sample non duplicate configuration after 1000 iterations.
[2024-09-05 07:45:33,338][basic_search][WARNING][base_advisor.py:163] Cannot sample non duplicate configuration after 1000 iterations.
[2024-09-05 07:45:33,380][basic_search][WARNING][base_advisor.py:163] Cannot sample non duplicate configuration after 1000 iterations.
[2024-09-05 07:45:33,423][basic_search][WARNING][base_advisor.py:163] Cannot sample non duplicate configuration after 1000 iterations.
[2024-09-05 07:45:33,465][basic_search][WARNING][base_advisor.py:163] Cannot sample non duplicate configuration after 1000 iterations.
[2024-09-05 07:45:33,508][basic_search][WARNING][base_advisor.py:163] Cannot sample non duplicate configuration after 1000 iterations.
[2024-09-05 07:45:33,551][basic_search][WARNING][base_advisor.py:163] Cannot sample non duplicate configuration after 1000 iterations.
[2024-09-05 07:45:33,593][basic_search][WARNING][base_advisor.py:163] Cannot sample non duplicate configuration after 1000 iterations.
[2024-09-05 07:45:33,636][basic_search][WARNING][base_advisor.py:163] Cannot sample non duplicate configuration after 1000 iterations.
[2024-09-05 07:45:33,679][basic_search][WARNING][base_advisor.py:163] Cannot sample non duplicate configuration after 1000 iterations.
[2024-09-05 07:45:33,722][basic_search][WARNING][base_advisor.py:163] Cannot sample non duplicate configuration after 1000 iterations.
[2024-09-05 07:45:33,764][basic_search][WARNING][base_advisor.py:163] Cannot sample non duplicate configuration after 1000 iterations.
[2024-09-05 07:45:33,807][basic_search][WARNING][base_advisor.py:163] Cannot sample non duplicate configuration after 1000 iterations.
[2024-09-05 07:45:33,849][basic_search][WARNING][base_advisor.py:163] Cannot sample non duplicate configuration after 1000 iterations.
[2024-09-05 07:45:33,892][basic_search][WARNING][base_advisor.py:163] Cannot sample non duplicate configuration after 1000 iterations.
[2024-09-05 07:45:33,936][basic_search][WARNING][base_advisor.py:163] Cannot sample non duplicate configuration after 1000 iterations.
[2024-09-05 07:45:33,978][basic_search][WARNING][base_advisor.py:163] Cannot sample non duplicate configuration after 1000 iterations.
[2024-09-05 07:45:34,021][basic_search][WARNING][base_advisor.py:163] Cannot sample non duplicate configuration after 1000 iterations.
[2024-09-05 07:45:34,064][basic_search][WARNING][base_advisor.py:163] Cannot sample non duplicate configuration after 1000 iterations.
[2024-09-05 07:45:34,107][basic_search][WARNING][base_advisor.py:163] Cannot sample non duplicate configuration after 1000 iterations.
[2024-09-05 07:45:34,150][basic_search][WARNING][base_advisor.py:163] Cannot sample non duplicate configuration after 1000 iterations.
[2024-09-05 07:45:34,193][basic_search][WARNING][base_advisor.py:163] Cannot sample non duplicate configuration after 1000 iterations.
[2024-09-05 07:45:34,236][basic_search][WARNING][base_advisor.py:163] Cannot sample non duplicate configuration after 1000 iterations.
[2024-09-05 07:45:34,278][basic_search][WARNING][base_advisor.py:163] Cannot sample non duplicate configuration after 1000 iterations.
[2024-09-05 07:45:34,321][basic_search][WARNING][base_advisor.py:163] Cannot sample non duplicate configuration after 1000 iterations.
[2024-09-05 07:45:34,364][basic_search][WARNING][base_advisor.py:163] Cannot sample non duplicate configuration after 1000 iterations.
[2024-09-05 07:45:34,407][basic_search][WARNING][base_advisor.py:163] Cannot sample non duplicate configuration after 1000 iterations.
[2024-09-05 07:45:34,450][basic_search][WARNING][base_advisor.py:163] Cannot sample non duplicate configuration after 1000 iterations.
[2024-09-05 07:45:34,493][basic_search][WARNING][base_advisor.py:163] Cannot sample non duplicate configuration after 1000 iterations.
[2024-09-05 07:45:34,535][basic_search][WARNING][base_advisor.py:163] Cannot sample non duplicate configuration after 1000 iterations.
[2024-09-05 07:45:34,578][basic_search][WARNING][base_advisor.py:163] Cannot sample non duplicate configuration after 1000 iterations.
[2024-09-05 07:45:34,621][basic_search][WARNING][base_advisor.py:163] Cannot sample non duplicate configuration after 1000 iterations.
[2024-09-05 07:45:34,664][basic_search][WARNING][base_advisor.py:163] Cannot sample non duplicate configuration after 1000 iterations.
[2024-09-05 07:45:34,707][basic_search][WARNING][base_advisor.py:163] Cannot sample non duplicate configuration after 1000 iterations.
[2024-09-05 07:45:34,750][basic_search][WARNING][base_advisor.py:163] Cannot sample non duplicate configuration after 1000 iterations.
[2024-09-05 07:45:34,792][basic_search][WARNING][base_advisor.py:163] Cannot sample non duplicate configuration after 1000 iterations.
[2024-09-05 07:45:34,835][basic_search][WARNING][base_advisor.py:163] Cannot sample non duplicate configuration after 1000 iterations.
[2024-09-05 07:45:34,878][basic_search][WARNING][base_advisor.py:163] Cannot sample non duplicate configuration after 1000 iterations.
[2024-09-05 07:45:34,921][basic_search][WARNING][base_advisor.py:163] Cannot sample non duplicate configuration after 1000 iterations.
[2024-09-05 07:45:34,964][basic_search][WARNING][base_advisor.py:163] Cannot sample non duplicate configuration after 1000 iterations.
[2024-09-05 07:45:35,007][basic_search][WARNING][base_advisor.py:163] Cannot sample non duplicate configuration after 1000 iterations.
[2024-09-05 07:45:35,049][basic_search][WARNING][base_advisor.py:163] Cannot sample non duplicate configuration after 1000 iterations.
[2024-09-05 07:45:35,092][basic_search][WARNING][base_advisor.py:163] Cannot sample non duplicate configuration after 1000 iterations.
[2024-09-05 07:45:35,135][basic_search][WARNING][base_advisor.py:163] Cannot sample non duplicate configuration after 1000 iterations.
[2024-09-05 07:45:35,178][basic_search][WARNING][base_advisor.py:163] Cannot sample non duplicate configuration after 1000 iterations.
[2024-09-05 07:45:35,220][basic_search][WARNING][base_advisor.py:163] Cannot sample non duplicate configuration after 1000 iterations.
[2024-09-05 07:45:35,263][basic_search][WARNING][base_advisor.py:163] Cannot sample non duplicate configuration after 1000 iterations.
[2024-09-05 07:45:35,306][basic_search][WARNING][base_advisor.py:163] Cannot sample non duplicate configuration after 1000 iterations.
[2024-09-05 07:45:35,348][basic_search][WARNING][base_advisor.py:163] Cannot sample non duplicate configuration after 1000 iterations.
[2024-09-05 07:45:35,391][basic_search][WARNING][base_advisor.py:163] Cannot sample non duplicate configuration after 1000 iterations.
[2024-09-05 07:45:35,434][basic_search][WARNING][base_advisor.py:163] Cannot sample non duplicate configuration after 1000 iterations.
[2024-09-05 07:45:35,477][basic_search][WARNING][base_advisor.py:163] Cannot sample non duplicate configuration after 1000 iterations.
[2024-09-05 07:45:35,519][basic_search][WARNING][base_advisor.py:163] Cannot sample non duplicate configuration after 1000 iterations.
[2024-09-05 07:45:35,562][basic_search][WARNING][base_advisor.py:163] Cannot sample non duplicate configuration after 1000 iterations.
[2024-09-05 07:45:35,605][basic_search][WARNING][base_advisor.py:163] Cannot sample non duplicate configuration after 1000 iterations.
[2024-09-05 07:45:35,647][basic_search][WARNING][base_advisor.py:163] Cannot sample non duplicate configuration after 1000 iterations.
[2024-09-05 07:45:35,690][basic_search][WARNING][base_advisor.py:163] Cannot sample non duplicate configuration after 1000 iterations.
[2024-09-05 07:45:35,733][basic_search][WARNING][base_advisor.py:163] Cannot sample non duplicate configuration after 1000 iterations.
[2024-09-05 07:45:35,776][basic_search][WARNING][base_advisor.py:163] Cannot sample non duplicate configuration after 1000 iterations.
[2024-09-05 07:45:35,818][basic_search][WARNING][base_advisor.py:163] Cannot sample non duplicate configuration after 1000 iterations.
[2024-09-05 07:45:35,861][basic_search][WARNING][base_advisor.py:163] Cannot sample non duplicate configuration after 1000 iterations.
[2024-09-05 07:45:35,904][basic_search][WARNING][base_advisor.py:163] Cannot sample non duplicate configuration after 1000 iterations.
[2024-09-05 07:45:35,947][basic_search][WARNING][base_advisor.py:163] Cannot sample non duplicate configuration after 1000 iterations.
[2024-09-05 07:45:35,992][basic_search][WARNING][base_advisor.py:163] Cannot sample non duplicate configuration after 1000 iterations.
[2024-09-05 07:45:36,042][basic_search][WARNING][base_advisor.py:163] Cannot sample non duplicate configuration after 1000 iterations.
[2024-09-05 07:45:36,096][basic_search][WARNING][base_advisor.py:163] Cannot sample non duplicate configuration after 1000 iterations.
[2024-09-05 07:45:36,159][basic_search][WARNING][base_advisor.py:163] Cannot sample non duplicate configuration after 1000 iterations.
[2024-09-05 07:45:36,171][basic_search][INFO][generic_advisor.py:231] [BO auto selection]  acq_type: ei. acq_optimizer_type: random_scipy.
[2024-09-05 07:45:36,187][basic_search][INFO][html_visualizer.py:462] Please open the html file to view visualization result: file:///gyc_data/fray_data/project_hw/logs_gray_clapboard_search/history/basic_search/basic_search_2024-09-05-07-45-36-184419.html
[2024-09-05 07:45:36,191][basic_search][INFO][generic_smbo.py:310] Iter 1, objectives: [675261.0].
