[2024-09-05 07:55:40,603][basic_search][INFO][color_logger.py:203] Logfile: /gyc_data/fray_data/project_hw/logs_gray_clapboard_search/basic_search_2024-09-05-07-55-40-603056.log
[2024-09-05 07:55:40,658][basic_search][INFO][generic_advisor.py:231] [BO auto selection]  acq_type: ei. acq_optimizer_type: random_scipy.
[2024-09-05 07:55:40,663][basic_search][INFO][html_visualizer.py:462] Please open the html file to view visualization result: file:///gyc_data/fray_data/project_hw/logs_gray_clapboard_search/history/basic_search/basic_search_2024-09-05-07-55-40-661919.html
[2024-09-05 07:55:40,665][basic_search][INFO][generic_smbo.py:310] Iter 1, objectives: [1136356.0].
[2024-09-05 07:55:40,665][basic_search][INFO][generic_smbo.py:310] Iter 2, objectives: [1014254.0].
[2024-09-05 07:55:40,666][basic_search][INFO][generic_smbo.py:310] Iter 3, objectives: [1018656.0].
[2024-09-05 07:55:40,669][basic_search][INFO][generic_smbo.py:310] Iter 4, objectives: [1046067.0].
[2024-09-05 07:55:40,670][basic_search][INFO][generic_smbo.py:310] Iter 5, objectives: [1001470.0].
[2024-09-05 07:55:40,671][basic_search][INFO][generic_smbo.py:310] Iter 6, objectives: [1010037.0].
[2024-09-05 07:55:40,671][basic_search][INFO][generic_smbo.py:310] Iter 7, objectives: [1082314.0].
[2024-09-05 07:55:40,672][basic_search][INFO][generic_smbo.py:310] Iter 8, objectives: [1063995.0].
[2024-09-05 07:55:40,673][basic_search][INFO][generic_smbo.py:310] Iter 9, objectives: [1065075.0].
[2024-09-05 07:55:40,674][basic_search][INFO][generic_smbo.py:310] Iter 10, objectives: [1063403.0].
[2024-09-05 07:55:40,674][basic_search][INFO][generic_smbo.py:310] Iter 11, objectives: [1065400.0].
[2024-09-05 07:55:40,675][basic_search][INFO][generic_smbo.py:310] Iter 12, objectives: [1036370.0].
[2024-09-05 07:55:40,780][basic_search][INFO][generic_smbo.py:310] Iter 13, objectives: [992024.0].
[2024-09-05 07:55:40,874][basic_search][INFO][generic_smbo.py:310] Iter 14, objectives: [1084346.0].
[2024-09-05 07:55:40,875][basic_search][INFO][generic_advisor.py:457] Sample random config. rand_prob=0.100000.
[2024-09-05 07:55:40,876][basic_search][INFO][generic_smbo.py:310] Iter 15, objectives: [1072247.0].
[2024-09-05 07:55:41,024][basic_search][INFO][generic_smbo.py:310] Iter 16, objectives: [1088510.0].
[2024-09-05 07:55:41,120][basic_search][INFO][generic_smbo.py:310] Iter 17, objectives: [1018413.0].
[2024-09-05 07:55:41,212][basic_search][INFO][generic_smbo.py:310] Iter 18, objectives: [1083134.0].
[2024-09-05 07:55:41,317][basic_search][INFO][generic_smbo.py:310] Iter 19, objectives: [992024.0].
[2024-09-05 07:55:41,463][basic_search][INFO][generic_smbo.py:310] Iter 20, objectives: [1010037.0].
[2024-09-05 07:55:41,566][basic_search][INFO][generic_smbo.py:310] Iter 21, objectives: [1004473.0].
[2024-09-05 07:55:41,664][basic_search][INFO][generic_smbo.py:310] Iter 22, objectives: [1085147.0].
[2024-09-05 07:55:41,760][basic_search][INFO][generic_smbo.py:310] Iter 23, objectives: [992024.0].
[2024-09-05 07:55:41,859][basic_search][INFO][generic_smbo.py:310] Iter 24, objectives: [1004473.0].
[2024-09-05 07:55:42,018][basic_search][INFO][generic_smbo.py:310] Iter 25, objectives: [1001470.0].
[2024-09-05 07:55:42,112][basic_search][INFO][generic_smbo.py:310] Iter 26, objectives: [1001470.0].
[2024-09-05 07:55:42,211][basic_search][INFO][generic_smbo.py:310] Iter 27, objectives: [1019297.0].
[2024-09-05 07:55:42,315][basic_search][INFO][generic_smbo.py:310] Iter 28, objectives: [1008089.0].
[2024-09-05 07:55:42,471][basic_search][INFO][generic_smbo.py:310] Iter 29, objectives: [1018094.0].
[2024-09-05 07:55:42,582][basic_search][INFO][generic_smbo.py:310] Iter 30, objectives: [1011729.0].
[2024-09-05 07:55:42,583][basic_search][INFO][html_visualizer.py:96] Please open the html file to view visualization result: file:///gyc_data/fray_data/project_hw/logs_gray_clapboard_search/history/basic_search/basic_search_2024-09-05-07-55-40-661919.html
