[2024-09-05 08:17:14,247][basic_search][INFO][color_logger.py:203] Logfile: /gyc_data/fray_data/project_hw/logs_gray_clapboard_search/basic_search_2024-09-05-08-17-14-247316.log
[2024-09-05 08:17:14,262][basic_search][INFO][generic_advisor.py:231] [BO auto selection]  acq_type: ei. acq_optimizer_type: random_scipy.
[2024-09-05 08:17:14,267][basic_search][INFO][html_visualizer.py:462] Please open the html file to view visualization result: file:///gyc_data/fray_data/project_hw/logs_gray_clapboard_search/history/basic_search/basic_search_2024-09-05-08-17-14-265566.html
[2024-09-05 08:17:14,273][basic_search][INFO][generic_smbo.py:310] Iter 1, objectives: [32811639.0].
[2024-09-05 08:17:14,279][basic_search][INFO][generic_smbo.py:310] Iter 2, objectives: [10556758.0].
[2024-09-05 08:17:14,285][basic_search][INFO][generic_smbo.py:310] Iter 3, objectives: [10556758.0].
[2024-09-05 08:17:14,292][basic_search][INFO][generic_smbo.py:310] Iter 4, objectives: [10556758.0].
[2024-09-05 08:17:14,298][basic_search][INFO][generic_smbo.py:310] Iter 5, objectives: [10622634.0].
[2024-09-05 08:17:14,304][basic_search][INFO][generic_smbo.py:310] Iter 6, objectives: [10556758.0].
[2024-09-05 08:17:14,310][basic_search][INFO][generic_smbo.py:310] Iter 7, objectives: [10556758.0].
[2024-09-05 08:17:14,317][basic_search][INFO][generic_smbo.py:310] Iter 8, objectives: [10529593.0].
[2024-09-05 08:17:14,323][basic_search][INFO][generic_smbo.py:310] Iter 9, objectives: [10457726.0].
[2024-09-05 08:17:14,329][basic_search][INFO][generic_smbo.py:310] Iter 10, objectives: [10556758.0].
[2024-09-05 08:17:14,336][basic_search][INFO][generic_smbo.py:310] Iter 11, objectives: [10556758.0].
[2024-09-05 08:17:14,342][basic_search][INFO][generic_smbo.py:310] Iter 12, objectives: [11042523.0].
[2024-09-05 08:17:14,464][basic_search][INFO][generic_smbo.py:310] Iter 13, objectives: [10616026.0].
[2024-09-05 08:17:14,614][basic_search][INFO][generic_smbo.py:310] Iter 14, objectives: [10609926.0].
[2024-09-05 08:17:14,615][basic_search][INFO][generic_advisor.py:457] Sample random config. rand_prob=0.100000.
[2024-09-05 08:17:14,621][basic_search][INFO][generic_smbo.py:310] Iter 15, objectives: [10413181.0].
[2024-09-05 08:17:14,725][basic_search][INFO][generic_smbo.py:310] Iter 16, objectives: [10610373.0].
[2024-09-05 08:17:14,830][basic_search][INFO][generic_smbo.py:310] Iter 17, objectives: [10649129.0].
[2024-09-05 08:17:14,949][basic_search][INFO][generic_smbo.py:310] Iter 18, objectives: [10595304.0].
[2024-09-05 08:17:15,065][basic_search][INFO][generic_smbo.py:310] Iter 19, objectives: [10620107.0].
[2024-09-05 08:17:15,066][basic_search][INFO][generic_advisor.py:457] Sample random config. rand_prob=0.100000.
[2024-09-05 08:17:15,072][basic_search][INFO][generic_smbo.py:310] Iter 20, objectives: [10556758.0].
[2024-09-05 08:17:15,245][basic_search][INFO][generic_smbo.py:310] Iter 21, objectives: [10519966.0].
[2024-09-05 08:17:15,347][basic_search][INFO][generic_smbo.py:310] Iter 22, objectives: [10605047.0].
[2024-09-05 08:17:15,464][basic_search][INFO][generic_smbo.py:310] Iter 23, objectives: [17762376.0].
[2024-09-05 08:17:15,572][basic_search][INFO][generic_smbo.py:310] Iter 24, objectives: [10503136.0].
[2024-09-05 08:17:15,754][basic_search][INFO][generic_smbo.py:310] Iter 25, objectives: [10573413.0].
[2024-09-05 08:17:15,859][basic_search][INFO][generic_smbo.py:310] Iter 26, objectives: [10500408.0].
[2024-09-05 08:17:15,967][basic_search][INFO][generic_smbo.py:310] Iter 27, objectives: [10486953.0].
[2024-09-05 08:17:16,074][basic_search][INFO][generic_smbo.py:310] Iter 28, objectives: [10393167.0].
[2024-09-05 08:17:16,182][basic_search][INFO][generic_smbo.py:310] Iter 29, objectives: [10731827.0].
[2024-09-05 08:17:16,367][basic_search][INFO][generic_smbo.py:310] Iter 30, objectives: [10625266.0].
[2024-09-05 08:17:16,477][basic_search][INFO][generic_smbo.py:310] Iter 31, objectives: [10768776.0].
[2024-09-05 08:17:16,582][basic_search][INFO][generic_smbo.py:310] Iter 32, objectives: [10401306.0].
[2024-09-05 08:17:16,696][basic_search][INFO][generic_smbo.py:310] Iter 33, objectives: [10438664.0].
[2024-09-05 08:17:16,853][basic_search][INFO][generic_smbo.py:310] Iter 34, objectives: [10707320.0].
[2024-09-05 08:17:16,957][basic_search][INFO][generic_smbo.py:310] Iter 35, objectives: [10718363.0].
[2024-09-05 08:17:17,058][basic_search][INFO][generic_smbo.py:310] Iter 36, objectives: [10736490.0].
[2024-09-05 08:17:17,167][basic_search][INFO][generic_smbo.py:310] Iter 37, objectives: [10641337.0].
[2024-09-05 08:17:17,274][basic_search][INFO][generic_smbo.py:310] Iter 38, objectives: [10846579.0].
[2024-09-05 08:17:17,437][basic_search][INFO][generic_smbo.py:310] Iter 39, objectives: [10683769.0].
[2024-09-05 08:17:17,545][basic_search][INFO][generic_smbo.py:310] Iter 40, objectives: [10959327.0].
[2024-09-05 08:17:17,652][basic_search][INFO][generic_smbo.py:310] Iter 41, objectives: [10745630.0].
[2024-09-05 08:17:17,755][basic_search][INFO][generic_smbo.py:310] Iter 42, objectives: [10790807.0].
[2024-09-05 08:17:17,912][basic_search][INFO][generic_smbo.py:310] Iter 43, objectives: [10770201.0].
[2024-09-05 08:17:18,015][basic_search][INFO][generic_smbo.py:310] Iter 44, objectives: [10774097.0].
[2024-09-05 08:17:18,132][basic_search][INFO][generic_smbo.py:310] Iter 45, objectives: [10781684.0].
[2024-09-05 08:17:18,236][basic_search][INFO][generic_smbo.py:310] Iter 46, objectives: [10813898.0].
[2024-09-05 08:17:18,341][basic_search][INFO][generic_smbo.py:310] Iter 47, objectives: [10973792.0].
[2024-09-05 08:17:18,498][basic_search][INFO][generic_smbo.py:310] Iter 48, objectives: [10981731.0].
[2024-09-05 08:17:18,604][basic_search][INFO][generic_smbo.py:310] Iter 49, objectives: [13731731.0].
[2024-09-05 08:17:18,708][basic_search][INFO][generic_smbo.py:310] Iter 50, objectives: [11387488.0].
[2024-09-05 08:17:18,710][basic_search][INFO][html_visualizer.py:96] Please open the html file to view visualization result: file:///gyc_data/fray_data/project_hw/logs_gray_clapboard_search/history/basic_search/basic_search_2024-09-05-08-17-14-265566.html
