[2024-08-22 09:30:58,157][basic_search][INFO][color_logger.py:203] Logfile: /gyc_data/fray_data/project_hw/logs_gray_clapboard_search/basic_search_2024-08-22-09-30-58-156845.log
[2024-08-22 09:30:58,207][basic_search][INFO][generic_advisor.py:231] [BO auto selection]  acq_type: ei. acq_optimizer_type: random_scipy.
[2024-08-22 09:30:58,208][basic_search][WARNING][base.py:64] [Build Surrogate] Use probabilistic random forest based on scikit-learn. For better performance, please install pyrfr: https://open-box.readthedocs.io/en/latest/installation/install_pyrfr.html
[2024-08-22 09:30:58,210][basic_search][INFO][html_visualizer.py:462] Please open the html file to view visualization result: file:///gyc_data/fray_data/project_hw/logs_gray_clapboard_search/history/basic_search/basic_search_2024-08-22-09-30-58-208706.html
[2024-08-22 09:30:58,248][basic_search][INFO][generic_smbo.py:310] Iter 1, objectives: [3857155.0].
[2024-08-22 09:30:58,285][basic_search][INFO][generic_smbo.py:310] Iter 2, objectives: [3862820.0].
[2024-08-22 09:30:58,328][basic_search][INFO][generic_smbo.py:310] Iter 3, objectives: [4358396.0].
[2024-08-22 09:30:58,365][basic_search][INFO][generic_smbo.py:310] Iter 4, objectives: [3964056.0].
[2024-08-22 09:30:58,406][basic_search][INFO][generic_smbo.py:310] Iter 5, objectives: [4245681.0].
[2024-08-22 09:30:58,444][basic_search][INFO][generic_smbo.py:310] Iter 6, objectives: [3941234.0].
[2024-08-22 09:30:58,484][basic_search][INFO][generic_smbo.py:310] Iter 7, objectives: [4056082.0].
[2024-08-22 09:30:58,522][basic_search][INFO][generic_smbo.py:310] Iter 8, objectives: [3938324.0].
[2024-08-22 09:30:58,562][basic_search][INFO][generic_smbo.py:310] Iter 9, objectives: [4033484.0].
[2024-08-22 09:30:58,600][basic_search][INFO][generic_smbo.py:310] Iter 10, objectives: [3883533.0].
[2024-08-22 09:30:58,638][basic_search][INFO][generic_smbo.py:310] Iter 11, objectives: [3657990.0].
[2024-08-22 09:30:58,674][basic_search][INFO][generic_smbo.py:310] Iter 12, objectives: [3635262.0].
[2024-08-22 09:30:58,714][basic_search][INFO][generic_smbo.py:310] Iter 13, objectives: [4003022.0].
[2024-08-22 09:30:58,751][basic_search][INFO][generic_smbo.py:310] Iter 14, objectives: [3694648.0].
[2024-08-22 09:30:58,793][basic_search][INFO][generic_smbo.py:310] Iter 15, objectives: [4117880.0].
[2024-08-22 09:30:58,837][basic_search][INFO][generic_smbo.py:310] Iter 16, objectives: [4356456.0].
[2024-08-22 09:30:58,879][basic_search][INFO][generic_smbo.py:310] Iter 17, objectives: [4112338.0].
[2024-08-22 09:30:58,921][basic_search][INFO][generic_smbo.py:310] Iter 18, objectives: [4083117.0].
[2024-08-22 09:30:58,962][basic_search][INFO][generic_smbo.py:310] Iter 19, objectives: [3944969.0].
[2024-08-22 09:30:59,000][basic_search][INFO][generic_smbo.py:310] Iter 20, objectives: [3709359.0].
[2024-08-22 09:31:03,058][basic_search][INFO][generic_smbo.py:310] Iter 21, objectives: [3948452.0].
[2024-08-22 09:31:03,063][basic_search][INFO][generic_advisor.py:457] Sample random config. rand_prob=0.100000.
[2024-08-22 09:31:03,101][basic_search][INFO][generic_smbo.py:310] Iter 22, objectives: [3969370.0].
[2024-08-22 09:31:06,363][basic_search][INFO][generic_smbo.py:310] Iter 23, objectives: [3559591.0].
[2024-08-22 09:31:11,025][basic_search][INFO][generic_smbo.py:310] Iter 24, objectives: [4009311.0].
[2024-08-22 09:31:14,481][basic_search][INFO][generic_smbo.py:310] Iter 25, objectives: [3589361.0].
[2024-08-22 09:31:18,761][basic_search][INFO][generic_smbo.py:310] Iter 26, objectives: [3590117.0].
[2024-08-22 09:31:23,304][basic_search][INFO][generic_smbo.py:310] Iter 27, objectives: [3423465.0].
[2024-08-22 09:31:27,815][basic_search][INFO][generic_smbo.py:310] Iter 28, objectives: [3674715.0].
[2024-08-22 09:31:31,663][basic_search][INFO][generic_smbo.py:310] Iter 29, objectives: [3267224.0].
[2024-08-22 09:31:36,464][basic_search][INFO][generic_smbo.py:310] Iter 30, objectives: [3887552.0].
[2024-08-22 09:31:40,755][basic_search][INFO][generic_smbo.py:310] Iter 31, objectives: [3925981.0].
[2024-08-22 09:31:45,449][basic_search][INFO][generic_smbo.py:310] Iter 32, objectives: [4147722.0].
[2024-08-22 09:31:50,404][basic_search][INFO][generic_smbo.py:310] Iter 33, objectives: [3688615.0].
[2024-08-22 09:31:54,163][basic_search][INFO][generic_smbo.py:310] Iter 34, objectives: [3795690.0].
[2024-08-22 09:31:58,109][basic_search][INFO][generic_smbo.py:310] Iter 35, objectives: [3507896.0].
[2024-08-22 09:32:01,833][basic_search][INFO][generic_smbo.py:310] Iter 36, objectives: [3468938.0].
[2024-08-22 09:32:01,922][basic_search][INFO][generic_advisor.py:457] Sample random config. rand_prob=0.100000.
[2024-08-22 09:32:01,970][basic_search][INFO][generic_smbo.py:310] Iter 37, objectives: [4226985.0].
[2024-08-22 09:32:06,374][basic_search][INFO][generic_smbo.py:310] Iter 38, objectives: [3590845.0].
[2024-08-22 09:32:11,913][basic_search][INFO][generic_smbo.py:310] Iter 39, objectives: [3861090.0].
[2024-08-22 09:32:16,420][basic_search][INFO][generic_smbo.py:310] Iter 40, objectives: [3662009.0].
[2024-08-22 09:32:21,223][basic_search][INFO][generic_smbo.py:310] Iter 41, objectives: [3331638.0].
[2024-08-22 09:32:25,727][basic_search][INFO][generic_smbo.py:310] Iter 42, objectives: [3460389.0].
[2024-08-22 09:32:25,736][basic_search][INFO][generic_advisor.py:457] Sample random config. rand_prob=0.100000.
[2024-08-22 09:32:25,773][basic_search][INFO][generic_smbo.py:310] Iter 43, objectives: [3912430.0].
[2024-08-22 09:32:30,249][basic_search][INFO][generic_smbo.py:310] Iter 44, objectives: [3415557.0].
[2024-08-22 09:32:34,240][basic_search][INFO][generic_smbo.py:310] Iter 45, objectives: [3339726.0].
[2024-08-22 09:32:38,644][basic_search][INFO][generic_smbo.py:310] Iter 46, objectives: [3408211.0].
[2024-08-22 09:32:42,818][basic_search][INFO][generic_smbo.py:310] Iter 47, objectives: [3292849.0].
[2024-08-22 09:32:42,850][basic_search][INFO][generic_advisor.py:457] Sample random config. rand_prob=0.100000.
[2024-08-22 09:32:42,900][basic_search][INFO][generic_smbo.py:310] Iter 48, objectives: [4482925.0].
[2024-08-22 09:32:47,409][basic_search][INFO][generic_smbo.py:310] Iter 49, objectives: [3430214.0].
[2024-08-22 09:32:51,959][basic_search][INFO][generic_smbo.py:310] Iter 50, objectives: [3736610.0].
[2024-08-22 09:32:51,969][basic_search][INFO][html_visualizer.py:96] Please open the html file to view visualization result: file:///gyc_data/fray_data/project_hw/logs_gray_clapboard_search/history/basic_search/basic_search_2024-08-22-09-30-58-208706.html
