[2024-08-26 07:36:18,968][basic_search][INFO][color_logger.py:203] Logfile: /gyc_data/fray_data/project_hw/logs_gray_clapboard_search/basic_search_2024-08-26-07-36-18-968289.log
[2024-08-26 07:36:18,991][basic_search][INFO][generic_advisor.py:231] [BO auto selection]  acq_type: ei. acq_optimizer_type: random_scipy.
[2024-08-26 07:36:18,992][basic_search][WARNING][base.py:64] [Build Surrogate] Use probabilistic random forest based on scikit-learn. For better performance, please install pyrfr: https://open-box.readthedocs.io/en/latest/installation/install_pyrfr.html
[2024-08-26 07:36:18,994][basic_search][INFO][html_visualizer.py:462] Please open the html file to view visualization result: file:///gyc_data/fray_data/project_hw/logs_gray_clapboard_search/history/basic_search/basic_search_2024-08-26-07-36-18-992594.html
[2024-08-26 07:36:19,004][basic_search][INFO][generic_smbo.py:310] Iter 1, objectives: [701613.0].
[2024-08-26 07:36:19,010][basic_search][INFO][generic_smbo.py:310] Iter 2, objectives: [536063.0].
[2024-08-26 07:36:19,019][basic_search][INFO][generic_smbo.py:310] Iter 3, objectives: [775049.0].
[2024-08-26 07:36:19,028][basic_search][INFO][generic_smbo.py:310] Iter 4, objectives: [915358.0].
[2024-08-26 07:36:19,037][basic_search][INFO][generic_smbo.py:310] Iter 5, objectives: [784172.0].
[2024-08-26 07:36:19,046][basic_search][INFO][generic_smbo.py:310] Iter 6, objectives: [884543.0].
[2024-08-26 07:36:19,056][basic_search][INFO][generic_smbo.py:310] Iter 7, objectives: [933636.0].
[2024-08-26 07:36:19,066][basic_search][INFO][generic_smbo.py:310] Iter 8, objectives: [850155.0].
[2024-08-26 07:36:19,075][basic_search][INFO][generic_smbo.py:310] Iter 9, objectives: [858908.0].
[2024-08-26 07:36:19,083][basic_search][INFO][generic_smbo.py:310] Iter 10, objectives: [687590.0].
[2024-08-26 07:36:19,091][basic_search][INFO][generic_smbo.py:310] Iter 11, objectives: [806684.0].
[2024-08-26 07:36:19,102][basic_search][INFO][generic_smbo.py:310] Iter 12, objectives: [911562.0].
[2024-08-26 07:36:19,109][basic_search][INFO][generic_smbo.py:310] Iter 13, objectives: [678585.0].
[2024-08-26 07:36:19,121][basic_search][INFO][generic_smbo.py:310] Iter 14, objectives: [1017790.0].
[2024-08-26 07:36:19,128][basic_search][INFO][generic_smbo.py:310] Iter 15, objectives: [643850.0].
[2024-08-26 07:36:19,134][basic_search][INFO][generic_smbo.py:310] Iter 16, objectives: [524484.0].
[2024-08-26 07:36:19,144][basic_search][INFO][generic_smbo.py:310] Iter 17, objectives: [864158.0].
[2024-08-26 07:36:19,154][basic_search][INFO][generic_smbo.py:310] Iter 18, objectives: [882533.0].
[2024-08-26 07:36:19,165][basic_search][INFO][generic_smbo.py:310] Iter 19, objectives: [882412.0].
[2024-08-26 07:36:19,172][basic_search][INFO][generic_smbo.py:310] Iter 20, objectives: [628140.0].
[2024-08-26 07:36:19,944][basic_search][INFO][generic_smbo.py:310] Iter 21, objectives: [703031.0].
[2024-08-26 07:36:19,946][basic_search][INFO][generic_advisor.py:457] Sample random config. rand_prob=0.100000.
[2024-08-26 07:36:19,954][basic_search][INFO][generic_smbo.py:310] Iter 22, objectives: [828873.0].
[2024-08-26 07:36:20,824][basic_search][INFO][generic_smbo.py:310] Iter 23, objectives: [702186.0].
[2024-08-26 07:36:21,727][basic_search][INFO][generic_smbo.py:310] Iter 24, objectives: [635611.0].
[2024-08-26 07:36:22,558][basic_search][INFO][generic_smbo.py:310] Iter 25, objectives: [828779.0].
[2024-08-26 07:36:23,503][basic_search][INFO][generic_smbo.py:310] Iter 26, objectives: [525496.0].
[2024-08-26 07:36:24,262][basic_search][INFO][generic_smbo.py:310] Iter 27, objectives: [688673.0].
[2024-08-26 07:36:25,087][basic_search][INFO][generic_smbo.py:310] Iter 28, objectives: [465501.0].
[2024-08-26 07:36:25,986][basic_search][INFO][generic_smbo.py:310] Iter 29, objectives: [536063.0].
[2024-08-26 07:36:25,989][basic_search][INFO][generic_advisor.py:457] Sample random config. rand_prob=0.100000.
[2024-08-26 07:36:25,996][basic_search][INFO][generic_smbo.py:310] Iter 30, objectives: [684909.0].
[2024-08-26 07:36:26,755][basic_search][INFO][generic_smbo.py:310] Iter 31, objectives: [629037.0].
[2024-08-26 07:36:27,554][basic_search][INFO][generic_smbo.py:310] Iter 32, objectives: [539289.0].
[2024-08-26 07:36:28,464][basic_search][INFO][generic_smbo.py:310] Iter 33, objectives: [699617.0].
[2024-08-26 07:36:29,256][basic_search][INFO][generic_smbo.py:310] Iter 34, objectives: [620915.0].
[2024-08-26 07:36:29,259][basic_search][INFO][generic_advisor.py:457] Sample random config. rand_prob=0.100000.
[2024-08-26 07:36:29,264][basic_search][INFO][generic_smbo.py:310] Iter 35, objectives: [587319.0].
[2024-08-26 07:36:30,082][basic_search][INFO][generic_smbo.py:310] Iter 36, objectives: [536063.0].
[2024-08-26 07:36:31,012][basic_search][INFO][generic_smbo.py:310] Iter 37, objectives: [624896.0].
[2024-08-26 07:36:31,860][basic_search][INFO][generic_smbo.py:310] Iter 38, objectives: [794278.0].
[2024-08-26 07:36:32,780][basic_search][INFO][generic_smbo.py:310] Iter 39, objectives: [502978.0].
[2024-08-26 07:36:33,674][basic_search][INFO][generic_smbo.py:310] Iter 40, objectives: [567478.0].
[2024-08-26 07:36:33,678][basic_search][INFO][generic_advisor.py:457] Sample random config. rand_prob=0.100000.
[2024-08-26 07:36:33,686][basic_search][INFO][generic_smbo.py:310] Iter 41, objectives: [797486.0].
[2024-08-26 07:36:34,563][basic_search][INFO][generic_smbo.py:310] Iter 42, objectives: [503151.0].
[2024-08-26 07:36:35,562][basic_search][INFO][generic_smbo.py:310] Iter 43, objectives: [495171.0].
[2024-08-26 07:36:36,539][basic_search][INFO][generic_smbo.py:310] Iter 44, objectives: [636918.0].
[2024-08-26 07:36:37,362][basic_search][INFO][generic_smbo.py:310] Iter 45, objectives: [488071.0].
[2024-08-26 07:36:38,258][basic_search][INFO][generic_smbo.py:310] Iter 46, objectives: [633025.0].
[2024-08-26 07:36:39,220][basic_search][INFO][generic_smbo.py:310] Iter 47, objectives: [702750.0].
[2024-08-26 07:36:39,946][basic_search][INFO][generic_smbo.py:310] Iter 48, objectives: [825805.0].
[2024-08-26 07:36:40,741][basic_search][INFO][generic_smbo.py:310] Iter 49, objectives: [688440.0].
[2024-08-26 07:36:40,744][basic_search][INFO][generic_advisor.py:457] Sample random config. rand_prob=0.100000.
[2024-08-26 07:36:40,752][basic_search][INFO][generic_smbo.py:310] Iter 50, objectives: [763405.0].
[2024-08-26 07:36:41,623][basic_search][INFO][generic_smbo.py:310] Iter 51, objectives: [485358.0].
[2024-08-26 07:36:42,444][basic_search][INFO][generic_smbo.py:310] Iter 52, objectives: [472277.0].
[2024-08-26 07:36:43,496][basic_search][INFO][generic_smbo.py:310] Iter 53, objectives: [689156.0].
[2024-08-26 07:36:44,410][basic_search][INFO][generic_smbo.py:310] Iter 54, objectives: [567777.0].
[2024-08-26 07:36:45,242][basic_search][INFO][generic_smbo.py:310] Iter 55, objectives: [762004.0].
[2024-08-26 07:36:46,164][basic_search][INFO][generic_smbo.py:310] Iter 56, objectives: [470344.0].
[2024-08-26 07:36:46,884][basic_search][INFO][generic_smbo.py:310] Iter 57, objectives: [613335.0].
[2024-08-26 07:36:47,825][basic_search][INFO][generic_smbo.py:310] Iter 58, objectives: [577510.0].
[2024-08-26 07:36:49,026][basic_search][INFO][generic_smbo.py:310] Iter 59, objectives: [706319.0].
[2024-08-26 07:36:50,143][basic_search][INFO][generic_smbo.py:310] Iter 60, objectives: [532438.0].
