[2024-09-05 07:54:11,043][basic_search][INFO][color_logger.py:203] Logfile: /gyc_data/fray_data/project_hw/logs_gray_clapboard_search/basic_search_2024-09-05-07-54-11-043167.log
[2024-09-05 07:54:11,118][basic_search][INFO][generic_advisor.py:231] [BO auto selection]  acq_type: ei. acq_optimizer_type: random_scipy.
[2024-09-05 07:54:11,130][basic_search][INFO][html_visualizer.py:462] Please open the html file to view visualization result: file:///gyc_data/fray_data/project_hw/logs_gray_clapboard_search/history/basic_search/basic_search_2024-09-05-07-54-11-124869.html
[2024-09-05 07:54:11,135][basic_search][INFO][generic_smbo.py:310] Iter 1, objectives: [675261.0].
[2024-09-05 07:54:11,137][basic_search][INFO][generic_smbo.py:310] Iter 2, objectives: [757099.0].
[2024-09-05 07:54:11,139][basic_search][INFO][generic_smbo.py:310] Iter 3, objectives: [728197.0].
[2024-09-05 07:54:11,144][basic_search][INFO][generic_smbo.py:310] Iter 4, objectives: [751409.0].
[2024-09-05 07:54:11,146][basic_search][INFO][generic_smbo.py:310] Iter 5, objectives: [726398.0].
[2024-09-05 07:54:11,149][basic_search][INFO][generic_smbo.py:310] Iter 6, objectives: [740262.0].
[2024-09-05 07:54:11,152][basic_search][INFO][generic_smbo.py:310] Iter 7, objectives: [684602.0].
[2024-09-05 07:54:11,155][basic_search][INFO][generic_smbo.py:310] Iter 8, objectives: [774681.0].
[2024-09-05 07:54:11,158][basic_search][INFO][generic_smbo.py:310] Iter 9, objectives: [788257.0].
[2024-09-05 07:54:11,162][basic_search][INFO][generic_smbo.py:310] Iter 10, objectives: [645841.0].
[2024-09-05 07:54:11,166][basic_search][INFO][generic_smbo.py:310] Iter 11, objectives: [781159.0].
[2024-09-05 07:54:11,170][basic_search][INFO][generic_smbo.py:310] Iter 12, objectives: [745915.0].
[2024-09-05 07:54:11,342][basic_search][INFO][generic_smbo.py:310] Iter 13, objectives: [660319.0].
[2024-09-05 07:54:11,496][basic_search][INFO][generic_smbo.py:310] Iter 14, objectives: [743905.0].
[2024-09-05 07:54:11,693][basic_search][INFO][generic_smbo.py:310] Iter 15, objectives: [737809.0].
[2024-09-05 07:54:11,834][basic_search][INFO][generic_smbo.py:310] Iter 16, objectives: [702161.0].
[2024-09-05 07:54:11,839][basic_search][INFO][generic_advisor.py:457] Sample random config. rand_prob=0.100000.
[2024-09-05 07:54:11,839][basic_search][INFO][generic_smbo.py:310] Iter 17, objectives: [770570.0].
[2024-09-05 07:54:11,989][basic_search][INFO][generic_smbo.py:310] Iter 18, objectives: [720776.0].
[2024-09-05 07:54:12,145][basic_search][INFO][generic_smbo.py:310] Iter 19, objectives: [728149.0].
[2024-09-05 07:54:12,305][basic_search][INFO][generic_smbo.py:310] Iter 20, objectives: [693401.0].
[2024-09-05 07:54:12,512][basic_search][INFO][generic_smbo.py:310] Iter 21, objectives: [673350.0].
[2024-09-05 07:54:12,660][basic_search][INFO][generic_smbo.py:310] Iter 22, objectives: [664095.0].
[2024-09-05 07:54:12,813][basic_search][INFO][generic_smbo.py:310] Iter 23, objectives: [664095.0].
[2024-09-05 07:54:12,820][basic_search][INFO][generic_advisor.py:457] Sample random config. rand_prob=0.100000.
[2024-09-05 07:54:12,821][basic_search][INFO][generic_smbo.py:310] Iter 24, objectives: [785914.0].
[2024-09-05 07:54:12,967][basic_search][INFO][generic_smbo.py:310] Iter 25, objectives: [668807.0].
[2024-09-05 07:54:13,184][basic_search][INFO][generic_smbo.py:310] Iter 26, objectives: [694038.0].
[2024-09-05 07:54:13,341][basic_search][INFO][generic_smbo.py:310] Iter 27, objectives: [639254.0].
[2024-09-05 07:54:13,494][basic_search][INFO][generic_smbo.py:310] Iter 28, objectives: [671306.0].
[2024-09-05 07:54:13,655][basic_search][INFO][generic_smbo.py:310] Iter 29, objectives: [694370.0].
[2024-09-05 07:54:13,663][basic_search][INFO][generic_advisor.py:457] Sample random config. rand_prob=0.100000.
[2024-09-05 07:54:13,664][basic_search][INFO][generic_smbo.py:310] Iter 30, objectives: [743258.0].
[2024-09-05 07:54:13,672][basic_search][INFO][html_visualizer.py:96] Please open the html file to view visualization result: file:///gyc_data/fray_data/project_hw/logs_gray_clapboard_search/history/basic_search/basic_search_2024-09-05-07-54-11-124869.html
