[2024-08-26 07:28:29,373][basic_search][INFO][color_logger.py:203] Logfile: /gyc_data/fray_data/project_hw/logs_gray_clapboard_search/basic_search_2024-08-26-07-28-29-373191.log
[2024-08-26 07:28:29,396][basic_search][INFO][generic_advisor.py:231] [BO auto selection]  acq_type: ei. acq_optimizer_type: random_scipy.
[2024-08-26 07:28:29,397][basic_search][WARNING][base.py:64] [Build Surrogate] Use probabilistic random forest based on scikit-learn. For better performance, please install pyrfr: https://open-box.readthedocs.io/en/latest/installation/install_pyrfr.html
[2024-08-26 07:28:29,399][basic_search][INFO][html_visualizer.py:462] Please open the html file to view visualization result: file:///gyc_data/fray_data/project_hw/logs_gray_clapboard_search/history/basic_search/basic_search_2024-08-26-07-28-29-397641.html
[2024-08-26 07:28:29,409][basic_search][INFO][generic_smbo.py:310] Iter 1, objectives: [701613.0].
[2024-08-26 07:28:29,416][basic_search][INFO][generic_smbo.py:310] Iter 2, objectives: [536063.0].
[2024-08-26 07:28:29,424][basic_search][INFO][generic_smbo.py:310] Iter 3, objectives: [775049.0].
[2024-08-26 07:28:29,433][basic_search][INFO][generic_smbo.py:310] Iter 4, objectives: [915358.0].
[2024-08-26 07:28:29,442][basic_search][INFO][generic_smbo.py:310] Iter 5, objectives: [784172.0].
[2024-08-26 07:28:29,451][basic_search][INFO][generic_smbo.py:310] Iter 6, objectives: [884543.0].
[2024-08-26 07:28:29,461][basic_search][INFO][generic_smbo.py:310] Iter 7, objectives: [933636.0].
[2024-08-26 07:28:29,470][basic_search][INFO][generic_smbo.py:310] Iter 8, objectives: [850155.0].
[2024-08-26 07:28:29,480][basic_search][INFO][generic_smbo.py:310] Iter 9, objectives: [858908.0].
[2024-08-26 07:28:29,487][basic_search][INFO][generic_smbo.py:310] Iter 10, objectives: [687590.0].
[2024-08-26 07:28:29,496][basic_search][INFO][generic_smbo.py:310] Iter 11, objectives: [806684.0].
[2024-08-26 07:28:29,506][basic_search][INFO][generic_smbo.py:310] Iter 12, objectives: [911562.0].
[2024-08-26 07:28:29,513][basic_search][INFO][generic_smbo.py:310] Iter 13, objectives: [678585.0].
[2024-08-26 07:28:29,525][basic_search][INFO][generic_smbo.py:310] Iter 14, objectives: [1017790.0].
[2024-08-26 07:28:29,532][basic_search][INFO][generic_smbo.py:310] Iter 15, objectives: [643850.0].
[2024-08-26 07:28:29,538][basic_search][INFO][generic_smbo.py:310] Iter 16, objectives: [524484.0].
[2024-08-26 07:28:29,548][basic_search][INFO][generic_smbo.py:310] Iter 17, objectives: [864158.0].
[2024-08-26 07:28:29,558][basic_search][INFO][generic_smbo.py:310] Iter 18, objectives: [882533.0].
[2024-08-26 07:28:29,568][basic_search][INFO][generic_smbo.py:310] Iter 19, objectives: [882412.0].
[2024-08-26 07:28:29,576][basic_search][INFO][generic_smbo.py:310] Iter 20, objectives: [628140.0].
[2024-08-26 07:28:30,344][basic_search][INFO][generic_smbo.py:310] Iter 21, objectives: [703031.0].
[2024-08-26 07:28:30,346][basic_search][INFO][generic_advisor.py:457] Sample random config. rand_prob=0.100000.
[2024-08-26 07:28:30,354][basic_search][INFO][generic_smbo.py:310] Iter 22, objectives: [828873.0].
[2024-08-26 07:28:31,225][basic_search][INFO][generic_smbo.py:310] Iter 23, objectives: [702186.0].
[2024-08-26 07:28:32,119][basic_search][INFO][generic_smbo.py:310] Iter 24, objectives: [635611.0].
[2024-08-26 07:28:32,944][basic_search][INFO][generic_smbo.py:310] Iter 25, objectives: [828779.0].
[2024-08-26 07:28:33,880][basic_search][INFO][generic_smbo.py:310] Iter 26, objectives: [525496.0].
[2024-08-26 07:28:34,640][basic_search][INFO][generic_smbo.py:310] Iter 27, objectives: [688673.0].
[2024-08-26 07:28:35,466][basic_search][INFO][generic_smbo.py:310] Iter 28, objectives: [465501.0].
[2024-08-26 07:28:36,361][basic_search][INFO][generic_smbo.py:310] Iter 29, objectives: [536063.0].
[2024-08-26 07:28:36,364][basic_search][INFO][generic_advisor.py:457] Sample random config. rand_prob=0.100000.
[2024-08-26 07:28:36,371][basic_search][INFO][generic_smbo.py:310] Iter 30, objectives: [684909.0].
[2024-08-26 07:28:37,122][basic_search][INFO][generic_smbo.py:310] Iter 31, objectives: [629037.0].
[2024-08-26 07:28:37,914][basic_search][INFO][generic_smbo.py:310] Iter 32, objectives: [539289.0].
[2024-08-26 07:28:38,814][basic_search][INFO][generic_smbo.py:310] Iter 33, objectives: [699617.0].
[2024-08-26 07:28:39,606][basic_search][INFO][generic_smbo.py:310] Iter 34, objectives: [620915.0].
[2024-08-26 07:28:39,608][basic_search][INFO][generic_advisor.py:457] Sample random config. rand_prob=0.100000.
[2024-08-26 07:28:39,614][basic_search][INFO][generic_smbo.py:310] Iter 35, objectives: [587319.0].
[2024-08-26 07:28:40,430][basic_search][INFO][generic_smbo.py:310] Iter 36, objectives: [536063.0].
[2024-08-26 07:28:41,346][basic_search][INFO][generic_smbo.py:310] Iter 37, objectives: [624896.0].
[2024-08-26 07:28:42,186][basic_search][INFO][generic_smbo.py:310] Iter 38, objectives: [794278.0].
[2024-08-26 07:28:43,097][basic_search][INFO][generic_smbo.py:310] Iter 39, objectives: [502978.0].
[2024-08-26 07:28:43,983][basic_search][INFO][generic_smbo.py:310] Iter 40, objectives: [567478.0].
[2024-08-26 07:28:43,987][basic_search][INFO][generic_advisor.py:457] Sample random config. rand_prob=0.100000.
[2024-08-26 07:28:43,995][basic_search][INFO][generic_smbo.py:310] Iter 41, objectives: [797486.0].
[2024-08-26 07:28:44,864][basic_search][INFO][generic_smbo.py:310] Iter 42, objectives: [503151.0].
[2024-08-26 07:28:45,861][basic_search][INFO][generic_smbo.py:310] Iter 43, objectives: [495171.0].
[2024-08-26 07:28:46,833][basic_search][INFO][generic_smbo.py:310] Iter 44, objectives: [636918.0].
[2024-08-26 07:28:47,646][basic_search][INFO][generic_smbo.py:310] Iter 45, objectives: [488071.0].
[2024-08-26 07:28:48,532][basic_search][INFO][generic_smbo.py:310] Iter 46, objectives: [633025.0].
[2024-08-26 07:28:49,405][basic_search][INFO][generic_smbo.py:310] Iter 47, objectives: [702750.0].
[2024-08-26 07:28:50,131][basic_search][INFO][generic_smbo.py:310] Iter 48, objectives: [825805.0].
[2024-08-26 07:28:50,928][basic_search][INFO][generic_smbo.py:310] Iter 49, objectives: [688440.0].
[2024-08-26 07:28:50,932][basic_search][INFO][generic_advisor.py:457] Sample random config. rand_prob=0.100000.
[2024-08-26 07:28:50,940][basic_search][INFO][generic_smbo.py:310] Iter 50, objectives: [763405.0].
[2024-08-26 07:28:51,799][basic_search][INFO][generic_smbo.py:310] Iter 51, objectives: [485358.0].
[2024-08-26 07:28:52,621][basic_search][INFO][generic_smbo.py:310] Iter 52, objectives: [472277.0].
[2024-08-26 07:28:53,535][basic_search][INFO][generic_smbo.py:310] Iter 53, objectives: [689156.0].
[2024-08-26 07:28:54,583][basic_search][INFO][generic_smbo.py:310] Iter 54, objectives: [567777.0].
[2024-08-26 07:28:55,411][basic_search][INFO][generic_smbo.py:310] Iter 55, objectives: [762004.0].
[2024-08-26 07:28:56,327][basic_search][INFO][generic_smbo.py:310] Iter 56, objectives: [470344.0].
[2024-08-26 07:28:57,034][basic_search][INFO][generic_smbo.py:310] Iter 57, objectives: [613335.0].
[2024-08-26 07:28:57,961][basic_search][INFO][generic_smbo.py:310] Iter 58, objectives: [577510.0].
[2024-08-26 07:28:58,967][basic_search][INFO][generic_smbo.py:310] Iter 59, objectives: [706319.0].
[2024-08-26 07:29:00,085][basic_search][INFO][generic_smbo.py:310] Iter 60, objectives: [532438.0].
[2024-08-26 07:29:00,909][basic_search][INFO][generic_smbo.py:310] Iter 61, objectives: [484632.0].
[2024-08-26 07:29:00,913][basic_search][INFO][generic_advisor.py:457] Sample random config. rand_prob=0.100000.
[2024-08-26 07:29:00,919][basic_search][INFO][generic_smbo.py:310] Iter 62, objectives: [600721.0].
[2024-08-26 07:29:01,798][basic_search][INFO][generic_smbo.py:310] Iter 63, objectives: [679237.0].
[2024-08-26 07:29:02,742][basic_search][INFO][generic_smbo.py:310] Iter 64, objectives: [562134.0].
[2024-08-26 07:29:03,616][basic_search][INFO][generic_smbo.py:310] Iter 65, objectives: [566087.0].
[2024-08-26 07:29:04,793][basic_search][INFO][generic_smbo.py:310] Iter 66, objectives: [470344.0].
[2024-08-26 07:29:05,788][basic_search][INFO][generic_smbo.py:310] Iter 67, objectives: [702231.0].
[2024-08-26 07:29:06,782][basic_search][INFO][generic_smbo.py:310] Iter 68, objectives: [497791.0].
[2024-08-26 07:29:07,782][basic_search][INFO][generic_smbo.py:310] Iter 69, objectives: [457407.0].
[2024-08-26 07:29:08,574][basic_search][INFO][generic_smbo.py:310] Iter 70, objectives: [605120.0].
[2024-08-26 07:29:08,579][basic_search][INFO][generic_advisor.py:457] Sample random config. rand_prob=0.100000.
[2024-08-26 07:29:08,584][basic_search][INFO][generic_smbo.py:310] Iter 71, objectives: [501405.0].
[2024-08-26 07:29:09,466][basic_search][INFO][generic_smbo.py:310] Iter 72, objectives: [532838.0].
[2024-08-26 07:29:10,259][basic_search][INFO][generic_smbo.py:310] Iter 73, objectives: [481756.0].
[2024-08-26 07:29:11,339][basic_search][INFO][generic_smbo.py:310] Iter 74, objectives: [615659.0].
[2024-08-26 07:29:12,372][basic_search][INFO][generic_smbo.py:310] Iter 75, objectives: [619592.0].
[2024-08-26 07:29:13,174][basic_search][INFO][generic_smbo.py:310] Iter 76, objectives: [565426.0].
[2024-08-26 07:29:14,247][basic_search][INFO][generic_smbo.py:310] Iter 77, objectives: [732569.0].
[2024-08-26 07:29:14,397][basic_search][INFO][generic_advisor.py:457] Sample random config. rand_prob=0.100000.
[2024-08-26 07:29:14,417][basic_search][INFO][generic_smbo.py:310] Iter 78, objectives: [822767.0].
[2024-08-26 07:29:15,542][basic_search][INFO][generic_smbo.py:310] Iter 79, objectives: [497840.0].
[2024-08-26 07:29:16,566][basic_search][INFO][generic_smbo.py:310] Iter 80, objectives: [539224.0].
[2024-08-26 07:29:17,449][basic_search][INFO][generic_smbo.py:310] Iter 81, objectives: [466974.0].
[2024-08-26 07:29:18,482][basic_search][INFO][generic_smbo.py:310] Iter 82, objectives: [441154.0].
[2024-08-26 07:29:19,327][basic_search][INFO][generic_smbo.py:310] Iter 83, objectives: [632793.0].
[2024-08-26 07:29:20,437][basic_search][INFO][generic_smbo.py:310] Iter 84, objectives: [650904.0].
[2024-08-26 07:29:21,206][basic_search][INFO][generic_smbo.py:310] Iter 85, objectives: [441154.0].
[2024-08-26 07:29:22,045][basic_search][INFO][generic_smbo.py:310] Iter 86, objectives: [522976.0].
[2024-08-26 07:29:23,136][basic_search][INFO][generic_smbo.py:310] Iter 87, objectives: [516021.0].
[2024-08-26 07:29:24,035][basic_search][INFO][generic_smbo.py:310] Iter 88, objectives: [555585.0].
[2024-08-26 07:29:25,076][basic_search][INFO][generic_smbo.py:310] Iter 89, objectives: [577877.0].
[2024-08-26 07:29:25,942][basic_search][INFO][generic_smbo.py:310] Iter 90, objectives: [562507.0].
[2024-08-26 07:29:26,848][basic_search][INFO][generic_smbo.py:310] Iter 91, objectives: [753251.0].
[2024-08-26 07:29:27,830][basic_search][INFO][generic_smbo.py:310] Iter 92, objectives: [679300.0].
[2024-08-26 07:29:28,813][basic_search][INFO][generic_smbo.py:310] Iter 93, objectives: [588997.0].
[2024-08-26 07:29:29,738][basic_search][INFO][generic_smbo.py:310] Iter 94, objectives: [541290.0].
[2024-08-26 07:29:30,594][basic_search][INFO][generic_smbo.py:310] Iter 95, objectives: [453738.0].
[2024-08-26 07:29:31,438][basic_search][INFO][generic_smbo.py:310] Iter 96, objectives: [710916.0].
[2024-08-26 07:29:32,279][basic_search][INFO][generic_smbo.py:310] Iter 97, objectives: [430034.0].
[2024-08-26 07:29:33,095][basic_search][INFO][generic_smbo.py:310] Iter 98, objectives: [607929.0].
[2024-08-26 07:29:34,150][basic_search][INFO][generic_smbo.py:310] Iter 99, objectives: [488272.0].
[2024-08-26 07:29:35,103][basic_search][INFO][generic_smbo.py:310] Iter 100, objectives: [442618.0].
[2024-08-26 07:29:35,109][basic_search][INFO][html_visualizer.py:96] Please open the html file to view visualization result: file:///gyc_data/fray_data/project_hw/logs_gray_clapboard_search/history/basic_search/basic_search_2024-08-26-07-28-29-397641.html
