[2024-08-28 07:22:12,207][basic_search][INFO][color_logger.py:203] Logfile: /gyc_data/fray_data/project_hw/logs_gray_clapboard_search/basic_search_2024-08-28-07-22-12-207543.log
[2024-08-28 07:22:12,322][basic_search][INFO][generic_advisor.py:231] [BO auto selection]  acq_type: ei. acq_optimizer_type: random_scipy.
[2024-08-28 07:22:12,327][basic_search][INFO][html_visualizer.py:462] Please open the html file to view visualization result: file:///gyc_data/fray_data/project_hw/logs_gray_clapboard_search/history/basic_search/basic_search_2024-08-28-07-22-12-325759.html
[2024-08-28 07:22:12,334][basic_search][INFO][generic_smbo.py:310] Iter 1, objectives: [643344.0].
[2024-08-28 07:22:12,375][basic_search][INFO][generic_smbo.py:310] Iter 2, objectives: [4069798.0].
[2024-08-28 07:22:12,413][basic_search][INFO][generic_smbo.py:310] Iter 3, objectives: [3958418.0].
[2024-08-28 07:22:12,453][basic_search][INFO][generic_smbo.py:310] Iter 4, objectives: [4017912.0].
[2024-08-28 07:22:12,494][basic_search][INFO][generic_smbo.py:310] Iter 5, objectives: [4150905.0].
[2024-08-28 07:22:12,529][basic_search][INFO][generic_smbo.py:310] Iter 6, objectives: [3604077.0].
[2024-08-28 07:22:12,573][basic_search][INFO][generic_smbo.py:310] Iter 7, objectives: [4396756.0].
[2024-08-28 07:22:12,612][basic_search][INFO][generic_smbo.py:310] Iter 8, objectives: [3943411.0].
[2024-08-28 07:22:13,770][basic_search][INFO][generic_smbo.py:310] Iter 9, objectives: [3955079.0].
[2024-08-28 07:22:13,772][basic_search][INFO][generic_advisor.py:457] Sample random config. rand_prob=0.100000.
[2024-08-28 07:22:13,806][basic_search][INFO][generic_smbo.py:310] Iter 10, objectives: [3470377.0].
[2024-08-28 07:22:15,924][basic_search][INFO][generic_smbo.py:310] Iter 11, objectives: [4641799.0].
[2024-08-28 07:22:18,333][basic_search][INFO][generic_smbo.py:310] Iter 12, objectives: [3498020.0].
[2024-08-28 07:22:20,479][basic_search][INFO][generic_smbo.py:310] Iter 13, objectives: [4216408.0].
[2024-08-28 07:22:22,675][basic_search][INFO][generic_smbo.py:310] Iter 14, objectives: [3429042.0].
[2024-08-28 07:22:25,097][basic_search][INFO][generic_smbo.py:310] Iter 15, objectives: [663312.0].
[2024-08-28 07:22:27,838][basic_search][INFO][generic_smbo.py:310] Iter 16, objectives: [1110707.0].
[2024-08-28 07:22:29,922][basic_search][INFO][generic_smbo.py:310] Iter 17, objectives: [1261567.0].
[2024-08-28 07:22:32,117][basic_search][INFO][generic_smbo.py:310] Iter 18, objectives: [1312199.0].
[2024-08-28 07:22:34,922][basic_search][INFO][generic_smbo.py:310] Iter 19, objectives: [1201049.0].
[2024-08-28 07:22:37,053][basic_search][INFO][generic_smbo.py:310] Iter 20, objectives: [1387273.0].
[2024-08-28 07:22:39,101][basic_search][INFO][generic_smbo.py:310] Iter 21, objectives: [1723449.0].
[2024-08-28 07:22:41,508][basic_search][INFO][generic_smbo.py:310] Iter 22, objectives: [1492812.0].
[2024-08-28 07:22:41,511][basic_search][INFO][generic_advisor.py:457] Sample random config. rand_prob=0.100000.
[2024-08-28 07:22:41,546][basic_search][INFO][generic_smbo.py:310] Iter 23, objectives: [3590485.0].
[2024-08-28 07:22:44,132][basic_search][INFO][generic_smbo.py:310] Iter 24, objectives: [1687672.0].
[2024-08-28 07:22:45,992][basic_search][INFO][generic_smbo.py:310] Iter 25, objectives: [964311.0].
[2024-08-28 07:22:47,915][basic_search][INFO][generic_smbo.py:310] Iter 26, objectives: [1816566.0].
[2024-08-28 07:22:50,455][basic_search][INFO][generic_smbo.py:310] Iter 27, objectives: [1203606.0].
[2024-08-28 07:22:52,426][basic_search][INFO][generic_smbo.py:310] Iter 28, objectives: [1031571.0].
[2024-08-28 07:22:55,157][basic_search][INFO][generic_smbo.py:310] Iter 29, objectives: [959940.0].
[2024-08-28 07:22:57,563][basic_search][INFO][generic_smbo.py:310] Iter 30, objectives: [1432984.0].
[2024-08-28 07:22:59,915][basic_search][INFO][generic_smbo.py:310] Iter 31, objectives: [2046994.0].
[2024-08-28 07:23:02,088][basic_search][INFO][generic_smbo.py:310] Iter 32, objectives: [985819.0].
[2024-08-28 07:23:04,469][basic_search][INFO][generic_smbo.py:310] Iter 33, objectives: [955309.0].
[2024-08-28 07:23:06,638][basic_search][INFO][generic_smbo.py:310] Iter 34, objectives: [1441601.0].
[2024-08-28 07:23:08,972][basic_search][INFO][generic_smbo.py:310] Iter 35, objectives: [1683734.0].
[2024-08-28 07:23:11,093][basic_search][INFO][generic_smbo.py:310] Iter 36, objectives: [1081949.0].
[2024-08-28 07:23:13,281][basic_search][INFO][generic_smbo.py:310] Iter 37, objectives: [1449550.0].
[2024-08-28 07:23:15,614][basic_search][INFO][generic_smbo.py:310] Iter 38, objectives: [1737448.0].
[2024-08-28 07:23:18,569][basic_search][INFO][generic_smbo.py:310] Iter 39, objectives: [1115037.0].
[2024-08-28 07:23:21,064][basic_search][INFO][generic_smbo.py:310] Iter 40, objectives: [1892755.0].
[2024-08-28 07:23:23,529][basic_search][INFO][generic_smbo.py:310] Iter 41, objectives: [2092540.0].
[2024-08-28 07:23:25,891][basic_search][INFO][generic_smbo.py:310] Iter 42, objectives: [971727.0].
[2024-08-28 07:23:28,081][basic_search][INFO][generic_smbo.py:310] Iter 43, objectives: [1294888.0].
[2024-08-28 07:23:30,523][basic_search][INFO][generic_smbo.py:310] Iter 44, objectives: [797568.0].
[2024-08-28 07:23:32,945][basic_search][INFO][generic_smbo.py:310] Iter 45, objectives: [1359986.0].
[2024-08-28 07:23:35,157][basic_search][INFO][generic_smbo.py:310] Iter 46, objectives: [1291687.0].
[2024-08-28 07:23:38,080][basic_search][INFO][generic_smbo.py:310] Iter 47, objectives: [1308483.0].
[2024-08-28 07:23:40,412][basic_search][INFO][generic_smbo.py:310] Iter 48, objectives: [1154539.0].
[2024-08-28 07:23:42,507][basic_search][INFO][generic_smbo.py:310] Iter 49, objectives: [1680649.0].
[2024-08-28 07:23:44,805][basic_search][INFO][generic_smbo.py:310] Iter 50, objectives: [945557.0].
[2024-08-28 07:23:44,811][basic_search][INFO][html_visualizer.py:96] Please open the html file to view visualization result: file:///gyc_data/fray_data/project_hw/logs_gray_clapboard_search/history/basic_search/basic_search_2024-08-28-07-22-12-325759.html
