[2024-08-26 08:21:43,142][basic_search][INFO][color_logger.py:203] Logfile: /gyc_data/fray_data/project_hw/logs_gray_clapboard_search/basic_search_2024-08-26-08-21-43-142665.log
[2024-08-26 08:21:43,186][basic_search][INFO][generic_advisor.py:231] [BO auto selection]  acq_type: ei. acq_optimizer_type: random_scipy.
[2024-08-26 08:21:43,191][basic_search][INFO][html_visualizer.py:462] Please open the html file to view visualization result: file:///gyc_data/fray_data/project_hw/logs_gray_clapboard_search/history/basic_search/basic_search_2024-08-26-08-21-43-189520.html
[2024-08-26 08:21:43,198][basic_search][INFO][generic_smbo.py:310] Iter 1, objectives: [643344.0].
[2024-08-26 08:21:43,237][basic_search][INFO][generic_smbo.py:310] Iter 2, objectives: [3904092.0].
[2024-08-26 08:21:43,281][basic_search][INFO][generic_smbo.py:310] Iter 3, objectives: [4414488.0].
[2024-08-26 08:21:43,320][basic_search][INFO][generic_smbo.py:310] Iter 4, objectives: [3857984.0].
[2024-08-26 08:21:43,360][basic_search][INFO][generic_smbo.py:310] Iter 5, objectives: [4046171.0].
[2024-08-26 08:21:43,397][basic_search][INFO][generic_smbo.py:310] Iter 6, objectives: [3628338.0].
[2024-08-26 08:21:43,437][basic_search][INFO][generic_smbo.py:310] Iter 7, objectives: [3969222.0].
[2024-08-26 08:21:43,475][basic_search][INFO][generic_smbo.py:310] Iter 8, objectives: [3741486.0].
[2024-08-26 08:21:43,508][basic_search][INFO][generic_smbo.py:310] Iter 9, objectives: [3357935.0].
[2024-08-26 08:21:43,551][basic_search][INFO][generic_smbo.py:310] Iter 10, objectives: [4176866.0].
[2024-08-26 08:21:45,353][basic_search][INFO][generic_smbo.py:310] Iter 11, objectives: [3899784.0].
[2024-08-26 08:21:47,177][basic_search][INFO][generic_smbo.py:310] Iter 12, objectives: [3842305.0].
[2024-08-26 08:21:48,956][basic_search][INFO][generic_smbo.py:310] Iter 13, objectives: [3788905.0].
[2024-08-26 08:21:51,164][basic_search][INFO][generic_smbo.py:310] Iter 14, objectives: [4315164.0].
[2024-08-26 08:21:53,445][basic_search][INFO][generic_smbo.py:310] Iter 15, objectives: [3988076.0].
[2024-08-26 08:21:55,593][basic_search][INFO][generic_smbo.py:310] Iter 16, objectives: [3371497.0].
[2024-08-26 08:21:57,846][basic_search][INFO][generic_smbo.py:310] Iter 17, objectives: [3900331.0].
[2024-08-26 08:22:00,337][basic_search][INFO][generic_smbo.py:310] Iter 18, objectives: [3630521.0].
[2024-08-26 08:22:02,278][basic_search][INFO][generic_smbo.py:310] Iter 19, objectives: [3831137.0].
[2024-08-26 08:22:04,246][basic_search][INFO][generic_smbo.py:310] Iter 20, objectives: [3234836.0].
[2024-08-26 08:22:06,256][basic_search][INFO][generic_smbo.py:310] Iter 21, objectives: [3857204.0].
[2024-08-26 08:22:09,127][basic_search][INFO][generic_smbo.py:310] Iter 22, objectives: [4364453.0].
[2024-08-26 08:22:11,427][basic_search][INFO][generic_smbo.py:310] Iter 23, objectives: [4471373.0].
[2024-08-26 08:22:13,990][basic_search][INFO][generic_smbo.py:310] Iter 24, objectives: [3640572.0].
[2024-08-26 08:22:16,182][basic_search][INFO][generic_smbo.py:310] Iter 25, objectives: [4430879.0].
[2024-08-26 08:22:18,600][basic_search][INFO][generic_smbo.py:310] Iter 26, objectives: [4012021.0].
[2024-08-26 08:22:21,077][basic_search][INFO][generic_smbo.py:310] Iter 27, objectives: [4052565.0].
[2024-08-26 08:22:23,490][basic_search][INFO][generic_smbo.py:310] Iter 28, objectives: [2657712.0].
[2024-08-26 08:22:25,806][basic_search][INFO][generic_smbo.py:310] Iter 29, objectives: [4246013.0].
[2024-08-26 08:22:25,856][basic_search][INFO][generic_advisor.py:457] Sample random config. rand_prob=0.100000.
[2024-08-26 08:22:25,901][basic_search][INFO][generic_smbo.py:310] Iter 30, objectives: [4037856.0].
[2024-08-26 08:22:25,930][basic_search][INFO][generic_advisor.py:457] Sample random config. rand_prob=0.100000.
[2024-08-26 08:22:25,980][basic_search][INFO][generic_smbo.py:310] Iter 31, objectives: [4352134.0].
[2024-08-26 08:22:26,017][basic_search][INFO][generic_advisor.py:457] Sample random config. rand_prob=0.100000.
[2024-08-26 08:22:26,066][basic_search][INFO][generic_smbo.py:310] Iter 32, objectives: [4421400.0].
[2024-08-26 08:22:28,456][basic_search][INFO][generic_smbo.py:310] Iter 33, objectives: [3385005.0].
[2024-08-26 08:22:30,627][basic_search][INFO][generic_smbo.py:310] Iter 34, objectives: [4060839.0].
[2024-08-26 08:22:33,079][basic_search][INFO][generic_smbo.py:310] Iter 35, objectives: [4025013.0].
[2024-08-26 08:22:35,473][basic_search][INFO][generic_smbo.py:310] Iter 36, objectives: [3549011.0].
[2024-08-26 08:22:37,882][basic_search][INFO][generic_smbo.py:310] Iter 37, objectives: [4126189.0].
[2024-08-26 08:22:40,149][basic_search][INFO][generic_smbo.py:310] Iter 38, objectives: [3945653.0].
[2024-08-26 08:22:42,427][basic_search][INFO][generic_smbo.py:310] Iter 39, objectives: [3772974.0].
[2024-08-26 08:22:44,627][basic_search][INFO][generic_smbo.py:310] Iter 40, objectives: [3757174.0].
[2024-08-26 08:22:46,535][basic_search][INFO][generic_smbo.py:310] Iter 41, objectives: [3972288.0].
[2024-08-26 08:22:49,004][basic_search][INFO][generic_smbo.py:310] Iter 42, objectives: [4039328.0].
[2024-08-26 08:22:51,376][basic_search][INFO][generic_smbo.py:310] Iter 43, objectives: [3872296.0].
[2024-08-26 08:22:53,191][basic_search][INFO][generic_smbo.py:310] Iter 44, objectives: [3298782.0].
[2024-08-26 08:22:53,214][basic_search][INFO][generic_advisor.py:457] Sample random config. rand_prob=0.100000.
[2024-08-26 08:22:53,256][basic_search][INFO][generic_smbo.py:310] Iter 45, objectives: [4014636.0].
[2024-08-26 08:22:55,404][basic_search][INFO][generic_smbo.py:310] Iter 46, objectives: [4264229.0].
[2024-08-26 08:22:57,690][basic_search][INFO][generic_smbo.py:310] Iter 47, objectives: [4173926.0].
[2024-08-26 08:23:00,341][basic_search][INFO][generic_smbo.py:310] Iter 48, objectives: [4059077.0].
[2024-08-26 08:23:03,104][basic_search][INFO][generic_smbo.py:310] Iter 49, objectives: [4060843.0].
[2024-08-26 08:23:05,107][basic_search][INFO][generic_smbo.py:310] Iter 50, objectives: [4515771.0].
[2024-08-26 08:23:05,170][basic_search][INFO][html_visualizer.py:96] Please open the html file to view visualization result: file:///gyc_data/fray_data/project_hw/logs_gray_clapboard_search/history/basic_search/basic_search_2024-08-26-08-21-43-189520.html
