[2024-09-05 08:21:28,099][basic_search][INFO][color_logger.py:203] Logfile: /gyc_data/fray_data/project_hw/logs_gray_clapboard_search/basic_search_2024-09-05-08-21-28-099296.log
[2024-09-05 08:21:28,123][basic_search][INFO][generic_advisor.py:231] [BO auto selection]  acq_type: ei. acq_optimizer_type: random_scipy.
[2024-09-05 08:21:28,128][basic_search][INFO][html_visualizer.py:462] Please open the html file to view visualization result: file:///gyc_data/fray_data/project_hw/logs_gray_clapboard_search/history/basic_search/basic_search_2024-09-05-08-21-28-126727.html
[2024-09-05 08:21:28,134][basic_search][INFO][generic_smbo.py:310] Iter 1, objectives: [33299306.0].
[2024-09-05 08:21:28,141][basic_search][INFO][generic_smbo.py:310] Iter 2, objectives: [10983552.0].
[2024-09-05 08:21:28,148][basic_search][INFO][generic_smbo.py:310] Iter 3, objectives: [10983552.0].
[2024-09-05 08:21:28,155][basic_search][INFO][generic_smbo.py:310] Iter 4, objectives: [10983552.0].
[2024-09-05 08:21:28,162][basic_search][INFO][generic_smbo.py:310] Iter 5, objectives: [10983552.0].
[2024-09-05 08:21:28,169][basic_search][INFO][generic_smbo.py:310] Iter 6, objectives: [10983552.0].
[2024-09-05 08:21:28,176][basic_search][INFO][generic_smbo.py:310] Iter 7, objectives: [10983552.0].
[2024-09-05 08:21:28,183][basic_search][INFO][generic_smbo.py:310] Iter 8, objectives: [10983552.0].
[2024-09-05 08:21:28,190][basic_search][INFO][generic_smbo.py:310] Iter 9, objectives: [11190097.0].
[2024-09-05 08:21:28,197][basic_search][INFO][generic_smbo.py:310] Iter 10, objectives: [11231662.0].
[2024-09-05 08:21:28,204][basic_search][INFO][generic_smbo.py:310] Iter 11, objectives: [10983552.0].
[2024-09-05 08:21:28,211][basic_search][INFO][generic_smbo.py:310] Iter 12, objectives: [10983552.0].
[2024-09-05 08:21:28,218][basic_search][INFO][generic_smbo.py:310] Iter 13, objectives: [10983552.0].
[2024-09-05 08:21:28,226][basic_search][INFO][generic_smbo.py:310] Iter 14, objectives: [10983552.0].
[2024-09-05 08:21:28,233][basic_search][INFO][generic_smbo.py:310] Iter 15, objectives: [10983552.0].
[2024-09-05 08:21:28,240][basic_search][INFO][generic_smbo.py:310] Iter 16, objectives: [10983552.0].
[2024-09-05 08:21:28,248][basic_search][INFO][generic_smbo.py:310] Iter 17, objectives: [10983552.0].
[2024-09-05 08:21:28,255][basic_search][INFO][generic_smbo.py:310] Iter 18, objectives: [10983552.0].
[2024-09-05 08:21:28,262][basic_search][INFO][generic_smbo.py:310] Iter 19, objectives: [10983552.0].
[2024-09-05 08:21:28,270][basic_search][INFO][generic_smbo.py:310] Iter 20, objectives: [10983552.0].
[2024-09-05 08:21:28,379][basic_search][INFO][generic_smbo.py:310] Iter 21, objectives: [10983552.0].
[2024-09-05 08:21:28,572][basic_search][INFO][generic_smbo.py:310] Iter 22, objectives: [10983552.0].
[2024-09-05 08:21:28,686][basic_search][INFO][generic_smbo.py:310] Iter 23, objectives: [10983552.0].
[2024-09-05 08:21:28,793][basic_search][INFO][generic_smbo.py:310] Iter 24, objectives: [10983552.0].
[2024-09-05 08:21:28,898][basic_search][INFO][generic_smbo.py:310] Iter 25, objectives: [10983552.0].
[2024-09-05 08:21:29,016][basic_search][INFO][generic_smbo.py:310] Iter 26, objectives: [10983552.0].
[2024-09-05 08:21:29,209][basic_search][INFO][generic_smbo.py:310] Iter 27, objectives: [10983552.0].
[2024-09-05 08:21:29,314][basic_search][INFO][generic_smbo.py:310] Iter 28, objectives: [10983552.0].
[2024-09-05 08:21:29,417][basic_search][INFO][generic_smbo.py:310] Iter 29, objectives: [11191141.0].
[2024-09-05 08:21:29,524][basic_search][INFO][generic_smbo.py:310] Iter 30, objectives: [10983552.0].
[2024-09-05 08:21:29,688][basic_search][INFO][generic_smbo.py:310] Iter 31, objectives: [10983552.0].
[2024-09-05 08:21:29,789][basic_search][INFO][generic_smbo.py:310] Iter 32, objectives: [10983552.0].
[2024-09-05 08:21:29,891][basic_search][INFO][generic_smbo.py:310] Iter 33, objectives: [10983552.0].
[2024-09-05 08:21:29,996][basic_search][INFO][generic_smbo.py:310] Iter 34, objectives: [10983552.0].
[2024-09-05 08:21:29,997][basic_search][INFO][generic_advisor.py:457] Sample random config. rand_prob=0.100000.
[2024-09-05 08:21:30,004][basic_search][INFO][generic_smbo.py:310] Iter 35, objectives: [10983552.0].
[2024-09-05 08:21:30,121][basic_search][INFO][generic_smbo.py:310] Iter 36, objectives: [10983552.0].
[2024-09-05 08:21:30,282][basic_search][INFO][generic_smbo.py:310] Iter 37, objectives: [10983552.0].
[2024-09-05 08:21:30,385][basic_search][INFO][generic_smbo.py:310] Iter 38, objectives: [10983552.0].
[2024-09-05 08:21:30,491][basic_search][INFO][generic_smbo.py:310] Iter 39, objectives: [10983552.0].
[2024-09-05 08:21:30,593][basic_search][INFO][generic_smbo.py:310] Iter 40, objectives: [10983552.0].
[2024-09-05 08:21:30,758][basic_search][INFO][generic_smbo.py:310] Iter 41, objectives: [10983552.0].
[2024-09-05 08:21:30,860][basic_search][INFO][generic_smbo.py:310] Iter 42, objectives: [10983552.0].
[2024-09-05 08:21:30,862][basic_search][INFO][generic_advisor.py:457] Sample random config. rand_prob=0.100000.
[2024-09-05 08:21:30,869][basic_search][INFO][generic_smbo.py:310] Iter 43, objectives: [10983552.0].
[2024-09-05 08:21:30,976][basic_search][INFO][generic_smbo.py:310] Iter 44, objectives: [11197411.0].
[2024-09-05 08:21:31,078][basic_search][INFO][generic_smbo.py:310] Iter 45, objectives: [10983552.0].
[2024-09-05 08:21:31,179][basic_search][INFO][generic_smbo.py:310] Iter 46, objectives: [10983552.0].
[2024-09-05 08:21:31,333][basic_search][INFO][generic_smbo.py:310] Iter 47, objectives: [11217496.0].
[2024-09-05 08:21:31,436][basic_search][INFO][generic_smbo.py:310] Iter 48, objectives: [10983552.0].
[2024-09-05 08:21:31,438][basic_search][INFO][generic_advisor.py:457] Sample random config. rand_prob=0.100000.
[2024-09-05 08:21:31,445][basic_search][INFO][generic_smbo.py:310] Iter 49, objectives: [10983552.0].
[2024-09-05 08:21:31,546][basic_search][INFO][generic_smbo.py:310] Iter 50, objectives: [11177305.0].
[2024-09-05 08:21:31,547][basic_search][INFO][html_visualizer.py:96] Please open the html file to view visualization result: file:///gyc_data/fray_data/project_hw/logs_gray_clapboard_search/history/basic_search/basic_search_2024-09-05-08-21-28-126727.html
[2024-09-05 08:21:31,553][basic_search][INFO][history.py:765] Too many incumbents in history. Only show 5/43 of them.
