[2024-09-11 09:10:48,073][basic_search][INFO][color_logger.py:203] Logfile: /gyc_data/fray_data/project_hw/logs_gray_clapboard_search/basic_search_2024-09-11-09-10-48-073059.log
[2024-09-11 09:10:48,447][basic_search][INFO][generic_advisor.py:231] [BO auto selection]  acq_type: ei. acq_optimizer_type: local_random.
[2024-09-11 09:10:48,453][basic_search][INFO][html_visualizer.py:462] Please open the html file to view visualization result: file:///gyc_data/fray_data/project_hw/logs_gray_clapboard_search/history/basic_search/basic_search_2024-09-11-09-10-48-451545.html
[2024-09-11 09:10:48,460][basic_search][INFO][generic_smbo.py:310] Iter 1, objectives: [1186925.0].
[2024-09-11 09:10:48,463][basic_search][INFO][generic_smbo.py:310] Iter 2, objectives: [1079776.0].
[2024-09-11 09:10:48,466][basic_search][INFO][generic_smbo.py:310] Iter 3, objectives: [1061678.0].
[2024-09-11 09:10:48,473][basic_search][INFO][generic_smbo.py:310] Iter 4, objectives: [1001470.0].
[2024-09-11 09:10:48,475][basic_search][INFO][generic_smbo.py:310] Iter 5, objectives: [1056417.0].
[2024-09-11 09:10:48,477][basic_search][INFO][generic_smbo.py:310] Iter 6, objectives: [1032535.0].
[2024-09-11 09:10:48,479][basic_search][INFO][generic_smbo.py:310] Iter 7, objectives: [1160173.0].
[2024-09-11 09:10:48,482][basic_search][INFO][generic_smbo.py:310] Iter 8, objectives: [1019297.0].
[2024-09-11 09:10:48,485][basic_search][INFO][generic_smbo.py:310] Iter 9, objectives: [1068864.0].
[2024-09-11 09:10:48,489][basic_search][INFO][generic_smbo.py:310] Iter 10, objectives: [1081190.0].
[2024-09-11 09:10:48,493][basic_search][INFO][generic_smbo.py:310] Iter 11, objectives: [1148683.0].
[2024-09-11 09:10:48,496][basic_search][INFO][generic_smbo.py:310] Iter 12, objectives: [1212513.0].
[2024-09-11 09:10:48,500][basic_search][INFO][generic_smbo.py:310] Iter 13, objectives: [1018413.0].
[2024-09-11 09:10:48,504][basic_search][INFO][generic_smbo.py:310] Iter 14, objectives: [1116785.0].
[2024-09-11 09:10:48,509][basic_search][INFO][generic_smbo.py:310] Iter 15, objectives: [1032535.0].
[2024-09-11 09:10:48,514][basic_search][INFO][generic_smbo.py:310] Iter 16, objectives: [1192784.0].
[2024-09-11 09:10:48,519][basic_search][INFO][generic_smbo.py:310] Iter 17, objectives: [1186925.0].
[2024-09-11 09:10:48,524][basic_search][INFO][generic_smbo.py:310] Iter 18, objectives: [1085486.0].
[2024-09-11 09:10:48,530][basic_search][INFO][generic_smbo.py:310] Iter 19, objectives: [1186925.0].
[2024-09-11 09:10:48,536][basic_search][INFO][generic_smbo.py:310] Iter 20, objectives: [1159553.0].
[2024-09-11 09:10:51,264][basic_search][INFO][generic_smbo.py:310] Iter 21, objectives: [1018413.0].
[2024-09-11 09:10:53,879][basic_search][INFO][generic_smbo.py:310] Iter 22, objectives: [1148683.0].
[2024-09-11 09:10:56,568][basic_search][INFO][generic_smbo.py:310] Iter 23, objectives: [1083609.0].
[2024-09-11 09:10:59,136][basic_search][INFO][generic_smbo.py:310] Iter 24, objectives: [1018413.0].
[2024-09-11 09:11:01,981][basic_search][INFO][generic_smbo.py:310] Iter 25, objectives: [1085486.0].
[2024-09-11 09:11:04,751][basic_search][INFO][generic_smbo.py:310] Iter 26, objectives: [1018413.0].
[2024-09-11 09:11:07,274][basic_search][INFO][generic_smbo.py:310] Iter 27, objectives: [1018413.0].
[2024-09-11 09:11:10,636][basic_search][INFO][generic_smbo.py:310] Iter 28, objectives: [1032535.0].
[2024-09-11 09:11:10,644][basic_search][INFO][generic_advisor.py:457] Sample random config. rand_prob=0.100000.
[2024-09-11 09:11:10,648][basic_search][INFO][generic_smbo.py:310] Iter 29, objectives: [1081856.0].
[2024-09-11 09:11:13,767][basic_search][INFO][generic_smbo.py:310] Iter 30, objectives: [1010037.0].
[2024-09-11 09:11:17,448][basic_search][INFO][generic_smbo.py:310] Iter 31, objectives: [1018413.0].
[2024-09-11 09:11:20,499][basic_search][INFO][generic_smbo.py:310] Iter 32, objectives: [1063392.0].
[2024-09-11 09:11:24,113][basic_search][INFO][generic_smbo.py:310] Iter 33, objectives: [1085486.0].
[2024-09-11 09:11:27,062][basic_search][INFO][generic_smbo.py:310] Iter 34, objectives: [1071855.0].
[2024-09-11 09:11:30,697][basic_search][INFO][generic_smbo.py:310] Iter 35, objectives: [1061678.0].
[2024-09-11 09:11:33,526][basic_search][INFO][generic_smbo.py:310] Iter 36, objectives: [1018413.0].
[2024-09-11 09:11:37,183][basic_search][INFO][generic_smbo.py:310] Iter 37, objectives: [1001470.0].
[2024-09-11 09:11:40,616][basic_search][INFO][generic_smbo.py:310] Iter 38, objectives: [1073270.0].
[2024-09-11 09:11:43,894][basic_search][INFO][generic_smbo.py:310] Iter 39, objectives: [1084560.0].
[2024-09-11 09:11:43,905][basic_search][INFO][generic_advisor.py:457] Sample random config. rand_prob=0.100000.
[2024-09-11 09:11:43,909][basic_search][INFO][generic_smbo.py:310] Iter 40, objectives: [1098152.0].
[2024-09-11 09:11:47,290][basic_search][INFO][generic_smbo.py:310] Iter 41, objectives: [1001470.0].
[2024-09-11 09:11:50,832][basic_search][INFO][generic_smbo.py:310] Iter 42, objectives: [1001470.0].
[2024-09-11 09:11:50,844][basic_search][INFO][generic_advisor.py:457] Sample random config. rand_prob=0.100000.
[2024-09-11 09:11:50,849][basic_search][INFO][generic_smbo.py:310] Iter 43, objectives: [1144667.0].
[2024-09-11 09:11:54,707][basic_search][INFO][generic_smbo.py:310] Iter 44, objectives: [1070107.0].
[2024-09-11 09:11:57,668][basic_search][INFO][generic_smbo.py:310] Iter 45, objectives: [1019297.0].
[2024-09-11 09:12:01,086][basic_search][INFO][generic_smbo.py:310] Iter 46, objectives: [1019297.0].
[2024-09-11 09:12:01,099][basic_search][INFO][generic_advisor.py:457] Sample random config. rand_prob=0.100000.
[2024-09-11 09:12:01,104][basic_search][INFO][generic_smbo.py:310] Iter 47, objectives: [1223942.0].
[2024-09-11 09:12:04,821][basic_search][INFO][generic_smbo.py:310] Iter 48, objectives: [1001470.0].
[2024-09-11 09:12:08,199][basic_search][INFO][generic_smbo.py:310] Iter 49, objectives: [1186925.0].
[2024-09-11 09:12:11,378][basic_search][INFO][generic_smbo.py:310] Iter 50, objectives: [1070107.0].
[2024-09-11 09:12:11,392][basic_search][INFO][html_visualizer.py:96] Please open the html file to view visualization result: file:///gyc_data/fray_data/project_hw/logs_gray_clapboard_search/history/basic_search/basic_search_2024-09-11-09-10-48-451545.html
